[0.183s] DEBUG:colcon:Command line arguments: ['/usr/bin/colcon', 'build']
[0.183s] DEBUG:colcon:Parsed command line arguments: Namespace(log_base=None, log_level=None, verb_name='build', build_base='build', install_base='install', merge_install=False, symlink_install=False, test_result_base=None, continue_on_error=False, executor='parallel', parallel_workers=16, event_handlers=None, ignore_user_meta=False, metas=['./colcon.meta'], base_paths=['.'], packages_ignore=None, packages_ignore_regex=None, paths=None, packages_up_to=None, packages_up_to_regex=None, packages_above=None, packages_above_and_dependencies=None, packages_above_depth=None, packages_select_by_dep=None, packages_skip_by_dep=None, packages_skip_up_to=None, packages_select_build_failed=False, packages_skip_build_finished=False, packages_select_test_failures=False, packages_skip_test_passed=False, packages_select=None, packages_skip=None, packages_select_regex=None, packages_skip_regex=None, packages_start=None, packages_end=None, cmake_args=None, cmake_target=None, cmake_target_skip_unavailable=False, cmake_clean_cache=False, cmake_clean_first=False, cmake_force_configure=False, ament_cmake_args=None, catkin_cmake_args=None, catkin_skip_building_tests=False, mixin_files=None, mixin=None, verb_parser=<colcon_mixin.mixin.mixin_argument.MixinArgumentDecorator object at 0x7fc9de11cfa0>, verb_extension=<colcon_core.verb.build.BuildVerb object at 0x7fc9dea781f0>, main=<bound method BuildVerb.main of <colcon_core.verb.build.BuildVerb object at 0x7fc9dea781f0>>, mixin_verb=('build',))
[0.197s] Level 1:colcon.colcon_core.package_discovery:discover_packages(colcon_meta) check parameters
[0.197s] Level 1:colcon.colcon_core.package_discovery:discover_packages(recursive) check parameters
[0.197s] Level 1:colcon.colcon_core.package_discovery:discover_packages(ignore) check parameters
[0.197s] Level 1:colcon.colcon_core.package_discovery:discover_packages(path) check parameters
[0.197s] Level 1:colcon.colcon_core.package_discovery:discover_packages(colcon_meta) discover
[0.197s] Level 1:colcon.colcon_core.package_discovery:discover_packages(recursive) discover
[0.197s] INFO:colcon.colcon_core.package_discovery:Crawling recursively for packages in '/home/chotu/ros2_ws/src/ENPM_808X_FINAL'
[0.197s] Level 1:colcon.colcon_core.package_identification:_identify(.) by extensions ['ignore', 'ignore_ament_install']
[0.197s] Level 1:colcon.colcon_core.package_identification:_identify(.) by extension 'ignore'
[0.197s] Level 1:colcon.colcon_core.package_identification:_identify(.) by extension 'ignore_ament_install'
[0.197s] Level 1:colcon.colcon_core.package_identification:_identify(.) by extensions ['colcon_pkg']
[0.197s] Level 1:colcon.colcon_core.package_identification:_identify(.) by extension 'colcon_pkg'
[0.197s] Level 1:colcon.colcon_core.package_identification:_identify(.) by extensions ['colcon_meta']
[0.197s] Level 1:colcon.colcon_core.package_identification:_identify(.) by extension 'colcon_meta'
[0.197s] Level 1:colcon.colcon_core.package_identification:_identify(.) by extensions ['ros']
[0.197s] Level 1:colcon.colcon_core.package_identification:_identify(.) by extension 'ros'
[0.213s] Level 1:colcon.colcon_core.package_identification:_identify(.) by extensions ['cmake', 'python']
[0.213s] Level 1:colcon.colcon_core.package_identification:_identify(.) by extension 'cmake'
[0.213s] Level 1:colcon.colcon_core.package_identification:_identify(.) by extension 'python'
[0.213s] Level 1:colcon.colcon_core.package_identification:_identify(.) by extensions ['python_setup_py']
[0.213s] Level 1:colcon.colcon_core.package_identification:_identify(.) by extension 'python_setup_py'
[0.213s] Level 1:colcon.colcon_core.package_identification:_identify(ENPM_808X_FINAL) by extensions ['ignore', 'ignore_ament_install']
[0.213s] Level 1:colcon.colcon_core.package_identification:_identify(ENPM_808X_FINAL) by extension 'ignore'
[0.213s] Level 1:colcon.colcon_core.package_identification:_identify(ENPM_808X_FINAL) by extension 'ignore_ament_install'
[0.213s] Level 1:colcon.colcon_core.package_identification:_identify(ENPM_808X_FINAL) by extensions ['colcon_pkg']
[0.213s] Level 1:colcon.colcon_core.package_identification:_identify(ENPM_808X_FINAL) by extension 'colcon_pkg'
[0.213s] Level 1:colcon.colcon_core.package_identification:_identify(ENPM_808X_FINAL) by extensions ['colcon_meta']
[0.213s] Level 1:colcon.colcon_core.package_identification:_identify(ENPM_808X_FINAL) by extension 'colcon_meta'
[0.213s] Level 1:colcon.colcon_core.package_identification:_identify(ENPM_808X_FINAL) by extensions ['ros']
[0.213s] Level 1:colcon.colcon_core.package_identification:_identify(ENPM_808X_FINAL) by extension 'ros'
[0.215s] DEBUG:colcon.colcon_core.package_identification:Package 'ENPM_808X_FINAL' with type 'ros.ament_cmake' and name 'tb3'
[0.215s] Level 1:colcon.colcon_core.package_identification:_identify(build) by extensions ['ignore', 'ignore_ament_install']
[0.215s] Level 1:colcon.colcon_core.package_identification:_identify(build) by extension 'ignore'
[0.215s] Level 1:colcon.colcon_core.package_identification:_identify(build) ignored
[0.215s] Level 1:colcon.colcon_core.package_identification:_identify(install) by extensions ['ignore', 'ignore_ament_install']
[0.216s] Level 1:colcon.colcon_core.package_identification:_identify(install) by extension 'ignore'
[0.216s] Level 1:colcon.colcon_core.package_identification:_identify(install) ignored
[0.216s] Level 1:colcon.colcon_core.package_identification:_identify(log) by extensions ['ignore', 'ignore_ament_install']
[0.216s] Level 1:colcon.colcon_core.package_identification:_identify(log) by extension 'ignore'
[0.216s] Level 1:colcon.colcon_core.package_identification:_identify(log) ignored
[0.216s] Level 1:colcon.colcon_core.package_identification:_identify(ros2_aruco) by extensions ['ignore', 'ignore_ament_install']
[0.216s] Level 1:colcon.colcon_core.package_identification:_identify(ros2_aruco) by extension 'ignore'
[0.216s] Level 1:colcon.colcon_core.package_identification:_identify(ros2_aruco) by extension 'ignore_ament_install'
[0.216s] Level 1:colcon.colcon_core.package_identification:_identify(ros2_aruco) by extensions ['colcon_pkg']
[0.216s] Level 1:colcon.colcon_core.package_identification:_identify(ros2_aruco) by extension 'colcon_pkg'
[0.216s] Level 1:colcon.colcon_core.package_identification:_identify(ros2_aruco) by extensions ['colcon_meta']
[0.216s] Level 1:colcon.colcon_core.package_identification:_identify(ros2_aruco) by extension 'colcon_meta'
[0.216s] Level 1:colcon.colcon_core.package_identification:_identify(ros2_aruco) by extensions ['ros']
[0.216s] Level 1:colcon.colcon_core.package_identification:_identify(ros2_aruco) by extension 'ros'
[0.216s] DEBUG:colcon.colcon_core.package_identification:Package 'ros2_aruco' with type 'ros.ament_python' and name 'ros2_aruco'
[0.216s] Level 1:colcon.colcon_core.package_identification:_identify(tutorial_interfaces) by extensions ['ignore', 'ignore_ament_install']
[0.216s] Level 1:colcon.colcon_core.package_identification:_identify(tutorial_interfaces) by extension 'ignore'
[0.217s] Level 1:colcon.colcon_core.package_identification:_identify(tutorial_interfaces) by extension 'ignore_ament_install'
[0.217s] Level 1:colcon.colcon_core.package_identification:_identify(tutorial_interfaces) by extensions ['colcon_pkg']
[0.217s] Level 1:colcon.colcon_core.package_identification:_identify(tutorial_interfaces) by extension 'colcon_pkg'
[0.217s] Level 1:colcon.colcon_core.package_identification:_identify(tutorial_interfaces) by extensions ['colcon_meta']
[0.217s] Level 1:colcon.colcon_core.package_identification:_identify(tutorial_interfaces) by extension 'colcon_meta'
[0.217s] Level 1:colcon.colcon_core.package_identification:_identify(tutorial_interfaces) by extensions ['ros']
[0.217s] Level 1:colcon.colcon_core.package_identification:_identify(tutorial_interfaces) by extension 'ros'
[0.217s] DEBUG:colcon.colcon_core.package_identification:Package 'tutorial_interfaces' with type 'ros.ament_cmake' and name 'tutorial_interfaces'
[0.217s] Level 1:colcon.colcon_core.package_discovery:discover_packages(recursive) using defaults
[0.217s] Level 1:colcon.colcon_core.package_discovery:discover_packages(ignore) discover
[0.217s] Level 1:colcon.colcon_core.package_discovery:discover_packages(ignore) using defaults
[0.217s] Level 1:colcon.colcon_core.package_discovery:discover_packages(path) discover
[0.217s] Level 1:colcon.colcon_core.package_discovery:discover_packages(path) using defaults
[0.233s] Level 5:colcon.colcon_core.verb:set package 'ros2_aruco' build argument 'cmake_args' from command line to 'None'
[0.233s] Level 5:colcon.colcon_core.verb:set package 'ros2_aruco' build argument 'cmake_target' from command line to 'None'
[0.233s] Level 5:colcon.colcon_core.verb:set package 'ros2_aruco' build argument 'cmake_target_skip_unavailable' from command line to 'False'
[0.233s] Level 5:colcon.colcon_core.verb:set package 'ros2_aruco' build argument 'cmake_clean_cache' from command line to 'False'
[0.233s] Level 5:colcon.colcon_core.verb:set package 'ros2_aruco' build argument 'cmake_clean_first' from command line to 'False'
[0.233s] Level 5:colcon.colcon_core.verb:set package 'ros2_aruco' build argument 'cmake_force_configure' from command line to 'False'
[0.233s] Level 5:colcon.colcon_core.verb:set package 'ros2_aruco' build argument 'ament_cmake_args' from command line to 'None'
[0.233s] Level 5:colcon.colcon_core.verb:set package 'ros2_aruco' build argument 'catkin_cmake_args' from command line to 'None'
[0.233s] Level 5:colcon.colcon_core.verb:set package 'ros2_aruco' build argument 'catkin_skip_building_tests' from command line to 'False'
[0.233s] DEBUG:colcon.colcon_core.verb:Building package 'ros2_aruco' with the following arguments: {'ament_cmake_args': None, 'build_base': '/home/chotu/ros2_ws/src/ENPM_808X_FINAL/build/ros2_aruco', 'catkin_cmake_args': None, 'catkin_skip_building_tests': False, 'cmake_args': None, 'cmake_clean_cache': False, 'cmake_clean_first': False, 'cmake_force_configure': False, 'cmake_target': None, 'cmake_target_skip_unavailable': False, 'install_base': '/home/chotu/ros2_ws/src/ENPM_808X_FINAL/install/ros2_aruco', 'merge_install': False, 'path': '/home/chotu/ros2_ws/src/ENPM_808X_FINAL/ros2_aruco', 'symlink_install': False, 'test_result_base': None}
[0.233s] Level 5:colcon.colcon_core.verb:set package 'tutorial_interfaces' build argument 'cmake_args' from command line to 'None'
[0.234s] Level 5:colcon.colcon_core.verb:set package 'tutorial_interfaces' build argument 'cmake_target' from command line to 'None'
[0.234s] Level 5:colcon.colcon_core.verb:set package 'tutorial_interfaces' build argument 'cmake_target_skip_unavailable' from command line to 'False'
[0.234s] Level 5:colcon.colcon_core.verb:set package 'tutorial_interfaces' build argument 'cmake_clean_cache' from command line to 'False'
[0.234s] Level 5:colcon.colcon_core.verb:set package 'tutorial_interfaces' build argument 'cmake_clean_first' from command line to 'False'
[0.234s] Level 5:colcon.colcon_core.verb:set package 'tutorial_interfaces' build argument 'cmake_force_configure' from command line to 'False'
[0.234s] Level 5:colcon.colcon_core.verb:set package 'tutorial_interfaces' build argument 'ament_cmake_args' from command line to 'None'
[0.234s] Level 5:colcon.colcon_core.verb:set package 'tutorial_interfaces' build argument 'catkin_cmake_args' from command line to 'None'
[0.234s] Level 5:colcon.colcon_core.verb:set package 'tutorial_interfaces' build argument 'catkin_skip_building_tests' from command line to 'False'
[0.234s] DEBUG:colcon.colcon_core.verb:Building package 'tutorial_interfaces' with the following arguments: {'ament_cmake_args': None, 'build_base': '/home/chotu/ros2_ws/src/ENPM_808X_FINAL/build/tutorial_interfaces', 'catkin_cmake_args': None, 'catkin_skip_building_tests': False, 'cmake_args': None, 'cmake_clean_cache': False, 'cmake_clean_first': False, 'cmake_force_configure': False, 'cmake_target': None, 'cmake_target_skip_unavailable': False, 'install_base': '/home/chotu/ros2_ws/src/ENPM_808X_FINAL/install/tutorial_interfaces', 'merge_install': False, 'path': '/home/chotu/ros2_ws/src/ENPM_808X_FINAL/tutorial_interfaces', 'symlink_install': False, 'test_result_base': None}
[0.234s] Level 5:colcon.colcon_core.verb:set package 'tb3' build argument 'cmake_args' from command line to 'None'
[0.234s] Level 5:colcon.colcon_core.verb:set package 'tb3' build argument 'cmake_target' from command line to 'None'
[0.234s] Level 5:colcon.colcon_core.verb:set package 'tb3' build argument 'cmake_target_skip_unavailable' from command line to 'False'
[0.234s] Level 5:colcon.colcon_core.verb:set package 'tb3' build argument 'cmake_clean_cache' from command line to 'False'
[0.234s] Level 5:colcon.colcon_core.verb:set package 'tb3' build argument 'cmake_clean_first' from command line to 'False'
[0.234s] Level 5:colcon.colcon_core.verb:set package 'tb3' build argument 'cmake_force_configure' from command line to 'False'
[0.234s] Level 5:colcon.colcon_core.verb:set package 'tb3' build argument 'ament_cmake_args' from command line to 'None'
[0.234s] Level 5:colcon.colcon_core.verb:set package 'tb3' build argument 'catkin_cmake_args' from command line to 'None'
[0.234s] Level 5:colcon.colcon_core.verb:set package 'tb3' build argument 'catkin_skip_building_tests' from command line to 'False'
[0.234s] DEBUG:colcon.colcon_core.verb:Building package 'tb3' with the following arguments: {'ament_cmake_args': None, 'build_base': '/home/chotu/ros2_ws/src/ENPM_808X_FINAL/build/tb3', 'catkin_cmake_args': None, 'catkin_skip_building_tests': False, 'cmake_args': None, 'cmake_clean_cache': False, 'cmake_clean_first': False, 'cmake_force_configure': False, 'cmake_target': None, 'cmake_target_skip_unavailable': False, 'install_base': '/home/chotu/ros2_ws/src/ENPM_808X_FINAL/install/tb3', 'merge_install': False, 'path': '/home/chotu/ros2_ws/src/ENPM_808X_FINAL/ENPM_808X_FINAL', 'symlink_install': False, 'test_result_base': None}
[0.235s] INFO:colcon.colcon_core.executor:Executing jobs using 'parallel' executor
[0.237s] DEBUG:colcon.colcon_parallel_executor.executor.parallel:run_until_complete
[0.238s] INFO:colcon.colcon_ros.task.ament_cmake.build:Building ROS package in '/home/chotu/ros2_ws/src/ENPM_808X_FINAL/tutorial_interfaces' with build type 'ament_cmake'
[0.238s] INFO:colcon.colcon_cmake.task.cmake.build:Building CMake package in '/home/chotu/ros2_ws/src/ENPM_808X_FINAL/tutorial_interfaces'
[0.240s] INFO:colcon.colcon_core.plugin_system:Skipping extension 'colcon_core.shell.bat': Not used on non-Windows systems
[0.241s] INFO:colcon.colcon_core.shell:Skip shell extension 'powershell' for command environment: Not usable outside of PowerShell
[0.241s] DEBUG:colcon.colcon_core.shell:Skip shell extension 'dsv' for command environment
[0.244s] INFO:colcon.colcon_ros.task.ament_python.build:Building ROS package in '/home/chotu/ros2_ws/src/ENPM_808X_FINAL/ros2_aruco' with build type 'ament_python'
[0.244s] Level 1:colcon.colcon_core.shell:create_environment_hook('ros2_aruco', 'ament_prefix_path')
[0.245s] INFO:colcon.colcon_core.shell:Creating environment hook '/home/chotu/ros2_ws/src/ENPM_808X_FINAL/install/ros2_aruco/share/ros2_aruco/hook/ament_prefix_path.ps1'
[0.246s] INFO:colcon.colcon_core.shell:Creating environment descriptor '/home/chotu/ros2_ws/src/ENPM_808X_FINAL/install/ros2_aruco/share/ros2_aruco/hook/ament_prefix_path.dsv'
[0.246s] INFO:colcon.colcon_core.shell:Creating environment hook '/home/chotu/ros2_ws/src/ENPM_808X_FINAL/install/ros2_aruco/share/ros2_aruco/hook/ament_prefix_path.sh'
[0.247s] INFO:colcon.colcon_core.shell:Skip shell extension 'powershell' for command environment: Not usable outside of PowerShell
[0.247s] DEBUG:colcon.colcon_core.shell:Skip shell extension 'dsv' for command environment
[0.254s] DEBUG:colcon.colcon_core.event_handler.log_command:Invoking command in '/home/chotu/ros2_ws/src/ENPM_808X_FINAL/build/tutorial_interfaces': CMAKE_PREFIX_PATH=${CMAKE_PREFIX_PATH}:/home/chotu/ros2_ws/src/ENPM_808X_FINAL/install/ros2_aruco:/opt/ros/humble /usr/bin/cmake --build /home/chotu/ros2_ws/src/ENPM_808X_FINAL/build/tutorial_interfaces -- -j16 -l16
[0.410s] INFO:colcon.colcon_core.task.python.build:Building Python package in '/home/chotu/ros2_ws/src/ENPM_808X_FINAL/ros2_aruco'
[0.411s] INFO:colcon.colcon_core.shell:Skip shell extension 'powershell' for command environment: Not usable outside of PowerShell
[0.411s] DEBUG:colcon.colcon_core.shell:Skip shell extension 'dsv' for command environment
[0.465s] DEBUG:colcon.colcon_core.event_handler.log_command:Invoked command in '/home/chotu/ros2_ws/src/ENPM_808X_FINAL/build/tutorial_interfaces' returned '0': CMAKE_PREFIX_PATH=${CMAKE_PREFIX_PATH}:/home/chotu/ros2_ws/src/ENPM_808X_FINAL/install/ros2_aruco:/opt/ros/humble /usr/bin/cmake --build /home/chotu/ros2_ws/src/ENPM_808X_FINAL/build/tutorial_interfaces -- -j16 -l16
[0.501s] DEBUG:colcon.colcon_core.event_handler.log_command:Invoking command in '/home/chotu/ros2_ws/src/ENPM_808X_FINAL/build/tutorial_interfaces': CMAKE_PREFIX_PATH=${CMAKE_PREFIX_PATH}:/home/chotu/ros2_ws/src/ENPM_808X_FINAL/install/ros2_aruco:/opt/ros/humble /usr/bin/cmake --install /home/chotu/ros2_ws/src/ENPM_808X_FINAL/build/tutorial_interfaces
[0.532s] Level 1:colcon.colcon_core.environment:create_environment_scripts_only(tutorial_interfaces)
[0.532s] DEBUG:colcon.colcon_core.event_handler.log_command:Invoked command in '/home/chotu/ros2_ws/src/ENPM_808X_FINAL/build/tutorial_interfaces' returned '0': CMAKE_PREFIX_PATH=${CMAKE_PREFIX_PATH}:/home/chotu/ros2_ws/src/ENPM_808X_FINAL/install/ros2_aruco:/opt/ros/humble /usr/bin/cmake --install /home/chotu/ros2_ws/src/ENPM_808X_FINAL/build/tutorial_interfaces
[0.535s] Level 1:colcon.colcon_core.environment:checking '/home/chotu/ros2_ws/src/ENPM_808X_FINAL/install/tutorial_interfaces' for CMake module files
[0.536s] Level 1:colcon.colcon_core.environment:checking '/home/chotu/ros2_ws/src/ENPM_808X_FINAL/install/tutorial_interfaces' for CMake config files
[0.536s] Level 1:colcon.colcon_core.shell:create_environment_hook('tutorial_interfaces', 'cmake_prefix_path')
[0.537s] INFO:colcon.colcon_core.shell:Creating environment hook '/home/chotu/ros2_ws/src/ENPM_808X_FINAL/install/tutorial_interfaces/share/tutorial_interfaces/hook/cmake_prefix_path.ps1'
[0.537s] INFO:colcon.colcon_core.shell:Creating environment descriptor '/home/chotu/ros2_ws/src/ENPM_808X_FINAL/install/tutorial_interfaces/share/tutorial_interfaces/hook/cmake_prefix_path.dsv'
[0.537s] INFO:colcon.colcon_core.shell:Creating environment hook '/home/chotu/ros2_ws/src/ENPM_808X_FINAL/install/tutorial_interfaces/share/tutorial_interfaces/hook/cmake_prefix_path.sh'
[0.538s] Level 1:colcon.colcon_core.environment:checking '/home/chotu/ros2_ws/src/ENPM_808X_FINAL/install/tutorial_interfaces/lib'
[0.538s] Level 1:colcon.colcon_core.shell:create_environment_hook('tutorial_interfaces', 'ld_library_path_lib')
[0.539s] INFO:colcon.colcon_core.shell:Creating environment hook '/home/chotu/ros2_ws/src/ENPM_808X_FINAL/install/tutorial_interfaces/share/tutorial_interfaces/hook/ld_library_path_lib.ps1'
[0.539s] INFO:colcon.colcon_core.shell:Creating environment descriptor '/home/chotu/ros2_ws/src/ENPM_808X_FINAL/install/tutorial_interfaces/share/tutorial_interfaces/hook/ld_library_path_lib.dsv'
[0.539s] INFO:colcon.colcon_core.shell:Creating environment hook '/home/chotu/ros2_ws/src/ENPM_808X_FINAL/install/tutorial_interfaces/share/tutorial_interfaces/hook/ld_library_path_lib.sh'
[0.540s] Level 1:colcon.colcon_core.environment:checking '/home/chotu/ros2_ws/src/ENPM_808X_FINAL/install/tutorial_interfaces/bin'
[0.540s] Level 1:colcon.colcon_core.environment:checking '/home/chotu/ros2_ws/src/ENPM_808X_FINAL/install/tutorial_interfaces/lib/pkgconfig/tutorial_interfaces.pc'
[0.540s] Level 1:colcon.colcon_core.environment:checking '/home/chotu/ros2_ws/src/ENPM_808X_FINAL/install/tutorial_interfaces/lib/python3.10/site-packages'
[0.540s] Level 1:colcon.colcon_core.environment:checking '/home/chotu/ros2_ws/src/ENPM_808X_FINAL/install/tutorial_interfaces/bin'
[0.541s] INFO:colcon.colcon_core.shell:Creating package script '/home/chotu/ros2_ws/src/ENPM_808X_FINAL/install/tutorial_interfaces/share/tutorial_interfaces/package.ps1'
[0.541s] INFO:colcon.colcon_core.shell:Creating package descriptor '/home/chotu/ros2_ws/src/ENPM_808X_FINAL/install/tutorial_interfaces/share/tutorial_interfaces/package.dsv'
[0.542s] INFO:colcon.colcon_core.shell:Creating package script '/home/chotu/ros2_ws/src/ENPM_808X_FINAL/install/tutorial_interfaces/share/tutorial_interfaces/package.sh'
[0.542s] INFO:colcon.colcon_core.shell:Creating package script '/home/chotu/ros2_ws/src/ENPM_808X_FINAL/install/tutorial_interfaces/share/tutorial_interfaces/package.bash'
[0.542s] INFO:colcon.colcon_core.shell:Creating package script '/home/chotu/ros2_ws/src/ENPM_808X_FINAL/install/tutorial_interfaces/share/tutorial_interfaces/package.zsh'
[0.543s] Level 1:colcon.colcon_core.environment:create_file_with_runtime_dependencies(/home/chotu/ros2_ws/src/ENPM_808X_FINAL/install/tutorial_interfaces/share/colcon-core/packages/tutorial_interfaces)
[0.575s] Level 1:colcon.colcon_core.environment:create_environment_scripts_only(tutorial_interfaces)
[0.577s] Level 1:colcon.colcon_core.environment:checking '/home/chotu/ros2_ws/src/ENPM_808X_FINAL/install/tutorial_interfaces' for CMake module files
[0.577s] Level 1:colcon.colcon_core.environment:checking '/home/chotu/ros2_ws/src/ENPM_808X_FINAL/install/tutorial_interfaces' for CMake config files
[0.577s] Level 1:colcon.colcon_core.shell:create_environment_hook('tutorial_interfaces', 'cmake_prefix_path')
[0.578s] INFO:colcon.colcon_core.shell:Creating environment hook '/home/chotu/ros2_ws/src/ENPM_808X_FINAL/install/tutorial_interfaces/share/tutorial_interfaces/hook/cmake_prefix_path.ps1'
[0.578s] INFO:colcon.colcon_core.shell:Creating environment descriptor '/home/chotu/ros2_ws/src/ENPM_808X_FINAL/install/tutorial_interfaces/share/tutorial_interfaces/hook/cmake_prefix_path.dsv'
[0.579s] INFO:colcon.colcon_core.shell:Creating environment hook '/home/chotu/ros2_ws/src/ENPM_808X_FINAL/install/tutorial_interfaces/share/tutorial_interfaces/hook/cmake_prefix_path.sh'
[0.579s] Level 1:colcon.colcon_core.environment:checking '/home/chotu/ros2_ws/src/ENPM_808X_FINAL/install/tutorial_interfaces/lib'
[0.579s] Level 1:colcon.colcon_core.shell:create_environment_hook('tutorial_interfaces', 'ld_library_path_lib')
[0.580s] INFO:colcon.colcon_core.shell:Creating environment hook '/home/chotu/ros2_ws/src/ENPM_808X_FINAL/install/tutorial_interfaces/share/tutorial_interfaces/hook/ld_library_path_lib.ps1'
[0.580s] INFO:colcon.colcon_core.shell:Creating environment descriptor '/home/chotu/ros2_ws/src/ENPM_808X_FINAL/install/tutorial_interfaces/share/tutorial_interfaces/hook/ld_library_path_lib.dsv'
[0.580s] INFO:colcon.colcon_core.shell:Creating environment hook '/home/chotu/ros2_ws/src/ENPM_808X_FINAL/install/tutorial_interfaces/share/tutorial_interfaces/hook/ld_library_path_lib.sh'
[0.580s] Level 1:colcon.colcon_core.environment:checking '/home/chotu/ros2_ws/src/ENPM_808X_FINAL/install/tutorial_interfaces/bin'
[0.580s] Level 1:colcon.colcon_core.environment:checking '/home/chotu/ros2_ws/src/ENPM_808X_FINAL/install/tutorial_interfaces/lib/pkgconfig/tutorial_interfaces.pc'
[0.581s] Level 1:colcon.colcon_core.environment:checking '/home/chotu/ros2_ws/src/ENPM_808X_FINAL/install/tutorial_interfaces/lib/python3.10/site-packages'
[0.581s] Level 1:colcon.colcon_core.environment:checking '/home/chotu/ros2_ws/src/ENPM_808X_FINAL/install/tutorial_interfaces/bin'
[0.582s] INFO:colcon.colcon_core.shell:Creating package script '/home/chotu/ros2_ws/src/ENPM_808X_FINAL/install/tutorial_interfaces/share/tutorial_interfaces/package.ps1'
[0.582s] INFO:colcon.colcon_core.shell:Creating package descriptor '/home/chotu/ros2_ws/src/ENPM_808X_FINAL/install/tutorial_interfaces/share/tutorial_interfaces/package.dsv'
[0.582s] INFO:colcon.colcon_core.shell:Creating package script '/home/chotu/ros2_ws/src/ENPM_808X_FINAL/install/tutorial_interfaces/share/tutorial_interfaces/package.sh'
[0.582s] INFO:colcon.colcon_core.shell:Creating package script '/home/chotu/ros2_ws/src/ENPM_808X_FINAL/install/tutorial_interfaces/share/tutorial_interfaces/package.bash'
[0.583s] INFO:colcon.colcon_core.shell:Creating package script '/home/chotu/ros2_ws/src/ENPM_808X_FINAL/install/tutorial_interfaces/share/tutorial_interfaces/package.zsh'
[0.583s] Level 1:colcon.colcon_core.environment:create_file_with_runtime_dependencies(/home/chotu/ros2_ws/src/ENPM_808X_FINAL/install/tutorial_interfaces/share/colcon-core/packages/tutorial_interfaces)
[0.583s] INFO:colcon.colcon_ros.task.ament_cmake.build:Building ROS package in '/home/chotu/ros2_ws/src/ENPM_808X_FINAL/ENPM_808X_FINAL' with build type 'ament_cmake'
[0.583s] INFO:colcon.colcon_cmake.task.cmake.build:Building CMake package in '/home/chotu/ros2_ws/src/ENPM_808X_FINAL/ENPM_808X_FINAL'
[0.584s] INFO:colcon.colcon_core.shell:Skip shell extension 'powershell' for command environment: Not usable outside of PowerShell
[0.584s] DEBUG:colcon.colcon_core.shell:Skip shell extension 'dsv' for command environment
[0.592s] DEBUG:colcon.colcon_core.event_handler.log_command:Invoking command in '/home/chotu/ros2_ws/src/ENPM_808X_FINAL/build/tb3': CMAKE_PREFIX_PATH=/home/chotu/ros2_ws/src/ENPM_808X_FINAL/install/tutorial_interfaces:/home/chotu/ros2_ws/src/ENPM_808X_FINAL/install/tb3:/home/chotu/ros2_ws/src/ENPM_808X_FINAL/install/ros2_aruco:/opt/ros/humble LD_LIBRARY_PATH=/home/chotu/ros2_ws/src/ENPM_808X_FINAL/install/tutorial_interfaces/lib:/home/chotu/ros2_ws/src/ENPM_808X_FINAL/install/tb3/lib:/usr/lib/x86_64-linux-gnu/gazebo-11/plugins:/opt/ros/humble/opt/rviz_ogre_vendor/lib:/opt/ros/humble/lib/x86_64-linux-gnu:/opt/ros/humble/lib /usr/bin/cmake --build /home/chotu/ros2_ws/src/ENPM_808X_FINAL/build/tb3 -- -j16 -l16
[0.614s] DEBUG:colcon.colcon_core.event_handler.log_command:Invoking command in '/home/chotu/ros2_ws/src/ENPM_808X_FINAL/ros2_aruco': PYTHONPATH=/home/chotu/ros2_ws/src/ENPM_808X_FINAL/build/ros2_aruco/prefix_override:/home/chotu/ros2_ws/src/ENPM_808X_FINAL/install/ros2_aruco/lib/python3.10/site-packages:${PYTHONPATH} /usr/bin/python3 setup.py egg_info --egg-base ../build/ros2_aruco build --build-base /home/chotu/ros2_ws/src/ENPM_808X_FINAL/build/ros2_aruco/build install --record /home/chotu/ros2_ws/src/ENPM_808X_FINAL/build/ros2_aruco/install.log --install-scripts $base/lib/ros2_aruco --single-version-externally-managed
[0.810s] Level 1:colcon.colcon_core.environment:checking '/home/chotu/ros2_ws/src/ENPM_808X_FINAL/install/ros2_aruco' for CMake module files
[0.810s] DEBUG:colcon.colcon_core.event_handler.log_command:Invoked command in '/home/chotu/ros2_ws/src/ENPM_808X_FINAL/ros2_aruco' returned '0': PYTHONPATH=/home/chotu/ros2_ws/src/ENPM_808X_FINAL/build/ros2_aruco/prefix_override:/home/chotu/ros2_ws/src/ENPM_808X_FINAL/install/ros2_aruco/lib/python3.10/site-packages:${PYTHONPATH} /usr/bin/python3 setup.py egg_info --egg-base ../build/ros2_aruco build --build-base /home/chotu/ros2_ws/src/ENPM_808X_FINAL/build/ros2_aruco/build install --record /home/chotu/ros2_ws/src/ENPM_808X_FINAL/build/ros2_aruco/install.log --install-scripts $base/lib/ros2_aruco --single-version-externally-managed
[0.811s] Level 1:colcon.colcon_core.environment:checking '/home/chotu/ros2_ws/src/ENPM_808X_FINAL/install/ros2_aruco' for CMake config files
[0.811s] Level 1:colcon.colcon_core.environment:checking '/home/chotu/ros2_ws/src/ENPM_808X_FINAL/install/ros2_aruco/lib'
[0.811s] Level 1:colcon.colcon_core.environment:checking '/home/chotu/ros2_ws/src/ENPM_808X_FINAL/install/ros2_aruco/bin'
[0.811s] Level 1:colcon.colcon_core.environment:checking '/home/chotu/ros2_ws/src/ENPM_808X_FINAL/install/ros2_aruco/lib/pkgconfig/ros2_aruco.pc'
[0.811s] Level 1:colcon.colcon_core.environment:checking '/home/chotu/ros2_ws/src/ENPM_808X_FINAL/install/ros2_aruco/lib/python3.10/site-packages'
[0.811s] Level 1:colcon.colcon_core.shell:create_environment_hook('ros2_aruco', 'pythonpath')
[0.812s] INFO:colcon.colcon_core.shell:Creating environment hook '/home/chotu/ros2_ws/src/ENPM_808X_FINAL/install/ros2_aruco/share/ros2_aruco/hook/pythonpath.ps1'
[0.813s] INFO:colcon.colcon_core.shell:Creating environment descriptor '/home/chotu/ros2_ws/src/ENPM_808X_FINAL/install/ros2_aruco/share/ros2_aruco/hook/pythonpath.dsv'
[0.813s] INFO:colcon.colcon_core.shell:Creating environment hook '/home/chotu/ros2_ws/src/ENPM_808X_FINAL/install/ros2_aruco/share/ros2_aruco/hook/pythonpath.sh'
[0.813s] Level 1:colcon.colcon_core.environment:checking '/home/chotu/ros2_ws/src/ENPM_808X_FINAL/install/ros2_aruco/bin'
[0.813s] Level 1:colcon.colcon_core.environment:create_environment_scripts_only(ros2_aruco)
[0.814s] INFO:colcon.colcon_core.shell:Creating package script '/home/chotu/ros2_ws/src/ENPM_808X_FINAL/install/ros2_aruco/share/ros2_aruco/package.ps1'
[0.814s] INFO:colcon.colcon_core.shell:Creating package descriptor '/home/chotu/ros2_ws/src/ENPM_808X_FINAL/install/ros2_aruco/share/ros2_aruco/package.dsv'
[0.814s] INFO:colcon.colcon_core.shell:Creating package script '/home/chotu/ros2_ws/src/ENPM_808X_FINAL/install/ros2_aruco/share/ros2_aruco/package.sh'
[0.815s] INFO:colcon.colcon_core.shell:Creating package script '/home/chotu/ros2_ws/src/ENPM_808X_FINAL/install/ros2_aruco/share/ros2_aruco/package.bash'
[0.815s] INFO:colcon.colcon_core.shell:Creating package script '/home/chotu/ros2_ws/src/ENPM_808X_FINAL/install/ros2_aruco/share/ros2_aruco/package.zsh'
[0.815s] Level 1:colcon.colcon_core.environment:create_file_with_runtime_dependencies(/home/chotu/ros2_ws/src/ENPM_808X_FINAL/install/ros2_aruco/share/colcon-core/packages/ros2_aruco)
[7.892s] DEBUG:colcon.colcon_core.event_handler.log_command:Invoked command in '/home/chotu/ros2_ws/src/ENPM_808X_FINAL/build/tb3' returned '0': CMAKE_PREFIX_PATH=/home/chotu/ros2_ws/src/ENPM_808X_FINAL/install/tutorial_interfaces:/home/chotu/ros2_ws/src/ENPM_808X_FINAL/install/tb3:/home/chotu/ros2_ws/src/ENPM_808X_FINAL/install/ros2_aruco:/opt/ros/humble LD_LIBRARY_PATH=/home/chotu/ros2_ws/src/ENPM_808X_FINAL/install/tutorial_interfaces/lib:/home/chotu/ros2_ws/src/ENPM_808X_FINAL/install/tb3/lib:/usr/lib/x86_64-linux-gnu/gazebo-11/plugins:/opt/ros/humble/opt/rviz_ogre_vendor/lib:/opt/ros/humble/lib/x86_64-linux-gnu:/opt/ros/humble/lib /usr/bin/cmake --build /home/chotu/ros2_ws/src/ENPM_808X_FINAL/build/tb3 -- -j16 -l16
[7.938s] DEBUG:colcon.colcon_core.event_handler.log_command:Invoking command in '/home/chotu/ros2_ws/src/ENPM_808X_FINAL/build/tb3': CMAKE_PREFIX_PATH=/home/chotu/ros2_ws/src/ENPM_808X_FINAL/install/tutorial_interfaces:/home/chotu/ros2_ws/src/ENPM_808X_FINAL/install/tb3:/home/chotu/ros2_ws/src/ENPM_808X_FINAL/install/ros2_aruco:/opt/ros/humble LD_LIBRARY_PATH=/home/chotu/ros2_ws/src/ENPM_808X_FINAL/install/tutorial_interfaces/lib:/home/chotu/ros2_ws/src/ENPM_808X_FINAL/install/tb3/lib:/usr/lib/x86_64-linux-gnu/gazebo-11/plugins:/opt/ros/humble/opt/rviz_ogre_vendor/lib:/opt/ros/humble/lib/x86_64-linux-gnu:/opt/ros/humble/lib /usr/bin/cmake --install /home/chotu/ros2_ws/src/ENPM_808X_FINAL/build/tb3
[7.972s] Level 1:colcon.colcon_core.environment:create_environment_scripts_only(tb3)
[7.972s] DEBUG:colcon.colcon_core.event_handler.log_command:Invoked command in '/home/chotu/ros2_ws/src/ENPM_808X_FINAL/build/tb3' returned '0': CMAKE_PREFIX_PATH=/home/chotu/ros2_ws/src/ENPM_808X_FINAL/install/tutorial_interfaces:/home/chotu/ros2_ws/src/ENPM_808X_FINAL/install/tb3:/home/chotu/ros2_ws/src/ENPM_808X_FINAL/install/ros2_aruco:/opt/ros/humble LD_LIBRARY_PATH=/home/chotu/ros2_ws/src/ENPM_808X_FINAL/install/tutorial_interfaces/lib:/home/chotu/ros2_ws/src/ENPM_808X_FINAL/install/tb3/lib:/usr/lib/x86_64-linux-gnu/gazebo-11/plugins:/opt/ros/humble/opt/rviz_ogre_vendor/lib:/opt/ros/humble/lib/x86_64-linux-gnu:/opt/ros/humble/lib /usr/bin/cmake --install /home/chotu/ros2_ws/src/ENPM_808X_FINAL/build/tb3
[7.974s] Level 1:colcon.colcon_core.environment:checking '/home/chotu/ros2_ws/src/ENPM_808X_FINAL/install/tb3' for CMake module files
[7.974s] Level 1:colcon.colcon_core.environment:checking '/home/chotu/ros2_ws/src/ENPM_808X_FINAL/install/tb3' for CMake config files
[7.975s] Level 1:colcon.colcon_core.shell:create_environment_hook('tb3', 'cmake_prefix_path')
[7.975s] INFO:colcon.colcon_core.shell:Creating environment hook '/home/chotu/ros2_ws/src/ENPM_808X_FINAL/install/tb3/share/tb3/hook/cmake_prefix_path.ps1'
[7.976s] INFO:colcon.colcon_core.shell:Creating environment descriptor '/home/chotu/ros2_ws/src/ENPM_808X_FINAL/install/tb3/share/tb3/hook/cmake_prefix_path.dsv'
[7.976s] INFO:colcon.colcon_core.shell:Creating environment hook '/home/chotu/ros2_ws/src/ENPM_808X_FINAL/install/tb3/share/tb3/hook/cmake_prefix_path.sh'
[7.976s] Level 1:colcon.colcon_core.environment:checking '/home/chotu/ros2_ws/src/ENPM_808X_FINAL/install/tb3/lib'
[7.976s] Level 1:colcon.colcon_core.shell:create_environment_hook('tb3', 'ld_library_path_lib')
[7.977s] INFO:colcon.colcon_core.shell:Creating environment hook '/home/chotu/ros2_ws/src/ENPM_808X_FINAL/install/tb3/share/tb3/hook/ld_library_path_lib.ps1'
[7.977s] INFO:colcon.colcon_core.shell:Creating environment descriptor '/home/chotu/ros2_ws/src/ENPM_808X_FINAL/install/tb3/share/tb3/hook/ld_library_path_lib.dsv'
[7.978s] INFO:colcon.colcon_core.shell:Creating environment hook '/home/chotu/ros2_ws/src/ENPM_808X_FINAL/install/tb3/share/tb3/hook/ld_library_path_lib.sh'
[7.978s] Level 1:colcon.colcon_core.environment:checking '/home/chotu/ros2_ws/src/ENPM_808X_FINAL/install/tb3/bin'
[7.978s] Level 1:colcon.colcon_core.environment:checking '/home/chotu/ros2_ws/src/ENPM_808X_FINAL/install/tb3/lib/pkgconfig/tb3.pc'
[7.978s] Level 1:colcon.colcon_core.environment:checking '/home/chotu/ros2_ws/src/ENPM_808X_FINAL/install/tb3/lib/python3.10/site-packages'
[7.978s] Level 1:colcon.colcon_core.environment:checking '/home/chotu/ros2_ws/src/ENPM_808X_FINAL/install/tb3/bin'
[7.979s] INFO:colcon.colcon_core.shell:Creating package script '/home/chotu/ros2_ws/src/ENPM_808X_FINAL/install/tb3/share/tb3/package.ps1'
[7.979s] INFO:colcon.colcon_core.shell:Creating package descriptor '/home/chotu/ros2_ws/src/ENPM_808X_FINAL/install/tb3/share/tb3/package.dsv'
[7.980s] INFO:colcon.colcon_core.shell:Creating package script '/home/chotu/ros2_ws/src/ENPM_808X_FINAL/install/tb3/share/tb3/package.sh'
[7.980s] INFO:colcon.colcon_core.shell:Creating package script '/home/chotu/ros2_ws/src/ENPM_808X_FINAL/install/tb3/share/tb3/package.bash'
[7.980s] INFO:colcon.colcon_core.shell:Creating package script '/home/chotu/ros2_ws/src/ENPM_808X_FINAL/install/tb3/share/tb3/package.zsh'
[7.980s] Level 1:colcon.colcon_core.environment:create_file_with_runtime_dependencies(/home/chotu/ros2_ws/src/ENPM_808X_FINAL/install/tb3/share/colcon-core/packages/tb3)
[8.026s] Level 1:colcon.colcon_core.environment:create_environment_scripts_only(tb3)
[8.027s] Level 1:colcon.colcon_core.environment:checking '/home/chotu/ros2_ws/src/ENPM_808X_FINAL/install/tb3' for CMake module files
[8.027s] Level 1:colcon.colcon_core.environment:checking '/home/chotu/ros2_ws/src/ENPM_808X_FINAL/install/tb3' for CMake config files
[8.028s] Level 1:colcon.colcon_core.shell:create_environment_hook('tb3', 'cmake_prefix_path')
[8.029s] INFO:colcon.colcon_core.shell:Creating environment hook '/home/chotu/ros2_ws/src/ENPM_808X_FINAL/install/tb3/share/tb3/hook/cmake_prefix_path.ps1'
[8.029s] INFO:colcon.colcon_core.shell:Creating environment descriptor '/home/chotu/ros2_ws/src/ENPM_808X_FINAL/install/tb3/share/tb3/hook/cmake_prefix_path.dsv'
[8.029s] INFO:colcon.colcon_core.shell:Creating environment hook '/home/chotu/ros2_ws/src/ENPM_808X_FINAL/install/tb3/share/tb3/hook/cmake_prefix_path.sh'
[8.029s] Level 1:colcon.colcon_core.environment:checking '/home/chotu/ros2_ws/src/ENPM_808X_FINAL/install/tb3/lib'
[8.029s] Level 1:colcon.colcon_core.shell:create_environment_hook('tb3', 'ld_library_path_lib')
[8.030s] INFO:colcon.colcon_core.shell:Creating environment hook '/home/chotu/ros2_ws/src/ENPM_808X_FINAL/install/tb3/share/tb3/hook/ld_library_path_lib.ps1'
[8.030s] INFO:colcon.colcon_core.shell:Creating environment descriptor '/home/chotu/ros2_ws/src/ENPM_808X_FINAL/install/tb3/share/tb3/hook/ld_library_path_lib.dsv'
[8.031s] INFO:colcon.colcon_core.shell:Creating environment hook '/home/chotu/ros2_ws/src/ENPM_808X_FINAL/install/tb3/share/tb3/hook/ld_library_path_lib.sh'
[8.031s] Level 1:colcon.colcon_core.environment:checking '/home/chotu/ros2_ws/src/ENPM_808X_FINAL/install/tb3/bin'
[8.031s] Level 1:colcon.colcon_core.environment:checking '/home/chotu/ros2_ws/src/ENPM_808X_FINAL/install/tb3/lib/pkgconfig/tb3.pc'
[8.031s] Level 1:colcon.colcon_core.environment:checking '/home/chotu/ros2_ws/src/ENPM_808X_FINAL/install/tb3/lib/python3.10/site-packages'
[8.031s] Level 1:colcon.colcon_core.environment:checking '/home/chotu/ros2_ws/src/ENPM_808X_FINAL/install/tb3/bin'
[8.032s] INFO:colcon.colcon_core.shell:Creating package script '/home/chotu/ros2_ws/src/ENPM_808X_FINAL/install/tb3/share/tb3/package.ps1'
[8.032s] INFO:colcon.colcon_core.shell:Creating package descriptor '/home/chotu/ros2_ws/src/ENPM_808X_FINAL/install/tb3/share/tb3/package.dsv'
[8.033s] INFO:colcon.colcon_core.shell:Creating package script '/home/chotu/ros2_ws/src/ENPM_808X_FINAL/install/tb3/share/tb3/package.sh'
[8.033s] INFO:colcon.colcon_core.shell:Creating package script '/home/chotu/ros2_ws/src/ENPM_808X_FINAL/install/tb3/share/tb3/package.bash'
[8.033s] INFO:colcon.colcon_core.shell:Creating package script '/home/chotu/ros2_ws/src/ENPM_808X_FINAL/install/tb3/share/tb3/package.zsh'
[8.033s] Level 1:colcon.colcon_core.environment:create_file_with_runtime_dependencies(/home/chotu/ros2_ws/src/ENPM_808X_FINAL/install/tb3/share/colcon-core/packages/tb3)
[8.034s] DEBUG:colcon.colcon_parallel_executor.executor.parallel:closing loop
[8.034s] DEBUG:colcon.colcon_parallel_executor.executor.parallel:loop closed
[8.034s] DEBUG:colcon.colcon_parallel_executor.executor.parallel:run_until_complete finished with '0'
[8.034s] DEBUG:colcon.colcon_core.event_reactor:joining thread
[8.038s] INFO:colcon.colcon_core.plugin_system:Skipping extension 'colcon_notification.desktop_notification.notify_send': Could not find 'notify-send'
[8.038s] INFO:colcon.colcon_core.plugin_system:Skipping extension 'colcon_notification.desktop_notification.terminal_notifier': Not used on non-Darwin systems
[8.038s] INFO:colcon.colcon_core.plugin_system:Skipping extension 'colcon_notification.desktop_notification.win32': Not used on non-Windows systems
[8.038s] INFO:colcon.colcon_notification.desktop_notification:Sending desktop notification using 'notify2'
[8.039s] DEBUG:colcon.colcon_notification.desktop_notification.notify2:Failed to initialize notify2: org.freedesktop.DBus.Error.Spawn.ExecFailed: /usr/bin/dbus-launch terminated abnormally without any error message
[8.039s] DEBUG:colcon.colcon_core.event_reactor:joined thread
[8.041s] INFO:colcon.colcon_core.shell:Creating prefix script '/home/chotu/ros2_ws/src/ENPM_808X_FINAL/install/local_setup.ps1'
[8.041s] INFO:colcon.colcon_core.shell:Creating prefix util module '/home/chotu/ros2_ws/src/ENPM_808X_FINAL/install/_local_setup_util_ps1.py'
[8.042s] INFO:colcon.colcon_core.shell:Creating prefix chain script '/home/chotu/ros2_ws/src/ENPM_808X_FINAL/install/setup.ps1'
[8.043s] INFO:colcon.colcon_core.shell:Creating prefix script '/home/chotu/ros2_ws/src/ENPM_808X_FINAL/install/local_setup.sh'
[8.043s] INFO:colcon.colcon_core.shell:Creating prefix util module '/home/chotu/ros2_ws/src/ENPM_808X_FINAL/install/_local_setup_util_sh.py'
[8.043s] INFO:colcon.colcon_core.shell:Creating prefix chain script '/home/chotu/ros2_ws/src/ENPM_808X_FINAL/install/setup.sh'
[8.044s] INFO:colcon.colcon_core.shell:Creating prefix script '/home/chotu/ros2_ws/src/ENPM_808X_FINAL/install/local_setup.bash'
[8.045s] INFO:colcon.colcon_core.shell:Creating prefix chain script '/home/chotu/ros2_ws/src/ENPM_808X_FINAL/install/setup.bash'
[8.046s] INFO:colcon.colcon_core.shell:Creating prefix script '/home/chotu/ros2_ws/src/ENPM_808X_FINAL/install/local_setup.zsh'
[8.046s] INFO:colcon.colcon_core.shell:Creating prefix chain script '/home/chotu/ros2_ws/src/ENPM_808X_FINAL/install/setup.zsh'
