[0.016s] Invoking command in '/home/chotu/ros2_ws/src/ENPM_808X_FINAL/build/tutorial_interfaces': CMAKE_PREFIX_PATH=/opt/ros/humble /usr/bin/cmake /home/chotu/ros2_ws/src/ENPM_808X_FINAL/tutorial_interfaces -DCMAKE_INSTALL_PREFIX=/home/chotu/ros2_ws/src/ENPM_808X_FINAL/install/tutorial_interfaces
[0.110s] -- The C compiler identification is GNU 11.3.0
[0.170s] -- The CXX compiler identification is GNU 11.3.0
[0.177s] -- Detecting C compiler ABI info
[0.220s] -- Detecting C compiler ABI info - done
[0.225s] -- Check for working C compiler: /usr/bin/cc - skipped
[0.225s] -- Detecting C compile features
[0.225s] -- Detecting C compile features - done
[0.228s] -- Detecting CXX compiler ABI info
[0.273s] -- Detecting CXX compiler ABI info - done
[0.278s] -- Check for working CXX compiler: /usr/bin/c++ - skipped
[0.278s] -- Detecting CXX compile features
[0.279s] -- Detecting CXX compile features - done
[0.283s] -- Found ament_cmake: 1.3.3 (/opt/ros/humble/share/ament_cmake/cmake)
[0.390s] -- Found Python3: /usr/bin/python3.10 (found version "3.10.6") found components: Interpreter 
[0.466s] -- Found geometry_msgs: 4.2.2 (/opt/ros/humble/share/geometry_msgs/cmake)
[0.505s] -- Found rosidl_generator_c: 3.1.4 (/opt/ros/humble/share/rosidl_generator_c/cmake)
[0.510s] -- Found rosidl_adapter: 3.1.4 (/opt/ros/humble/share/rosidl_adapter/cmake)
[0.519s] -- Found rosidl_generator_cpp: 3.1.4 (/opt/ros/humble/share/rosidl_generator_cpp/cmake)
[0.533s] -- Using all available rosidl_typesupport_c: rosidl_typesupport_fastrtps_c;rosidl_typesupport_introspection_c
[0.551s] -- Using all available rosidl_typesupport_cpp: rosidl_typesupport_fastrtps_cpp;rosidl_typesupport_introspection_cpp
[0.640s] -- Found rosidl_default_generators: 1.2.0 (/opt/ros/humble/share/rosidl_default_generators/cmake)
[0.822s] -- Found ament_cmake_ros: 0.10.0 (/opt/ros/humble/share/ament_cmake_ros/cmake)
[1.084s] -- Using all available rosidl_typesupport_c: rosidl_typesupport_fastrtps_c;rosidl_typesupport_introspection_c
[1.183s] -- Using all available rosidl_typesupport_cpp: rosidl_typesupport_fastrtps_cpp;rosidl_typesupport_introspection_cpp
[1.197s] -- Found PythonInterp: /usr/bin/python3 (found suitable version "3.10.6", minimum required is "3.6") 
[1.198s] -- Found python_cmake_module: 0.10.0 (/opt/ros/humble/share/python_cmake_module/cmake)
[1.215s] -- Found PythonLibs: /usr/lib/x86_64-linux-gnu/libpython3.10.so (found suitable version "3.10.6", minimum required is "3.5") 
[1.216s] -- Using PYTHON_EXECUTABLE: /usr/bin/python3
[1.216s] -- Using PYTHON_INCLUDE_DIRS: /usr/include/python3.10
[1.216s] -- Using PYTHON_LIBRARIES: /usr/lib/x86_64-linux-gnu/libpython3.10.so
[1.227s] -- Found PythonExtra: .so  
[1.266s] -- Found ament_lint_auto: 0.12.4 (/opt/ros/humble/share/ament_lint_auto/cmake)
[1.285s] -- Added test 'lint_cmake' to check CMake code style
[1.286s] -- Added test 'xmllint' to check XML markup files
[1.288s] -- Configuring done
[1.309s] -- Generating done
[1.311s] -- Build files have been written to: /home/chotu/ros2_ws/src/ENPM_808X_FINAL/build/tutorial_interfaces
[1.316s] Invoked command in '/home/chotu/ros2_ws/src/ENPM_808X_FINAL/build/tutorial_interfaces' returned '0': CMAKE_PREFIX_PATH=/opt/ros/humble /usr/bin/cmake /home/chotu/ros2_ws/src/ENPM_808X_FINAL/tutorial_interfaces -DCMAKE_INSTALL_PREFIX=/home/chotu/ros2_ws/src/ENPM_808X_FINAL/install/tutorial_interfaces
[1.318s] Invoking command in '/home/chotu/ros2_ws/src/ENPM_808X_FINAL/build/tutorial_interfaces': CMAKE_PREFIX_PATH=/opt/ros/humble /usr/bin/cmake --build /home/chotu/ros2_ws/src/ENPM_808X_FINAL/build/tutorial_interfaces -- -j16 -l16
[1.341s] [  3%] [34m[1mGenerating C code for ROS interfaces[0m
[1.346s] [  6%] [34m[1mGenerating C++ code for ROS interfaces[0m
[1.351s] [  6%] Built target ament_cmake_python_copy_tutorial_interfaces
[1.491s] running egg_info
[1.491s] creating tutorial_interfaces.egg-info
[1.492s] writing tutorial_interfaces.egg-info/PKG-INFO
[1.492s] writing dependency_links to tutorial_interfaces.egg-info/dependency_links.txt
[1.492s] writing top-level names to tutorial_interfaces.egg-info/top_level.txt
[1.492s] writing manifest file 'tutorial_interfaces.egg-info/SOURCES.txt'
[1.494s] reading manifest file 'tutorial_interfaces.egg-info/SOURCES.txt'
[1.494s] writing manifest file 'tutorial_interfaces.egg-info/SOURCES.txt'
[1.506s] [  6%] Built target tutorial_interfaces__cpp
[1.512s] [ 19%] [34m[1mGenerating C++ type support dispatch for ROS interfaces[0m
[1.513s] [ 19%] [32mBuilding C object CMakeFiles/tutorial_interfaces__rosidl_generator_c.dir/rosidl_generator_c/tutorial_interfaces/msg/detail/num__functions.c.o[0m
[1.513s] [ 19%] [34m[1mGenerating C++ introspection for ROS interfaces[0m
[1.513s] [ 19%] [34m[1mGenerating C++ type support for eProsima Fast-RTPS[0m
[1.525s] [ 19%] Built target ament_cmake_python_build_tutorial_interfaces_egg
[1.559s] [ 22%] [32m[1mLinking C shared library libtutorial_interfaces__rosidl_generator_c.so[0m
[1.583s] [ 22%] Built target tutorial_interfaces__rosidl_generator_c
[1.590s] [ 32%] [34m[1mGenerating C type support for eProsima Fast-RTPS[0m
[1.590s] [ 32%] [34m[1mGenerating C introspection for ROS interfaces[0m
[1.590s] [ 32%] [34m[1mGenerating C type support dispatch for ROS interfaces[0m
[1.662s] [ 35%] [32mBuilding CXX object CMakeFiles/tutorial_interfaces__rosidl_typesupport_cpp.dir/rosidl_typesupport_cpp/tutorial_interfaces/msg/num__type_support.cpp.o[0m
[1.678s] [ 41%] [32mBuilding CXX object CMakeFiles/tutorial_interfaces__rosidl_typesupport_introspection_cpp.dir/rosidl_typesupport_introspection_cpp/tutorial_interfaces/msg/detail/num__type_support.cpp.o[0m
[1.678s] [ 41%] [32mBuilding CXX object CMakeFiles/tutorial_interfaces__rosidl_typesupport_fastrtps_cpp.dir/rosidl_typesupport_fastrtps_cpp/tutorial_interfaces/msg/detail/dds_fastrtps/num__type_support.cpp.o[0m
[1.745s] [ 45%] [32mBuilding CXX object CMakeFiles/tutorial_interfaces__rosidl_typesupport_c.dir/rosidl_typesupport_c/tutorial_interfaces/msg/num__type_support.cpp.o[0m
[1.761s] [ 51%] [32mBuilding C object CMakeFiles/tutorial_interfaces__rosidl_typesupport_introspection_c.dir/rosidl_typesupport_introspection_c/tutorial_interfaces/msg/detail/num__type_support.c.o[0m
[1.761s] [ 51%] [32mBuilding CXX object CMakeFiles/tutorial_interfaces__rosidl_typesupport_fastrtps_c.dir/rosidl_typesupport_fastrtps_c/tutorial_interfaces/msg/detail/num__type_support_c.cpp.o[0m
[1.767s] [ 54%] [32m[1mLinking CXX shared library libtutorial_interfaces__rosidl_typesupport_c.so[0m
[1.790s] [ 58%] [32m[1mLinking C shared library libtutorial_interfaces__rosidl_typesupport_introspection_c.so[0m
[1.792s] [ 58%] Built target tutorial_interfaces__rosidl_typesupport_c
[1.810s] [ 58%] Built target tutorial_interfaces__rosidl_typesupport_introspection_c
[1.867s] [ 61%] [32m[1mLinking CXX shared library libtutorial_interfaces__rosidl_typesupport_cpp.so[0m
[1.891s] [ 61%] Built target tutorial_interfaces__rosidl_typesupport_cpp
[1.981s] [ 64%] [32m[1mLinking CXX shared library libtutorial_interfaces__rosidl_typesupport_fastrtps_c.so[0m
[1.986s] [ 67%] [32m[1mLinking CXX shared library libtutorial_interfaces__rosidl_typesupport_introspection_cpp.so[0m
[2.009s] [ 70%] [32m[1mLinking CXX shared library libtutorial_interfaces__rosidl_typesupport_fastrtps_cpp.so[0m
[2.041s] [ 70%] Built target tutorial_interfaces__rosidl_typesupport_fastrtps_c
[2.047s] [ 70%] Built target tutorial_interfaces__rosidl_typesupport_introspection_cpp
[2.063s] [ 70%] Built target tutorial_interfaces__rosidl_typesupport_fastrtps_cpp
[2.074s] [ 70%] Built target tutorial_interfaces
[2.085s] [ 74%] [34m[1mGenerating Python code for ROS interfaces[0m
[2.273s] [ 74%] Built target tutorial_interfaces__py
[2.283s] [ 77%] [32mBuilding C object CMakeFiles/tutorial_interfaces__rosidl_generator_py.dir/rosidl_generator_py/tutorial_interfaces/msg/_num_s.c.o[0m
[2.366s] [ 80%] [32m[1mLinking C shared library rosidl_generator_py/tutorial_interfaces/libtutorial_interfaces__rosidl_generator_py.so[0m
[2.390s] [ 80%] Built target tutorial_interfaces__rosidl_generator_py
[2.402s] [ 90%] [32mBuilding C object CMakeFiles/tutorial_interfaces__rosidl_typesupport_fastrtps_c__pyext.dir/rosidl_generator_py/tutorial_interfaces/_tutorial_interfaces_s.ep.rosidl_typesupport_fastrtps_c.c.o[0m
[2.402s] [ 90%] [32mBuilding C object CMakeFiles/tutorial_interfaces__rosidl_typesupport_introspection_c__pyext.dir/rosidl_generator_py/tutorial_interfaces/_tutorial_interfaces_s.ep.rosidl_typesupport_introspection_c.c.o[0m
[2.402s] [ 90%] [32mBuilding C object CMakeFiles/tutorial_interfaces__rosidl_typesupport_c__pyext.dir/rosidl_generator_py/tutorial_interfaces/_tutorial_interfaces_s.ep.rosidl_typesupport_c.c.o[0m
[2.465s] [100%] [32m[1mLinking C shared library rosidl_generator_py/tutorial_interfaces/tutorial_interfaces_s__rosidl_typesupport_fastrtps_c.cpython-310-x86_64-linux-gnu.so[0m
[2.465s] [100%] [32m[1mLinking C shared library rosidl_generator_py/tutorial_interfaces/tutorial_interfaces_s__rosidl_typesupport_introspection_c.cpython-310-x86_64-linux-gnu.so[0m
[2.465s] [100%] [32m[1mLinking C shared library rosidl_generator_py/tutorial_interfaces/tutorial_interfaces_s__rosidl_typesupport_c.cpython-310-x86_64-linux-gnu.so[0m
[2.489s] [100%] Built target tutorial_interfaces__rosidl_typesupport_c__pyext
[2.489s] [100%] Built target tutorial_interfaces__rosidl_typesupport_introspection_c__pyext
[2.489s] [100%] Built target tutorial_interfaces__rosidl_typesupport_fastrtps_c__pyext
[2.496s] Invoked command in '/home/chotu/ros2_ws/src/ENPM_808X_FINAL/build/tutorial_interfaces' returned '0': CMAKE_PREFIX_PATH=/opt/ros/humble /usr/bin/cmake --build /home/chotu/ros2_ws/src/ENPM_808X_FINAL/build/tutorial_interfaces -- -j16 -l16
[2.527s] Invoking command in '/home/chotu/ros2_ws/src/ENPM_808X_FINAL/build/tutorial_interfaces': CMAKE_PREFIX_PATH=/opt/ros/humble /usr/bin/cmake --install /home/chotu/ros2_ws/src/ENPM_808X_FINAL/build/tutorial_interfaces
[2.532s] -- Install configuration: ""
[2.532s] -- Installing: /home/chotu/ros2_ws/src/ENPM_808X_FINAL/install/tutorial_interfaces/share/ament_index/resource_index/rosidl_interfaces/tutorial_interfaces
[2.532s] -- Installing: /home/chotu/ros2_ws/src/ENPM_808X_FINAL/install/tutorial_interfaces/include/tutorial_interfaces/tutorial_interfaces
[2.532s] -- Installing: /home/chotu/ros2_ws/src/ENPM_808X_FINAL/install/tutorial_interfaces/include/tutorial_interfaces/tutorial_interfaces/msg
[2.532s] -- Installing: /home/chotu/ros2_ws/src/ENPM_808X_FINAL/install/tutorial_interfaces/include/tutorial_interfaces/tutorial_interfaces/msg/detail
[2.532s] -- Installing: /home/chotu/ros2_ws/src/ENPM_808X_FINAL/install/tutorial_interfaces/include/tutorial_interfaces/tutorial_interfaces/msg/detail/num__type_support.h
[2.532s] -- Installing: /home/chotu/ros2_ws/src/ENPM_808X_FINAL/install/tutorial_interfaces/include/tutorial_interfaces/tutorial_interfaces/msg/detail/num__functions.h
[2.533s] -- Installing: /home/chotu/ros2_ws/src/ENPM_808X_FINAL/install/tutorial_interfaces/include/tutorial_interfaces/tutorial_interfaces/msg/detail/num__functions.c
[2.533s] -- Installing: /home/chotu/ros2_ws/src/ENPM_808X_FINAL/install/tutorial_interfaces/include/tutorial_interfaces/tutorial_interfaces/msg/detail/num__struct.h
[2.533s] -- Installing: /home/chotu/ros2_ws/src/ENPM_808X_FINAL/install/tutorial_interfaces/include/tutorial_interfaces/tutorial_interfaces/msg/num.h
[2.533s] -- Installing: /home/chotu/ros2_ws/src/ENPM_808X_FINAL/install/tutorial_interfaces/include/tutorial_interfaces/tutorial_interfaces/msg/rosidl_generator_c__visibility_control.h
[2.533s] -- Installing: /home/chotu/ros2_ws/src/ENPM_808X_FINAL/install/tutorial_interfaces/share/tutorial_interfaces/environment/library_path.sh
[2.533s] -- Installing: /home/chotu/ros2_ws/src/ENPM_808X_FINAL/install/tutorial_interfaces/share/tutorial_interfaces/environment/library_path.dsv
[2.533s] -- Installing: /home/chotu/ros2_ws/src/ENPM_808X_FINAL/install/tutorial_interfaces/lib/libtutorial_interfaces__rosidl_generator_c.so
[2.533s] -- Set runtime path of "/home/chotu/ros2_ws/src/ENPM_808X_FINAL/install/tutorial_interfaces/lib/libtutorial_interfaces__rosidl_generator_c.so" to ""
[2.533s] -- Up-to-date: /home/chotu/ros2_ws/src/ENPM_808X_FINAL/install/tutorial_interfaces/include/tutorial_interfaces/tutorial_interfaces
[2.533s] -- Up-to-date: /home/chotu/ros2_ws/src/ENPM_808X_FINAL/install/tutorial_interfaces/include/tutorial_interfaces/tutorial_interfaces/msg
[2.533s] -- Up-to-date: /home/chotu/ros2_ws/src/ENPM_808X_FINAL/install/tutorial_interfaces/include/tutorial_interfaces/tutorial_interfaces/msg/detail
[2.533s] -- Installing: /home/chotu/ros2_ws/src/ENPM_808X_FINAL/install/tutorial_interfaces/include/tutorial_interfaces/tutorial_interfaces/msg/detail/num__rosidl_typesupport_fastrtps_c.h
[2.533s] -- Installing: /home/chotu/ros2_ws/src/ENPM_808X_FINAL/install/tutorial_interfaces/include/tutorial_interfaces/tutorial_interfaces/msg/rosidl_typesupport_fastrtps_c__visibility_control.h
[2.533s] -- Installing: /home/chotu/ros2_ws/src/ENPM_808X_FINAL/install/tutorial_interfaces/lib/libtutorial_interfaces__rosidl_typesupport_fastrtps_c.so
[2.534s] -- Set runtime path of "/home/chotu/ros2_ws/src/ENPM_808X_FINAL/install/tutorial_interfaces/lib/libtutorial_interfaces__rosidl_typesupport_fastrtps_c.so" to ""
[2.534s] -- Up-to-date: /home/chotu/ros2_ws/src/ENPM_808X_FINAL/install/tutorial_interfaces/include/tutorial_interfaces/tutorial_interfaces
[2.534s] -- Up-to-date: /home/chotu/ros2_ws/src/ENPM_808X_FINAL/install/tutorial_interfaces/include/tutorial_interfaces/tutorial_interfaces/msg
[2.534s] -- Up-to-date: /home/chotu/ros2_ws/src/ENPM_808X_FINAL/install/tutorial_interfaces/include/tutorial_interfaces/tutorial_interfaces/msg/detail
[2.534s] -- Installing: /home/chotu/ros2_ws/src/ENPM_808X_FINAL/install/tutorial_interfaces/include/tutorial_interfaces/tutorial_interfaces/msg/detail/num__traits.hpp
[2.534s] -- Installing: /home/chotu/ros2_ws/src/ENPM_808X_FINAL/install/tutorial_interfaces/include/tutorial_interfaces/tutorial_interfaces/msg/detail/num__struct.hpp
[2.534s] -- Installing: /home/chotu/ros2_ws/src/ENPM_808X_FINAL/install/tutorial_interfaces/include/tutorial_interfaces/tutorial_interfaces/msg/detail/num__builder.hpp
[2.534s] -- Installing: /home/chotu/ros2_ws/src/ENPM_808X_FINAL/install/tutorial_interfaces/include/tutorial_interfaces/tutorial_interfaces/msg/num.hpp
[2.534s] -- Up-to-date: /home/chotu/ros2_ws/src/ENPM_808X_FINAL/install/tutorial_interfaces/include/tutorial_interfaces/tutorial_interfaces
[2.534s] -- Up-to-date: /home/chotu/ros2_ws/src/ENPM_808X_FINAL/install/tutorial_interfaces/include/tutorial_interfaces/tutorial_interfaces/msg
[2.534s] -- Up-to-date: /home/chotu/ros2_ws/src/ENPM_808X_FINAL/install/tutorial_interfaces/include/tutorial_interfaces/tutorial_interfaces/msg/detail
[2.534s] -- Installing: /home/chotu/ros2_ws/src/ENPM_808X_FINAL/install/tutorial_interfaces/include/tutorial_interfaces/tutorial_interfaces/msg/detail/dds_fastrtps
[2.534s] -- Installing: /home/chotu/ros2_ws/src/ENPM_808X_FINAL/install/tutorial_interfaces/include/tutorial_interfaces/tutorial_interfaces/msg/detail/num__rosidl_typesupport_fastrtps_cpp.hpp
[2.534s] -- Installing: /home/chotu/ros2_ws/src/ENPM_808X_FINAL/install/tutorial_interfaces/include/tutorial_interfaces/tutorial_interfaces/msg/rosidl_typesupport_fastrtps_cpp__visibility_control.h
[2.534s] -- Installing: /home/chotu/ros2_ws/src/ENPM_808X_FINAL/install/tutorial_interfaces/lib/libtutorial_interfaces__rosidl_typesupport_fastrtps_cpp.so
[2.534s] -- Set runtime path of "/home/chotu/ros2_ws/src/ENPM_808X_FINAL/install/tutorial_interfaces/lib/libtutorial_interfaces__rosidl_typesupport_fastrtps_cpp.so" to ""
[2.534s] -- Up-to-date: /home/chotu/ros2_ws/src/ENPM_808X_FINAL/install/tutorial_interfaces/include/tutorial_interfaces/tutorial_interfaces
[2.534s] -- Up-to-date: /home/chotu/ros2_ws/src/ENPM_808X_FINAL/install/tutorial_interfaces/include/tutorial_interfaces/tutorial_interfaces/msg
[2.534s] -- Up-to-date: /home/chotu/ros2_ws/src/ENPM_808X_FINAL/install/tutorial_interfaces/include/tutorial_interfaces/tutorial_interfaces/msg/detail
[2.534s] -- Installing: /home/chotu/ros2_ws/src/ENPM_808X_FINAL/install/tutorial_interfaces/include/tutorial_interfaces/tutorial_interfaces/msg/detail/num__rosidl_typesupport_introspection_c.h
[2.535s] -- Installing: /home/chotu/ros2_ws/src/ENPM_808X_FINAL/install/tutorial_interfaces/include/tutorial_interfaces/tutorial_interfaces/msg/detail/num__type_support.c
[2.535s] -- Installing: /home/chotu/ros2_ws/src/ENPM_808X_FINAL/install/tutorial_interfaces/include/tutorial_interfaces/tutorial_interfaces/msg/rosidl_typesupport_introspection_c__visibility_control.h
[2.535s] -- Installing: /home/chotu/ros2_ws/src/ENPM_808X_FINAL/install/tutorial_interfaces/lib/libtutorial_interfaces__rosidl_typesupport_introspection_c.so
[2.535s] -- Set runtime path of "/home/chotu/ros2_ws/src/ENPM_808X_FINAL/install/tutorial_interfaces/lib/libtutorial_interfaces__rosidl_typesupport_introspection_c.so" to ""
[2.535s] -- Installing: /home/chotu/ros2_ws/src/ENPM_808X_FINAL/install/tutorial_interfaces/lib/libtutorial_interfaces__rosidl_typesupport_c.so
[2.535s] -- Set runtime path of "/home/chotu/ros2_ws/src/ENPM_808X_FINAL/install/tutorial_interfaces/lib/libtutorial_interfaces__rosidl_typesupport_c.so" to ""
[2.535s] -- Up-to-date: /home/chotu/ros2_ws/src/ENPM_808X_FINAL/install/tutorial_interfaces/include/tutorial_interfaces/tutorial_interfaces
[2.535s] -- Up-to-date: /home/chotu/ros2_ws/src/ENPM_808X_FINAL/install/tutorial_interfaces/include/tutorial_interfaces/tutorial_interfaces/msg
[2.535s] -- Up-to-date: /home/chotu/ros2_ws/src/ENPM_808X_FINAL/install/tutorial_interfaces/include/tutorial_interfaces/tutorial_interfaces/msg/detail
[2.535s] -- Installing: /home/chotu/ros2_ws/src/ENPM_808X_FINAL/install/tutorial_interfaces/include/tutorial_interfaces/tutorial_interfaces/msg/detail/num__rosidl_typesupport_introspection_cpp.hpp
[2.535s] -- Installing: /home/chotu/ros2_ws/src/ENPM_808X_FINAL/install/tutorial_interfaces/include/tutorial_interfaces/tutorial_interfaces/msg/detail/num__type_support.cpp
[2.535s] -- Installing: /home/chotu/ros2_ws/src/ENPM_808X_FINAL/install/tutorial_interfaces/lib/libtutorial_interfaces__rosidl_typesupport_introspection_cpp.so
[2.535s] -- Set runtime path of "/home/chotu/ros2_ws/src/ENPM_808X_FINAL/install/tutorial_interfaces/lib/libtutorial_interfaces__rosidl_typesupport_introspection_cpp.so" to ""
[2.535s] -- Installing: /home/chotu/ros2_ws/src/ENPM_808X_FINAL/install/tutorial_interfaces/lib/libtutorial_interfaces__rosidl_typesupport_cpp.so
[2.536s] -- Set runtime path of "/home/chotu/ros2_ws/src/ENPM_808X_FINAL/install/tutorial_interfaces/lib/libtutorial_interfaces__rosidl_typesupport_cpp.so" to ""
[2.536s] -- Installing: /home/chotu/ros2_ws/src/ENPM_808X_FINAL/install/tutorial_interfaces/share/tutorial_interfaces/environment/pythonpath.sh
[2.536s] -- Installing: /home/chotu/ros2_ws/src/ENPM_808X_FINAL/install/tutorial_interfaces/share/tutorial_interfaces/environment/pythonpath.dsv
[2.536s] -- Installing: /home/chotu/ros2_ws/src/ENPM_808X_FINAL/install/tutorial_interfaces/local/lib/python3.10/dist-packages/tutorial_interfaces-0.0.0-py3.10.egg-info
[2.536s] -- Installing: /home/chotu/ros2_ws/src/ENPM_808X_FINAL/install/tutorial_interfaces/local/lib/python3.10/dist-packages/tutorial_interfaces-0.0.0-py3.10.egg-info/SOURCES.txt
[2.536s] -- Installing: /home/chotu/ros2_ws/src/ENPM_808X_FINAL/install/tutorial_interfaces/local/lib/python3.10/dist-packages/tutorial_interfaces-0.0.0-py3.10.egg-info/PKG-INFO
[2.536s] -- Installing: /home/chotu/ros2_ws/src/ENPM_808X_FINAL/install/tutorial_interfaces/local/lib/python3.10/dist-packages/tutorial_interfaces-0.0.0-py3.10.egg-info/top_level.txt
[2.536s] -- Installing: /home/chotu/ros2_ws/src/ENPM_808X_FINAL/install/tutorial_interfaces/local/lib/python3.10/dist-packages/tutorial_interfaces-0.0.0-py3.10.egg-info/dependency_links.txt
[2.536s] -- Installing: /home/chotu/ros2_ws/src/ENPM_808X_FINAL/install/tutorial_interfaces/local/lib/python3.10/dist-packages/tutorial_interfaces
[2.536s] -- Installing: /home/chotu/ros2_ws/src/ENPM_808X_FINAL/install/tutorial_interfaces/local/lib/python3.10/dist-packages/tutorial_interfaces/msg
[2.536s] -- Installing: /home/chotu/ros2_ws/src/ENPM_808X_FINAL/install/tutorial_interfaces/local/lib/python3.10/dist-packages/tutorial_interfaces/msg/_num.py
[2.536s] -- Installing: /home/chotu/ros2_ws/src/ENPM_808X_FINAL/install/tutorial_interfaces/local/lib/python3.10/dist-packages/tutorial_interfaces/msg/__init__.py
[2.536s] -- Installing: /home/chotu/ros2_ws/src/ENPM_808X_FINAL/install/tutorial_interfaces/local/lib/python3.10/dist-packages/tutorial_interfaces/msg/_num_s.c
[2.536s] -- Installing: /home/chotu/ros2_ws/src/ENPM_808X_FINAL/install/tutorial_interfaces/local/lib/python3.10/dist-packages/tutorial_interfaces/tutorial_interfaces_s__rosidl_typesupport_c.cpython-310-x86_64-linux-gnu.so
[2.536s] -- Installing: /home/chotu/ros2_ws/src/ENPM_808X_FINAL/install/tutorial_interfaces/local/lib/python3.10/dist-packages/tutorial_interfaces/_tutorial_interfaces_s.ep.rosidl_typesupport_introspection_c.c
[2.536s] -- Installing: /home/chotu/ros2_ws/src/ENPM_808X_FINAL/install/tutorial_interfaces/local/lib/python3.10/dist-packages/tutorial_interfaces/_tutorial_interfaces_s.ep.rosidl_typesupport_fastrtps_c.c
[2.536s] -- Installing: /home/chotu/ros2_ws/src/ENPM_808X_FINAL/install/tutorial_interfaces/local/lib/python3.10/dist-packages/tutorial_interfaces/__init__.py
[2.536s] -- Installing: /home/chotu/ros2_ws/src/ENPM_808X_FINAL/install/tutorial_interfaces/local/lib/python3.10/dist-packages/tutorial_interfaces/tutorial_interfaces_s__rosidl_typesupport_introspection_c.cpython-310-x86_64-linux-gnu.so
[2.537s] -- Installing: /home/chotu/ros2_ws/src/ENPM_808X_FINAL/install/tutorial_interfaces/local/lib/python3.10/dist-packages/tutorial_interfaces/libtutorial_interfaces__rosidl_generator_py.so
[2.537s] -- Installing: /home/chotu/ros2_ws/src/ENPM_808X_FINAL/install/tutorial_interfaces/local/lib/python3.10/dist-packages/tutorial_interfaces/_tutorial_interfaces_s.ep.rosidl_typesupport_c.c
[2.537s] -- Installing: /home/chotu/ros2_ws/src/ENPM_808X_FINAL/install/tutorial_interfaces/local/lib/python3.10/dist-packages/tutorial_interfaces/tutorial_interfaces_s__rosidl_typesupport_fastrtps_c.cpython-310-x86_64-linux-gnu.so
[2.558s] Listing '/home/chotu/ros2_ws/src/ENPM_808X_FINAL/install/tutorial_interfaces/local/lib/python3.10/dist-packages/tutorial_interfaces'...
[2.558s] Compiling '/home/chotu/ros2_ws/src/ENPM_808X_FINAL/install/tutorial_interfaces/local/lib/python3.10/dist-packages/tutorial_interfaces/__init__.py'...
[2.558s] Listing '/home/chotu/ros2_ws/src/ENPM_808X_FINAL/install/tutorial_interfaces/local/lib/python3.10/dist-packages/tutorial_interfaces/msg'...
[2.558s] Compiling '/home/chotu/ros2_ws/src/ENPM_808X_FINAL/install/tutorial_interfaces/local/lib/python3.10/dist-packages/tutorial_interfaces/msg/__init__.py'...
[2.558s] Compiling '/home/chotu/ros2_ws/src/ENPM_808X_FINAL/install/tutorial_interfaces/local/lib/python3.10/dist-packages/tutorial_interfaces/msg/_num.py'...
[2.560s] -- Installing: /home/chotu/ros2_ws/src/ENPM_808X_FINAL/install/tutorial_interfaces/local/lib/python3.10/dist-packages/tutorial_interfaces/tutorial_interfaces_s__rosidl_typesupport_fastrtps_c.cpython-310-x86_64-linux-gnu.so
[2.560s] -- Set runtime path of "/home/chotu/ros2_ws/src/ENPM_808X_FINAL/install/tutorial_interfaces/local/lib/python3.10/dist-packages/tutorial_interfaces/tutorial_interfaces_s__rosidl_typesupport_fastrtps_c.cpython-310-x86_64-linux-gnu.so" to ""
[2.561s] -- Installing: /home/chotu/ros2_ws/src/ENPM_808X_FINAL/install/tutorial_interfaces/local/lib/python3.10/dist-packages/tutorial_interfaces/tutorial_interfaces_s__rosidl_typesupport_introspection_c.cpython-310-x86_64-linux-gnu.so
[2.561s] -- Set runtime path of "/home/chotu/ros2_ws/src/ENPM_808X_FINAL/install/tutorial_interfaces/local/lib/python3.10/dist-packages/tutorial_interfaces/tutorial_interfaces_s__rosidl_typesupport_introspection_c.cpython-310-x86_64-linux-gnu.so" to ""
[2.561s] -- Installing: /home/chotu/ros2_ws/src/ENPM_808X_FINAL/install/tutorial_interfaces/local/lib/python3.10/dist-packages/tutorial_interfaces/tutorial_interfaces_s__rosidl_typesupport_c.cpython-310-x86_64-linux-gnu.so
[2.561s] -- Set runtime path of "/home/chotu/ros2_ws/src/ENPM_808X_FINAL/install/tutorial_interfaces/local/lib/python3.10/dist-packages/tutorial_interfaces/tutorial_interfaces_s__rosidl_typesupport_c.cpython-310-x86_64-linux-gnu.so" to ""
[2.561s] -- Installing: /home/chotu/ros2_ws/src/ENPM_808X_FINAL/install/tutorial_interfaces/lib/libtutorial_interfaces__rosidl_generator_py.so
[2.561s] -- Set runtime path of "/home/chotu/ros2_ws/src/ENPM_808X_FINAL/install/tutorial_interfaces/lib/libtutorial_interfaces__rosidl_generator_py.so" to ""
[2.561s] -- Installing: /home/chotu/ros2_ws/src/ENPM_808X_FINAL/install/tutorial_interfaces/share/tutorial_interfaces/msg/Num.idl
[2.561s] -- Installing: /home/chotu/ros2_ws/src/ENPM_808X_FINAL/install/tutorial_interfaces/share/tutorial_interfaces/msg/Num.msg
[2.561s] -- Installing: /home/chotu/ros2_ws/src/ENPM_808X_FINAL/install/tutorial_interfaces/share/ament_index/resource_index/package_run_dependencies/tutorial_interfaces
[2.562s] -- Installing: /home/chotu/ros2_ws/src/ENPM_808X_FINAL/install/tutorial_interfaces/share/ament_index/resource_index/parent_prefix_path/tutorial_interfaces
[2.562s] -- Installing: /home/chotu/ros2_ws/src/ENPM_808X_FINAL/install/tutorial_interfaces/share/tutorial_interfaces/environment/ament_prefix_path.sh
[2.562s] -- Installing: /home/chotu/ros2_ws/src/ENPM_808X_FINAL/install/tutorial_interfaces/share/tutorial_interfaces/environment/ament_prefix_path.dsv
[2.562s] -- Installing: /home/chotu/ros2_ws/src/ENPM_808X_FINAL/install/tutorial_interfaces/share/tutorial_interfaces/environment/path.sh
[2.562s] -- Installing: /home/chotu/ros2_ws/src/ENPM_808X_FINAL/install/tutorial_interfaces/share/tutorial_interfaces/environment/path.dsv
[2.562s] -- Installing: /home/chotu/ros2_ws/src/ENPM_808X_FINAL/install/tutorial_interfaces/share/tutorial_interfaces/local_setup.bash
[2.562s] -- Installing: /home/chotu/ros2_ws/src/ENPM_808X_FINAL/install/tutorial_interfaces/share/tutorial_interfaces/local_setup.sh
[2.562s] -- Installing: /home/chotu/ros2_ws/src/ENPM_808X_FINAL/install/tutorial_interfaces/share/tutorial_interfaces/local_setup.zsh
[2.562s] -- Installing: /home/chotu/ros2_ws/src/ENPM_808X_FINAL/install/tutorial_interfaces/share/tutorial_interfaces/local_setup.dsv
[2.562s] -- Installing: /home/chotu/ros2_ws/src/ENPM_808X_FINAL/install/tutorial_interfaces/share/tutorial_interfaces/package.dsv
[2.562s] -- Installing: /home/chotu/ros2_ws/src/ENPM_808X_FINAL/install/tutorial_interfaces/share/ament_index/resource_index/packages/tutorial_interfaces
[2.562s] -- Installing: /home/chotu/ros2_ws/src/ENPM_808X_FINAL/install/tutorial_interfaces/share/tutorial_interfaces/cmake/export_tutorial_interfaces__rosidl_generator_cExport.cmake
[2.562s] -- Installing: /home/chotu/ros2_ws/src/ENPM_808X_FINAL/install/tutorial_interfaces/share/tutorial_interfaces/cmake/export_tutorial_interfaces__rosidl_generator_cExport-noconfig.cmake
[2.563s] -- Installing: /home/chotu/ros2_ws/src/ENPM_808X_FINAL/install/tutorial_interfaces/share/tutorial_interfaces/cmake/export_tutorial_interfaces__rosidl_typesupport_fastrtps_cExport.cmake
[2.563s] -- Installing: /home/chotu/ros2_ws/src/ENPM_808X_FINAL/install/tutorial_interfaces/share/tutorial_interfaces/cmake/export_tutorial_interfaces__rosidl_typesupport_fastrtps_cExport-noconfig.cmake
[2.563s] -- Installing: /home/chotu/ros2_ws/src/ENPM_808X_FINAL/install/tutorial_interfaces/share/tutorial_interfaces/cmake/export_tutorial_interfaces__rosidl_generator_cppExport.cmake
[2.563s] -- Installing: /home/chotu/ros2_ws/src/ENPM_808X_FINAL/install/tutorial_interfaces/share/tutorial_interfaces/cmake/export_tutorial_interfaces__rosidl_typesupport_fastrtps_cppExport.cmake
[2.563s] -- Installing: /home/chotu/ros2_ws/src/ENPM_808X_FINAL/install/tutorial_interfaces/share/tutorial_interfaces/cmake/export_tutorial_interfaces__rosidl_typesupport_fastrtps_cppExport-noconfig.cmake
[2.563s] -- Installing: /home/chotu/ros2_ws/src/ENPM_808X_FINAL/install/tutorial_interfaces/share/tutorial_interfaces/cmake/tutorial_interfaces__rosidl_typesupport_introspection_cExport.cmake
[2.563s] -- Installing: /home/chotu/ros2_ws/src/ENPM_808X_FINAL/install/tutorial_interfaces/share/tutorial_interfaces/cmake/tutorial_interfaces__rosidl_typesupport_introspection_cExport-noconfig.cmake
[2.563s] -- Installing: /home/chotu/ros2_ws/src/ENPM_808X_FINAL/install/tutorial_interfaces/share/tutorial_interfaces/cmake/tutorial_interfaces__rosidl_typesupport_cExport.cmake
[2.563s] -- Installing: /home/chotu/ros2_ws/src/ENPM_808X_FINAL/install/tutorial_interfaces/share/tutorial_interfaces/cmake/tutorial_interfaces__rosidl_typesupport_cExport-noconfig.cmake
[2.563s] -- Installing: /home/chotu/ros2_ws/src/ENPM_808X_FINAL/install/tutorial_interfaces/share/tutorial_interfaces/cmake/tutorial_interfaces__rosidl_typesupport_introspection_cppExport.cmake
[2.563s] -- Installing: /home/chotu/ros2_ws/src/ENPM_808X_FINAL/install/tutorial_interfaces/share/tutorial_interfaces/cmake/tutorial_interfaces__rosidl_typesupport_introspection_cppExport-noconfig.cmake
[2.563s] -- Installing: /home/chotu/ros2_ws/src/ENPM_808X_FINAL/install/tutorial_interfaces/share/tutorial_interfaces/cmake/tutorial_interfaces__rosidl_typesupport_cppExport.cmake
[2.563s] -- Installing: /home/chotu/ros2_ws/src/ENPM_808X_FINAL/install/tutorial_interfaces/share/tutorial_interfaces/cmake/tutorial_interfaces__rosidl_typesupport_cppExport-noconfig.cmake
[2.564s] -- Installing: /home/chotu/ros2_ws/src/ENPM_808X_FINAL/install/tutorial_interfaces/share/tutorial_interfaces/cmake/export_tutorial_interfaces__rosidl_generator_pyExport.cmake
[2.564s] -- Installing: /home/chotu/ros2_ws/src/ENPM_808X_FINAL/install/tutorial_interfaces/share/tutorial_interfaces/cmake/export_tutorial_interfaces__rosidl_generator_pyExport-noconfig.cmake
[2.564s] -- Installing: /home/chotu/ros2_ws/src/ENPM_808X_FINAL/install/tutorial_interfaces/share/tutorial_interfaces/cmake/rosidl_cmake-extras.cmake
[2.564s] -- Installing: /home/chotu/ros2_ws/src/ENPM_808X_FINAL/install/tutorial_interfaces/share/tutorial_interfaces/cmake/ament_cmake_export_dependencies-extras.cmake
[2.564s] -- Installing: /home/chotu/ros2_ws/src/ENPM_808X_FINAL/install/tutorial_interfaces/share/tutorial_interfaces/cmake/ament_cmake_export_include_directories-extras.cmake
[2.564s] -- Installing: /home/chotu/ros2_ws/src/ENPM_808X_FINAL/install/tutorial_interfaces/share/tutorial_interfaces/cmake/ament_cmake_export_libraries-extras.cmake
[2.564s] -- Installing: /home/chotu/ros2_ws/src/ENPM_808X_FINAL/install/tutorial_interfaces/share/tutorial_interfaces/cmake/ament_cmake_export_targets-extras.cmake
[2.564s] -- Installing: /home/chotu/ros2_ws/src/ENPM_808X_FINAL/install/tutorial_interfaces/share/tutorial_interfaces/cmake/rosidl_cmake_export_typesupport_targets-extras.cmake
[2.564s] -- Installing: /home/chotu/ros2_ws/src/ENPM_808X_FINAL/install/tutorial_interfaces/share/tutorial_interfaces/cmake/rosidl_cmake_export_typesupport_libraries-extras.cmake
[2.564s] -- Installing: /home/chotu/ros2_ws/src/ENPM_808X_FINAL/install/tutorial_interfaces/share/tutorial_interfaces/cmake/tutorial_interfacesConfig.cmake
[2.564s] -- Installing: /home/chotu/ros2_ws/src/ENPM_808X_FINAL/install/tutorial_interfaces/share/tutorial_interfaces/cmake/tutorial_interfacesConfig-version.cmake
[2.564s] -- Installing: /home/chotu/ros2_ws/src/ENPM_808X_FINAL/install/tutorial_interfaces/share/tutorial_interfaces/package.xml
[2.566s] Invoked command in '/home/chotu/ros2_ws/src/ENPM_808X_FINAL/build/tutorial_interfaces' returned '0': CMAKE_PREFIX_PATH=/opt/ros/humble /usr/bin/cmake --install /home/chotu/ros2_ws/src/ENPM_808X_FINAL/build/tutorial_interfaces
