running egg_info
creating ../build/ros2_aruco/ros2_aruco.egg-info
writing ../build/ros2_aruco/ros2_aruco.egg-info/PKG-INFO
writing dependency_links to ../build/ros2_aruco/ros2_aruco.egg-info/dependency_links.txt
writing entry points to ../build/ros2_aruco/ros2_aruco.egg-info/entry_points.txt
writing requirements to ../build/ros2_aruco/ros2_aruco.egg-info/requires.txt
writing top-level names to ../build/ros2_aruco/ros2_aruco.egg-info/top_level.txt
writing manifest file '../build/ros2_aruco/ros2_aruco.egg-info/SOURCES.txt'
reading manifest file '../build/ros2_aruco/ros2_aruco.egg-info/SOURCES.txt'
writing manifest file '../build/ros2_aruco/ros2_aruco.egg-info/SOURCES.txt'
running build
running build_py
creating /home/chotu/ros2_ws/src/ENPM_808X_FINAL/build/ros2_aruco/build
creating /home/chotu/ros2_ws/src/ENPM_808X_FINAL/build/ros2_aruco/build/lib
creating /home/chotu/ros2_ws/src/ENPM_808X_FINAL/build/ros2_aruco/build/lib/ros2_aruco
copying ros2_aruco/__init__.py -> /home/chotu/ros2_ws/src/ENPM_808X_FINAL/build/ros2_aruco/build/lib/ros2_aruco
copying ros2_aruco/aruco_generate_marker.py -> /home/chotu/ros2_ws/src/ENPM_808X_FINAL/build/ros2_aruco/build/lib/ros2_aruco
copying ros2_aruco/transformations.py -> /home/chotu/ros2_ws/src/ENPM_808X_FINAL/build/ros2_aruco/build/lib/ros2_aruco
copying ros2_aruco/aruco_node.py -> /home/chotu/ros2_ws/src/ENPM_808X_FINAL/build/ros2_aruco/build/lib/ros2_aruco
running install
running install_lib
creating /home/chotu/ros2_ws/src/ENPM_808X_FINAL/install/ros2_aruco/lib/python3.10/site-packages/ros2_aruco
copying /home/chotu/ros2_ws/src/ENPM_808X_FINAL/build/ros2_aruco/build/lib/ros2_aruco/__init__.py -> /home/chotu/ros2_ws/src/ENPM_808X_FINAL/install/ros2_aruco/lib/python3.10/site-packages/ros2_aruco
copying /home/chotu/ros2_ws/src/ENPM_808X_FINAL/build/ros2_aruco/build/lib/ros2_aruco/aruco_generate_marker.py -> /home/chotu/ros2_ws/src/ENPM_808X_FINAL/install/ros2_aruco/lib/python3.10/site-packages/ros2_aruco
copying /home/chotu/ros2_ws/src/ENPM_808X_FINAL/build/ros2_aruco/build/lib/ros2_aruco/transformations.py -> /home/chotu/ros2_ws/src/ENPM_808X_FINAL/install/ros2_aruco/lib/python3.10/site-packages/ros2_aruco
copying /home/chotu/ros2_ws/src/ENPM_808X_FINAL/build/ros2_aruco/build/lib/ros2_aruco/aruco_node.py -> /home/chotu/ros2_ws/src/ENPM_808X_FINAL/install/ros2_aruco/lib/python3.10/site-packages/ros2_aruco
byte-compiling /home/chotu/ros2_ws/src/ENPM_808X_FINAL/install/ros2_aruco/lib/python3.10/site-packages/ros2_aruco/__init__.py to __init__.cpython-310.pyc
byte-compiling /home/chotu/ros2_ws/src/ENPM_808X_FINAL/install/ros2_aruco/lib/python3.10/site-packages/ros2_aruco/aruco_generate_marker.py to aruco_generate_marker.cpython-310.pyc
byte-compiling /home/chotu/ros2_ws/src/ENPM_808X_FINAL/install/ros2_aruco/lib/python3.10/site-packages/ros2_aruco/transformations.py to transformations.cpython-310.pyc
byte-compiling /home/chotu/ros2_ws/src/ENPM_808X_FINAL/install/ros2_aruco/lib/python3.10/site-packages/ros2_aruco/aruco_node.py to aruco_node.cpython-310.pyc
running install_data
creating /home/chotu/ros2_ws/src/ENPM_808X_FINAL/install/ros2_aruco/share/ament_index
creating /home/chotu/ros2_ws/src/ENPM_808X_FINAL/install/ros2_aruco/share/ament_index/resource_index
creating /home/chotu/ros2_ws/src/ENPM_808X_FINAL/install/ros2_aruco/share/ament_index/resource_index/packages
copying resource/ros2_aruco -> /home/chotu/ros2_ws/src/ENPM_808X_FINAL/install/ros2_aruco/share/ament_index/resource_index/packages
copying package.xml -> /home/chotu/ros2_ws/src/ENPM_808X_FINAL/install/ros2_aruco/share/ros2_aruco
running install_egg_info
Copying ../build/ros2_aruco/ros2_aruco.egg-info to /home/chotu/ros2_ws/src/ENPM_808X_FINAL/install/ros2_aruco/lib/python3.10/site-packages/ros2_aruco-0.1.0-py3.10.egg-info
running install_scripts
Installing aruco_generate_marker script to /home/chotu/ros2_ws/src/ENPM_808X_FINAL/install/ros2_aruco/lib/ros2_aruco
Installing aruco_node script to /home/chotu/ros2_ws/src/ENPM_808X_FINAL/install/ros2_aruco/lib/ros2_aruco
writing list of installed files to '/home/chotu/ros2_ws/src/ENPM_808X_FINAL/build/ros2_aruco/install.log'
