-- Found ament_cmake: 1.3.3 (/opt/ros/humble/share/ament_cmake/cmake)
-- Found rclcpp: 16.0.2 (/opt/ros/humble/share/rclcpp/cmake)
-- Found rosidl_generator_c: 3.1.4 (/opt/ros/humble/share/rosidl_generator_c/cmake)
-- Found rosidl_adapter: 3.1.4 (/opt/ros/humble/share/rosidl_adapter/cmake)
-- Found rosidl_generator_cpp: 3.1.4 (/opt/ros/humble/share/rosidl_generator_cpp/cmake)
-- Using all available rosidl_typesupport_c: rosidl_typesupport_fastrtps_c;rosidl_typesupport_introspection_c
-- Using all available rosidl_typesupport_cpp: rosidl_typesupport_fastrtps_cpp;rosidl_typesupport_introspection_cpp
-- Found rmw_implementation_cmake: 6.1.1 (/opt/ros/humble/share/rmw_implementation_cmake/cmake)
-- Found rmw_fastrtps_cpp: 6.2.2 (/opt/ros/humble/share/rmw_fastrtps_cpp/cmake)
-- Using RMW implementation 'rmw_fastrtps_cpp' as default
-- Found nav_msgs: 4.2.2 (/opt/ros/humble/share/nav_msgs/cmake)
-- Found tf2: 0.25.1 (/opt/ros/humble/share/tf2/cmake)
-- Found tf2_ros: 0.25.1 (/opt/ros/humble/share/tf2_ros/cmake)
-- Found sensor_msgs: 4.2.2 (/opt/ros/humble/share/sensor_msgs/cmake)
-- Found rosidl_default_generators: 1.2.0 (/opt/ros/humble/share/rosidl_default_generators/cmake)
-- Found ament_cmake_ros: 0.10.0 (/opt/ros/humble/share/ament_cmake_ros/cmake)
-- Using all available rosidl_typesupport_c: rosidl_typesupport_fastrtps_c;rosidl_typesupport_introspection_c
-- Using all available rosidl_typesupport_cpp: rosidl_typesupport_fastrtps_cpp;rosidl_typesupport_introspection_cpp
-- Found python_cmake_module: 0.10.0 (/opt/ros/humble/share/python_cmake_module/cmake)
-- Using PYTHON_EXECUTABLE: /usr/bin/python3
-- Using PYTHON_INCLUDE_DIRS: /usr/include/python3.10
-- Using PYTHON_LIBRARIES: /usr/lib/x86_64-linux-gnu/libpython3.10.so
-- Found ament_lint_auto: 0.12.4 (/opt/ros/humble/share/ament_lint_auto/cmake)
-- Found tutorial_interfaces: 0.0.0 (/home/chotu/ros2_ws/src/ENPM_808X_FINAL/install/tutorial_interfaces/share/tutorial_interfaces/cmake)
-- Found gtest sources under '/opt/ros/humble/src/gtest_vendor': C++ tests using 'Google Test' will be built
-- Added test 'pep257' to check Python code against some of the docstring style conventions in PEP 257
-- Configuring done
-- Generating done
-- Build files have been written to: /home/chotu/ros2_ws/src/ENPM_808X_FINAL/build/tb3
[35m[1mConsolidate compiler generated dependencies of target gtest_main[0m
[35m[1mConsolidate compiler generated dependencies of target tb3__rosidl_generator_c[0m
[35m[1mConsolidate compiler generated dependencies of target gtest[0m
[35m[1mConsolidate compiler generated dependencies of target turtlebot_sim[0m
[  2%] Built target tb3__cpp
[ 10%] Built target tb3__rosidl_generator_c
[ 18%] Built target gtest_main
[ 18%] Built target gtest
[ 18%] Built target ament_cmake_python_copy_tb3
[ 22%] Built target turtlebot_sim
[35m[1mConsolidate compiler generated dependencies of target tb3__rosidl_typesupport_introspection_c[0m
[35m[1mConsolidate compiler generated dependencies of target tb3__rosidl_typesupport_cpp[0m
[35m[1mConsolidate compiler generated dependencies of target tb3__rosidl_typesupport_introspection_cpp[0m
[35m[1mConsolidate compiler generated dependencies of target tb3__rosidl_typesupport_fastrtps_cpp[0m
[35m[1mConsolidate compiler generated dependencies of target tb3__rosidl_typesupport_fastrtps_c[0m
[35m[1mConsolidate compiler generated dependencies of target tb3__rosidl_typesupport_c[0m
[35m[1mConsolidate compiler generated dependencies of target tb3_test[0m
[ 59%] Built target tb3__rosidl_typesupport_c
[ 59%] Built target tb3__rosidl_typesupport_fastrtps_cpp
[ 59%] Built target tb3__rosidl_typesupport_fastrtps_c
[ 59%] Built target tb3__rosidl_typesupport_introspection_cpp
[ 65%] Built target tb3__rosidl_typesupport_cpp
[ 71%] Built target tb3__rosidl_typesupport_introspection_c
[ 73%] [32m[1mLinking CXX executable tb3_test[0m
[35m[1mConsolidate compiler generated dependencies of target tb3G[0m
[ 73%] Built target tb3
[ 77%] Built target tb3G
[ 79%] Built target tb3__py
[35m[1mConsolidate compiler generated dependencies of target tb3__rosidl_generator_py[0m
[ 85%] Built target tb3__rosidl_generator_py
[35m[1mConsolidate compiler generated dependencies of target tb3__rosidl_typesupport_c__pyext[0m
[35m[1mConsolidate compiler generated dependencies of target tb3__rosidl_typesupport_fastrtps_c__pyext[0m
[35m[1mConsolidate compiler generated dependencies of target tb3__rosidl_typesupport_introspection_c__pyext[0m
[ 97%] Built target tb3__rosidl_typesupport_c__pyext
[ 97%] Built target tb3__rosidl_typesupport_introspection_c__pyext
[ 97%] Built target tb3__rosidl_typesupport_fastrtps_c__pyext
running egg_info
writing tb3.egg-info/PKG-INFO
writing dependency_links to tb3.egg-info/dependency_links.txt
writing top-level names to tb3.egg-info/top_level.txt
reading manifest file 'tb3.egg-info/SOURCES.txt'
writing manifest file 'tb3.egg-info/SOURCES.txt'
[ 97%] Built target ament_cmake_python_build_tb3_egg
[100%] Built target tb3_test
-- Install configuration: ""
-- Up-to-date: /home/chotu/ros2_ws/src/ENPM_808X_FINAL/install/tb3/share/ament_index/resource_index/rosidl_interfaces/tb3
-- Up-to-date: /home/chotu/ros2_ws/src/ENPM_808X_FINAL/install/tb3/include/tb3/tb3
-- Up-to-date: /home/chotu/ros2_ws/src/ENPM_808X_FINAL/install/tb3/include/tb3/tb3/msg
-- Up-to-date: /home/chotu/ros2_ws/src/ENPM_808X_FINAL/install/tb3/include/tb3/tb3/msg/data.h
-- Up-to-date: /home/chotu/ros2_ws/src/ENPM_808X_FINAL/install/tb3/include/tb3/tb3/msg/detail
-- Up-to-date: /home/chotu/ros2_ws/src/ENPM_808X_FINAL/install/tb3/include/tb3/tb3/msg/detail/data__functions.c
-- Up-to-date: /home/chotu/ros2_ws/src/ENPM_808X_FINAL/install/tb3/include/tb3/tb3/msg/detail/data__functions.h
-- Up-to-date: /home/chotu/ros2_ws/src/ENPM_808X_FINAL/install/tb3/include/tb3/tb3/msg/detail/data__type_support.h
-- Up-to-date: /home/chotu/ros2_ws/src/ENPM_808X_FINAL/install/tb3/include/tb3/tb3/msg/detail/data__struct.h
-- Up-to-date: /home/chotu/ros2_ws/src/ENPM_808X_FINAL/install/tb3/include/tb3/tb3/msg/rosidl_generator_c__visibility_control.h
-- Up-to-date: /home/chotu/ros2_ws/src/ENPM_808X_FINAL/install/tb3/include/tb3/tb3/srv
-- Up-to-date: /home/chotu/ros2_ws/src/ENPM_808X_FINAL/install/tb3/include/tb3/tb3/srv/detail
-- Up-to-date: /home/chotu/ros2_ws/src/ENPM_808X_FINAL/install/tb3/include/tb3/tb3/srv/detail/change_string__functions.c
-- Up-to-date: /home/chotu/ros2_ws/src/ENPM_808X_FINAL/install/tb3/include/tb3/tb3/srv/detail/change_string__type_support.h
-- Up-to-date: /home/chotu/ros2_ws/src/ENPM_808X_FINAL/install/tb3/include/tb3/tb3/srv/detail/change_string__functions.h
-- Up-to-date: /home/chotu/ros2_ws/src/ENPM_808X_FINAL/install/tb3/include/tb3/tb3/srv/detail/change_string__struct.h
-- Up-to-date: /home/chotu/ros2_ws/src/ENPM_808X_FINAL/install/tb3/include/tb3/tb3/srv/change_string.h
-- Up-to-date: /home/chotu/ros2_ws/src/ENPM_808X_FINAL/install/tb3/share/tb3/environment/library_path.sh
-- Installing: /home/chotu/ros2_ws/src/ENPM_808X_FINAL/install/tb3/share/tb3/environment/library_path.dsv
-- Up-to-date: /home/chotu/ros2_ws/src/ENPM_808X_FINAL/install/tb3/lib/libtb3__rosidl_generator_c.so
-- Up-to-date: /home/chotu/ros2_ws/src/ENPM_808X_FINAL/install/tb3/include/tb3/tb3
-- Up-to-date: /home/chotu/ros2_ws/src/ENPM_808X_FINAL/install/tb3/include/tb3/tb3/msg
-- Up-to-date: /home/chotu/ros2_ws/src/ENPM_808X_FINAL/install/tb3/include/tb3/tb3/msg/detail
-- Up-to-date: /home/chotu/ros2_ws/src/ENPM_808X_FINAL/install/tb3/include/tb3/tb3/msg/detail/data__rosidl_typesupport_fastrtps_c.h
-- Up-to-date: /home/chotu/ros2_ws/src/ENPM_808X_FINAL/install/tb3/include/tb3/tb3/msg/rosidl_typesupport_fastrtps_c__visibility_control.h
-- Up-to-date: /home/chotu/ros2_ws/src/ENPM_808X_FINAL/install/tb3/include/tb3/tb3/srv
-- Up-to-date: /home/chotu/ros2_ws/src/ENPM_808X_FINAL/install/tb3/include/tb3/tb3/srv/detail
-- Up-to-date: /home/chotu/ros2_ws/src/ENPM_808X_FINAL/install/tb3/include/tb3/tb3/srv/detail/change_string__rosidl_typesupport_fastrtps_c.h
-- Up-to-date: /home/chotu/ros2_ws/src/ENPM_808X_FINAL/install/tb3/lib/libtb3__rosidl_typesupport_fastrtps_c.so
-- Up-to-date: /home/chotu/ros2_ws/src/ENPM_808X_FINAL/install/tb3/include/tb3/tb3
-- Up-to-date: /home/chotu/ros2_ws/src/ENPM_808X_FINAL/install/tb3/include/tb3/tb3/msg
-- Up-to-date: /home/chotu/ros2_ws/src/ENPM_808X_FINAL/install/tb3/include/tb3/tb3/msg/detail
-- Up-to-date: /home/chotu/ros2_ws/src/ENPM_808X_FINAL/install/tb3/include/tb3/tb3/msg/detail/data__struct.hpp
-- Up-to-date: /home/chotu/ros2_ws/src/ENPM_808X_FINAL/install/tb3/include/tb3/tb3/msg/detail/data__builder.hpp
-- Up-to-date: /home/chotu/ros2_ws/src/ENPM_808X_FINAL/install/tb3/include/tb3/tb3/msg/detail/data__traits.hpp
-- Up-to-date: /home/chotu/ros2_ws/src/ENPM_808X_FINAL/install/tb3/include/tb3/tb3/msg/data.hpp
-- Up-to-date: /home/chotu/ros2_ws/src/ENPM_808X_FINAL/install/tb3/include/tb3/tb3/srv
-- Up-to-date: /home/chotu/ros2_ws/src/ENPM_808X_FINAL/install/tb3/include/tb3/tb3/srv/detail
-- Up-to-date: /home/chotu/ros2_ws/src/ENPM_808X_FINAL/install/tb3/include/tb3/tb3/srv/detail/change_string__struct.hpp
-- Up-to-date: /home/chotu/ros2_ws/src/ENPM_808X_FINAL/install/tb3/include/tb3/tb3/srv/detail/change_string__builder.hpp
-- Up-to-date: /home/chotu/ros2_ws/src/ENPM_808X_FINAL/install/tb3/include/tb3/tb3/srv/detail/change_string__traits.hpp
-- Up-to-date: /home/chotu/ros2_ws/src/ENPM_808X_FINAL/install/tb3/include/tb3/tb3/srv/change_string.hpp
-- Up-to-date: /home/chotu/ros2_ws/src/ENPM_808X_FINAL/install/tb3/include/tb3/tb3
-- Up-to-date: /home/chotu/ros2_ws/src/ENPM_808X_FINAL/install/tb3/include/tb3/tb3/msg
-- Up-to-date: /home/chotu/ros2_ws/src/ENPM_808X_FINAL/install/tb3/include/tb3/tb3/msg/detail
-- Up-to-date: /home/chotu/ros2_ws/src/ENPM_808X_FINAL/install/tb3/include/tb3/tb3/msg/detail/dds_fastrtps
-- Up-to-date: /home/chotu/ros2_ws/src/ENPM_808X_FINAL/install/tb3/include/tb3/tb3/msg/detail/data__rosidl_typesupport_fastrtps_cpp.hpp
-- Up-to-date: /home/chotu/ros2_ws/src/ENPM_808X_FINAL/install/tb3/include/tb3/tb3/msg/rosidl_typesupport_fastrtps_cpp__visibility_control.h
-- Up-to-date: /home/chotu/ros2_ws/src/ENPM_808X_FINAL/install/tb3/include/tb3/tb3/srv
-- Up-to-date: /home/chotu/ros2_ws/src/ENPM_808X_FINAL/install/tb3/include/tb3/tb3/srv/detail
-- Up-to-date: /home/chotu/ros2_ws/src/ENPM_808X_FINAL/install/tb3/include/tb3/tb3/srv/detail/dds_fastrtps
-- Up-to-date: /home/chotu/ros2_ws/src/ENPM_808X_FINAL/install/tb3/include/tb3/tb3/srv/detail/change_string__rosidl_typesupport_fastrtps_cpp.hpp
-- Up-to-date: /home/chotu/ros2_ws/src/ENPM_808X_FINAL/install/tb3/lib/libtb3__rosidl_typesupport_fastrtps_cpp.so
-- Up-to-date: /home/chotu/ros2_ws/src/ENPM_808X_FINAL/install/tb3/include/tb3/tb3
-- Up-to-date: /home/chotu/ros2_ws/src/ENPM_808X_FINAL/install/tb3/include/tb3/tb3/msg
-- Up-to-date: /home/chotu/ros2_ws/src/ENPM_808X_FINAL/install/tb3/include/tb3/tb3/msg/detail
-- Up-to-date: /home/chotu/ros2_ws/src/ENPM_808X_FINAL/install/tb3/include/tb3/tb3/msg/detail/data__rosidl_typesupport_introspection_c.h
-- Up-to-date: /home/chotu/ros2_ws/src/ENPM_808X_FINAL/install/tb3/include/tb3/tb3/msg/detail/data__type_support.c
-- Up-to-date: /home/chotu/ros2_ws/src/ENPM_808X_FINAL/install/tb3/include/tb3/tb3/msg/rosidl_typesupport_introspection_c__visibility_control.h
-- Up-to-date: /home/chotu/ros2_ws/src/ENPM_808X_FINAL/install/tb3/include/tb3/tb3/srv
-- Up-to-date: /home/chotu/ros2_ws/src/ENPM_808X_FINAL/install/tb3/include/tb3/tb3/srv/detail
-- Up-to-date: /home/chotu/ros2_ws/src/ENPM_808X_FINAL/install/tb3/include/tb3/tb3/srv/detail/change_string__rosidl_typesupport_introspection_c.h
-- Up-to-date: /home/chotu/ros2_ws/src/ENPM_808X_FINAL/install/tb3/include/tb3/tb3/srv/detail/change_string__type_support.c
-- Up-to-date: /home/chotu/ros2_ws/src/ENPM_808X_FINAL/install/tb3/lib/libtb3__rosidl_typesupport_introspection_c.so
-- Up-to-date: /home/chotu/ros2_ws/src/ENPM_808X_FINAL/install/tb3/lib/libtb3__rosidl_typesupport_c.so
-- Up-to-date: /home/chotu/ros2_ws/src/ENPM_808X_FINAL/install/tb3/include/tb3/tb3
-- Up-to-date: /home/chotu/ros2_ws/src/ENPM_808X_FINAL/install/tb3/include/tb3/tb3/msg
-- Up-to-date: /home/chotu/ros2_ws/src/ENPM_808X_FINAL/install/tb3/include/tb3/tb3/msg/detail
-- Up-to-date: /home/chotu/ros2_ws/src/ENPM_808X_FINAL/install/tb3/include/tb3/tb3/msg/detail/data__type_support.cpp
-- Up-to-date: /home/chotu/ros2_ws/src/ENPM_808X_FINAL/install/tb3/include/tb3/tb3/msg/detail/data__rosidl_typesupport_introspection_cpp.hpp
-- Up-to-date: /home/chotu/ros2_ws/src/ENPM_808X_FINAL/install/tb3/include/tb3/tb3/srv
-- Up-to-date: /home/chotu/ros2_ws/src/ENPM_808X_FINAL/install/tb3/include/tb3/tb3/srv/detail
-- Up-to-date: /home/chotu/ros2_ws/src/ENPM_808X_FINAL/install/tb3/include/tb3/tb3/srv/detail/change_string__type_support.cpp
-- Up-to-date: /home/chotu/ros2_ws/src/ENPM_808X_FINAL/install/tb3/include/tb3/tb3/srv/detail/change_string__rosidl_typesupport_introspection_cpp.hpp
-- Up-to-date: /home/chotu/ros2_ws/src/ENPM_808X_FINAL/install/tb3/lib/libtb3__rosidl_typesupport_introspection_cpp.so
-- Up-to-date: /home/chotu/ros2_ws/src/ENPM_808X_FINAL/install/tb3/lib/libtb3__rosidl_typesupport_cpp.so
-- Up-to-date: /home/chotu/ros2_ws/src/ENPM_808X_FINAL/install/tb3/share/tb3/environment/pythonpath.sh
-- Installing: /home/chotu/ros2_ws/src/ENPM_808X_FINAL/install/tb3/share/tb3/environment/pythonpath.dsv
-- Up-to-date: /home/chotu/ros2_ws/src/ENPM_808X_FINAL/install/tb3/local/lib/python3.10/dist-packages/tb3-0.0.0-py3.10.egg-info
-- Installing: /home/chotu/ros2_ws/src/ENPM_808X_FINAL/install/tb3/local/lib/python3.10/dist-packages/tb3-0.0.0-py3.10.egg-info/SOURCES.txt
-- Installing: /home/chotu/ros2_ws/src/ENPM_808X_FINAL/install/tb3/local/lib/python3.10/dist-packages/tb3-0.0.0-py3.10.egg-info/PKG-INFO
-- Installing: /home/chotu/ros2_ws/src/ENPM_808X_FINAL/install/tb3/local/lib/python3.10/dist-packages/tb3-0.0.0-py3.10.egg-info/top_level.txt
-- Installing: /home/chotu/ros2_ws/src/ENPM_808X_FINAL/install/tb3/local/lib/python3.10/dist-packages/tb3-0.0.0-py3.10.egg-info/dependency_links.txt
-- Up-to-date: /home/chotu/ros2_ws/src/ENPM_808X_FINAL/install/tb3/local/lib/python3.10/dist-packages/tb3
-- Up-to-date: /home/chotu/ros2_ws/src/ENPM_808X_FINAL/install/tb3/local/lib/python3.10/dist-packages/tb3/msg
-- Up-to-date: /home/chotu/ros2_ws/src/ENPM_808X_FINAL/install/tb3/local/lib/python3.10/dist-packages/tb3/msg/__init__.py
-- Up-to-date: /home/chotu/ros2_ws/src/ENPM_808X_FINAL/install/tb3/local/lib/python3.10/dist-packages/tb3/msg/_data.py
-- Up-to-date: /home/chotu/ros2_ws/src/ENPM_808X_FINAL/install/tb3/local/lib/python3.10/dist-packages/tb3/msg/_data_s.c
-- Up-to-date: /home/chotu/ros2_ws/src/ENPM_808X_FINAL/install/tb3/local/lib/python3.10/dist-packages/tb3/tb3_s__rosidl_typesupport_c.cpython-310-x86_64-linux-gnu.so
-- Up-to-date: /home/chotu/ros2_ws/src/ENPM_808X_FINAL/install/tb3/local/lib/python3.10/dist-packages/tb3/tb3_s__rosidl_typesupport_fastrtps_c.cpython-310-x86_64-linux-gnu.so
-- Installing: /home/chotu/ros2_ws/src/ENPM_808X_FINAL/install/tb3/local/lib/python3.10/dist-packages/tb3/__init__.py
-- Up-to-date: /home/chotu/ros2_ws/src/ENPM_808X_FINAL/install/tb3/local/lib/python3.10/dist-packages/tb3/srv
-- Up-to-date: /home/chotu/ros2_ws/src/ENPM_808X_FINAL/install/tb3/local/lib/python3.10/dist-packages/tb3/srv/__init__.py
-- Up-to-date: /home/chotu/ros2_ws/src/ENPM_808X_FINAL/install/tb3/local/lib/python3.10/dist-packages/tb3/srv/_change_string.py
-- Up-to-date: /home/chotu/ros2_ws/src/ENPM_808X_FINAL/install/tb3/local/lib/python3.10/dist-packages/tb3/srv/_change_string_s.c
-- Up-to-date: /home/chotu/ros2_ws/src/ENPM_808X_FINAL/install/tb3/local/lib/python3.10/dist-packages/tb3/_tb3_s.ep.rosidl_typesupport_fastrtps_c.c
-- Up-to-date: /home/chotu/ros2_ws/src/ENPM_808X_FINAL/install/tb3/local/lib/python3.10/dist-packages/tb3/libtb3__rosidl_generator_py.so
-- Up-to-date: /home/chotu/ros2_ws/src/ENPM_808X_FINAL/install/tb3/local/lib/python3.10/dist-packages/tb3/_tb3_s.ep.rosidl_typesupport_introspection_c.c
-- Up-to-date: /home/chotu/ros2_ws/src/ENPM_808X_FINAL/install/tb3/local/lib/python3.10/dist-packages/tb3/_tb3_s.ep.rosidl_typesupport_c.c
-- Up-to-date: /home/chotu/ros2_ws/src/ENPM_808X_FINAL/install/tb3/local/lib/python3.10/dist-packages/tb3/tb3_s__rosidl_typesupport_introspection_c.cpython-310-x86_64-linux-gnu.so
Listing '/home/chotu/ros2_ws/src/ENPM_808X_FINAL/install/tb3/local/lib/python3.10/dist-packages/tb3'...
Compiling '/home/chotu/ros2_ws/src/ENPM_808X_FINAL/install/tb3/local/lib/python3.10/dist-packages/tb3/__init__.py'...
Listing '/home/chotu/ros2_ws/src/ENPM_808X_FINAL/install/tb3/local/lib/python3.10/dist-packages/tb3/msg'...
Listing '/home/chotu/ros2_ws/src/ENPM_808X_FINAL/install/tb3/local/lib/python3.10/dist-packages/tb3/srv'...
-- Up-to-date: /home/chotu/ros2_ws/src/ENPM_808X_FINAL/install/tb3/local/lib/python3.10/dist-packages/tb3/tb3_s__rosidl_typesupport_fastrtps_c.cpython-310-x86_64-linux-gnu.so
-- Up-to-date: /home/chotu/ros2_ws/src/ENPM_808X_FINAL/install/tb3/local/lib/python3.10/dist-packages/tb3/tb3_s__rosidl_typesupport_introspection_c.cpython-310-x86_64-linux-gnu.so
-- Up-to-date: /home/chotu/ros2_ws/src/ENPM_808X_FINAL/install/tb3/local/lib/python3.10/dist-packages/tb3/tb3_s__rosidl_typesupport_c.cpython-310-x86_64-linux-gnu.so
-- Up-to-date: /home/chotu/ros2_ws/src/ENPM_808X_FINAL/install/tb3/lib/libtb3__rosidl_generator_py.so
-- Up-to-date: /home/chotu/ros2_ws/src/ENPM_808X_FINAL/install/tb3/share/tb3/msg/Data.idl
-- Up-to-date: /home/chotu/ros2_ws/src/ENPM_808X_FINAL/install/tb3/share/tb3/srv/ChangeString.idl
-- Up-to-date: /home/chotu/ros2_ws/src/ENPM_808X_FINAL/install/tb3/share/tb3/msg/Data.msg
-- Up-to-date: /home/chotu/ros2_ws/src/ENPM_808X_FINAL/install/tb3/share/tb3/srv/ChangeString.srv
-- Up-to-date: /home/chotu/ros2_ws/src/ENPM_808X_FINAL/install/tb3/share/tb3/srv/ChangeString_Request.msg
-- Up-to-date: /home/chotu/ros2_ws/src/ENPM_808X_FINAL/install/tb3/share/tb3/srv/ChangeString_Response.msg
-- Up-to-date: /home/chotu/ros2_ws/src/ENPM_808X_FINAL/install/tb3/lib/tb3/tb3G
-- Up-to-date: /home/chotu/ros2_ws/src/ENPM_808X_FINAL/install/tb3/lib/tb3/turtlebot_sim
-- Up-to-date: /home/chotu/ros2_ws/src/ENPM_808X_FINAL/install/tb3/share/tb3//launch
-- Up-to-date: /home/chotu/ros2_ws/src/ENPM_808X_FINAL/install/tb3/share/tb3//launch/load_world_into_gazebo.launch.py
-- Up-to-date: /home/chotu/ros2_ws/src/ENPM_808X_FINAL/install/tb3/share/tb3//launch/demo_launch.py
-- Up-to-date: /home/chotu/ros2_ws/src/ENPM_808X_FINAL/install/tb3/share/tb3//launch/gazebo.launch.py
-- Up-to-date: /home/chotu/ros2_ws/src/ENPM_808X_FINAL/install/tb3/share/tb3//worlds
-- Up-to-date: /home/chotu/ros2_ws/src/ENPM_808X_FINAL/install/tb3/share/tb3//worlds/custom_world_2_b.world
-- Up-to-date: /home/chotu/ros2_ws/src/ENPM_808X_FINAL/install/tb3/share/tb3//worlds/cafe_2.world
-- Up-to-date: /home/chotu/ros2_ws/src/ENPM_808X_FINAL/install/tb3/share/tb3//worlds/final_world.world
-- Up-to-date: /home/chotu/ros2_ws/src/ENPM_808X_FINAL/install/tb3/share/tb3//worlds/cafe.world
-- Up-to-date: /home/chotu/ros2_ws/src/ENPM_808X_FINAL/install/tb3/share/tb3//worlds/final_world_1.world
-- Up-to-date: /home/chotu/ros2_ws/src/ENPM_808X_FINAL/install/tb3/share/tb3//worlds/final_world_3.world
-- Up-to-date: /home/chotu/ros2_ws/src/ENPM_808X_FINAL/install/tb3/share/tb3//worlds/final_world_2.world
-- Up-to-date: /home/chotu/ros2_ws/src/ENPM_808X_FINAL/install/tb3/share/tb3//worlds/custom_world_1.world
-- Up-to-date: /home/chotu/ros2_ws/src/ENPM_808X_FINAL/install/tb3/share/tb3//worlds/custom_world_3_bak.world
-- Up-to-date: /home/chotu/ros2_ws/src/ENPM_808X_FINAL/install/tb3/share/tb3//worlds/custom_world_5_bak.world
-- Up-to-date: /home/chotu/ros2_ws/src/ENPM_808X_FINAL/install/tb3/share/tb3//worlds/custom_world.world
-- Up-to-date: /home/chotu/ros2_ws/src/ENPM_808X_FINAL/install/tb3/share/tb3//worlds/custom_world_2_bak.world
-- Up-to-date: /home/chotu/ros2_ws/src/ENPM_808X_FINAL/install/tb3/share/tb3//models
-- Up-to-date: /home/chotu/ros2_ws/src/ENPM_808X_FINAL/install/tb3/share/tb3//models/aruco_marker_3
-- Up-to-date: /home/chotu/ros2_ws/src/ENPM_808X_FINAL/install/tb3/share/tb3//models/aruco_marker_3/model.config
-- Up-to-date: /home/chotu/ros2_ws/src/ENPM_808X_FINAL/install/tb3/share/tb3//models/aruco_marker_3/materials
-- Up-to-date: /home/chotu/ros2_ws/src/ENPM_808X_FINAL/install/tb3/share/tb3//models/aruco_marker_3/materials/textures
-- Up-to-date: /home/chotu/ros2_ws/src/ENPM_808X_FINAL/install/tb3/share/tb3//models/aruco_marker_3/materials/textures/marker_3.png
-- Up-to-date: /home/chotu/ros2_ws/src/ENPM_808X_FINAL/install/tb3/share/tb3//models/aruco_marker_3/materials/scripts
-- Up-to-date: /home/chotu/ros2_ws/src/ENPM_808X_FINAL/install/tb3/share/tb3//models/aruco_marker_3/materials/scripts/marker.material
-- Up-to-date: /home/chotu/ros2_ws/src/ENPM_808X_FINAL/install/tb3/share/tb3//models/aruco_marker_3/model.sdf
-- Up-to-date: /home/chotu/ros2_ws/src/ENPM_808X_FINAL/install/tb3/share/tb3//models/aruco_marker_1
-- Up-to-date: /home/chotu/ros2_ws/src/ENPM_808X_FINAL/install/tb3/share/tb3//models/aruco_marker_1/model.config
-- Up-to-date: /home/chotu/ros2_ws/src/ENPM_808X_FINAL/install/tb3/share/tb3//models/aruco_marker_1/materials
-- Up-to-date: /home/chotu/ros2_ws/src/ENPM_808X_FINAL/install/tb3/share/tb3//models/aruco_marker_1/materials/textures
-- Up-to-date: /home/chotu/ros2_ws/src/ENPM_808X_FINAL/install/tb3/share/tb3//models/aruco_marker_1/materials/textures/marker_1.png
-- Up-to-date: /home/chotu/ros2_ws/src/ENPM_808X_FINAL/install/tb3/share/tb3//models/aruco_marker_1/materials/scripts
-- Up-to-date: /home/chotu/ros2_ws/src/ENPM_808X_FINAL/install/tb3/share/tb3//models/aruco_marker_1/materials/scripts/marker.material
-- Up-to-date: /home/chotu/ros2_ws/src/ENPM_808X_FINAL/install/tb3/share/tb3//models/aruco_marker_1/model.sdf
-- Up-to-date: /home/chotu/ros2_ws/src/ENPM_808X_FINAL/install/tb3/share/tb3//models/aruco_marker_2
-- Up-to-date: /home/chotu/ros2_ws/src/ENPM_808X_FINAL/install/tb3/share/tb3//models/aruco_marker_2/model.config
-- Up-to-date: /home/chotu/ros2_ws/src/ENPM_808X_FINAL/install/tb3/share/tb3//models/aruco_marker_2/materials
-- Up-to-date: /home/chotu/ros2_ws/src/ENPM_808X_FINAL/install/tb3/share/tb3//models/aruco_marker_2/materials/textures
-- Up-to-date: /home/chotu/ros2_ws/src/ENPM_808X_FINAL/install/tb3/share/tb3//models/aruco_marker_2/materials/textures/marker_2.png
-- Up-to-date: /home/chotu/ros2_ws/src/ENPM_808X_FINAL/install/tb3/share/tb3//models/aruco_marker_2/materials/scripts
-- Up-to-date: /home/chotu/ros2_ws/src/ENPM_808X_FINAL/install/tb3/share/tb3//models/aruco_marker_2/materials/scripts/marker.material
-- Up-to-date: /home/chotu/ros2_ws/src/ENPM_808X_FINAL/install/tb3/share/tb3//models/aruco_marker_2/model.sdf
-- Up-to-date: /home/chotu/ros2_ws/src/ENPM_808X_FINAL/install/tb3/share/tb3//models/aruco_marker_0
-- Up-to-date: /home/chotu/ros2_ws/src/ENPM_808X_FINAL/install/tb3/share/tb3//models/aruco_marker_0/model.config
-- Up-to-date: /home/chotu/ros2_ws/src/ENPM_808X_FINAL/install/tb3/share/tb3//models/aruco_marker_0/materials
-- Up-to-date: /home/chotu/ros2_ws/src/ENPM_808X_FINAL/install/tb3/share/tb3//models/aruco_marker_0/materials/textures
-- Up-to-date: /home/chotu/ros2_ws/src/ENPM_808X_FINAL/install/tb3/share/tb3//models/aruco_marker_0/materials/textures/marker_0.png
-- Up-to-date: /home/chotu/ros2_ws/src/ENPM_808X_FINAL/install/tb3/share/tb3//models/aruco_marker_0/materials/scripts
-- Up-to-date: /home/chotu/ros2_ws/src/ENPM_808X_FINAL/install/tb3/share/tb3//models/aruco_marker_0/materials/scripts/marker.material
-- Up-to-date: /home/chotu/ros2_ws/src/ENPM_808X_FINAL/install/tb3/share/tb3//models/aruco_marker_0/model.sdf
-- Up-to-date: /home/chotu/ros2_ws/src/ENPM_808X_FINAL/install/tb3/share/tb3//scripts
-- Up-to-date: /home/chotu/ros2_ws/src/ENPM_808X_FINAL/install/tb3/share/tb3//scripts/generate_coverage_report.bash
-- Up-to-date: /home/chotu/ros2_ws/src/ENPM_808X_FINAL/install/tb3/lib/tb3/generate_coverage_report.bash
-- Up-to-date: /home/chotu/ros2_ws/src/ENPM_808X_FINAL/install/tb3/share/ament_index/resource_index/package_run_dependencies/tb3
-- Installing: /home/chotu/ros2_ws/src/ENPM_808X_FINAL/install/tb3/share/ament_index/resource_index/parent_prefix_path/tb3
-- Up-to-date: /home/chotu/ros2_ws/src/ENPM_808X_FINAL/install/tb3/share/tb3/environment/ament_prefix_path.sh
-- Installing: /home/chotu/ros2_ws/src/ENPM_808X_FINAL/install/tb3/share/tb3/environment/ament_prefix_path.dsv
-- Up-to-date: /home/chotu/ros2_ws/src/ENPM_808X_FINAL/install/tb3/share/tb3/environment/path.sh
-- Installing: /home/chotu/ros2_ws/src/ENPM_808X_FINAL/install/tb3/share/tb3/environment/path.dsv
-- Up-to-date: /home/chotu/ros2_ws/src/ENPM_808X_FINAL/install/tb3/share/tb3/local_setup.bash
-- Up-to-date: /home/chotu/ros2_ws/src/ENPM_808X_FINAL/install/tb3/share/tb3/local_setup.sh
-- Up-to-date: /home/chotu/ros2_ws/src/ENPM_808X_FINAL/install/tb3/share/tb3/local_setup.zsh
-- Installing: /home/chotu/ros2_ws/src/ENPM_808X_FINAL/install/tb3/share/tb3/local_setup.dsv
-- Installing: /home/chotu/ros2_ws/src/ENPM_808X_FINAL/install/tb3/share/tb3/package.dsv
-- Up-to-date: /home/chotu/ros2_ws/src/ENPM_808X_FINAL/install/tb3/share/ament_index/resource_index/packages/tb3
-- Up-to-date: /home/chotu/ros2_ws/src/ENPM_808X_FINAL/install/tb3/share/tb3/cmake/export_tb3__rosidl_generator_cExport.cmake
-- Up-to-date: /home/chotu/ros2_ws/src/ENPM_808X_FINAL/install/tb3/share/tb3/cmake/export_tb3__rosidl_generator_cExport-noconfig.cmake
-- Up-to-date: /home/chotu/ros2_ws/src/ENPM_808X_FINAL/install/tb3/share/tb3/cmake/export_tb3__rosidl_typesupport_fastrtps_cExport.cmake
-- Up-to-date: /home/chotu/ros2_ws/src/ENPM_808X_FINAL/install/tb3/share/tb3/cmake/export_tb3__rosidl_typesupport_fastrtps_cExport-noconfig.cmake
-- Up-to-date: /home/chotu/ros2_ws/src/ENPM_808X_FINAL/install/tb3/share/tb3/cmake/export_tb3__rosidl_generator_cppExport.cmake
-- Up-to-date: /home/chotu/ros2_ws/src/ENPM_808X_FINAL/install/tb3/share/tb3/cmake/export_tb3__rosidl_typesupport_fastrtps_cppExport.cmake
-- Up-to-date: /home/chotu/ros2_ws/src/ENPM_808X_FINAL/install/tb3/share/tb3/cmake/export_tb3__rosidl_typesupport_fastrtps_cppExport-noconfig.cmake
-- Up-to-date: /home/chotu/ros2_ws/src/ENPM_808X_FINAL/install/tb3/share/tb3/cmake/tb3__rosidl_typesupport_introspection_cExport.cmake
-- Up-to-date: /home/chotu/ros2_ws/src/ENPM_808X_FINAL/install/tb3/share/tb3/cmake/tb3__rosidl_typesupport_introspection_cExport-noconfig.cmake
-- Up-to-date: /home/chotu/ros2_ws/src/ENPM_808X_FINAL/install/tb3/share/tb3/cmake/tb3__rosidl_typesupport_cExport.cmake
-- Up-to-date: /home/chotu/ros2_ws/src/ENPM_808X_FINAL/install/tb3/share/tb3/cmake/tb3__rosidl_typesupport_cExport-noconfig.cmake
-- Up-to-date: /home/chotu/ros2_ws/src/ENPM_808X_FINAL/install/tb3/share/tb3/cmake/tb3__rosidl_typesupport_introspection_cppExport.cmake
-- Up-to-date: /home/chotu/ros2_ws/src/ENPM_808X_FINAL/install/tb3/share/tb3/cmake/tb3__rosidl_typesupport_introspection_cppExport-noconfig.cmake
-- Up-to-date: /home/chotu/ros2_ws/src/ENPM_808X_FINAL/install/tb3/share/tb3/cmake/tb3__rosidl_typesupport_cppExport.cmake
-- Up-to-date: /home/chotu/ros2_ws/src/ENPM_808X_FINAL/install/tb3/share/tb3/cmake/tb3__rosidl_typesupport_cppExport-noconfig.cmake
-- Up-to-date: /home/chotu/ros2_ws/src/ENPM_808X_FINAL/install/tb3/share/tb3/cmake/export_tb3__rosidl_generator_pyExport.cmake
-- Up-to-date: /home/chotu/ros2_ws/src/ENPM_808X_FINAL/install/tb3/share/tb3/cmake/export_tb3__rosidl_generator_pyExport-noconfig.cmake
-- Up-to-date: /home/chotu/ros2_ws/src/ENPM_808X_FINAL/install/tb3/share/tb3/cmake/rosidl_cmake-extras.cmake
-- Up-to-date: /home/chotu/ros2_ws/src/ENPM_808X_FINAL/install/tb3/share/tb3/cmake/ament_cmake_export_dependencies-extras.cmake
-- Up-to-date: /home/chotu/ros2_ws/src/ENPM_808X_FINAL/install/tb3/share/tb3/cmake/ament_cmake_export_include_directories-extras.cmake
-- Up-to-date: /home/chotu/ros2_ws/src/ENPM_808X_FINAL/install/tb3/share/tb3/cmake/ament_cmake_export_libraries-extras.cmake
-- Up-to-date: /home/chotu/ros2_ws/src/ENPM_808X_FINAL/install/tb3/share/tb3/cmake/ament_cmake_export_targets-extras.cmake
-- Up-to-date: /home/chotu/ros2_ws/src/ENPM_808X_FINAL/install/tb3/share/tb3/cmake/rosidl_cmake_export_typesupport_targets-extras.cmake
-- Up-to-date: /home/chotu/ros2_ws/src/ENPM_808X_FINAL/install/tb3/share/tb3/cmake/rosidl_cmake_export_typesupport_libraries-extras.cmake
-- Up-to-date: /home/chotu/ros2_ws/src/ENPM_808X_FINAL/install/tb3/share/tb3/cmake/tb3Config.cmake
-- Up-to-date: /home/chotu/ros2_ws/src/ENPM_808X_FINAL/install/tb3/share/tb3/cmake/tb3Config-version.cmake
-- Up-to-date: /home/chotu/ros2_ws/src/ENPM_808X_FINAL/install/tb3/share/tb3/package.xml
