[0.000000] (-) TimerEvent: {}
[0.000699] (-) JobUnselected: {'identifier': 'ros2_aruco'}
[0.000725] (-) JobUnselected: {'identifier': 'tutorial_interfaces'}
[0.000745] (tb3) JobQueued: {'identifier': 'tb3', 'dependencies': OrderedDict([('tutorial_interfaces', '/home/chotu/ros2_ws/src/ENPM_808X_FINAL/install/tutorial_interfaces')])}
[0.000765] (tb3) JobStarted: {'identifier': 'tb3'}
[0.010093] (tb3) JobProgress: {'identifier': 'tb3', 'progress': 'cmake'}
[0.010430] (tb3) Command: {'cmd': ['/usr/bin/cmake', '/home/chotu/ros2_ws/src/ENPM_808X_FINAL/ENPM_808X_FINAL', '-DCMAKE_BUILD_TYPE=Debug', '-DCMAKE_CXX_FLAGS=--coverage', '-DCMAKE_CXX_OUTPUT_EXTENSION_REPLACE=ON', '-DARG_CONFIG_FILE=/home/chotu/uncrustify_google_cpp_allman.cfg', '-DCMAKE_INSTALL_PREFIX=/home/chotu/ros2_ws/src/ENPM_808X_FINAL/install/tb3'], 'cwd': '/home/chotu/ros2_ws/src/ENPM_808X_FINAL/build/tb3', 'env': OrderedDict([('HOSTNAME', 'fa2a076f34cb'), ('SHLVL', '1'), ('LD_LIBRARY_PATH', '/home/chotu/ros2_ws/src/ENPM_808X_FINAL/install/tutorial_interfaces/lib:/home/chotu/ros2_ws/src/ENPM_808X_FINAL/install/tb3/lib:/usr/lib/x86_64-linux-gnu/gazebo-11/plugins:/opt/ros/humble/opt/rviz_ogre_vendor/lib:/opt/ros/humble/lib/x86_64-linux-gnu:/opt/ros/humble/lib'), ('HOME', '/home/chotu'), ('OLDPWD', '/home/chotu/ros2_ws/src'), ('ROS_PYTHON_VERSION', '3'), ('COLORTERM', 'truecolor'), ('_colcon_cd_root', '/opt/ros/humble/'), ('COLCON_PREFIX_PATH', '/home/chotu/ros2_ws/src/ENPM_808X_FINAL/install'), ('ROS_DISTRO', 'humble'), ('_', '/usr/bin/colcon'), ('ROS_VERSION', '2'), ('TERM', 'xterm-256color'), ('ROS_LOCALHOST_ONLY', '1'), ('QT_X11_NO_MITSHM', '1'), ('PATH', '/opt/ros/humble/bin:/usr/local/sbin:/usr/local/bin:/usr/sbin:/usr/bin:/sbin:/bin'), ('DISPLAY', ':0'), ('LANG', 'C.UTF-8'), ('XAUTHORITY', '/tmp/.docker6auzguhv.xauth'), ('AMENT_PREFIX_PATH', '/home/chotu/ros2_ws/src/ENPM_808X_FINAL/install/tb3:/home/chotu/ros2_ws/src/ENPM_808X_FINAL/install/tutorial_interfaces:/home/chotu/ros2_ws/src/ENPM_808X_FINAL/install/ros2_aruco:/opt/ros/humble'), ('TERMINATOR_UUID', 'urn:uuid:3cbeac55-f9ad-401f-a59f-3e2fbefe48db'), ('PWD', '/home/chotu/ros2_ws/src/ENPM_808X_FINAL/build/tb3'), ('LC_ALL', 'C.UTF-8'), ('PYTHONPATH', '/home/chotu/ros2_ws/src/ENPM_808X_FINAL/install/tb3/local/lib/python3.10/dist-packages:/home/chotu/ros2_ws/src/ENPM_808X_FINAL/install/tutorial_interfaces/local/lib/python3.10/dist-packages:/home/chotu/ros2_ws/src/ENPM_808X_FINAL/install/ros2_aruco/lib/python3.10/site-packages:/opt/ros/humble/lib/python3.10/site-packages:/opt/ros/humble/local/lib/python3.10/dist-packages'), ('COLCON', '1'), ('VTE_VERSION', '6800'), ('CMAKE_PREFIX_PATH', '/home/chotu/ros2_ws/src/ENPM_808X_FINAL/install/tutorial_interfaces:/home/chotu/ros2_ws/src/ENPM_808X_FINAL/install/tb3:/home/chotu/ros2_ws/src/ENPM_808X_FINAL/install/ros2_aruco:/opt/ros/humble')]), 'shell': False}
[0.078051] (tb3) StdoutLine: {'line': b'-- The C compiler identification is GNU 11.3.0\n'}
[0.099811] (-) TimerEvent: {}
[0.115180] (tb3) StdoutLine: {'line': b'-- The CXX compiler identification is GNU 11.3.0\n'}
[0.120995] (tb3) StdoutLine: {'line': b'-- Detecting C compiler ABI info\n'}
[0.162303] (tb3) StdoutLine: {'line': b'-- Detecting C compiler ABI info - done\n'}
[0.167187] (tb3) StdoutLine: {'line': b'-- Check for working C compiler: /usr/bin/cc - skipped\n'}
[0.167486] (tb3) StdoutLine: {'line': b'-- Detecting C compile features\n'}
[0.167846] (tb3) StdoutLine: {'line': b'-- Detecting C compile features - done\n'}
[0.169883] (tb3) StdoutLine: {'line': b'-- Detecting CXX compiler ABI info\n'}
[0.199911] (-) TimerEvent: {}
[0.217309] (tb3) StdoutLine: {'line': b'-- Detecting CXX compiler ABI info - done\n'}
[0.222467] (tb3) StdoutLine: {'line': b'-- Check for working CXX compiler: /usr/bin/c++ - skipped\n'}
[0.222666] (tb3) StdoutLine: {'line': b'-- Detecting CXX compile features\n'}
[0.222979] (tb3) StdoutLine: {'line': b'-- Detecting CXX compile features - done\n'}
[0.231842] (tb3) StdoutLine: {'line': b'-- Found ament_cmake: 1.3.3 (/opt/ros/humble/share/ament_cmake/cmake)\n'}
[0.300005] (-) TimerEvent: {}
[0.337976] (tb3) StdoutLine: {'line': b'-- Found Python3: /usr/bin/python3.10 (found version "3.10.6") found components: Interpreter \n'}
[0.400567] (-) TimerEvent: {}
[0.408996] (tb3) StdoutLine: {'line': b'-- Found rclcpp: 16.0.2 (/opt/ros/humble/share/rclcpp/cmake)\n'}
[0.450019] (tb3) StdoutLine: {'line': b'-- Found rosidl_generator_c: 3.1.4 (/opt/ros/humble/share/rosidl_generator_c/cmake)\n'}
[0.454722] (tb3) StdoutLine: {'line': b'-- Found rosidl_adapter: 3.1.4 (/opt/ros/humble/share/rosidl_adapter/cmake)\n'}
[0.462448] (tb3) StdoutLine: {'line': b'-- Found rosidl_generator_cpp: 3.1.4 (/opt/ros/humble/share/rosidl_generator_cpp/cmake)\n'}
[0.473348] (tb3) StdoutLine: {'line': b'-- Using all available rosidl_typesupport_c: rosidl_typesupport_fastrtps_c;rosidl_typesupport_introspection_c\n'}
[0.488288] (tb3) StdoutLine: {'line': b'-- Using all available rosidl_typesupport_cpp: rosidl_typesupport_fastrtps_cpp;rosidl_typesupport_introspection_cpp\n'}
[0.500643] (-) TimerEvent: {}
[0.539402] (tb3) StdoutLine: {'line': b'-- Found rmw_implementation_cmake: 6.1.1 (/opt/ros/humble/share/rmw_implementation_cmake/cmake)\n'}
[0.541786] (tb3) StdoutLine: {'line': b'-- Found rmw_fastrtps_cpp: 6.2.2 (/opt/ros/humble/share/rmw_fastrtps_cpp/cmake)\n'}
[0.600747] (-) TimerEvent: {}
[0.609002] (tb3) StdoutLine: {'line': b'-- Found OpenSSL: /usr/lib/x86_64-linux-gnu/libcrypto.so (found version "3.0.2")  \n'}
[0.631373] (tb3) StdoutLine: {'line': b'-- Found FastRTPS: /opt/ros/humble/include  \n'}
[0.669779] (tb3) StdoutLine: {'line': b"-- Using RMW implementation 'rmw_fastrtps_cpp' as default\n"}
[0.679270] (tb3) StdoutLine: {'line': b'-- Looking for pthread.h\n'}
[0.700848] (-) TimerEvent: {}
[0.721124] (tb3) StdoutLine: {'line': b'-- Looking for pthread.h - found\n'}
[0.721348] (tb3) StdoutLine: {'line': b'-- Performing Test CMAKE_HAVE_LIBC_PTHREAD\n'}
[0.764918] (tb3) StdoutLine: {'line': b'-- Performing Test CMAKE_HAVE_LIBC_PTHREAD - Success\n'}
[0.765619] (tb3) StdoutLine: {'line': b'-- Found Threads: TRUE  \n'}
[0.800943] (-) TimerEvent: {}
[0.878038] (tb3) StdoutLine: {'line': b'-- Found nav_msgs: 4.2.2 (/opt/ros/humble/share/nav_msgs/cmake)\n'}
[0.901032] (-) TimerEvent: {}
[0.969572] (tb3) StdoutLine: {'line': b'-- Found tf2: 0.25.1 (/opt/ros/humble/share/tf2/cmake)\n'}
[0.982117] (tb3) StdoutLine: {'line': b'-- Found tf2_ros: 0.25.1 (/opt/ros/humble/share/tf2_ros/cmake)\n'}
[1.001146] (-) TimerEvent: {}
[1.101415] (-) TimerEvent: {}
[1.201690] (-) TimerEvent: {}
[1.228566] (tb3) StdoutLine: {'line': b'-- Found sensor_msgs: 4.2.2 (/opt/ros/humble/share/sensor_msgs/cmake)\n'}
[1.287944] (tb3) StdoutLine: {'line': b'-- Found rosidl_default_generators: 1.2.0 (/opt/ros/humble/share/rosidl_default_generators/cmake)\n'}
[1.301772] (-) TimerEvent: {}
[1.402006] (-) TimerEvent: {}
[1.485311] (tb3) StdoutLine: {'line': b'-- Found ament_cmake_ros: 0.10.0 (/opt/ros/humble/share/ament_cmake_ros/cmake)\n'}
[1.502094] (-) TimerEvent: {}
[1.602313] (-) TimerEvent: {}
[1.702572] (-) TimerEvent: {}
[1.721296] (tb3) StdoutLine: {'line': b'-- Using all available rosidl_typesupport_c: rosidl_typesupport_fastrtps_c;rosidl_typesupport_introspection_c\n'}
[1.802682] (-) TimerEvent: {}
[1.811593] (tb3) StdoutLine: {'line': b'-- Using all available rosidl_typesupport_cpp: rosidl_typesupport_fastrtps_cpp;rosidl_typesupport_introspection_cpp\n'}
[1.826819] (tb3) StdoutLine: {'line': b'-- Found PythonInterp: /usr/bin/python3 (found suitable version "3.10.6", minimum required is "3.6") \n'}
[1.828727] (tb3) StdoutLine: {'line': b'-- Found python_cmake_module: 0.10.0 (/opt/ros/humble/share/python_cmake_module/cmake)\n'}
[1.854898] (tb3) StdoutLine: {'line': b'-- Found PythonLibs: /usr/lib/x86_64-linux-gnu/libpython3.10.so (found suitable version "3.10.6", minimum required is "3.5") \n'}
[1.855087] (tb3) StdoutLine: {'line': b'-- Using PYTHON_EXECUTABLE: /usr/bin/python3\n'}
[1.855151] (tb3) StdoutLine: {'line': b'-- Using PYTHON_INCLUDE_DIRS: /usr/include/python3.10\n'}
[1.855210] (tb3) StdoutLine: {'line': b'-- Using PYTHON_LIBRARIES: /usr/lib/x86_64-linux-gnu/libpython3.10.so\n'}
[1.868401] (tb3) StdoutLine: {'line': b'-- Found PythonExtra: .so  \n'}
[1.902652] (tb3) StdoutLine: {'line': b'-- Found ament_lint_auto: 0.12.4 (/opt/ros/humble/share/ament_lint_auto/cmake)\n'}
[1.902826] (-) TimerEvent: {}
[1.903201] (tb3) StdoutLine: {'line': b'-- Found tutorial_interfaces: 0.0.0 (/home/chotu/ros2_ws/src/ENPM_808X_FINAL/install/tutorial_interfaces/share/tutorial_interfaces/cmake)\n'}
[1.962085] (tb3) StdoutLine: {'line': b"-- Found gtest sources under '/opt/ros/humble/src/gtest_vendor': C++ tests using 'Google Test' will be built\n"}
[1.974362] (tb3) StdoutLine: {'line': b"-- Added test 'pep257' to check Python code against some of the docstring style conventions in PEP 257\n"}
[1.975906] (tb3) StdoutLine: {'line': b'-- Configuring done\n'}
[2.002940] (-) TimerEvent: {}
[2.012719] (tb3) StdoutLine: {'line': b'-- Generating done\n'}
[2.015063] (tb3) StderrLine: {'line': b'\x1b[33mCMake Warning:\n'}
[2.015172] (tb3) StderrLine: {'line': b'  Manually-specified variables were not used by the project:\n'}
[2.015247] (tb3) StderrLine: {'line': b'\n'}
[2.015313] (tb3) StderrLine: {'line': b'    ARG_CONFIG_FILE\n'}
[2.015378] (tb3) StderrLine: {'line': b'\n'}
[2.015441] (tb3) StderrLine: {'line': b'\x1b[0m\n'}
[2.015531] (tb3) StdoutLine: {'line': b'-- Build files have been written to: /home/chotu/ros2_ws/src/ENPM_808X_FINAL/build/tb3\n'}
[2.024912] (tb3) CommandEnded: {'returncode': 0}
[2.025706] (tb3) JobProgress: {'identifier': 'tb3', 'progress': 'build'}
[2.026324] (tb3) Command: {'cmd': ['/usr/bin/cmake', '--build', '/home/chotu/ros2_ws/src/ENPM_808X_FINAL/build/tb3', '--', '-j16', '-l16'], 'cwd': '/home/chotu/ros2_ws/src/ENPM_808X_FINAL/build/tb3', 'env': OrderedDict([('HOSTNAME', 'fa2a076f34cb'), ('SHLVL', '1'), ('LD_LIBRARY_PATH', '/home/chotu/ros2_ws/src/ENPM_808X_FINAL/install/tutorial_interfaces/lib:/home/chotu/ros2_ws/src/ENPM_808X_FINAL/install/tb3/lib:/usr/lib/x86_64-linux-gnu/gazebo-11/plugins:/opt/ros/humble/opt/rviz_ogre_vendor/lib:/opt/ros/humble/lib/x86_64-linux-gnu:/opt/ros/humble/lib'), ('HOME', '/home/chotu'), ('OLDPWD', '/home/chotu/ros2_ws/src'), ('ROS_PYTHON_VERSION', '3'), ('COLORTERM', 'truecolor'), ('_colcon_cd_root', '/opt/ros/humble/'), ('COLCON_PREFIX_PATH', '/home/chotu/ros2_ws/src/ENPM_808X_FINAL/install'), ('ROS_DISTRO', 'humble'), ('_', '/usr/bin/colcon'), ('ROS_VERSION', '2'), ('TERM', 'xterm-256color'), ('ROS_LOCALHOST_ONLY', '1'), ('QT_X11_NO_MITSHM', '1'), ('PATH', '/opt/ros/humble/bin:/usr/local/sbin:/usr/local/bin:/usr/sbin:/usr/bin:/sbin:/bin'), ('DISPLAY', ':0'), ('LANG', 'C.UTF-8'), ('XAUTHORITY', '/tmp/.docker6auzguhv.xauth'), ('AMENT_PREFIX_PATH', '/home/chotu/ros2_ws/src/ENPM_808X_FINAL/install/tb3:/home/chotu/ros2_ws/src/ENPM_808X_FINAL/install/tutorial_interfaces:/home/chotu/ros2_ws/src/ENPM_808X_FINAL/install/ros2_aruco:/opt/ros/humble'), ('TERMINATOR_UUID', 'urn:uuid:3cbeac55-f9ad-401f-a59f-3e2fbefe48db'), ('PWD', '/home/chotu/ros2_ws/src/ENPM_808X_FINAL/build/tb3'), ('LC_ALL', 'C.UTF-8'), ('PYTHONPATH', '/home/chotu/ros2_ws/src/ENPM_808X_FINAL/install/tb3/local/lib/python3.10/dist-packages:/home/chotu/ros2_ws/src/ENPM_808X_FINAL/install/tutorial_interfaces/local/lib/python3.10/dist-packages:/home/chotu/ros2_ws/src/ENPM_808X_FINAL/install/ros2_aruco/lib/python3.10/site-packages:/opt/ros/humble/lib/python3.10/site-packages:/opt/ros/humble/local/lib/python3.10/dist-packages'), ('COLCON', '1'), ('VTE_VERSION', '6800'), ('CMAKE_PREFIX_PATH', '/home/chotu/ros2_ws/src/ENPM_808X_FINAL/install/tutorial_interfaces:/home/chotu/ros2_ws/src/ENPM_808X_FINAL/install/tb3:/home/chotu/ros2_ws/src/ENPM_808X_FINAL/install/ros2_aruco:/opt/ros/humble')]), 'shell': False}
[2.053267] (tb3) StdoutLine: {'line': b'[  2%] \x1b[34m\x1b[1mGenerating C code for ROS interfaces\x1b[0m\n'}
[2.059272] (tb3) StdoutLine: {'line': b'[ 10%] \x1b[34m\x1b[1mGenerating C++ code for ROS interfaces\x1b[0m\n'}
[2.059452] (tb3) StdoutLine: {'line': b'[ 10%] \x1b[32mBuilding CXX object gtest/CMakeFiles/gtest_main.dir/src/gtest_main.o\x1b[0m\n'}
[2.059541] (tb3) StdoutLine: {'line': b'[ 10%] \x1b[32mBuilding CXX object gtest/CMakeFiles/gtest.dir/src/gtest-all.o\x1b[0m\n'}
[2.059641] (tb3) StdoutLine: {'line': b'[ 10%] \x1b[32mBuilding CXX object CMakeFiles/turtlebot_sim.dir/src/turtlebot_sim.o\x1b[0m\n'}
[2.064889] (tb3) StdoutLine: {'line': b'[ 10%] Built target ament_cmake_python_copy_tb3\n'}
[2.103035] (-) TimerEvent: {}
[2.203292] (-) TimerEvent: {}
[2.219374] (tb3) StdoutLine: {'line': b'running egg_info\n'}
[2.219830] (tb3) StdoutLine: {'line': b'creating tb3.egg-info\n'}
[2.219960] (tb3) StdoutLine: {'line': b'writing tb3.egg-info/PKG-INFO\n'}
[2.220089] (tb3) StdoutLine: {'line': b'writing dependency_links to tb3.egg-info/dependency_links.txt\n'}
[2.220322] (tb3) StdoutLine: {'line': b'writing top-level names to tb3.egg-info/top_level.txt\n'}
[2.220461] (tb3) StdoutLine: {'line': b"writing manifest file 'tb3.egg-info/SOURCES.txt'\n"}
[2.221784] (tb3) StdoutLine: {'line': b"reading manifest file 'tb3.egg-info/SOURCES.txt'\n"}
[2.222109] (tb3) StdoutLine: {'line': b"writing manifest file 'tb3.egg-info/SOURCES.txt'\n"}
[2.255295] (tb3) StdoutLine: {'line': b'[ 10%] Built target ament_cmake_python_build_tb3_egg\n'}
[2.283910] (tb3) StdoutLine: {'line': b'[ 10%] Built target tb3__cpp\n'}
[2.291264] (tb3) StdoutLine: {'line': b'[ 16%] \x1b[34m\x1b[1mGenerating C++ type support for eProsima Fast-RTPS\x1b[0m\n'}
[2.291557] (tb3) StdoutLine: {'line': b'[ 16%] \x1b[34m\x1b[1mGenerating C++ type support dispatch for ROS interfaces\x1b[0m\n'}
[2.291709] (tb3) StdoutLine: {'line': b'[ 16%] \x1b[34m\x1b[1mGenerating C++ introspection for ROS interfaces\x1b[0m\n'}
[2.303431] (-) TimerEvent: {}
[2.315730] (tb3) StdoutLine: {'line': b'[ 20%] \x1b[32mBuilding C object CMakeFiles/tb3__rosidl_generator_c.dir/rosidl_generator_c/tb3/msg/detail/data__functions.c.o\x1b[0m\n'}
[2.316034] (tb3) StdoutLine: {'line': b'[ 20%] \x1b[32mBuilding C object CMakeFiles/tb3__rosidl_generator_c.dir/rosidl_generator_c/tb3/srv/detail/change_string__functions.c.o\x1b[0m\n'}
[2.363353] (tb3) StdoutLine: {'line': b'[ 22%] \x1b[32m\x1b[1mLinking C shared library libtb3__rosidl_generator_c.so\x1b[0m\n'}
[2.387870] (tb3) StdoutLine: {'line': b'[ 22%] Built target tb3__rosidl_generator_c\n'}
[2.395348] (tb3) StdoutLine: {'line': b'[ 26%] \x1b[34m\x1b[1mGenerating C type support dispatch for ROS interfaces\x1b[0m\n'}
[2.395676] (tb3) StdoutLine: {'line': b'[ 26%] \x1b[34m\x1b[1mGenerating C introspection for ROS interfaces\x1b[0m\n'}
[2.396507] (tb3) StdoutLine: {'line': b'[ 28%] \x1b[34m\x1b[1mGenerating C type support for eProsima Fast-RTPS\x1b[0m\n'}
[2.403536] (-) TimerEvent: {}
[2.503863] (-) TimerEvent: {}
[2.504218] (tb3) StdoutLine: {'line': b'[ 30%] \x1b[32mBuilding CXX object CMakeFiles/tb3__rosidl_typesupport_introspection_cpp.dir/rosidl_typesupport_introspection_cpp/tb3/msg/detail/data__type_support.o\x1b[0m\n'}
[2.505149] (tb3) StdoutLine: {'line': b'[ 32%] \x1b[32mBuilding CXX object CMakeFiles/tb3__rosidl_typesupport_introspection_cpp.dir/rosidl_typesupport_introspection_cpp/tb3/srv/detail/change_string__type_support.o\x1b[0m\n'}
[2.511791] (tb3) StdoutLine: {'line': b'[ 34%] \x1b[32mBuilding CXX object CMakeFiles/tb3__rosidl_typesupport_cpp.dir/rosidl_typesupport_cpp/tb3/msg/data__type_support.o\x1b[0m\n'}
[2.512071] (tb3) StdoutLine: {'line': b'[ 36%] \x1b[32mBuilding CXX object CMakeFiles/tb3__rosidl_typesupport_cpp.dir/rosidl_typesupport_cpp/tb3/srv/change_string__type_support.o\x1b[0m\n'}
[2.522977] (tb3) StdoutLine: {'line': b'[ 40%] \x1b[32mBuilding CXX object CMakeFiles/tb3__rosidl_typesupport_fastrtps_cpp.dir/rosidl_typesupport_fastrtps_cpp/tb3/srv/detail/dds_fastrtps/change_string__type_support.o\x1b[0m\n'}
[2.523296] (tb3) StdoutLine: {'line': b'[ 40%] \x1b[32mBuilding CXX object CMakeFiles/tb3__rosidl_typesupport_fastrtps_cpp.dir/rosidl_typesupport_fastrtps_cpp/tb3/msg/detail/dds_fastrtps/data__type_support.o\x1b[0m\n'}
[2.603985] (-) TimerEvent: {}
[2.610461] (tb3) StdoutLine: {'line': b'[ 42%] \x1b[32mBuilding CXX object CMakeFiles/tb3__rosidl_typesupport_c.dir/rosidl_typesupport_c/tb3/msg/data__type_support.o\x1b[0m\n'}
[2.613680] (tb3) StdoutLine: {'line': b'[ 44%] \x1b[32mBuilding CXX object CMakeFiles/tb3__rosidl_typesupport_c.dir/rosidl_typesupport_c/tb3/srv/change_string__type_support.o\x1b[0m\n'}
[2.658454] (tb3) StdoutLine: {'line': b'[ 46%] \x1b[32m\x1b[1mLinking CXX shared library libtb3__rosidl_typesupport_c.so\x1b[0m\n'}
[2.704151] (-) TimerEvent: {}
[2.719449] (tb3) StdoutLine: {'line': b'[ 46%] Built target tb3__rosidl_typesupport_c\n'}
[2.766503] (tb3) StdoutLine: {'line': b'[ 51%] \x1b[32mBuilding C object CMakeFiles/tb3__rosidl_typesupport_introspection_c.dir/rosidl_typesupport_introspection_c/tb3/msg/detail/data__type_support.c.o\x1b[0m\n'}
[2.767052] (tb3) StdoutLine: {'line': b'[ 51%] \x1b[32mBuilding C object CMakeFiles/tb3__rosidl_typesupport_introspection_c.dir/rosidl_typesupport_introspection_c/tb3/srv/detail/change_string__type_support.c.o\x1b[0m\n'}
[2.790999] (tb3) StdoutLine: {'line': b'[ 53%] \x1b[32mBuilding CXX object CMakeFiles/tb3__rosidl_typesupport_fastrtps_c.dir/rosidl_typesupport_fastrtps_c/tb3/srv/detail/change_string__type_support_c.o\x1b[0m\n'}
[2.791746] (tb3) StdoutLine: {'line': b'[ 55%] \x1b[32mBuilding CXX object CMakeFiles/tb3__rosidl_typesupport_fastrtps_c.dir/rosidl_typesupport_fastrtps_c/tb3/msg/detail/data__type_support_c.o\x1b[0m\n'}
[2.802621] (tb3) StdoutLine: {'line': b'[ 57%] \x1b[32m\x1b[1mLinking C shared library libtb3__rosidl_typesupport_introspection_c.so\x1b[0m\n'}
[2.804239] (-) TimerEvent: {}
[2.835204] (tb3) StdoutLine: {'line': b'[ 57%] Built target tb3__rosidl_typesupport_introspection_c\n'}
[2.871104] (tb3) StdoutLine: {'line': b'[ 59%] \x1b[32m\x1b[1mLinking CXX shared library libtb3__rosidl_typesupport_cpp.so\x1b[0m\n'}
[2.904405] (-) TimerEvent: {}
[2.915963] (tb3) StdoutLine: {'line': b'[ 59%] Built target tb3__rosidl_typesupport_cpp\n'}
[2.933733] (tb3) StdoutLine: {'line': b'[ 61%] \x1b[32mBuilding CXX object CMakeFiles/tb3G.dir/src/tb3controller.o\x1b[0m\n'}
[3.004541] (-) TimerEvent: {}
[3.037656] (tb3) StdoutLine: {'line': b'[ 63%] \x1b[32m\x1b[1mLinking CXX shared library libtb3__rosidl_typesupport_introspection_cpp.so\x1b[0m\n'}
[3.045805] (tb3) StdoutLine: {'line': b'[ 65%] \x1b[32m\x1b[1mLinking CXX shared library libtb3__rosidl_typesupport_fastrtps_cpp.so\x1b[0m\n'}
[3.058735] (tb3) StdoutLine: {'line': b'[ 67%] \x1b[32m\x1b[1mLinking CXX static library libgtest_main.a\x1b[0m\n'}
[3.100970] (tb3) StdoutLine: {'line': b'[ 67%] Built target gtest_main\n'}
[3.104661] (-) TimerEvent: {}
[3.124599] (tb3) StdoutLine: {'line': b'[ 67%] Built target tb3__rosidl_typesupport_fastrtps_cpp\n'}
[3.132006] (tb3) StdoutLine: {'line': b'[ 67%] Built target tb3__rosidl_typesupport_introspection_cpp\n'}
[3.136155] (tb3) StdoutLine: {'line': b'[ 69%] \x1b[32m\x1b[1mLinking CXX shared library libtb3__rosidl_typesupport_fastrtps_c.so\x1b[0m\n'}
[3.190573] (tb3) StdoutLine: {'line': b'[ 69%] Built target tb3__rosidl_typesupport_fastrtps_c\n'}
[3.203799] (tb3) StdoutLine: {'line': b'[ 69%] Built target tb3\n'}
[3.204741] (-) TimerEvent: {}
[3.216867] (tb3) StdoutLine: {'line': b'[ 71%] \x1b[34m\x1b[1mGenerating Python code for ROS interfaces\x1b[0m\n'}
[3.304854] (-) TimerEvent: {}
[3.405130] (-) TimerEvent: {}
[3.505492] (-) TimerEvent: {}
[3.512863] (tb3) StdoutLine: {'line': b'[ 71%] Built target tb3__py\n'}
[3.526019] (tb3) StdoutLine: {'line': b'[ 75%] \x1b[32mBuilding C object CMakeFiles/tb3__rosidl_generator_py.dir/rosidl_generator_py/tb3/msg/_data_s.c.o\x1b[0m\n'}
[3.526261] (tb3) StdoutLine: {'line': b'[ 75%] \x1b[32mBuilding C object CMakeFiles/tb3__rosidl_generator_py.dir/rosidl_generator_py/tb3/srv/_change_string_s.c.o\x1b[0m\n'}
[3.605598] (-) TimerEvent: {}
[3.614640] (tb3) StdoutLine: {'line': b'[ 77%] \x1b[32m\x1b[1mLinking C shared library rosidl_generator_py/tb3/libtb3__rosidl_generator_py.so\x1b[0m\n'}
[3.643923] (tb3) StdoutLine: {'line': b'[ 77%] Built target tb3__rosidl_generator_py\n'}
[3.658257] (tb3) StdoutLine: {'line': b'[ 83%] \x1b[32mBuilding C object CMakeFiles/tb3__rosidl_typesupport_fastrtps_c__pyext.dir/rosidl_generator_py/tb3/_tb3_s.ep.rosidl_typesupport_fastrtps_c.c.o\x1b[0m\n'}
[3.658505] (tb3) StdoutLine: {'line': b'[ 83%] \x1b[32mBuilding C object CMakeFiles/tb3__rosidl_typesupport_introspection_c__pyext.dir/rosidl_generator_py/tb3/_tb3_s.ep.rosidl_typesupport_introspection_c.c.o\x1b[0m\n'}
[3.658597] (tb3) StdoutLine: {'line': b'[ 83%] \x1b[32mBuilding C object CMakeFiles/tb3__rosidl_typesupport_c__pyext.dir/rosidl_generator_py/tb3/_tb3_s.ep.rosidl_typesupport_c.c.o\x1b[0m\n'}
[3.705731] (-) TimerEvent: {}
[3.732043] (tb3) StdoutLine: {'line': b'[ 87%] \x1b[32m\x1b[1mLinking C shared library rosidl_generator_py/tb3/tb3_s__rosidl_typesupport_fastrtps_c.cpython-310-x86_64-linux-gnu.so\x1b[0m\n'}
[3.732293] (tb3) StdoutLine: {'line': b'[ 87%] \x1b[32m\x1b[1mLinking C shared library rosidl_generator_py/tb3/tb3_s__rosidl_typesupport_c.cpython-310-x86_64-linux-gnu.so\x1b[0m\n'}
[3.737756] (tb3) StdoutLine: {'line': b'[ 89%] \x1b[32m\x1b[1mLinking C shared library rosidl_generator_py/tb3/tb3_s__rosidl_typesupport_introspection_c.cpython-310-x86_64-linux-gnu.so\x1b[0m\n'}
[3.759586] (tb3) StdoutLine: {'line': b'[ 89%] Built target tb3__rosidl_typesupport_c__pyext\n'}
[3.760475] (tb3) StdoutLine: {'line': b'[ 89%] Built target tb3__rosidl_typesupport_fastrtps_c__pyext\n'}
[3.767091] (tb3) StdoutLine: {'line': b'[ 89%] Built target tb3__rosidl_typesupport_introspection_c__pyext\n'}
[3.805838] (-) TimerEvent: {}
[3.906122] (-) TimerEvent: {}
[4.006406] (-) TimerEvent: {}
[4.106698] (-) TimerEvent: {}
[4.206983] (-) TimerEvent: {}
[4.307277] (-) TimerEvent: {}
[4.407620] (-) TimerEvent: {}
[4.507932] (-) TimerEvent: {}
[4.608231] (-) TimerEvent: {}
[4.708542] (-) TimerEvent: {}
[4.808838] (-) TimerEvent: {}
[4.909177] (-) TimerEvent: {}
[5.009511] (-) TimerEvent: {}
[5.109890] (-) TimerEvent: {}
[5.210277] (-) TimerEvent: {}
[5.310576] (-) TimerEvent: {}
[5.378882] (tb3) StderrLine: {'line': b'In file included from \x1b[01m\x1b[K/home/chotu/ros2_ws/src/ENPM_808X_FINAL/ENPM_808X_FINAL/src/tb3controller.cpp:27\x1b[m\x1b[K:\n'}
[5.379120] (tb3) StderrLine: {'line': b'\x1b[01m\x1b[K/home/chotu/ros2_ws/src/ENPM_808X_FINAL/ENPM_808X_FINAL/src/../include/tb3/tb3controller.hpp:\x1b[m\x1b[K In constructor \xe2\x80\x98\x1b[01m\x1b[Ktb3::tb3(std::string, std::string, bool, double, double, bool)\x1b[m\x1b[K\xe2\x80\x99:\n'}
[5.379185] (tb3) StderrLine: {'line': b'\x1b[01m\x1b[K/home/chotu/ros2_ws/src/ENPM_808X_FINAL/ENPM_808X_FINAL/src/../include/tb3/tb3controller.hpp:133:17:\x1b[m\x1b[K \x1b[01;35m\x1b[Kwarning: \x1b[m\x1b[K\xe2\x80\x98\x1b[01m\x1b[Ktb3::m_robot_name\x1b[m\x1b[K\xe2\x80\x99 will be initialized after [\x1b[01;35m\x1b[K\x1b]8;;https://gcc.gnu.org/onlinedocs/gcc/Warning-Options.html#index-Wreorder\x07-Wreorder\x1b]8;;\x07\x1b[m\x1b[K]\n'}
[5.379244] (tb3) StderrLine: {'line': b'  133 |     std::string \x1b[01;35m\x1b[Km_robot_name\x1b[m\x1b[K;\n'}
[5.379299] (tb3) StderrLine: {'line': b'      |                 \x1b[01;35m\x1b[K^~~~~~~~~~~~\x1b[m\x1b[K\n'}
[5.379348] (tb3) StderrLine: {'line': b'\x1b[01m\x1b[K/home/chotu/ros2_ws/src/ENPM_808X_FINAL/ENPM_808X_FINAL/src/../include/tb3/tb3controller.hpp:131:12:\x1b[m\x1b[K \x1b[01;35m\x1b[Kwarning: \x1b[m\x1b[K  \xe2\x80\x98\x1b[01m\x1b[Kdouble tb3::m_goal_x\x1b[m\x1b[K\xe2\x80\x99 [\x1b[01;35m\x1b[K\x1b]8;;https://gcc.gnu.org/onlinedocs/gcc/Warning-Options.html#index-Wreorder\x07-Wreorder\x1b]8;;\x07\x1b[m\x1b[K]\n'}
[5.379401] (tb3) StderrLine: {'line': b'  131 |     double \x1b[01;35m\x1b[Km_goal_x\x1b[m\x1b[K = 5.0;\n'}
[5.379451] (tb3) StderrLine: {'line': b'      |            \x1b[01;35m\x1b[K^~~~~~~~\x1b[m\x1b[K\n'}
[5.379501] (tb3) StderrLine: {'line': b'In file included from \x1b[01m\x1b[K/home/chotu/ros2_ws/src/ENPM_808X_FINAL/ENPM_808X_FINAL/src/tb3controller.cpp:27\x1b[m\x1b[K:\n'}
[5.379552] (tb3) StderrLine: {'line': b'\x1b[01m\x1b[K/home/chotu/ros2_ws/src/ENPM_808X_FINAL/ENPM_808X_FINAL/src/../include/tb3/tb3controller.hpp:49:3:\x1b[m\x1b[K \x1b[01;35m\x1b[Kwarning: \x1b[m\x1b[K  when initialized here [\x1b[01;35m\x1b[K\x1b]8;;https://gcc.gnu.org/onlinedocs/gcc/Warning-Options.html#index-Wreorder\x07-Wreorder\x1b]8;;\x07\x1b[m\x1b[K]\n'}
[5.379618] (tb3) StderrLine: {'line': b'   49 |   \x1b[01;35m\x1b[Ktb3\x1b[m\x1b[K(std::string node_name = "tb3",\n'}
[5.379669] (tb3) StderrLine: {'line': b'      |   \x1b[01;35m\x1b[K^~~\x1b[m\x1b[K\n'}
[5.379719] (tb3) StderrLine: {'line': b'In file included from \x1b[01m\x1b[K/home/chotu/ros2_ws/src/ENPM_808X_FINAL/ENPM_808X_FINAL/src/tb3controller.cpp:27\x1b[m\x1b[K:\n'}
[5.379767] (tb3) StderrLine: {'line': b'\x1b[01m\x1b[K/home/chotu/ros2_ws/src/ENPM_808X_FINAL/ENPM_808X_FINAL/src/../include/tb3/tb3controller.hpp:146:10:\x1b[m\x1b[K \x1b[01;35m\x1b[Kwarning: \x1b[m\x1b[K\xe2\x80\x98\x1b[01m\x1b[Ktb3::m_go_to_goal\x1b[m\x1b[K\xe2\x80\x99 will be initialized after [\x1b[01;35m\x1b[K\x1b]8;;https://gcc.gnu.org/onlinedocs/gcc/Warning-Options.html#index-Wreorder\x07-Wreorder\x1b]8;;\x07\x1b[m\x1b[K]\n'}
[5.379820] (tb3) StderrLine: {'line': b'  146 |     bool \x1b[01;35m\x1b[Km_go_to_goal\x1b[m\x1b[K;\n'}
[5.379873] (tb3) StderrLine: {'line': b'      |          \x1b[01;35m\x1b[K^~~~~~~~~~~~\x1b[m\x1b[K\n'}
[5.379922] (tb3) StderrLine: {'line': b'\x1b[01m\x1b[K/home/chotu/ros2_ws/src/ENPM_808X_FINAL/ENPM_808X_FINAL/src/../include/tb3/tb3controller.hpp:134:12:\x1b[m\x1b[K \x1b[01;35m\x1b[Kwarning: \x1b[m\x1b[K  \xe2\x80\x98\x1b[01m\x1b[Kdouble tb3::m_linear_speed\x1b[m\x1b[K\xe2\x80\x99 [\x1b[01;35m\x1b[K\x1b]8;;https://gcc.gnu.org/onlinedocs/gcc/Warning-Options.html#index-Wreorder\x07-Wreorder\x1b]8;;\x07\x1b[m\x1b[K]\n'}
[5.379964] (tb3) StderrLine: {'line': b'  134 |     double \x1b[01;35m\x1b[Km_linear_speed\x1b[m\x1b[K;\n'}
[5.380004] (tb3) StderrLine: {'line': b'      |            \x1b[01;35m\x1b[K^~~~~~~~~~~~~~\x1b[m\x1b[K\n'}
[5.380044] (tb3) StderrLine: {'line': b'In file included from \x1b[01m\x1b[K/home/chotu/ros2_ws/src/ENPM_808X_FINAL/ENPM_808X_FINAL/src/tb3controller.cpp:27\x1b[m\x1b[K:\n'}
[5.380096] (tb3) StderrLine: {'line': b'\x1b[01m\x1b[K/home/chotu/ros2_ws/src/ENPM_808X_FINAL/ENPM_808X_FINAL/src/../include/tb3/tb3controller.hpp:49:3:\x1b[m\x1b[K \x1b[01;35m\x1b[Kwarning: \x1b[m\x1b[K  when initialized here [\x1b[01;35m\x1b[K\x1b]8;;https://gcc.gnu.org/onlinedocs/gcc/Warning-Options.html#index-Wreorder\x07-Wreorder\x1b]8;;\x07\x1b[m\x1b[K]\n'}
[5.380143] (tb3) StderrLine: {'line': b'   49 |   \x1b[01;35m\x1b[Ktb3\x1b[m\x1b[K(std::string node_name = "tb3",\n'}
[5.380184] (tb3) StderrLine: {'line': b'      |   \x1b[01;35m\x1b[K^~~\x1b[m\x1b[K\n'}
[5.380224] (tb3) StderrLine: {'line': b'In file included from \x1b[01m\x1b[K/home/chotu/ros2_ws/src/ENPM_808X_FINAL/ENPM_808X_FINAL/src/tb3controller.cpp:27\x1b[m\x1b[K:\n'}
[5.380264] (tb3) StderrLine: {'line': b'\x1b[01m\x1b[K/home/chotu/ros2_ws/src/ENPM_808X_FINAL/ENPM_808X_FINAL/src/../include/tb3/tb3controller.hpp:147:10:\x1b[m\x1b[K \x1b[01;35m\x1b[Kwarning: \x1b[m\x1b[K\xe2\x80\x98\x1b[01m\x1b[Ktb3::m_go_to_angle\x1b[m\x1b[K\xe2\x80\x99 will be initialized after [\x1b[01;35m\x1b[K\x1b]8;;https://gcc.gnu.org/onlinedocs/gcc/Warning-Options.html#index-Wreorder\x07-Wreorder\x1b]8;;\x07\x1b[m\x1b[K]\n'}
[5.380305] (tb3) StderrLine: {'line': b'  147 |     bool \x1b[01;35m\x1b[Km_go_to_angle\x1b[m\x1b[K;\n'}
[5.380345] (tb3) StderrLine: {'line': b'      |          \x1b[01;35m\x1b[K^~~~~~~~~~~~~\x1b[m\x1b[K\n'}
[5.380385] (tb3) StderrLine: {'line': b'\x1b[01m\x1b[K/home/chotu/ros2_ws/src/ENPM_808X_FINAL/ENPM_808X_FINAL/src/../include/tb3/tb3controller.hpp:141:12:\x1b[m\x1b[K \x1b[01;35m\x1b[Kwarning: \x1b[m\x1b[K  \xe2\x80\x98\x1b[01m\x1b[Kdouble tb3::m_distance_to_goal\x1b[m\x1b[K\xe2\x80\x99 [\x1b[01;35m\x1b[K\x1b]8;;https://gcc.gnu.org/onlinedocs/gcc/Warning-Options.html#index-Wreorder\x07-Wreorder\x1b]8;;\x07\x1b[m\x1b[K]\n'}
[5.380425] (tb3) StderrLine: {'line': b'  141 |     double \x1b[01;35m\x1b[Km_distance_to_goal\x1b[m\x1b[K;\n'}
[5.380465] (tb3) StderrLine: {'line': b'      |            \x1b[01;35m\x1b[K^~~~~~~~~~~~~~~~~~\x1b[m\x1b[K\n'}
[5.380509] (tb3) StderrLine: {'line': b'In file included from \x1b[01m\x1b[K/home/chotu/ros2_ws/src/ENPM_808X_FINAL/ENPM_808X_FINAL/src/tb3controller.cpp:27\x1b[m\x1b[K:\n'}
[5.380553] (tb3) StderrLine: {'line': b'\x1b[01m\x1b[K/home/chotu/ros2_ws/src/ENPM_808X_FINAL/ENPM_808X_FINAL/src/../include/tb3/tb3controller.hpp:49:3:\x1b[m\x1b[K \x1b[01;35m\x1b[Kwarning: \x1b[m\x1b[K  when initialized here [\x1b[01;35m\x1b[K\x1b]8;;https://gcc.gnu.org/onlinedocs/gcc/Warning-Options.html#index-Wreorder\x07-Wreorder\x1b]8;;\x07\x1b[m\x1b[K]\n'}
[5.380594] (tb3) StderrLine: {'line': b'   49 |   \x1b[01;35m\x1b[Ktb3\x1b[m\x1b[K(std::string node_name = "tb3",\n'}
[5.380633] (tb3) StderrLine: {'line': b'      |   \x1b[01;35m\x1b[K^~~\x1b[m\x1b[K\n'}
[5.393331] (tb3) StderrLine: {'line': b'\x1b[01m\x1b[K/home/chotu/ros2_ws/src/ENPM_808X_FINAL/ENPM_808X_FINAL/src/../include/tb3/tb3controller.hpp:81:14:\x1b[m\x1b[K \x1b[01;35m\x1b[Kwarning: \x1b[m\x1b[Kunused variable \xe2\x80\x98\x1b[01m\x1b[Kpose_topic_name\x1b[m\x1b[K\xe2\x80\x99 [\x1b[01;35m\x1b[K\x1b]8;;https://gcc.gnu.org/onlinedocs/gcc/Warning-Options.html#index-Wunused-variable\x07-Wunused-variable\x1b]8;;\x07\x1b[m\x1b[K]\n'}
[5.393617] (tb3) StderrLine: {'line': b'   81 |         auto \x1b[01;35m\x1b[Kpose_topic_name\x1b[m\x1b[K = "/odom";\n'}
[5.393705] (tb3) StderrLine: {'line': b'      |              \x1b[01;35m\x1b[K^~~~~~~~~~~~~~~\x1b[m\x1b[K\n'}
[5.397176] (tb3) StderrLine: {'line': b'\x1b[01m\x1b[K/home/chotu/ros2_ws/src/ENPM_808X_FINAL/ENPM_808X_FINAL/src/tb3controller.cpp:\x1b[m\x1b[K In member function \xe2\x80\x98\x1b[01m\x1b[Kvoid tb3::go_to_goal_callback()\x1b[m\x1b[K\xe2\x80\x99:\n'}
[5.397260] (tb3) StderrLine: {'line': b'\x1b[01m\x1b[K/home/chotu/ros2_ws/src/ENPM_808X_FINAL/ENPM_808X_FINAL/src/tb3controller.cpp:136:8:\x1b[m\x1b[K \x1b[01;35m\x1b[Kwarning: \x1b[m\x1b[Ksuggest explicit braces to avoid ambiguous \xe2\x80\x98\x1b[01m\x1b[Kelse\x1b[m\x1b[K\xe2\x80\x99 [\x1b[01;35m\x1b[K\x1b]8;;https://gcc.gnu.org/onlinedocs/gcc/Warning-Options.html#index-Wdangling-else\x07-Wdangling-else\x1b]8;;\x07\x1b[m\x1b[K]\n'}
[5.397321] (tb3) StderrLine: {'line': b'  136 |     if \x1b[01;35m\x1b[K(\x1b[m\x1b[K(!m_go_to_goal) && (!m_go_to_angle))\n'}
[5.397381] (tb3) StderrLine: {'line': b'      |        \x1b[01;35m\x1b[K^\x1b[m\x1b[K\n'}
[5.410672] (-) TimerEvent: {}
[5.510998] (-) TimerEvent: {}
[5.544198] (tb3) StdoutLine: {'line': b'[ 91%] \x1b[32m\x1b[1mLinking CXX static library libgtest.a\x1b[0m\n'}
[5.595845] (tb3) StdoutLine: {'line': b'[ 91%] Built target gtest\n'}
[5.608162] (tb3) StdoutLine: {'line': b'[ 93%] \x1b[32mBuilding CXX object CMakeFiles/tb3_test.dir/test/test.o\x1b[0m\n'}
[5.611080] (-) TimerEvent: {}
[5.711365] (-) TimerEvent: {}
[5.811693] (-) TimerEvent: {}
[5.912047] (-) TimerEvent: {}
[6.012397] (-) TimerEvent: {}
[6.112724] (-) TimerEvent: {}
[6.213047] (-) TimerEvent: {}
[6.313336] (-) TimerEvent: {}
[6.413615] (-) TimerEvent: {}
[6.513895] (-) TimerEvent: {}
[6.614191] (-) TimerEvent: {}
[6.714463] (-) TimerEvent: {}
[6.814729] (-) TimerEvent: {}
[6.915006] (-) TimerEvent: {}
[7.015297] (-) TimerEvent: {}
[7.115590] (-) TimerEvent: {}
[7.215871] (-) TimerEvent: {}
[7.316154] (-) TimerEvent: {}
[7.416433] (-) TimerEvent: {}
[7.516718] (-) TimerEvent: {}
[7.617005] (-) TimerEvent: {}
[7.717293] (-) TimerEvent: {}
[7.817604] (-) TimerEvent: {}
[7.917923] (-) TimerEvent: {}
[7.933293] (tb3) StdoutLine: {'line': b'[ 95%] \x1b[32m\x1b[1mLinking CXX executable tb3G\x1b[0m\n'}
[8.018057] (-) TimerEvent: {}
[8.118447] (-) TimerEvent: {}
[8.135314] (tb3) StdoutLine: {'line': b'[ 95%] Built target tb3G\n'}
[8.218559] (-) TimerEvent: {}
[8.318863] (-) TimerEvent: {}
[8.419163] (-) TimerEvent: {}
[8.519449] (-) TimerEvent: {}
[8.619736] (-) TimerEvent: {}
[8.720029] (-) TimerEvent: {}
[8.820355] (-) TimerEvent: {}
[8.920665] (-) TimerEvent: {}
[9.020935] (-) TimerEvent: {}
[9.121221] (-) TimerEvent: {}
[9.221550] (-) TimerEvent: {}
[9.321862] (-) TimerEvent: {}
[9.422157] (-) TimerEvent: {}
[9.522437] (-) TimerEvent: {}
[9.622713] (-) TimerEvent: {}
[9.722992] (-) TimerEvent: {}
[9.823261] (-) TimerEvent: {}
[9.923514] (-) TimerEvent: {}
[10.023817] (-) TimerEvent: {}
[10.124265] (-) TimerEvent: {}
[10.224615] (-) TimerEvent: {}
[10.324904] (-) TimerEvent: {}
[10.425204] (-) TimerEvent: {}
[10.525464] (-) TimerEvent: {}
[10.625734] (-) TimerEvent: {}
[10.726002] (-) TimerEvent: {}
[10.826359] (-) TimerEvent: {}
[10.926805] (-) TimerEvent: {}
[11.027252] (-) TimerEvent: {}
[11.127658] (-) TimerEvent: {}
[11.227909] (-) TimerEvent: {}
[11.328168] (-) TimerEvent: {}
[11.428450] (-) TimerEvent: {}
[11.528746] (-) TimerEvent: {}
[11.629022] (-) TimerEvent: {}
[11.729306] (-) TimerEvent: {}
[11.829587] (-) TimerEvent: {}
[11.929985] (-) TimerEvent: {}
[12.030267] (-) TimerEvent: {}
[12.130534] (-) TimerEvent: {}
[12.230798] (-) TimerEvent: {}
[12.331086] (-) TimerEvent: {}
[12.431368] (-) TimerEvent: {}
[12.531653] (-) TimerEvent: {}
[12.631930] (-) TimerEvent: {}
[12.732232] (-) TimerEvent: {}
[12.832512] (-) TimerEvent: {}
[12.932781] (-) TimerEvent: {}
[13.033041] (-) TimerEvent: {}
[13.133303] (-) TimerEvent: {}
[13.233680] (-) TimerEvent: {}
[13.333975] (-) TimerEvent: {}
[13.434268] (-) TimerEvent: {}
[13.534545] (-) TimerEvent: {}
[13.634810] (-) TimerEvent: {}
[13.735074] (-) TimerEvent: {}
[13.835361] (-) TimerEvent: {}
[13.935697] (-) TimerEvent: {}
[14.035992] (-) TimerEvent: {}
[14.136313] (-) TimerEvent: {}
[14.236635] (-) TimerEvent: {}
[14.336905] (-) TimerEvent: {}
[14.437166] (-) TimerEvent: {}
[14.537445] (-) TimerEvent: {}
[14.637732] (-) TimerEvent: {}
[14.738000] (-) TimerEvent: {}
[14.838285] (-) TimerEvent: {}
[14.938567] (-) TimerEvent: {}
[15.035621] (tb3) StdoutLine: {'line': b'[ 97%] \x1b[32m\x1b[1mLinking CXX executable turtlebot_sim\x1b[0m\n'}
[15.038637] (-) TimerEvent: {}
[15.138874] (-) TimerEvent: {}
[15.239182] (-) TimerEvent: {}
[15.339457] (-) TimerEvent: {}
[15.439754] (-) TimerEvent: {}
[15.540039] (-) TimerEvent: {}
[15.581421] (tb3) StdoutLine: {'line': b'[ 97%] Built target turtlebot_sim\n'}
[15.640160] (-) TimerEvent: {}
[15.740449] (-) TimerEvent: {}
[15.840753] (-) TimerEvent: {}
[15.941074] (-) TimerEvent: {}
[16.041409] (-) TimerEvent: {}
[16.075072] (tb3) StdoutLine: {'line': b'[100%] \x1b[32m\x1b[1mLinking CXX executable tb3_test\x1b[0m\n'}
[16.141540] (-) TimerEvent: {}
[16.241933] (-) TimerEvent: {}
[16.342380] (-) TimerEvent: {}
[16.442706] (-) TimerEvent: {}
[16.525888] (tb3) StdoutLine: {'line': b'[100%] Built target tb3_test\n'}
[16.533249] (tb3) CommandEnded: {'returncode': 0}
[16.542823] (-) TimerEvent: {}
[16.580375] (tb3) JobProgress: {'identifier': 'tb3', 'progress': 'install'}
[16.585309] (tb3) Command: {'cmd': ['/usr/bin/cmake', '--install', '/home/chotu/ros2_ws/src/ENPM_808X_FINAL/build/tb3'], 'cwd': '/home/chotu/ros2_ws/src/ENPM_808X_FINAL/build/tb3', 'env': OrderedDict([('HOSTNAME', 'fa2a076f34cb'), ('SHLVL', '1'), ('LD_LIBRARY_PATH', '/home/chotu/ros2_ws/src/ENPM_808X_FINAL/install/tutorial_interfaces/lib:/home/chotu/ros2_ws/src/ENPM_808X_FINAL/install/tb3/lib:/usr/lib/x86_64-linux-gnu/gazebo-11/plugins:/opt/ros/humble/opt/rviz_ogre_vendor/lib:/opt/ros/humble/lib/x86_64-linux-gnu:/opt/ros/humble/lib'), ('HOME', '/home/chotu'), ('OLDPWD', '/home/chotu/ros2_ws/src'), ('ROS_PYTHON_VERSION', '3'), ('COLORTERM', 'truecolor'), ('_colcon_cd_root', '/opt/ros/humble/'), ('COLCON_PREFIX_PATH', '/home/chotu/ros2_ws/src/ENPM_808X_FINAL/install'), ('ROS_DISTRO', 'humble'), ('_', '/usr/bin/colcon'), ('ROS_VERSION', '2'), ('TERM', 'xterm-256color'), ('ROS_LOCALHOST_ONLY', '1'), ('QT_X11_NO_MITSHM', '1'), ('PATH', '/opt/ros/humble/bin:/usr/local/sbin:/usr/local/bin:/usr/sbin:/usr/bin:/sbin:/bin'), ('DISPLAY', ':0'), ('LANG', 'C.UTF-8'), ('XAUTHORITY', '/tmp/.docker6auzguhv.xauth'), ('AMENT_PREFIX_PATH', '/home/chotu/ros2_ws/src/ENPM_808X_FINAL/install/tb3:/home/chotu/ros2_ws/src/ENPM_808X_FINAL/install/tutorial_interfaces:/home/chotu/ros2_ws/src/ENPM_808X_FINAL/install/ros2_aruco:/opt/ros/humble'), ('TERMINATOR_UUID', 'urn:uuid:3cbeac55-f9ad-401f-a59f-3e2fbefe48db'), ('PWD', '/home/chotu/ros2_ws/src/ENPM_808X_FINAL/build/tb3'), ('LC_ALL', 'C.UTF-8'), ('PYTHONPATH', '/home/chotu/ros2_ws/src/ENPM_808X_FINAL/install/tb3/local/lib/python3.10/dist-packages:/home/chotu/ros2_ws/src/ENPM_808X_FINAL/install/tutorial_interfaces/local/lib/python3.10/dist-packages:/home/chotu/ros2_ws/src/ENPM_808X_FINAL/install/ros2_aruco/lib/python3.10/site-packages:/opt/ros/humble/lib/python3.10/site-packages:/opt/ros/humble/local/lib/python3.10/dist-packages'), ('COLCON', '1'), ('VTE_VERSION', '6800'), ('CMAKE_PREFIX_PATH', '/home/chotu/ros2_ws/src/ENPM_808X_FINAL/install/tutorial_interfaces:/home/chotu/ros2_ws/src/ENPM_808X_FINAL/install/tb3:/home/chotu/ros2_ws/src/ENPM_808X_FINAL/install/ros2_aruco:/opt/ros/humble')]), 'shell': False}
[16.590103] (tb3) StdoutLine: {'line': b'-- Install configuration: "Debug"\n'}
[16.590224] (tb3) StdoutLine: {'line': b'-- Installing: /home/chotu/ros2_ws/src/ENPM_808X_FINAL/install/tb3/share/ament_index/resource_index/rosidl_interfaces/tb3\n'}
[16.590411] (tb3) StdoutLine: {'line': b'-- Up-to-date: /home/chotu/ros2_ws/src/ENPM_808X_FINAL/install/tb3/include/tb3/tb3\n'}
[16.590519] (tb3) StdoutLine: {'line': b'-- Up-to-date: /home/chotu/ros2_ws/src/ENPM_808X_FINAL/install/tb3/include/tb3/tb3/msg\n'}
[16.590590] (tb3) StdoutLine: {'line': b'-- Installing: /home/chotu/ros2_ws/src/ENPM_808X_FINAL/install/tb3/include/tb3/tb3/msg/data.h\n'}
[16.590660] (tb3) StdoutLine: {'line': b'-- Up-to-date: /home/chotu/ros2_ws/src/ENPM_808X_FINAL/install/tb3/include/tb3/tb3/msg/detail\n'}
[16.590752] (tb3) StdoutLine: {'line': b'-- Installing: /home/chotu/ros2_ws/src/ENPM_808X_FINAL/install/tb3/include/tb3/tb3/msg/detail/data__functions.c\n'}
[16.590891] (tb3) StdoutLine: {'line': b'-- Installing: /home/chotu/ros2_ws/src/ENPM_808X_FINAL/install/tb3/include/tb3/tb3/msg/detail/data__functions.h\n'}
[16.591020] (tb3) StdoutLine: {'line': b'-- Installing: /home/chotu/ros2_ws/src/ENPM_808X_FINAL/install/tb3/include/tb3/tb3/msg/detail/data__type_support.h\n'}
[16.591112] (tb3) StdoutLine: {'line': b'-- Installing: /home/chotu/ros2_ws/src/ENPM_808X_FINAL/install/tb3/include/tb3/tb3/msg/detail/data__struct.h\n'}
[16.591174] (tb3) StdoutLine: {'line': b'-- Installing: /home/chotu/ros2_ws/src/ENPM_808X_FINAL/install/tb3/include/tb3/tb3/msg/rosidl_generator_c__visibility_control.h\n'}
[16.591263] (tb3) StdoutLine: {'line': b'-- Up-to-date: /home/chotu/ros2_ws/src/ENPM_808X_FINAL/install/tb3/include/tb3/tb3/srv\n'}
[16.591308] (tb3) StdoutLine: {'line': b'-- Up-to-date: /home/chotu/ros2_ws/src/ENPM_808X_FINAL/install/tb3/include/tb3/tb3/srv/detail\n'}
[16.591349] (tb3) StdoutLine: {'line': b'-- Installing: /home/chotu/ros2_ws/src/ENPM_808X_FINAL/install/tb3/include/tb3/tb3/srv/detail/change_string__functions.c\n'}
[16.591418] (tb3) StdoutLine: {'line': b'-- Installing: /home/chotu/ros2_ws/src/ENPM_808X_FINAL/install/tb3/include/tb3/tb3/srv/detail/change_string__type_support.h\n'}
[16.591484] (tb3) StdoutLine: {'line': b'-- Installing: /home/chotu/ros2_ws/src/ENPM_808X_FINAL/install/tb3/include/tb3/tb3/srv/detail/change_string__functions.h\n'}
[16.591557] (tb3) StdoutLine: {'line': b'-- Installing: /home/chotu/ros2_ws/src/ENPM_808X_FINAL/install/tb3/include/tb3/tb3/srv/detail/change_string__struct.h\n'}
[16.591629] (tb3) StdoutLine: {'line': b'-- Installing: /home/chotu/ros2_ws/src/ENPM_808X_FINAL/install/tb3/include/tb3/tb3/srv/change_string.h\n'}
[16.591826] (tb3) StdoutLine: {'line': b'-- Up-to-date: /home/chotu/ros2_ws/src/ENPM_808X_FINAL/install/tb3/share/tb3/environment/library_path.sh\n'}
[16.591896] (tb3) StdoutLine: {'line': b'-- Installing: /home/chotu/ros2_ws/src/ENPM_808X_FINAL/install/tb3/share/tb3/environment/library_path.dsv\n'}
[16.592138] (tb3) StdoutLine: {'line': b'-- Installing: /home/chotu/ros2_ws/src/ENPM_808X_FINAL/install/tb3/lib/libtb3__rosidl_generator_c.so\n'}
[16.592370] (tb3) StdoutLine: {'line': b'-- Set runtime path of "/home/chotu/ros2_ws/src/ENPM_808X_FINAL/install/tb3/lib/libtb3__rosidl_generator_c.so" to ""\n'}
[16.592429] (tb3) StdoutLine: {'line': b'-- Up-to-date: /home/chotu/ros2_ws/src/ENPM_808X_FINAL/install/tb3/include/tb3/tb3\n'}
[16.592500] (tb3) StdoutLine: {'line': b'-- Up-to-date: /home/chotu/ros2_ws/src/ENPM_808X_FINAL/install/tb3/include/tb3/tb3/msg\n'}
[16.592561] (tb3) StdoutLine: {'line': b'-- Up-to-date: /home/chotu/ros2_ws/src/ENPM_808X_FINAL/install/tb3/include/tb3/tb3/msg/detail\n'}
[16.592608] (tb3) StdoutLine: {'line': b'-- Installing: /home/chotu/ros2_ws/src/ENPM_808X_FINAL/install/tb3/include/tb3/tb3/msg/detail/data__rosidl_typesupport_fastrtps_c.h\n'}
[16.592688] (tb3) StdoutLine: {'line': b'-- Installing: /home/chotu/ros2_ws/src/ENPM_808X_FINAL/install/tb3/include/tb3/tb3/msg/rosidl_typesupport_fastrtps_c__visibility_control.h\n'}
[16.593094] (tb3) StdoutLine: {'line': b'-- Up-to-date: /home/chotu/ros2_ws/src/ENPM_808X_FINAL/install/tb3/include/tb3/tb3/srv\n'}
[16.593175] (tb3) StdoutLine: {'line': b'-- Up-to-date: /home/chotu/ros2_ws/src/ENPM_808X_FINAL/install/tb3/include/tb3/tb3/srv/detail\n'}
[16.593219] (tb3) StdoutLine: {'line': b'-- Installing: /home/chotu/ros2_ws/src/ENPM_808X_FINAL/install/tb3/include/tb3/tb3/srv/detail/change_string__rosidl_typesupport_fastrtps_c.h\n'}
[16.593408] (tb3) StdoutLine: {'line': b'-- Installing: /home/chotu/ros2_ws/src/ENPM_808X_FINAL/install/tb3/lib/libtb3__rosidl_typesupport_fastrtps_c.so\n'}
[16.594103] (tb3) StdoutLine: {'line': b'-- Set runtime path of "/home/chotu/ros2_ws/src/ENPM_808X_FINAL/install/tb3/lib/libtb3__rosidl_typesupport_fastrtps_c.so" to ""\n'}
[16.594193] (tb3) StdoutLine: {'line': b'-- Up-to-date: /home/chotu/ros2_ws/src/ENPM_808X_FINAL/install/tb3/include/tb3/tb3\n'}
[16.594249] (tb3) StdoutLine: {'line': b'-- Up-to-date: /home/chotu/ros2_ws/src/ENPM_808X_FINAL/install/tb3/include/tb3/tb3/msg\n'}
[16.594302] (tb3) StdoutLine: {'line': b'-- Up-to-date: /home/chotu/ros2_ws/src/ENPM_808X_FINAL/install/tb3/include/tb3/tb3/msg/detail\n'}
[16.594383] (tb3) StdoutLine: {'line': b'-- Installing: /home/chotu/ros2_ws/src/ENPM_808X_FINAL/install/tb3/include/tb3/tb3/msg/detail/data__struct.hpp\n'}
[16.594432] (tb3) StdoutLine: {'line': b'-- Installing: /home/chotu/ros2_ws/src/ENPM_808X_FINAL/install/tb3/include/tb3/tb3/msg/detail/data__builder.hpp\n'}
[16.594503] (tb3) StdoutLine: {'line': b'-- Installing: /home/chotu/ros2_ws/src/ENPM_808X_FINAL/install/tb3/include/tb3/tb3/msg/detail/data__traits.hpp\n'}
[16.594651] (tb3) StdoutLine: {'line': b'-- Installing: /home/chotu/ros2_ws/src/ENPM_808X_FINAL/install/tb3/include/tb3/tb3/msg/data.hpp\n'}
[16.594811] (tb3) StdoutLine: {'line': b'-- Up-to-date: /home/chotu/ros2_ws/src/ENPM_808X_FINAL/install/tb3/include/tb3/tb3/srv\n'}
[16.594879] (tb3) StdoutLine: {'line': b'-- Up-to-date: /home/chotu/ros2_ws/src/ENPM_808X_FINAL/install/tb3/include/tb3/tb3/srv/detail\n'}
[16.594938] (tb3) StdoutLine: {'line': b'-- Installing: /home/chotu/ros2_ws/src/ENPM_808X_FINAL/install/tb3/include/tb3/tb3/srv/detail/change_string__struct.hpp\n'}
[16.595020] (tb3) StdoutLine: {'line': b'-- Installing: /home/chotu/ros2_ws/src/ENPM_808X_FINAL/install/tb3/include/tb3/tb3/srv/detail/change_string__builder.hpp\n'}
[16.595145] (tb3) StdoutLine: {'line': b'-- Installing: /home/chotu/ros2_ws/src/ENPM_808X_FINAL/install/tb3/include/tb3/tb3/srv/detail/change_string__traits.hpp\n'}
[16.595350] (tb3) StdoutLine: {'line': b'-- Installing: /home/chotu/ros2_ws/src/ENPM_808X_FINAL/install/tb3/include/tb3/tb3/srv/change_string.hpp\n'}
[16.595551] (tb3) StdoutLine: {'line': b'-- Up-to-date: /home/chotu/ros2_ws/src/ENPM_808X_FINAL/install/tb3/include/tb3/tb3\n'}
[16.595636] (tb3) StdoutLine: {'line': b'-- Up-to-date: /home/chotu/ros2_ws/src/ENPM_808X_FINAL/install/tb3/include/tb3/tb3/msg\n'}
[16.595684] (tb3) StdoutLine: {'line': b'-- Up-to-date: /home/chotu/ros2_ws/src/ENPM_808X_FINAL/install/tb3/include/tb3/tb3/msg/detail\n'}
[16.595779] (tb3) StdoutLine: {'line': b'-- Up-to-date: /home/chotu/ros2_ws/src/ENPM_808X_FINAL/install/tb3/include/tb3/tb3/msg/detail/dds_fastrtps\n'}
[16.595829] (tb3) StdoutLine: {'line': b'-- Installing: /home/chotu/ros2_ws/src/ENPM_808X_FINAL/install/tb3/include/tb3/tb3/msg/detail/data__rosidl_typesupport_fastrtps_cpp.hpp\n'}
[16.595902] (tb3) StdoutLine: {'line': b'-- Installing: /home/chotu/ros2_ws/src/ENPM_808X_FINAL/install/tb3/include/tb3/tb3/msg/rosidl_typesupport_fastrtps_cpp__visibility_control.h\n'}
[16.595955] (tb3) StdoutLine: {'line': b'-- Up-to-date: /home/chotu/ros2_ws/src/ENPM_808X_FINAL/install/tb3/include/tb3/tb3/srv\n'}
[16.595999] (tb3) StdoutLine: {'line': b'-- Up-to-date: /home/chotu/ros2_ws/src/ENPM_808X_FINAL/install/tb3/include/tb3/tb3/srv/detail\n'}
[16.596044] (tb3) StdoutLine: {'line': b'-- Up-to-date: /home/chotu/ros2_ws/src/ENPM_808X_FINAL/install/tb3/include/tb3/tb3/srv/detail/dds_fastrtps\n'}
[16.596175] (tb3) StdoutLine: {'line': b'-- Installing: /home/chotu/ros2_ws/src/ENPM_808X_FINAL/install/tb3/include/tb3/tb3/srv/detail/change_string__rosidl_typesupport_fastrtps_cpp.hpp\n'}
[16.596242] (tb3) StdoutLine: {'line': b'-- Installing: /home/chotu/ros2_ws/src/ENPM_808X_FINAL/install/tb3/lib/libtb3__rosidl_typesupport_fastrtps_cpp.so\n'}
[16.596989] (tb3) StdoutLine: {'line': b'-- Set runtime path of "/home/chotu/ros2_ws/src/ENPM_808X_FINAL/install/tb3/lib/libtb3__rosidl_typesupport_fastrtps_cpp.so" to ""\n'}
[16.597064] (tb3) StdoutLine: {'line': b'-- Up-to-date: /home/chotu/ros2_ws/src/ENPM_808X_FINAL/install/tb3/include/tb3/tb3\n'}
[16.597108] (tb3) StdoutLine: {'line': b'-- Up-to-date: /home/chotu/ros2_ws/src/ENPM_808X_FINAL/install/tb3/include/tb3/tb3/msg\n'}
[16.597149] (tb3) StdoutLine: {'line': b'-- Up-to-date: /home/chotu/ros2_ws/src/ENPM_808X_FINAL/install/tb3/include/tb3/tb3/msg/detail\n'}
[16.597187] (tb3) StdoutLine: {'line': b'-- Installing: /home/chotu/ros2_ws/src/ENPM_808X_FINAL/install/tb3/include/tb3/tb3/msg/detail/data__rosidl_typesupport_introspection_c.h\n'}
[16.597248] (tb3) StdoutLine: {'line': b'-- Installing: /home/chotu/ros2_ws/src/ENPM_808X_FINAL/install/tb3/include/tb3/tb3/msg/detail/data__type_support.c\n'}
[16.597387] (tb3) StdoutLine: {'line': b'-- Installing: /home/chotu/ros2_ws/src/ENPM_808X_FINAL/install/tb3/include/tb3/tb3/msg/rosidl_typesupport_introspection_c__visibility_control.h\n'}
[16.597442] (tb3) StdoutLine: {'line': b'-- Up-to-date: /home/chotu/ros2_ws/src/ENPM_808X_FINAL/install/tb3/include/tb3/tb3/srv\n'}
[16.597492] (tb3) StdoutLine: {'line': b'-- Up-to-date: /home/chotu/ros2_ws/src/ENPM_808X_FINAL/install/tb3/include/tb3/tb3/srv/detail\n'}
[16.597551] (tb3) StdoutLine: {'line': b'-- Installing: /home/chotu/ros2_ws/src/ENPM_808X_FINAL/install/tb3/include/tb3/tb3/srv/detail/change_string__rosidl_typesupport_introspection_c.h\n'}
[16.597625] (tb3) StdoutLine: {'line': b'-- Installing: /home/chotu/ros2_ws/src/ENPM_808X_FINAL/install/tb3/include/tb3/tb3/srv/detail/change_string__type_support.c\n'}
[16.597874] (tb3) StdoutLine: {'line': b'-- Installing: /home/chotu/ros2_ws/src/ENPM_808X_FINAL/install/tb3/lib/libtb3__rosidl_typesupport_introspection_c.so\n'}
[16.598069] (tb3) StdoutLine: {'line': b'-- Set runtime path of "/home/chotu/ros2_ws/src/ENPM_808X_FINAL/install/tb3/lib/libtb3__rosidl_typesupport_introspection_c.so" to ""\n'}
[16.598145] (tb3) StdoutLine: {'line': b'-- Installing: /home/chotu/ros2_ws/src/ENPM_808X_FINAL/install/tb3/lib/libtb3__rosidl_typesupport_c.so\n'}
[16.598435] (tb3) StdoutLine: {'line': b'-- Set runtime path of "/home/chotu/ros2_ws/src/ENPM_808X_FINAL/install/tb3/lib/libtb3__rosidl_typesupport_c.so" to ""\n'}
[16.598486] (tb3) StdoutLine: {'line': b'-- Up-to-date: /home/chotu/ros2_ws/src/ENPM_808X_FINAL/install/tb3/include/tb3/tb3\n'}
[16.598556] (tb3) StdoutLine: {'line': b'-- Up-to-date: /home/chotu/ros2_ws/src/ENPM_808X_FINAL/install/tb3/include/tb3/tb3/msg\n'}
[16.598598] (tb3) StdoutLine: {'line': b'-- Up-to-date: /home/chotu/ros2_ws/src/ENPM_808X_FINAL/install/tb3/include/tb3/tb3/msg/detail\n'}
[16.598638] (tb3) StdoutLine: {'line': b'-- Installing: /home/chotu/ros2_ws/src/ENPM_808X_FINAL/install/tb3/include/tb3/tb3/msg/detail/data__type_support.cpp\n'}
[16.598686] (tb3) StdoutLine: {'line': b'-- Installing: /home/chotu/ros2_ws/src/ENPM_808X_FINAL/install/tb3/include/tb3/tb3/msg/detail/data__rosidl_typesupport_introspection_cpp.hpp\n'}
[16.598810] (tb3) StdoutLine: {'line': b'-- Up-to-date: /home/chotu/ros2_ws/src/ENPM_808X_FINAL/install/tb3/include/tb3/tb3/srv\n'}
[16.598860] (tb3) StdoutLine: {'line': b'-- Up-to-date: /home/chotu/ros2_ws/src/ENPM_808X_FINAL/install/tb3/include/tb3/tb3/srv/detail\n'}
[16.598916] (tb3) StdoutLine: {'line': b'-- Installing: /home/chotu/ros2_ws/src/ENPM_808X_FINAL/install/tb3/include/tb3/tb3/srv/detail/change_string__type_support.cpp\n'}
[16.599014] (tb3) StdoutLine: {'line': b'-- Installing: /home/chotu/ros2_ws/src/ENPM_808X_FINAL/install/tb3/include/tb3/tb3/srv/detail/change_string__rosidl_typesupport_introspection_cpp.hpp\n'}
[16.599237] (tb3) StdoutLine: {'line': b'-- Installing: /home/chotu/ros2_ws/src/ENPM_808X_FINAL/install/tb3/lib/libtb3__rosidl_typesupport_introspection_cpp.so\n'}
[16.599901] (tb3) StdoutLine: {'line': b'-- Set runtime path of "/home/chotu/ros2_ws/src/ENPM_808X_FINAL/install/tb3/lib/libtb3__rosidl_typesupport_introspection_cpp.so" to ""\n'}
[16.599967] (tb3) StdoutLine: {'line': b'-- Installing: /home/chotu/ros2_ws/src/ENPM_808X_FINAL/install/tb3/lib/libtb3__rosidl_typesupport_cpp.so\n'}
[16.600363] (tb3) StdoutLine: {'line': b'-- Set runtime path of "/home/chotu/ros2_ws/src/ENPM_808X_FINAL/install/tb3/lib/libtb3__rosidl_typesupport_cpp.so" to ""\n'}
[16.600425] (tb3) StdoutLine: {'line': b'-- Installing: /home/chotu/ros2_ws/src/ENPM_808X_FINAL/install/tb3/share/tb3/environment/pythonpath.sh\n'}
[16.600563] (tb3) StdoutLine: {'line': b'-- Installing: /home/chotu/ros2_ws/src/ENPM_808X_FINAL/install/tb3/share/tb3/environment/pythonpath.dsv\n'}
[16.600743] (tb3) StdoutLine: {'line': b'-- Up-to-date: /home/chotu/ros2_ws/src/ENPM_808X_FINAL/install/tb3/local/lib/python3.10/dist-packages/tb3-0.0.0-py3.10.egg-info\n'}
[16.600805] (tb3) StdoutLine: {'line': b'-- Installing: /home/chotu/ros2_ws/src/ENPM_808X_FINAL/install/tb3/local/lib/python3.10/dist-packages/tb3-0.0.0-py3.10.egg-info/SOURCES.txt\n'}
[16.601043] (tb3) StdoutLine: {'line': b'-- Installing: /home/chotu/ros2_ws/src/ENPM_808X_FINAL/install/tb3/local/lib/python3.10/dist-packages/tb3-0.0.0-py3.10.egg-info/PKG-INFO\n'}
[16.601192] (tb3) StdoutLine: {'line': b'-- Installing: /home/chotu/ros2_ws/src/ENPM_808X_FINAL/install/tb3/local/lib/python3.10/dist-packages/tb3-0.0.0-py3.10.egg-info/top_level.txt\n'}
[16.601334] (tb3) StdoutLine: {'line': b'-- Installing: /home/chotu/ros2_ws/src/ENPM_808X_FINAL/install/tb3/local/lib/python3.10/dist-packages/tb3-0.0.0-py3.10.egg-info/dependency_links.txt\n'}
[16.601501] (tb3) StdoutLine: {'line': b'-- Up-to-date: /home/chotu/ros2_ws/src/ENPM_808X_FINAL/install/tb3/local/lib/python3.10/dist-packages/tb3\n'}
[16.601562] (tb3) StdoutLine: {'line': b'-- Up-to-date: /home/chotu/ros2_ws/src/ENPM_808X_FINAL/install/tb3/local/lib/python3.10/dist-packages/tb3/msg\n'}
[16.601610] (tb3) StdoutLine: {'line': b'-- Installing: /home/chotu/ros2_ws/src/ENPM_808X_FINAL/install/tb3/local/lib/python3.10/dist-packages/tb3/msg/__init__.py\n'}
[16.601671] (tb3) StdoutLine: {'line': b'-- Installing: /home/chotu/ros2_ws/src/ENPM_808X_FINAL/install/tb3/local/lib/python3.10/dist-packages/tb3/msg/_data.py\n'}
[16.601715] (tb3) StdoutLine: {'line': b'-- Installing: /home/chotu/ros2_ws/src/ENPM_808X_FINAL/install/tb3/local/lib/python3.10/dist-packages/tb3/msg/_data_s.c\n'}
[16.601811] (tb3) StdoutLine: {'line': b'-- Installing: /home/chotu/ros2_ws/src/ENPM_808X_FINAL/install/tb3/local/lib/python3.10/dist-packages/tb3/tb3_s__rosidl_typesupport_c.cpython-310-x86_64-linux-gnu.so\n'}
[16.601976] (tb3) StdoutLine: {'line': b'-- Installing: /home/chotu/ros2_ws/src/ENPM_808X_FINAL/install/tb3/local/lib/python3.10/dist-packages/tb3/tb3_s__rosidl_typesupport_fastrtps_c.cpython-310-x86_64-linux-gnu.so\n'}
[16.602155] (tb3) StdoutLine: {'line': b'-- Installing: /home/chotu/ros2_ws/src/ENPM_808X_FINAL/install/tb3/local/lib/python3.10/dist-packages/tb3/__init__.py\n'}
[16.602215] (tb3) StdoutLine: {'line': b'-- Up-to-date: /home/chotu/ros2_ws/src/ENPM_808X_FINAL/install/tb3/local/lib/python3.10/dist-packages/tb3/srv\n'}
[16.602283] (tb3) StdoutLine: {'line': b'-- Installing: /home/chotu/ros2_ws/src/ENPM_808X_FINAL/install/tb3/local/lib/python3.10/dist-packages/tb3/srv/__init__.py\n'}
[16.602342] (tb3) StdoutLine: {'line': b'-- Installing: /home/chotu/ros2_ws/src/ENPM_808X_FINAL/install/tb3/local/lib/python3.10/dist-packages/tb3/srv/_change_string.py\n'}
[16.602388] (tb3) StdoutLine: {'line': b'-- Installing: /home/chotu/ros2_ws/src/ENPM_808X_FINAL/install/tb3/local/lib/python3.10/dist-packages/tb3/srv/_change_string_s.c\n'}
[16.602501] (tb3) StdoutLine: {'line': b'-- Installing: /home/chotu/ros2_ws/src/ENPM_808X_FINAL/install/tb3/local/lib/python3.10/dist-packages/tb3/_tb3_s.ep.rosidl_typesupport_fastrtps_c.c\n'}
[16.602667] (tb3) StdoutLine: {'line': b'-- Installing: /home/chotu/ros2_ws/src/ENPM_808X_FINAL/install/tb3/local/lib/python3.10/dist-packages/tb3/libtb3__rosidl_generator_py.so\n'}
[16.602822] (tb3) StdoutLine: {'line': b'-- Installing: /home/chotu/ros2_ws/src/ENPM_808X_FINAL/install/tb3/local/lib/python3.10/dist-packages/tb3/_tb3_s.ep.rosidl_typesupport_introspection_c.c\n'}
[16.602994] (tb3) StdoutLine: {'line': b'-- Installing: /home/chotu/ros2_ws/src/ENPM_808X_FINAL/install/tb3/local/lib/python3.10/dist-packages/tb3/_tb3_s.ep.rosidl_typesupport_c.c\n'}
[16.603147] (tb3) StdoutLine: {'line': b'-- Installing: /home/chotu/ros2_ws/src/ENPM_808X_FINAL/install/tb3/local/lib/python3.10/dist-packages/tb3/tb3_s__rosidl_typesupport_introspection_c.cpython-310-x86_64-linux-gnu.so\n'}
[16.626551] (tb3) StdoutLine: {'line': b"Listing '/home/chotu/ros2_ws/src/ENPM_808X_FINAL/install/tb3/local/lib/python3.10/dist-packages/tb3'...\n"}
[16.626790] (tb3) StdoutLine: {'line': b"Compiling '/home/chotu/ros2_ws/src/ENPM_808X_FINAL/install/tb3/local/lib/python3.10/dist-packages/tb3/__init__.py'...\n"}
[16.626857] (tb3) StdoutLine: {'line': b"Listing '/home/chotu/ros2_ws/src/ENPM_808X_FINAL/install/tb3/local/lib/python3.10/dist-packages/tb3/msg'...\n"}
[16.626914] (tb3) StdoutLine: {'line': b"Compiling '/home/chotu/ros2_ws/src/ENPM_808X_FINAL/install/tb3/local/lib/python3.10/dist-packages/tb3/msg/__init__.py'...\n"}
[16.626968] (tb3) StdoutLine: {'line': b"Compiling '/home/chotu/ros2_ws/src/ENPM_808X_FINAL/install/tb3/local/lib/python3.10/dist-packages/tb3/msg/_data.py'...\n"}
[16.627021] (tb3) StdoutLine: {'line': b"Listing '/home/chotu/ros2_ws/src/ENPM_808X_FINAL/install/tb3/local/lib/python3.10/dist-packages/tb3/srv'...\n"}
[16.627074] (tb3) StdoutLine: {'line': b"Compiling '/home/chotu/ros2_ws/src/ENPM_808X_FINAL/install/tb3/local/lib/python3.10/dist-packages/tb3/srv/__init__.py'...\n"}
[16.627124] (tb3) StdoutLine: {'line': b"Compiling '/home/chotu/ros2_ws/src/ENPM_808X_FINAL/install/tb3/local/lib/python3.10/dist-packages/tb3/srv/_change_string.py'...\n"}
[16.629899] (tb3) StdoutLine: {'line': b'-- Installing: /home/chotu/ros2_ws/src/ENPM_808X_FINAL/install/tb3/local/lib/python3.10/dist-packages/tb3/tb3_s__rosidl_typesupport_fastrtps_c.cpython-310-x86_64-linux-gnu.so\n'}
[16.630109] (tb3) StdoutLine: {'line': b'-- Set runtime path of "/home/chotu/ros2_ws/src/ENPM_808X_FINAL/install/tb3/local/lib/python3.10/dist-packages/tb3/tb3_s__rosidl_typesupport_fastrtps_c.cpython-310-x86_64-linux-gnu.so" to ""\n'}
[16.630236] (tb3) StdoutLine: {'line': b'-- Installing: /home/chotu/ros2_ws/src/ENPM_808X_FINAL/install/tb3/local/lib/python3.10/dist-packages/tb3/tb3_s__rosidl_typesupport_introspection_c.cpython-310-x86_64-linux-gnu.so\n'}
[16.630417] (tb3) StdoutLine: {'line': b'-- Set runtime path of "/home/chotu/ros2_ws/src/ENPM_808X_FINAL/install/tb3/local/lib/python3.10/dist-packages/tb3/tb3_s__rosidl_typesupport_introspection_c.cpython-310-x86_64-linux-gnu.so" to ""\n'}
[16.630517] (tb3) StdoutLine: {'line': b'-- Installing: /home/chotu/ros2_ws/src/ENPM_808X_FINAL/install/tb3/local/lib/python3.10/dist-packages/tb3/tb3_s__rosidl_typesupport_c.cpython-310-x86_64-linux-gnu.so\n'}
[16.630673] (tb3) StdoutLine: {'line': b'-- Set runtime path of "/home/chotu/ros2_ws/src/ENPM_808X_FINAL/install/tb3/local/lib/python3.10/dist-packages/tb3/tb3_s__rosidl_typesupport_c.cpython-310-x86_64-linux-gnu.so" to ""\n'}
[16.630752] (tb3) StdoutLine: {'line': b'-- Installing: /home/chotu/ros2_ws/src/ENPM_808X_FINAL/install/tb3/lib/libtb3__rosidl_generator_py.so\n'}
[16.630962] (tb3) StdoutLine: {'line': b'-- Set runtime path of "/home/chotu/ros2_ws/src/ENPM_808X_FINAL/install/tb3/lib/libtb3__rosidl_generator_py.so" to ""\n'}
[16.631049] (tb3) StdoutLine: {'line': b'-- Installing: /home/chotu/ros2_ws/src/ENPM_808X_FINAL/install/tb3/share/tb3/msg/Data.idl\n'}
[16.631125] (tb3) StdoutLine: {'line': b'-- Installing: /home/chotu/ros2_ws/src/ENPM_808X_FINAL/install/tb3/share/tb3/srv/ChangeString.idl\n'}
[16.631216] (tb3) StdoutLine: {'line': b'-- Up-to-date: /home/chotu/ros2_ws/src/ENPM_808X_FINAL/install/tb3/share/tb3/msg/Data.msg\n'}
[16.631272] (tb3) StdoutLine: {'line': b'-- Up-to-date: /home/chotu/ros2_ws/src/ENPM_808X_FINAL/install/tb3/share/tb3/srv/ChangeString.srv\n'}
[16.631322] (tb3) StdoutLine: {'line': b'-- Installing: /home/chotu/ros2_ws/src/ENPM_808X_FINAL/install/tb3/share/tb3/srv/ChangeString_Request.msg\n'}
[16.631385] (tb3) StdoutLine: {'line': b'-- Installing: /home/chotu/ros2_ws/src/ENPM_808X_FINAL/install/tb3/share/tb3/srv/ChangeString_Response.msg\n'}
[16.631587] (tb3) StdoutLine: {'line': b'-- Installing: /home/chotu/ros2_ws/src/ENPM_808X_FINAL/install/tb3/lib/tb3/tb3G\n'}
[16.637721] (tb3) StdoutLine: {'line': b'-- Set runtime path of "/home/chotu/ros2_ws/src/ENPM_808X_FINAL/install/tb3/lib/tb3/tb3G" to ""\n'}
[16.637839] (tb3) StdoutLine: {'line': b'-- Installing: /home/chotu/ros2_ws/src/ENPM_808X_FINAL/install/tb3/lib/tb3/turtlebot_sim\n'}
[16.642876] (-) TimerEvent: {}
[16.659394] (tb3) StdoutLine: {'line': b'-- Set runtime path of "/home/chotu/ros2_ws/src/ENPM_808X_FINAL/install/tb3/lib/tb3/turtlebot_sim" to ""\n'}
[16.659806] (tb3) StdoutLine: {'line': b'-- Up-to-date: /home/chotu/ros2_ws/src/ENPM_808X_FINAL/install/tb3/share/tb3//launch\n'}
[16.659888] (tb3) StdoutLine: {'line': b'-- Up-to-date: /home/chotu/ros2_ws/src/ENPM_808X_FINAL/install/tb3/share/tb3//launch/load_world_into_gazebo.launch.py\n'}
[16.659960] (tb3) StdoutLine: {'line': b'-- Up-to-date: /home/chotu/ros2_ws/src/ENPM_808X_FINAL/install/tb3/share/tb3//launch/demo_launch.py\n'}
[16.660026] (tb3) StdoutLine: {'line': b'-- Up-to-date: /home/chotu/ros2_ws/src/ENPM_808X_FINAL/install/tb3/share/tb3//launch/gazebo.launch.py\n'}
[16.660147] (tb3) StdoutLine: {'line': b'-- Up-to-date: /home/chotu/ros2_ws/src/ENPM_808X_FINAL/install/tb3/share/tb3//worlds\n'}
[16.660222] (tb3) StdoutLine: {'line': b'-- Up-to-date: /home/chotu/ros2_ws/src/ENPM_808X_FINAL/install/tb3/share/tb3//worlds/custom_world_2_b.world\n'}
[16.660295] (tb3) StdoutLine: {'line': b'-- Up-to-date: /home/chotu/ros2_ws/src/ENPM_808X_FINAL/install/tb3/share/tb3//worlds/cafe_2.world\n'}
[16.660364] (tb3) StdoutLine: {'line': b'-- Up-to-date: /home/chotu/ros2_ws/src/ENPM_808X_FINAL/install/tb3/share/tb3//worlds/final_world.world\n'}
[16.660416] (tb3) StdoutLine: {'line': b'-- Up-to-date: /home/chotu/ros2_ws/src/ENPM_808X_FINAL/install/tb3/share/tb3//worlds/cafe.world\n'}
[16.660469] (tb3) StdoutLine: {'line': b'-- Up-to-date: /home/chotu/ros2_ws/src/ENPM_808X_FINAL/install/tb3/share/tb3//worlds/final_world_1.world\n'}
[16.660520] (tb3) StdoutLine: {'line': b'-- Up-to-date: /home/chotu/ros2_ws/src/ENPM_808X_FINAL/install/tb3/share/tb3//worlds/final_world_3.world\n'}
[16.660572] (tb3) StdoutLine: {'line': b'-- Up-to-date: /home/chotu/ros2_ws/src/ENPM_808X_FINAL/install/tb3/share/tb3//worlds/final_world_2.world\n'}
[16.660624] (tb3) StdoutLine: {'line': b'-- Up-to-date: /home/chotu/ros2_ws/src/ENPM_808X_FINAL/install/tb3/share/tb3//worlds/custom_world_1.world\n'}
[16.660675] (tb3) StdoutLine: {'line': b'-- Up-to-date: /home/chotu/ros2_ws/src/ENPM_808X_FINAL/install/tb3/share/tb3//worlds/custom_world_3_bak.world\n'}
[16.660727] (tb3) StdoutLine: {'line': b'-- Up-to-date: /home/chotu/ros2_ws/src/ENPM_808X_FINAL/install/tb3/share/tb3//worlds/custom_world_5_bak.world\n'}
[16.660791] (tb3) StdoutLine: {'line': b'-- Up-to-date: /home/chotu/ros2_ws/src/ENPM_808X_FINAL/install/tb3/share/tb3//worlds/custom_world.world\n'}
[16.660872] (tb3) StdoutLine: {'line': b'-- Up-to-date: /home/chotu/ros2_ws/src/ENPM_808X_FINAL/install/tb3/share/tb3//worlds/custom_world_2_bak.world\n'}
[16.661000] (tb3) StdoutLine: {'line': b'-- Up-to-date: /home/chotu/ros2_ws/src/ENPM_808X_FINAL/install/tb3/share/tb3//models\n'}
[16.661055] (tb3) StdoutLine: {'line': b'-- Up-to-date: /home/chotu/ros2_ws/src/ENPM_808X_FINAL/install/tb3/share/tb3//models/aruco_marker_3\n'}
[16.661109] (tb3) StdoutLine: {'line': b'-- Up-to-date: /home/chotu/ros2_ws/src/ENPM_808X_FINAL/install/tb3/share/tb3//models/aruco_marker_3/model.config\n'}
[16.661161] (tb3) StdoutLine: {'line': b'-- Up-to-date: /home/chotu/ros2_ws/src/ENPM_808X_FINAL/install/tb3/share/tb3//models/aruco_marker_3/materials\n'}
[16.661212] (tb3) StdoutLine: {'line': b'-- Up-to-date: /home/chotu/ros2_ws/src/ENPM_808X_FINAL/install/tb3/share/tb3//models/aruco_marker_3/materials/textures\n'}
[16.661264] (tb3) StdoutLine: {'line': b'-- Up-to-date: /home/chotu/ros2_ws/src/ENPM_808X_FINAL/install/tb3/share/tb3//models/aruco_marker_3/materials/textures/marker_3.png\n'}
[16.661331] (tb3) StdoutLine: {'line': b'-- Up-to-date: /home/chotu/ros2_ws/src/ENPM_808X_FINAL/install/tb3/share/tb3//models/aruco_marker_3/materials/scripts\n'}
[16.661380] (tb3) StdoutLine: {'line': b'-- Up-to-date: /home/chotu/ros2_ws/src/ENPM_808X_FINAL/install/tb3/share/tb3//models/aruco_marker_3/materials/scripts/marker.material\n'}
[16.661429] (tb3) StdoutLine: {'line': b'-- Up-to-date: /home/chotu/ros2_ws/src/ENPM_808X_FINAL/install/tb3/share/tb3//models/aruco_marker_3/model.sdf\n'}
[16.661471] (tb3) StdoutLine: {'line': b'-- Up-to-date: /home/chotu/ros2_ws/src/ENPM_808X_FINAL/install/tb3/share/tb3//models/aruco_marker_1\n'}
[16.661513] (tb3) StdoutLine: {'line': b'-- Up-to-date: /home/chotu/ros2_ws/src/ENPM_808X_FINAL/install/tb3/share/tb3//models/aruco_marker_1/model.config\n'}
[16.661567] (tb3) StdoutLine: {'line': b'-- Up-to-date: /home/chotu/ros2_ws/src/ENPM_808X_FINAL/install/tb3/share/tb3//models/aruco_marker_1/materials\n'}
[16.661610] (tb3) StdoutLine: {'line': b'-- Up-to-date: /home/chotu/ros2_ws/src/ENPM_808X_FINAL/install/tb3/share/tb3//models/aruco_marker_1/materials/textures\n'}
[16.661651] (tb3) StdoutLine: {'line': b'-- Up-to-date: /home/chotu/ros2_ws/src/ENPM_808X_FINAL/install/tb3/share/tb3//models/aruco_marker_1/materials/textures/marker_1.png\n'}
[16.661704] (tb3) StdoutLine: {'line': b'-- Up-to-date: /home/chotu/ros2_ws/src/ENPM_808X_FINAL/install/tb3/share/tb3//models/aruco_marker_1/materials/scripts\n'}
[16.661744] (tb3) StdoutLine: {'line': b'-- Up-to-date: /home/chotu/ros2_ws/src/ENPM_808X_FINAL/install/tb3/share/tb3//models/aruco_marker_1/materials/scripts/marker.material\n'}
[16.661783] (tb3) StdoutLine: {'line': b'-- Up-to-date: /home/chotu/ros2_ws/src/ENPM_808X_FINAL/install/tb3/share/tb3//models/aruco_marker_1/model.sdf\n'}
[16.661821] (tb3) StdoutLine: {'line': b'-- Up-to-date: /home/chotu/ros2_ws/src/ENPM_808X_FINAL/install/tb3/share/tb3//models/aruco_marker_2\n'}
[16.661869] (tb3) StdoutLine: {'line': b'-- Up-to-date: /home/chotu/ros2_ws/src/ENPM_808X_FINAL/install/tb3/share/tb3//models/aruco_marker_2/model.config\n'}
[16.661919] (tb3) StdoutLine: {'line': b'-- Up-to-date: /home/chotu/ros2_ws/src/ENPM_808X_FINAL/install/tb3/share/tb3//models/aruco_marker_2/materials\n'}
[16.661957] (tb3) StdoutLine: {'line': b'-- Up-to-date: /home/chotu/ros2_ws/src/ENPM_808X_FINAL/install/tb3/share/tb3//models/aruco_marker_2/materials/textures\n'}
[16.661995] (tb3) StdoutLine: {'line': b'-- Up-to-date: /home/chotu/ros2_ws/src/ENPM_808X_FINAL/install/tb3/share/tb3//models/aruco_marker_2/materials/textures/marker_2.png\n'}
[16.662033] (tb3) StdoutLine: {'line': b'-- Up-to-date: /home/chotu/ros2_ws/src/ENPM_808X_FINAL/install/tb3/share/tb3//models/aruco_marker_2/materials/scripts\n'}
[16.662075] (tb3) StdoutLine: {'line': b'-- Up-to-date: /home/chotu/ros2_ws/src/ENPM_808X_FINAL/install/tb3/share/tb3//models/aruco_marker_2/materials/scripts/marker.material\n'}
[16.662115] (tb3) StdoutLine: {'line': b'-- Up-to-date: /home/chotu/ros2_ws/src/ENPM_808X_FINAL/install/tb3/share/tb3//models/aruco_marker_2/model.sdf\n'}
[16.662163] (tb3) StdoutLine: {'line': b'-- Up-to-date: /home/chotu/ros2_ws/src/ENPM_808X_FINAL/install/tb3/share/tb3//models/aruco_marker_0\n'}
[16.662211] (tb3) StdoutLine: {'line': b'-- Up-to-date: /home/chotu/ros2_ws/src/ENPM_808X_FINAL/install/tb3/share/tb3//models/aruco_marker_0/model.config\n'}
[16.662251] (tb3) StdoutLine: {'line': b'-- Up-to-date: /home/chotu/ros2_ws/src/ENPM_808X_FINAL/install/tb3/share/tb3//models/aruco_marker_0/materials\n'}
[16.662293] (tb3) StdoutLine: {'line': b'-- Up-to-date: /home/chotu/ros2_ws/src/ENPM_808X_FINAL/install/tb3/share/tb3//models/aruco_marker_0/materials/textures\n'}
[16.662343] (tb3) StdoutLine: {'line': b'-- Up-to-date: /home/chotu/ros2_ws/src/ENPM_808X_FINAL/install/tb3/share/tb3//models/aruco_marker_0/materials/textures/marker_0.png\n'}
[16.662382] (tb3) StdoutLine: {'line': b'-- Up-to-date: /home/chotu/ros2_ws/src/ENPM_808X_FINAL/install/tb3/share/tb3//models/aruco_marker_0/materials/scripts\n'}
[16.662419] (tb3) StdoutLine: {'line': b'-- Up-to-date: /home/chotu/ros2_ws/src/ENPM_808X_FINAL/install/tb3/share/tb3//models/aruco_marker_0/materials/scripts/marker.material\n'}
[16.662458] (tb3) StdoutLine: {'line': b'-- Up-to-date: /home/chotu/ros2_ws/src/ENPM_808X_FINAL/install/tb3/share/tb3//models/aruco_marker_0/model.sdf\n'}
[16.662509] (tb3) StdoutLine: {'line': b'-- Up-to-date: /home/chotu/ros2_ws/src/ENPM_808X_FINAL/install/tb3/share/tb3//scripts\n'}
[16.662548] (tb3) StdoutLine: {'line': b'-- Up-to-date: /home/chotu/ros2_ws/src/ENPM_808X_FINAL/install/tb3/share/tb3//scripts/generate_coverage_report.bash\n'}
[16.662587] (tb3) StdoutLine: {'line': b'-- Up-to-date: /home/chotu/ros2_ws/src/ENPM_808X_FINAL/install/tb3/lib/tb3/generate_coverage_report.bash\n'}
[16.662648] (tb3) StdoutLine: {'line': b'-- Installing: /home/chotu/ros2_ws/src/ENPM_808X_FINAL/install/tb3/share/ament_index/resource_index/package_run_dependencies/tb3\n'}
[16.662690] (tb3) StdoutLine: {'line': b'-- Installing: /home/chotu/ros2_ws/src/ENPM_808X_FINAL/install/tb3/share/ament_index/resource_index/parent_prefix_path/tb3\n'}
[16.662727] (tb3) StdoutLine: {'line': b'-- Up-to-date: /home/chotu/ros2_ws/src/ENPM_808X_FINAL/install/tb3/share/tb3/environment/ament_prefix_path.sh\n'}
[16.662766] (tb3) StdoutLine: {'line': b'-- Installing: /home/chotu/ros2_ws/src/ENPM_808X_FINAL/install/tb3/share/tb3/environment/ament_prefix_path.dsv\n'}
[16.662802] (tb3) StdoutLine: {'line': b'-- Up-to-date: /home/chotu/ros2_ws/src/ENPM_808X_FINAL/install/tb3/share/tb3/environment/path.sh\n'}
[16.662840] (tb3) StdoutLine: {'line': b'-- Installing: /home/chotu/ros2_ws/src/ENPM_808X_FINAL/install/tb3/share/tb3/environment/path.dsv\n'}
[16.662878] (tb3) StdoutLine: {'line': b'-- Installing: /home/chotu/ros2_ws/src/ENPM_808X_FINAL/install/tb3/share/tb3/local_setup.bash\n'}
[16.662926] (tb3) StdoutLine: {'line': b'-- Installing: /home/chotu/ros2_ws/src/ENPM_808X_FINAL/install/tb3/share/tb3/local_setup.sh\n'}
[16.662969] (tb3) StdoutLine: {'line': b'-- Installing: /home/chotu/ros2_ws/src/ENPM_808X_FINAL/install/tb3/share/tb3/local_setup.zsh\n'}
[16.663009] (tb3) StdoutLine: {'line': b'-- Installing: /home/chotu/ros2_ws/src/ENPM_808X_FINAL/install/tb3/share/tb3/local_setup.dsv\n'}
[16.663057] (tb3) StdoutLine: {'line': b'-- Installing: /home/chotu/ros2_ws/src/ENPM_808X_FINAL/install/tb3/share/tb3/package.dsv\n'}
[16.663103] (tb3) StdoutLine: {'line': b'-- Installing: /home/chotu/ros2_ws/src/ENPM_808X_FINAL/install/tb3/share/ament_index/resource_index/packages/tb3\n'}
[16.663151] (tb3) StdoutLine: {'line': b'-- Installing: /home/chotu/ros2_ws/src/ENPM_808X_FINAL/install/tb3/share/tb3/cmake/export_tb3__rosidl_generator_cExport.cmake\n'}
[16.663198] (tb3) StdoutLine: {'line': b'-- Installing: /home/chotu/ros2_ws/src/ENPM_808X_FINAL/install/tb3/share/tb3/cmake/export_tb3__rosidl_generator_cExport-debug.cmake\n'}
[16.663255] (tb3) StdoutLine: {'line': b'-- Installing: /home/chotu/ros2_ws/src/ENPM_808X_FINAL/install/tb3/share/tb3/cmake/export_tb3__rosidl_typesupport_fastrtps_cExport.cmake\n'}
[16.663298] (tb3) StdoutLine: {'line': b'-- Installing: /home/chotu/ros2_ws/src/ENPM_808X_FINAL/install/tb3/share/tb3/cmake/export_tb3__rosidl_typesupport_fastrtps_cExport-debug.cmake\n'}
[16.663371] (tb3) StdoutLine: {'line': b'-- Installing: /home/chotu/ros2_ws/src/ENPM_808X_FINAL/install/tb3/share/tb3/cmake/export_tb3__rosidl_generator_cppExport.cmake\n'}
[16.663514] (tb3) StdoutLine: {'line': b'-- Installing: /home/chotu/ros2_ws/src/ENPM_808X_FINAL/install/tb3/share/tb3/cmake/export_tb3__rosidl_typesupport_fastrtps_cppExport.cmake\n'}
[16.663602] (tb3) StdoutLine: {'line': b'-- Installing: /home/chotu/ros2_ws/src/ENPM_808X_FINAL/install/tb3/share/tb3/cmake/export_tb3__rosidl_typesupport_fastrtps_cppExport-debug.cmake\n'}
[16.663887] (tb3) StdoutLine: {'line': b'-- Installing: /home/chotu/ros2_ws/src/ENPM_808X_FINAL/install/tb3/share/tb3/cmake/tb3__rosidl_typesupport_introspection_cExport.cmake\n'}
[16.663975] (tb3) StdoutLine: {'line': b'-- Installing: /home/chotu/ros2_ws/src/ENPM_808X_FINAL/install/tb3/share/tb3/cmake/tb3__rosidl_typesupport_introspection_cExport-debug.cmake\n'}
[16.664296] (tb3) StdoutLine: {'line': b'-- Installing: /home/chotu/ros2_ws/src/ENPM_808X_FINAL/install/tb3/share/tb3/cmake/tb3__rosidl_typesupport_cExport.cmake\n'}
[16.664387] (tb3) StdoutLine: {'line': b'-- Installing: /home/chotu/ros2_ws/src/ENPM_808X_FINAL/install/tb3/share/tb3/cmake/tb3__rosidl_typesupport_cExport-debug.cmake\n'}
[16.664670] (tb3) StdoutLine: {'line': b'-- Installing: /home/chotu/ros2_ws/src/ENPM_808X_FINAL/install/tb3/share/tb3/cmake/tb3__rosidl_typesupport_introspection_cppExport.cmake\n'}
[16.664755] (tb3) StdoutLine: {'line': b'-- Installing: /home/chotu/ros2_ws/src/ENPM_808X_FINAL/install/tb3/share/tb3/cmake/tb3__rosidl_typesupport_introspection_cppExport-debug.cmake\n'}
[16.665050] (tb3) StdoutLine: {'line': b'-- Installing: /home/chotu/ros2_ws/src/ENPM_808X_FINAL/install/tb3/share/tb3/cmake/tb3__rosidl_typesupport_cppExport.cmake\n'}
[16.665136] (tb3) StdoutLine: {'line': b'-- Installing: /home/chotu/ros2_ws/src/ENPM_808X_FINAL/install/tb3/share/tb3/cmake/tb3__rosidl_typesupport_cppExport-debug.cmake\n'}
[16.665413] (tb3) StdoutLine: {'line': b'-- Installing: /home/chotu/ros2_ws/src/ENPM_808X_FINAL/install/tb3/share/tb3/cmake/export_tb3__rosidl_generator_pyExport.cmake\n'}
[16.665501] (tb3) StdoutLine: {'line': b'-- Installing: /home/chotu/ros2_ws/src/ENPM_808X_FINAL/install/tb3/share/tb3/cmake/export_tb3__rosidl_generator_pyExport-debug.cmake\n'}
[16.665669] (tb3) StdoutLine: {'line': b'-- Installing: /home/chotu/ros2_ws/src/ENPM_808X_FINAL/install/tb3/share/tb3/cmake/rosidl_cmake-extras.cmake\n'}
[16.665831] (tb3) StdoutLine: {'line': b'-- Installing: /home/chotu/ros2_ws/src/ENPM_808X_FINAL/install/tb3/share/tb3/cmake/ament_cmake_export_dependencies-extras.cmake\n'}
[16.666014] (tb3) StdoutLine: {'line': b'-- Installing: /home/chotu/ros2_ws/src/ENPM_808X_FINAL/install/tb3/share/tb3/cmake/ament_cmake_export_include_directories-extras.cmake\n'}
[16.666188] (tb3) StdoutLine: {'line': b'-- Installing: /home/chotu/ros2_ws/src/ENPM_808X_FINAL/install/tb3/share/tb3/cmake/ament_cmake_export_libraries-extras.cmake\n'}
[16.666373] (tb3) StdoutLine: {'line': b'-- Installing: /home/chotu/ros2_ws/src/ENPM_808X_FINAL/install/tb3/share/tb3/cmake/ament_cmake_export_targets-extras.cmake\n'}
[16.666551] (tb3) StdoutLine: {'line': b'-- Installing: /home/chotu/ros2_ws/src/ENPM_808X_FINAL/install/tb3/share/tb3/cmake/rosidl_cmake_export_typesupport_targets-extras.cmake\n'}
[16.666707] (tb3) StdoutLine: {'line': b'-- Installing: /home/chotu/ros2_ws/src/ENPM_808X_FINAL/install/tb3/share/tb3/cmake/rosidl_cmake_export_typesupport_libraries-extras.cmake\n'}
[16.666867] (tb3) StdoutLine: {'line': b'-- Installing: /home/chotu/ros2_ws/src/ENPM_808X_FINAL/install/tb3/share/tb3/cmake/tb3Config.cmake\n'}
[16.667013] (tb3) StdoutLine: {'line': b'-- Installing: /home/chotu/ros2_ws/src/ENPM_808X_FINAL/install/tb3/share/tb3/cmake/tb3Config-version.cmake\n'}
[16.667163] (tb3) StdoutLine: {'line': b'-- Up-to-date: /home/chotu/ros2_ws/src/ENPM_808X_FINAL/install/tb3/share/tb3/package.xml\n'}
[16.668939] (tb3) CommandEnded: {'returncode': 0}
[16.731446] (tb3) JobEnded: {'identifier': 'tb3', 'rc': 0}
[16.732004] (-) EventReactorShutdown: {}
