[0.179s] DEBUG:colcon:Command line arguments: ['/usr/bin/colcon', 'build']
[0.179s] DEBUG:colcon:Parsed command line arguments: Namespace(log_base=None, log_level=None, verb_name='build', build_base='build', install_base='install', merge_install=False, symlink_install=False, test_result_base=None, continue_on_error=False, executor='parallel', parallel_workers=16, event_handlers=None, ignore_user_meta=False, metas=['./colcon.meta'], base_paths=['.'], packages_ignore=None, packages_ignore_regex=None, paths=None, packages_up_to=None, packages_up_to_regex=None, packages_above=None, packages_above_and_dependencies=None, packages_above_depth=None, packages_select_by_dep=None, packages_skip_by_dep=None, packages_skip_up_to=None, packages_select_build_failed=False, packages_skip_build_finished=False, packages_select_test_failures=False, packages_skip_test_passed=False, packages_select=None, packages_skip=None, packages_select_regex=None, packages_skip_regex=None, packages_start=None, packages_end=None, cmake_args=None, cmake_target=None, cmake_target_skip_unavailable=False, cmake_clean_cache=False, cmake_clean_first=False, cmake_force_configure=False, ament_cmake_args=None, catkin_cmake_args=None, catkin_skip_building_tests=False, mixin_files=None, mixin=None, verb_parser=<colcon_mixin.mixin.mixin_argument.MixinArgumentDecorator object at 0x7f46bce08fa0>, verb_extension=<colcon_core.verb.build.BuildVerb object at 0x7f46bd765c00>, main=<bound method BuildVerb.main of <colcon_core.verb.build.BuildVerb object at 0x7f46bd765c00>>, mixin_verb=('build',))
[0.193s] Level 1:colcon.colcon_core.package_discovery:discover_packages(colcon_meta) check parameters
[0.193s] Level 1:colcon.colcon_core.package_discovery:discover_packages(recursive) check parameters
[0.193s] Level 1:colcon.colcon_core.package_discovery:discover_packages(ignore) check parameters
[0.193s] Level 1:colcon.colcon_core.package_discovery:discover_packages(path) check parameters
[0.193s] Level 1:colcon.colcon_core.package_discovery:discover_packages(colcon_meta) discover
[0.193s] Level 1:colcon.colcon_core.package_discovery:discover_packages(recursive) discover
[0.193s] INFO:colcon.colcon_core.package_discovery:Crawling recursively for packages in '/home/chotu/ros2_ws/src/ENPM_808X_FINAL'
[0.194s] Level 1:colcon.colcon_core.package_identification:_identify(.) by extensions ['ignore', 'ignore_ament_install']
[0.194s] Level 1:colcon.colcon_core.package_identification:_identify(.) by extension 'ignore'
[0.194s] Level 1:colcon.colcon_core.package_identification:_identify(.) by extension 'ignore_ament_install'
[0.194s] Level 1:colcon.colcon_core.package_identification:_identify(.) by extensions ['colcon_pkg']
[0.194s] Level 1:colcon.colcon_core.package_identification:_identify(.) by extension 'colcon_pkg'
[0.194s] Level 1:colcon.colcon_core.package_identification:_identify(.) by extensions ['colcon_meta']
[0.194s] Level 1:colcon.colcon_core.package_identification:_identify(.) by extension 'colcon_meta'
[0.194s] Level 1:colcon.colcon_core.package_identification:_identify(.) by extensions ['ros']
[0.194s] Level 1:colcon.colcon_core.package_identification:_identify(.) by extension 'ros'
[0.208s] Level 1:colcon.colcon_core.package_identification:_identify(.) by extensions ['cmake', 'python']
[0.208s] Level 1:colcon.colcon_core.package_identification:_identify(.) by extension 'cmake'
[0.208s] Level 1:colcon.colcon_core.package_identification:_identify(.) by extension 'python'
[0.208s] Level 1:colcon.colcon_core.package_identification:_identify(.) by extensions ['python_setup_py']
[0.208s] Level 1:colcon.colcon_core.package_identification:_identify(.) by extension 'python_setup_py'
[0.208s] Level 1:colcon.colcon_core.package_identification:_identify(ENPM_808X_FINAL) by extensions ['ignore', 'ignore_ament_install']
[0.208s] Level 1:colcon.colcon_core.package_identification:_identify(ENPM_808X_FINAL) by extension 'ignore'
[0.208s] Level 1:colcon.colcon_core.package_identification:_identify(ENPM_808X_FINAL) by extension 'ignore_ament_install'
[0.208s] Level 1:colcon.colcon_core.package_identification:_identify(ENPM_808X_FINAL) by extensions ['colcon_pkg']
[0.208s] Level 1:colcon.colcon_core.package_identification:_identify(ENPM_808X_FINAL) by extension 'colcon_pkg'
[0.208s] Level 1:colcon.colcon_core.package_identification:_identify(ENPM_808X_FINAL) by extensions ['colcon_meta']
[0.208s] Level 1:colcon.colcon_core.package_identification:_identify(ENPM_808X_FINAL) by extension 'colcon_meta'
[0.208s] Level 1:colcon.colcon_core.package_identification:_identify(ENPM_808X_FINAL) by extensions ['ros']
[0.208s] Level 1:colcon.colcon_core.package_identification:_identify(ENPM_808X_FINAL) by extension 'ros'
[0.210s] DEBUG:colcon.colcon_core.package_identification:Package 'ENPM_808X_FINAL' with type 'ros.ament_cmake' and name 'tb3'
[0.210s] Level 1:colcon.colcon_core.package_identification:_identify(build) by extensions ['ignore', 'ignore_ament_install']
[0.210s] Level 1:colcon.colcon_core.package_identification:_identify(build) by extension 'ignore'
[0.210s] Level 1:colcon.colcon_core.package_identification:_identify(build) ignored
[0.211s] Level 1:colcon.colcon_core.package_identification:_identify(install) by extensions ['ignore', 'ignore_ament_install']
[0.211s] Level 1:colcon.colcon_core.package_identification:_identify(install) by extension 'ignore'
[0.211s] Level 1:colcon.colcon_core.package_identification:_identify(install) ignored
[0.211s] Level 1:colcon.colcon_core.package_identification:_identify(log) by extensions ['ignore', 'ignore_ament_install']
[0.211s] Level 1:colcon.colcon_core.package_identification:_identify(log) by extension 'ignore'
[0.211s] Level 1:colcon.colcon_core.package_identification:_identify(log) ignored
[0.211s] Level 1:colcon.colcon_core.package_identification:_identify(ros2_aruco) by extensions ['ignore', 'ignore_ament_install']
[0.211s] Level 1:colcon.colcon_core.package_identification:_identify(ros2_aruco) by extension 'ignore'
[0.211s] Level 1:colcon.colcon_core.package_identification:_identify(ros2_aruco) by extension 'ignore_ament_install'
[0.211s] Level 1:colcon.colcon_core.package_identification:_identify(ros2_aruco) by extensions ['colcon_pkg']
[0.211s] Level 1:colcon.colcon_core.package_identification:_identify(ros2_aruco) by extension 'colcon_pkg'
[0.211s] Level 1:colcon.colcon_core.package_identification:_identify(ros2_aruco) by extensions ['colcon_meta']
[0.211s] Level 1:colcon.colcon_core.package_identification:_identify(ros2_aruco) by extension 'colcon_meta'
[0.211s] Level 1:colcon.colcon_core.package_identification:_identify(ros2_aruco) by extensions ['ros']
[0.211s] Level 1:colcon.colcon_core.package_identification:_identify(ros2_aruco) by extension 'ros'
[0.211s] DEBUG:colcon.colcon_core.package_identification:Package 'ros2_aruco' with type 'ros.ament_python' and name 'ros2_aruco'
[0.212s] Level 1:colcon.colcon_core.package_identification:_identify(tutorial_interfaces) by extensions ['ignore', 'ignore_ament_install']
[0.212s] Level 1:colcon.colcon_core.package_identification:_identify(tutorial_interfaces) by extension 'ignore'
[0.212s] Level 1:colcon.colcon_core.package_identification:_identify(tutorial_interfaces) by extension 'ignore_ament_install'
[0.212s] Level 1:colcon.colcon_core.package_identification:_identify(tutorial_interfaces) by extensions ['colcon_pkg']
[0.212s] Level 1:colcon.colcon_core.package_identification:_identify(tutorial_interfaces) by extension 'colcon_pkg'
[0.212s] Level 1:colcon.colcon_core.package_identification:_identify(tutorial_interfaces) by extensions ['colcon_meta']
[0.212s] Level 1:colcon.colcon_core.package_identification:_identify(tutorial_interfaces) by extension 'colcon_meta'
[0.212s] Level 1:colcon.colcon_core.package_identification:_identify(tutorial_interfaces) by extensions ['ros']
[0.212s] Level 1:colcon.colcon_core.package_identification:_identify(tutorial_interfaces) by extension 'ros'
[0.212s] DEBUG:colcon.colcon_core.package_identification:Package 'tutorial_interfaces' with type 'ros.ament_cmake' and name 'tutorial_interfaces'
[0.212s] Level 1:colcon.colcon_core.package_discovery:discover_packages(recursive) using defaults
[0.212s] Level 1:colcon.colcon_core.package_discovery:discover_packages(ignore) discover
[0.212s] Level 1:colcon.colcon_core.package_discovery:discover_packages(ignore) using defaults
[0.212s] Level 1:colcon.colcon_core.package_discovery:discover_packages(path) discover
[0.212s] Level 1:colcon.colcon_core.package_discovery:discover_packages(path) using defaults
[0.228s] Level 5:colcon.colcon_core.verb:set package 'ros2_aruco' build argument 'cmake_args' from command line to 'None'
[0.228s] Level 5:colcon.colcon_core.verb:set package 'ros2_aruco' build argument 'cmake_target' from command line to 'None'
[0.228s] Level 5:colcon.colcon_core.verb:set package 'ros2_aruco' build argument 'cmake_target_skip_unavailable' from command line to 'False'
[0.228s] Level 5:colcon.colcon_core.verb:set package 'ros2_aruco' build argument 'cmake_clean_cache' from command line to 'False'
[0.228s] Level 5:colcon.colcon_core.verb:set package 'ros2_aruco' build argument 'cmake_clean_first' from command line to 'False'
[0.228s] Level 5:colcon.colcon_core.verb:set package 'ros2_aruco' build argument 'cmake_force_configure' from command line to 'False'
[0.228s] Level 5:colcon.colcon_core.verb:set package 'ros2_aruco' build argument 'ament_cmake_args' from command line to 'None'
[0.228s] Level 5:colcon.colcon_core.verb:set package 'ros2_aruco' build argument 'catkin_cmake_args' from command line to 'None'
[0.228s] Level 5:colcon.colcon_core.verb:set package 'ros2_aruco' build argument 'catkin_skip_building_tests' from command line to 'False'
[0.228s] DEBUG:colcon.colcon_core.verb:Building package 'ros2_aruco' with the following arguments: {'ament_cmake_args': None, 'build_base': '/home/chotu/ros2_ws/src/ENPM_808X_FINAL/build/ros2_aruco', 'catkin_cmake_args': None, 'catkin_skip_building_tests': False, 'cmake_args': None, 'cmake_clean_cache': False, 'cmake_clean_first': False, 'cmake_force_configure': False, 'cmake_target': None, 'cmake_target_skip_unavailable': False, 'install_base': '/home/chotu/ros2_ws/src/ENPM_808X_FINAL/install/ros2_aruco', 'merge_install': False, 'path': '/home/chotu/ros2_ws/src/ENPM_808X_FINAL/ros2_aruco', 'symlink_install': False, 'test_result_base': None}
[0.229s] Level 5:colcon.colcon_core.verb:set package 'tutorial_interfaces' build argument 'cmake_args' from command line to 'None'
[0.229s] Level 5:colcon.colcon_core.verb:set package 'tutorial_interfaces' build argument 'cmake_target' from command line to 'None'
[0.229s] Level 5:colcon.colcon_core.verb:set package 'tutorial_interfaces' build argument 'cmake_target_skip_unavailable' from command line to 'False'
[0.229s] Level 5:colcon.colcon_core.verb:set package 'tutorial_interfaces' build argument 'cmake_clean_cache' from command line to 'False'
[0.229s] Level 5:colcon.colcon_core.verb:set package 'tutorial_interfaces' build argument 'cmake_clean_first' from command line to 'False'
[0.229s] Level 5:colcon.colcon_core.verb:set package 'tutorial_interfaces' build argument 'cmake_force_configure' from command line to 'False'
[0.229s] Level 5:colcon.colcon_core.verb:set package 'tutorial_interfaces' build argument 'ament_cmake_args' from command line to 'None'
[0.229s] Level 5:colcon.colcon_core.verb:set package 'tutorial_interfaces' build argument 'catkin_cmake_args' from command line to 'None'
[0.229s] Level 5:colcon.colcon_core.verb:set package 'tutorial_interfaces' build argument 'catkin_skip_building_tests' from command line to 'False'
[0.229s] DEBUG:colcon.colcon_core.verb:Building package 'tutorial_interfaces' with the following arguments: {'ament_cmake_args': None, 'build_base': '/home/chotu/ros2_ws/src/ENPM_808X_FINAL/build/tutorial_interfaces', 'catkin_cmake_args': None, 'catkin_skip_building_tests': False, 'cmake_args': None, 'cmake_clean_cache': False, 'cmake_clean_first': False, 'cmake_force_configure': False, 'cmake_target': None, 'cmake_target_skip_unavailable': False, 'install_base': '/home/chotu/ros2_ws/src/ENPM_808X_FINAL/install/tutorial_interfaces', 'merge_install': False, 'path': '/home/chotu/ros2_ws/src/ENPM_808X_FINAL/tutorial_interfaces', 'symlink_install': False, 'test_result_base': None}
[0.229s] Level 5:colcon.colcon_core.verb:set package 'tb3' build argument 'cmake_args' from command line to 'None'
[0.229s] Level 5:colcon.colcon_core.verb:set package 'tb3' build argument 'cmake_target' from command line to 'None'
[0.229s] Level 5:colcon.colcon_core.verb:set package 'tb3' build argument 'cmake_target_skip_unavailable' from command line to 'False'
[0.229s] Level 5:colcon.colcon_core.verb:set package 'tb3' build argument 'cmake_clean_cache' from command line to 'False'
[0.229s] Level 5:colcon.colcon_core.verb:set package 'tb3' build argument 'cmake_clean_first' from command line to 'False'
[0.229s] Level 5:colcon.colcon_core.verb:set package 'tb3' build argument 'cmake_force_configure' from command line to 'False'
[0.229s] Level 5:colcon.colcon_core.verb:set package 'tb3' build argument 'ament_cmake_args' from command line to 'None'
[0.230s] Level 5:colcon.colcon_core.verb:set package 'tb3' build argument 'catkin_cmake_args' from command line to 'None'
[0.230s] Level 5:colcon.colcon_core.verb:set package 'tb3' build argument 'catkin_skip_building_tests' from command line to 'False'
[0.230s] DEBUG:colcon.colcon_core.verb:Building package 'tb3' with the following arguments: {'ament_cmake_args': None, 'build_base': '/home/chotu/ros2_ws/src/ENPM_808X_FINAL/build/tb3', 'catkin_cmake_args': None, 'catkin_skip_building_tests': False, 'cmake_args': None, 'cmake_clean_cache': False, 'cmake_clean_first': False, 'cmake_force_configure': False, 'cmake_target': None, 'cmake_target_skip_unavailable': False, 'install_base': '/home/chotu/ros2_ws/src/ENPM_808X_FINAL/install/tb3', 'merge_install': False, 'path': '/home/chotu/ros2_ws/src/ENPM_808X_FINAL/ENPM_808X_FINAL', 'symlink_install': False, 'test_result_base': None}
[0.230s] INFO:colcon.colcon_core.executor:Executing jobs using 'parallel' executor
[0.232s] DEBUG:colcon.colcon_parallel_executor.executor.parallel:run_until_complete
[0.233s] INFO:colcon.colcon_ros.task.ament_cmake.build:Building ROS package in '/home/chotu/ros2_ws/src/ENPM_808X_FINAL/tutorial_interfaces' with build type 'ament_cmake'
[0.233s] INFO:colcon.colcon_cmake.task.cmake.build:Building CMake package in '/home/chotu/ros2_ws/src/ENPM_808X_FINAL/tutorial_interfaces'
[0.235s] INFO:colcon.colcon_core.plugin_system:Skipping extension 'colcon_core.shell.bat': Not used on non-Windows systems
[0.236s] INFO:colcon.colcon_core.shell:Skip shell extension 'powershell' for command environment: Not usable outside of PowerShell
[0.236s] DEBUG:colcon.colcon_core.shell:Skip shell extension 'dsv' for command environment
[0.239s] INFO:colcon.colcon_ros.task.ament_python.build:Building ROS package in '/home/chotu/ros2_ws/src/ENPM_808X_FINAL/ros2_aruco' with build type 'ament_python'
[0.239s] Level 1:colcon.colcon_core.shell:create_environment_hook('ros2_aruco', 'ament_prefix_path')
[0.240s] INFO:colcon.colcon_core.shell:Creating environment hook '/home/chotu/ros2_ws/src/ENPM_808X_FINAL/install/ros2_aruco/share/ros2_aruco/hook/ament_prefix_path.ps1'
[0.241s] INFO:colcon.colcon_core.shell:Creating environment descriptor '/home/chotu/ros2_ws/src/ENPM_808X_FINAL/install/ros2_aruco/share/ros2_aruco/hook/ament_prefix_path.dsv'
[0.241s] INFO:colcon.colcon_core.shell:Creating environment hook '/home/chotu/ros2_ws/src/ENPM_808X_FINAL/install/ros2_aruco/share/ros2_aruco/hook/ament_prefix_path.sh'
[0.242s] INFO:colcon.colcon_core.shell:Skip shell extension 'powershell' for command environment: Not usable outside of PowerShell
[0.242s] DEBUG:colcon.colcon_core.shell:Skip shell extension 'dsv' for command environment
[0.247s] DEBUG:colcon.colcon_core.event_handler.log_command:Invoking command in '/home/chotu/ros2_ws/src/ENPM_808X_FINAL/build/tutorial_interfaces': CMAKE_PREFIX_PATH=${CMAKE_PREFIX_PATH}:/home/chotu/ros2_ws/src/ENPM_808X_FINAL/install/ros2_aruco:/opt/ros/humble /usr/bin/cmake --build /home/chotu/ros2_ws/src/ENPM_808X_FINAL/build/tutorial_interfaces -- -j16 -l16
[0.405s] INFO:colcon.colcon_core.task.python.build:Building Python package in '/home/chotu/ros2_ws/src/ENPM_808X_FINAL/ros2_aruco'
[0.406s] INFO:colcon.colcon_core.shell:Skip shell extension 'powershell' for command environment: Not usable outside of PowerShell
[0.406s] DEBUG:colcon.colcon_core.shell:Skip shell extension 'dsv' for command environment
[0.467s] DEBUG:colcon.colcon_core.event_handler.log_command:Invoked command in '/home/chotu/ros2_ws/src/ENPM_808X_FINAL/build/tutorial_interfaces' returned '0': CMAKE_PREFIX_PATH=${CMAKE_PREFIX_PATH}:/home/chotu/ros2_ws/src/ENPM_808X_FINAL/install/ros2_aruco:/opt/ros/humble /usr/bin/cmake --build /home/chotu/ros2_ws/src/ENPM_808X_FINAL/build/tutorial_interfaces -- -j16 -l16
[0.504s] DEBUG:colcon.colcon_core.event_handler.log_command:Invoking command in '/home/chotu/ros2_ws/src/ENPM_808X_FINAL/build/tutorial_interfaces': CMAKE_PREFIX_PATH=${CMAKE_PREFIX_PATH}:/home/chotu/ros2_ws/src/ENPM_808X_FINAL/install/ros2_aruco:/opt/ros/humble /usr/bin/cmake --install /home/chotu/ros2_ws/src/ENPM_808X_FINAL/build/tutorial_interfaces
[0.535s] Level 1:colcon.colcon_core.environment:create_environment_scripts_only(tutorial_interfaces)
[0.535s] DEBUG:colcon.colcon_core.event_handler.log_command:Invoked command in '/home/chotu/ros2_ws/src/ENPM_808X_FINAL/build/tutorial_interfaces' returned '0': CMAKE_PREFIX_PATH=${CMAKE_PREFIX_PATH}:/home/chotu/ros2_ws/src/ENPM_808X_FINAL/install/ros2_aruco:/opt/ros/humble /usr/bin/cmake --install /home/chotu/ros2_ws/src/ENPM_808X_FINAL/build/tutorial_interfaces
[0.538s] Level 1:colcon.colcon_core.environment:checking '/home/chotu/ros2_ws/src/ENPM_808X_FINAL/install/tutorial_interfaces' for CMake module files
[0.539s] Level 1:colcon.colcon_core.environment:checking '/home/chotu/ros2_ws/src/ENPM_808X_FINAL/install/tutorial_interfaces' for CMake config files
[0.539s] Level 1:colcon.colcon_core.shell:create_environment_hook('tutorial_interfaces', 'cmake_prefix_path')
[0.540s] INFO:colcon.colcon_core.shell:Creating environment hook '/home/chotu/ros2_ws/src/ENPM_808X_FINAL/install/tutorial_interfaces/share/tutorial_interfaces/hook/cmake_prefix_path.ps1'
[0.540s] INFO:colcon.colcon_core.shell:Creating environment descriptor '/home/chotu/ros2_ws/src/ENPM_808X_FINAL/install/tutorial_interfaces/share/tutorial_interfaces/hook/cmake_prefix_path.dsv'
[0.540s] INFO:colcon.colcon_core.shell:Creating environment hook '/home/chotu/ros2_ws/src/ENPM_808X_FINAL/install/tutorial_interfaces/share/tutorial_interfaces/hook/cmake_prefix_path.sh'
[0.541s] Level 1:colcon.colcon_core.environment:checking '/home/chotu/ros2_ws/src/ENPM_808X_FINAL/install/tutorial_interfaces/lib'
[0.541s] Level 1:colcon.colcon_core.shell:create_environment_hook('tutorial_interfaces', 'ld_library_path_lib')
[0.542s] INFO:colcon.colcon_core.shell:Creating environment hook '/home/chotu/ros2_ws/src/ENPM_808X_FINAL/install/tutorial_interfaces/share/tutorial_interfaces/hook/ld_library_path_lib.ps1'
[0.542s] INFO:colcon.colcon_core.shell:Creating environment descriptor '/home/chotu/ros2_ws/src/ENPM_808X_FINAL/install/tutorial_interfaces/share/tutorial_interfaces/hook/ld_library_path_lib.dsv'
[0.542s] INFO:colcon.colcon_core.shell:Creating environment hook '/home/chotu/ros2_ws/src/ENPM_808X_FINAL/install/tutorial_interfaces/share/tutorial_interfaces/hook/ld_library_path_lib.sh'
[0.542s] Level 1:colcon.colcon_core.environment:checking '/home/chotu/ros2_ws/src/ENPM_808X_FINAL/install/tutorial_interfaces/bin'
[0.542s] Level 1:colcon.colcon_core.environment:checking '/home/chotu/ros2_ws/src/ENPM_808X_FINAL/install/tutorial_interfaces/lib/pkgconfig/tutorial_interfaces.pc'
[0.542s] Level 1:colcon.colcon_core.environment:checking '/home/chotu/ros2_ws/src/ENPM_808X_FINAL/install/tutorial_interfaces/lib/python3.10/site-packages'
[0.542s] Level 1:colcon.colcon_core.environment:checking '/home/chotu/ros2_ws/src/ENPM_808X_FINAL/install/tutorial_interfaces/bin'
[0.543s] INFO:colcon.colcon_core.shell:Creating package script '/home/chotu/ros2_ws/src/ENPM_808X_FINAL/install/tutorial_interfaces/share/tutorial_interfaces/package.ps1'
[0.544s] INFO:colcon.colcon_core.shell:Creating package descriptor '/home/chotu/ros2_ws/src/ENPM_808X_FINAL/install/tutorial_interfaces/share/tutorial_interfaces/package.dsv'
[0.544s] INFO:colcon.colcon_core.shell:Creating package script '/home/chotu/ros2_ws/src/ENPM_808X_FINAL/install/tutorial_interfaces/share/tutorial_interfaces/package.sh'
[0.545s] INFO:colcon.colcon_core.shell:Creating package script '/home/chotu/ros2_ws/src/ENPM_808X_FINAL/install/tutorial_interfaces/share/tutorial_interfaces/package.bash'
[0.545s] INFO:colcon.colcon_core.shell:Creating package script '/home/chotu/ros2_ws/src/ENPM_808X_FINAL/install/tutorial_interfaces/share/tutorial_interfaces/package.zsh'
[0.545s] Level 1:colcon.colcon_core.environment:create_file_with_runtime_dependencies(/home/chotu/ros2_ws/src/ENPM_808X_FINAL/install/tutorial_interfaces/share/colcon-core/packages/tutorial_interfaces)
[0.578s] Level 1:colcon.colcon_core.environment:create_environment_scripts_only(tutorial_interfaces)
[0.580s] Level 1:colcon.colcon_core.environment:checking '/home/chotu/ros2_ws/src/ENPM_808X_FINAL/install/tutorial_interfaces' for CMake module files
[0.581s] Level 1:colcon.colcon_core.environment:checking '/home/chotu/ros2_ws/src/ENPM_808X_FINAL/install/tutorial_interfaces' for CMake config files
[0.582s] Level 1:colcon.colcon_core.shell:create_environment_hook('tutorial_interfaces', 'cmake_prefix_path')
[0.583s] INFO:colcon.colcon_core.shell:Creating environment hook '/home/chotu/ros2_ws/src/ENPM_808X_FINAL/install/tutorial_interfaces/share/tutorial_interfaces/hook/cmake_prefix_path.ps1'
[0.583s] INFO:colcon.colcon_core.shell:Creating environment descriptor '/home/chotu/ros2_ws/src/ENPM_808X_FINAL/install/tutorial_interfaces/share/tutorial_interfaces/hook/cmake_prefix_path.dsv'
[0.584s] INFO:colcon.colcon_core.shell:Creating environment hook '/home/chotu/ros2_ws/src/ENPM_808X_FINAL/install/tutorial_interfaces/share/tutorial_interfaces/hook/cmake_prefix_path.sh'
[0.584s] Level 1:colcon.colcon_core.environment:checking '/home/chotu/ros2_ws/src/ENPM_808X_FINAL/install/tutorial_interfaces/lib'
[0.584s] Level 1:colcon.colcon_core.shell:create_environment_hook('tutorial_interfaces', 'ld_library_path_lib')
[0.586s] INFO:colcon.colcon_core.shell:Creating environment hook '/home/chotu/ros2_ws/src/ENPM_808X_FINAL/install/tutorial_interfaces/share/tutorial_interfaces/hook/ld_library_path_lib.ps1'
[0.586s] INFO:colcon.colcon_core.shell:Creating environment descriptor '/home/chotu/ros2_ws/src/ENPM_808X_FINAL/install/tutorial_interfaces/share/tutorial_interfaces/hook/ld_library_path_lib.dsv'
[0.586s] INFO:colcon.colcon_core.shell:Creating environment hook '/home/chotu/ros2_ws/src/ENPM_808X_FINAL/install/tutorial_interfaces/share/tutorial_interfaces/hook/ld_library_path_lib.sh'
[0.587s] Level 1:colcon.colcon_core.environment:checking '/home/chotu/ros2_ws/src/ENPM_808X_FINAL/install/tutorial_interfaces/bin'
[0.587s] Level 1:colcon.colcon_core.environment:checking '/home/chotu/ros2_ws/src/ENPM_808X_FINAL/install/tutorial_interfaces/lib/pkgconfig/tutorial_interfaces.pc'
[0.587s] Level 1:colcon.colcon_core.environment:checking '/home/chotu/ros2_ws/src/ENPM_808X_FINAL/install/tutorial_interfaces/lib/python3.10/site-packages'
[0.587s] Level 1:colcon.colcon_core.environment:checking '/home/chotu/ros2_ws/src/ENPM_808X_FINAL/install/tutorial_interfaces/bin'
[0.589s] INFO:colcon.colcon_core.shell:Creating package script '/home/chotu/ros2_ws/src/ENPM_808X_FINAL/install/tutorial_interfaces/share/tutorial_interfaces/package.ps1'
[0.589s] INFO:colcon.colcon_core.shell:Creating package descriptor '/home/chotu/ros2_ws/src/ENPM_808X_FINAL/install/tutorial_interfaces/share/tutorial_interfaces/package.dsv'
[0.590s] INFO:colcon.colcon_core.shell:Creating package script '/home/chotu/ros2_ws/src/ENPM_808X_FINAL/install/tutorial_interfaces/share/tutorial_interfaces/package.sh'
[0.590s] INFO:colcon.colcon_core.shell:Creating package script '/home/chotu/ros2_ws/src/ENPM_808X_FINAL/install/tutorial_interfaces/share/tutorial_interfaces/package.bash'
[0.590s] INFO:colcon.colcon_core.shell:Creating package script '/home/chotu/ros2_ws/src/ENPM_808X_FINAL/install/tutorial_interfaces/share/tutorial_interfaces/package.zsh'
[0.591s] Level 1:colcon.colcon_core.environment:create_file_with_runtime_dependencies(/home/chotu/ros2_ws/src/ENPM_808X_FINAL/install/tutorial_interfaces/share/colcon-core/packages/tutorial_interfaces)
[0.591s] INFO:colcon.colcon_ros.task.ament_cmake.build:Building ROS package in '/home/chotu/ros2_ws/src/ENPM_808X_FINAL/ENPM_808X_FINAL' with build type 'ament_cmake'
[0.591s] INFO:colcon.colcon_cmake.task.cmake.build:Building CMake package in '/home/chotu/ros2_ws/src/ENPM_808X_FINAL/ENPM_808X_FINAL'
[0.592s] INFO:colcon.colcon_core.shell:Skip shell extension 'powershell' for command environment: Not usable outside of PowerShell
[0.592s] DEBUG:colcon.colcon_core.shell:Skip shell extension 'dsv' for command environment
[0.602s] DEBUG:colcon.colcon_core.event_handler.log_command:Invoking command in '/home/chotu/ros2_ws/src/ENPM_808X_FINAL/build/tb3': CMAKE_PREFIX_PATH=/home/chotu/ros2_ws/src/ENPM_808X_FINAL/install/tutorial_interfaces:/home/chotu/ros2_ws/src/ENPM_808X_FINAL/install/tb3:/home/chotu/ros2_ws/src/ENPM_808X_FINAL/install/ros2_aruco:/opt/ros/humble LD_LIBRARY_PATH=/home/chotu/ros2_ws/src/ENPM_808X_FINAL/install/tutorial_interfaces/lib:/home/chotu/ros2_ws/src/ENPM_808X_FINAL/install/tb3/lib:/usr/lib/x86_64-linux-gnu/gazebo-11/plugins:/opt/ros/humble/opt/rviz_ogre_vendor/lib:/opt/ros/humble/lib/x86_64-linux-gnu:/opt/ros/humble/lib /usr/bin/cmake --build /home/chotu/ros2_ws/src/ENPM_808X_FINAL/build/tb3 -- -j16 -l16
[0.622s] DEBUG:colcon.colcon_core.event_handler.log_command:Invoking command in '/home/chotu/ros2_ws/src/ENPM_808X_FINAL/ros2_aruco': PYTHONPATH=/home/chotu/ros2_ws/src/ENPM_808X_FINAL/build/ros2_aruco/prefix_override:/home/chotu/ros2_ws/src/ENPM_808X_FINAL/install/ros2_aruco/lib/python3.10/site-packages:${PYTHONPATH} /usr/bin/python3 setup.py egg_info --egg-base ../build/ros2_aruco build --build-base /home/chotu/ros2_ws/src/ENPM_808X_FINAL/build/ros2_aruco/build install --record /home/chotu/ros2_ws/src/ENPM_808X_FINAL/build/ros2_aruco/install.log --install-scripts $base/lib/ros2_aruco --single-version-externally-managed
[0.821s] Level 1:colcon.colcon_core.environment:checking '/home/chotu/ros2_ws/src/ENPM_808X_FINAL/install/ros2_aruco' for CMake module files
[0.822s] DEBUG:colcon.colcon_core.event_handler.log_command:Invoked command in '/home/chotu/ros2_ws/src/ENPM_808X_FINAL/ros2_aruco' returned '0': PYTHONPATH=/home/chotu/ros2_ws/src/ENPM_808X_FINAL/build/ros2_aruco/prefix_override:/home/chotu/ros2_ws/src/ENPM_808X_FINAL/install/ros2_aruco/lib/python3.10/site-packages:${PYTHONPATH} /usr/bin/python3 setup.py egg_info --egg-base ../build/ros2_aruco build --build-base /home/chotu/ros2_ws/src/ENPM_808X_FINAL/build/ros2_aruco/build install --record /home/chotu/ros2_ws/src/ENPM_808X_FINAL/build/ros2_aruco/install.log --install-scripts $base/lib/ros2_aruco --single-version-externally-managed
[0.822s] Level 1:colcon.colcon_core.environment:checking '/home/chotu/ros2_ws/src/ENPM_808X_FINAL/install/ros2_aruco' for CMake config files
[0.822s] Level 1:colcon.colcon_core.environment:checking '/home/chotu/ros2_ws/src/ENPM_808X_FINAL/install/ros2_aruco/lib'
[0.822s] Level 1:colcon.colcon_core.environment:checking '/home/chotu/ros2_ws/src/ENPM_808X_FINAL/install/ros2_aruco/bin'
[0.822s] Level 1:colcon.colcon_core.environment:checking '/home/chotu/ros2_ws/src/ENPM_808X_FINAL/install/ros2_aruco/lib/pkgconfig/ros2_aruco.pc'
[0.823s] Level 1:colcon.colcon_core.environment:checking '/home/chotu/ros2_ws/src/ENPM_808X_FINAL/install/ros2_aruco/lib/python3.10/site-packages'
[0.823s] Level 1:colcon.colcon_core.shell:create_environment_hook('ros2_aruco', 'pythonpath')
[0.823s] INFO:colcon.colcon_core.shell:Creating environment hook '/home/chotu/ros2_ws/src/ENPM_808X_FINAL/install/ros2_aruco/share/ros2_aruco/hook/pythonpath.ps1'
[0.824s] INFO:colcon.colcon_core.shell:Creating environment descriptor '/home/chotu/ros2_ws/src/ENPM_808X_FINAL/install/ros2_aruco/share/ros2_aruco/hook/pythonpath.dsv'
[0.824s] INFO:colcon.colcon_core.shell:Creating environment hook '/home/chotu/ros2_ws/src/ENPM_808X_FINAL/install/ros2_aruco/share/ros2_aruco/hook/pythonpath.sh'
[0.824s] Level 1:colcon.colcon_core.environment:checking '/home/chotu/ros2_ws/src/ENPM_808X_FINAL/install/ros2_aruco/bin'
[0.824s] Level 1:colcon.colcon_core.environment:create_environment_scripts_only(ros2_aruco)
[0.825s] INFO:colcon.colcon_core.shell:Creating package script '/home/chotu/ros2_ws/src/ENPM_808X_FINAL/install/ros2_aruco/share/ros2_aruco/package.ps1'
[0.825s] INFO:colcon.colcon_core.shell:Creating package descriptor '/home/chotu/ros2_ws/src/ENPM_808X_FINAL/install/ros2_aruco/share/ros2_aruco/package.dsv'
[0.826s] INFO:colcon.colcon_core.shell:Creating package script '/home/chotu/ros2_ws/src/ENPM_808X_FINAL/install/ros2_aruco/share/ros2_aruco/package.sh'
[0.826s] INFO:colcon.colcon_core.shell:Creating package script '/home/chotu/ros2_ws/src/ENPM_808X_FINAL/install/ros2_aruco/share/ros2_aruco/package.bash'
[0.826s] INFO:colcon.colcon_core.shell:Creating package script '/home/chotu/ros2_ws/src/ENPM_808X_FINAL/install/ros2_aruco/share/ros2_aruco/package.zsh'
[0.826s] Level 1:colcon.colcon_core.environment:create_file_with_runtime_dependencies(/home/chotu/ros2_ws/src/ENPM_808X_FINAL/install/ros2_aruco/share/colcon-core/packages/ros2_aruco)
[7.923s] DEBUG:colcon.colcon_core.event_handler.log_command:Invoked command in '/home/chotu/ros2_ws/src/ENPM_808X_FINAL/build/tb3' returned '0': CMAKE_PREFIX_PATH=/home/chotu/ros2_ws/src/ENPM_808X_FINAL/install/tutorial_interfaces:/home/chotu/ros2_ws/src/ENPM_808X_FINAL/install/tb3:/home/chotu/ros2_ws/src/ENPM_808X_FINAL/install/ros2_aruco:/opt/ros/humble LD_LIBRARY_PATH=/home/chotu/ros2_ws/src/ENPM_808X_FINAL/install/tutorial_interfaces/lib:/home/chotu/ros2_ws/src/ENPM_808X_FINAL/install/tb3/lib:/usr/lib/x86_64-linux-gnu/gazebo-11/plugins:/opt/ros/humble/opt/rviz_ogre_vendor/lib:/opt/ros/humble/lib/x86_64-linux-gnu:/opt/ros/humble/lib /usr/bin/cmake --build /home/chotu/ros2_ws/src/ENPM_808X_FINAL/build/tb3 -- -j16 -l16
[7.967s] DEBUG:colcon.colcon_core.event_handler.log_command:Invoking command in '/home/chotu/ros2_ws/src/ENPM_808X_FINAL/build/tb3': CMAKE_PREFIX_PATH=/home/chotu/ros2_ws/src/ENPM_808X_FINAL/install/tutorial_interfaces:/home/chotu/ros2_ws/src/ENPM_808X_FINAL/install/tb3:/home/chotu/ros2_ws/src/ENPM_808X_FINAL/install/ros2_aruco:/opt/ros/humble LD_LIBRARY_PATH=/home/chotu/ros2_ws/src/ENPM_808X_FINAL/install/tutorial_interfaces/lib:/home/chotu/ros2_ws/src/ENPM_808X_FINAL/install/tb3/lib:/usr/lib/x86_64-linux-gnu/gazebo-11/plugins:/opt/ros/humble/opt/rviz_ogre_vendor/lib:/opt/ros/humble/lib/x86_64-linux-gnu:/opt/ros/humble/lib /usr/bin/cmake --install /home/chotu/ros2_ws/src/ENPM_808X_FINAL/build/tb3
[8.003s] Level 1:colcon.colcon_core.environment:create_environment_scripts_only(tb3)
[8.003s] DEBUG:colcon.colcon_core.event_handler.log_command:Invoked command in '/home/chotu/ros2_ws/src/ENPM_808X_FINAL/build/tb3' returned '0': CMAKE_PREFIX_PATH=/home/chotu/ros2_ws/src/ENPM_808X_FINAL/install/tutorial_interfaces:/home/chotu/ros2_ws/src/ENPM_808X_FINAL/install/tb3:/home/chotu/ros2_ws/src/ENPM_808X_FINAL/install/ros2_aruco:/opt/ros/humble LD_LIBRARY_PATH=/home/chotu/ros2_ws/src/ENPM_808X_FINAL/install/tutorial_interfaces/lib:/home/chotu/ros2_ws/src/ENPM_808X_FINAL/install/tb3/lib:/usr/lib/x86_64-linux-gnu/gazebo-11/plugins:/opt/ros/humble/opt/rviz_ogre_vendor/lib:/opt/ros/humble/lib/x86_64-linux-gnu:/opt/ros/humble/lib /usr/bin/cmake --install /home/chotu/ros2_ws/src/ENPM_808X_FINAL/build/tb3
[8.004s] Level 1:colcon.colcon_core.environment:checking '/home/chotu/ros2_ws/src/ENPM_808X_FINAL/install/tb3' for CMake module files
[8.005s] Level 1:colcon.colcon_core.environment:checking '/home/chotu/ros2_ws/src/ENPM_808X_FINAL/install/tb3' for CMake config files
[8.005s] Level 1:colcon.colcon_core.shell:create_environment_hook('tb3', 'cmake_prefix_path')
[8.006s] INFO:colcon.colcon_core.shell:Creating environment hook '/home/chotu/ros2_ws/src/ENPM_808X_FINAL/install/tb3/share/tb3/hook/cmake_prefix_path.ps1'
[8.006s] INFO:colcon.colcon_core.shell:Creating environment descriptor '/home/chotu/ros2_ws/src/ENPM_808X_FINAL/install/tb3/share/tb3/hook/cmake_prefix_path.dsv'
[8.006s] INFO:colcon.colcon_core.shell:Creating environment hook '/home/chotu/ros2_ws/src/ENPM_808X_FINAL/install/tb3/share/tb3/hook/cmake_prefix_path.sh'
[8.007s] Level 1:colcon.colcon_core.environment:checking '/home/chotu/ros2_ws/src/ENPM_808X_FINAL/install/tb3/lib'
[8.007s] Level 1:colcon.colcon_core.shell:create_environment_hook('tb3', 'ld_library_path_lib')
[8.008s] INFO:colcon.colcon_core.shell:Creating environment hook '/home/chotu/ros2_ws/src/ENPM_808X_FINAL/install/tb3/share/tb3/hook/ld_library_path_lib.ps1'
[8.008s] INFO:colcon.colcon_core.shell:Creating environment descriptor '/home/chotu/ros2_ws/src/ENPM_808X_FINAL/install/tb3/share/tb3/hook/ld_library_path_lib.dsv'
[8.008s] INFO:colcon.colcon_core.shell:Creating environment hook '/home/chotu/ros2_ws/src/ENPM_808X_FINAL/install/tb3/share/tb3/hook/ld_library_path_lib.sh'
[8.009s] Level 1:colcon.colcon_core.environment:checking '/home/chotu/ros2_ws/src/ENPM_808X_FINAL/install/tb3/bin'
[8.009s] Level 1:colcon.colcon_core.environment:checking '/home/chotu/ros2_ws/src/ENPM_808X_FINAL/install/tb3/lib/pkgconfig/tb3.pc'
[8.009s] Level 1:colcon.colcon_core.environment:checking '/home/chotu/ros2_ws/src/ENPM_808X_FINAL/install/tb3/lib/python3.10/site-packages'
[8.009s] Level 1:colcon.colcon_core.environment:checking '/home/chotu/ros2_ws/src/ENPM_808X_FINAL/install/tb3/bin'
[8.010s] INFO:colcon.colcon_core.shell:Creating package script '/home/chotu/ros2_ws/src/ENPM_808X_FINAL/install/tb3/share/tb3/package.ps1'
[8.010s] INFO:colcon.colcon_core.shell:Creating package descriptor '/home/chotu/ros2_ws/src/ENPM_808X_FINAL/install/tb3/share/tb3/package.dsv'
[8.010s] INFO:colcon.colcon_core.shell:Creating package script '/home/chotu/ros2_ws/src/ENPM_808X_FINAL/install/tb3/share/tb3/package.sh'
[8.010s] INFO:colcon.colcon_core.shell:Creating package script '/home/chotu/ros2_ws/src/ENPM_808X_FINAL/install/tb3/share/tb3/package.bash'
[8.011s] INFO:colcon.colcon_core.shell:Creating package script '/home/chotu/ros2_ws/src/ENPM_808X_FINAL/install/tb3/share/tb3/package.zsh'
[8.011s] Level 1:colcon.colcon_core.environment:create_file_with_runtime_dependencies(/home/chotu/ros2_ws/src/ENPM_808X_FINAL/install/tb3/share/colcon-core/packages/tb3)
[8.055s] Level 1:colcon.colcon_core.environment:create_environment_scripts_only(tb3)
[8.056s] Level 1:colcon.colcon_core.environment:checking '/home/chotu/ros2_ws/src/ENPM_808X_FINAL/install/tb3' for CMake module files
[8.057s] Level 1:colcon.colcon_core.environment:checking '/home/chotu/ros2_ws/src/ENPM_808X_FINAL/install/tb3' for CMake config files
[8.057s] Level 1:colcon.colcon_core.shell:create_environment_hook('tb3', 'cmake_prefix_path')
[8.058s] INFO:colcon.colcon_core.shell:Creating environment hook '/home/chotu/ros2_ws/src/ENPM_808X_FINAL/install/tb3/share/tb3/hook/cmake_prefix_path.ps1'
[8.058s] INFO:colcon.colcon_core.shell:Creating environment descriptor '/home/chotu/ros2_ws/src/ENPM_808X_FINAL/install/tb3/share/tb3/hook/cmake_prefix_path.dsv'
[8.058s] INFO:colcon.colcon_core.shell:Creating environment hook '/home/chotu/ros2_ws/src/ENPM_808X_FINAL/install/tb3/share/tb3/hook/cmake_prefix_path.sh'
[8.059s] Level 1:colcon.colcon_core.environment:checking '/home/chotu/ros2_ws/src/ENPM_808X_FINAL/install/tb3/lib'
[8.059s] Level 1:colcon.colcon_core.shell:create_environment_hook('tb3', 'ld_library_path_lib')
[8.060s] INFO:colcon.colcon_core.shell:Creating environment hook '/home/chotu/ros2_ws/src/ENPM_808X_FINAL/install/tb3/share/tb3/hook/ld_library_path_lib.ps1'
[8.060s] INFO:colcon.colcon_core.shell:Creating environment descriptor '/home/chotu/ros2_ws/src/ENPM_808X_FINAL/install/tb3/share/tb3/hook/ld_library_path_lib.dsv'
[8.060s] INFO:colcon.colcon_core.shell:Creating environment hook '/home/chotu/ros2_ws/src/ENPM_808X_FINAL/install/tb3/share/tb3/hook/ld_library_path_lib.sh'
[8.060s] Level 1:colcon.colcon_core.environment:checking '/home/chotu/ros2_ws/src/ENPM_808X_FINAL/install/tb3/bin'
[8.060s] Level 1:colcon.colcon_core.environment:checking '/home/chotu/ros2_ws/src/ENPM_808X_FINAL/install/tb3/lib/pkgconfig/tb3.pc'
[8.060s] Level 1:colcon.colcon_core.environment:checking '/home/chotu/ros2_ws/src/ENPM_808X_FINAL/install/tb3/lib/python3.10/site-packages'
[8.061s] Level 1:colcon.colcon_core.environment:checking '/home/chotu/ros2_ws/src/ENPM_808X_FINAL/install/tb3/bin'
[8.061s] INFO:colcon.colcon_core.shell:Creating package script '/home/chotu/ros2_ws/src/ENPM_808X_FINAL/install/tb3/share/tb3/package.ps1'
[8.062s] INFO:colcon.colcon_core.shell:Creating package descriptor '/home/chotu/ros2_ws/src/ENPM_808X_FINAL/install/tb3/share/tb3/package.dsv'
[8.062s] INFO:colcon.colcon_core.shell:Creating package script '/home/chotu/ros2_ws/src/ENPM_808X_FINAL/install/tb3/share/tb3/package.sh'
[8.062s] INFO:colcon.colcon_core.shell:Creating package script '/home/chotu/ros2_ws/src/ENPM_808X_FINAL/install/tb3/share/tb3/package.bash'
[8.063s] INFO:colcon.colcon_core.shell:Creating package script '/home/chotu/ros2_ws/src/ENPM_808X_FINAL/install/tb3/share/tb3/package.zsh'
[8.063s] Level 1:colcon.colcon_core.environment:create_file_with_runtime_dependencies(/home/chotu/ros2_ws/src/ENPM_808X_FINAL/install/tb3/share/colcon-core/packages/tb3)
[8.063s] DEBUG:colcon.colcon_parallel_executor.executor.parallel:closing loop
[8.063s] DEBUG:colcon.colcon_parallel_executor.executor.parallel:loop closed
[8.063s] DEBUG:colcon.colcon_parallel_executor.executor.parallel:run_until_complete finished with '0'
[8.063s] DEBUG:colcon.colcon_core.event_reactor:joining thread
[8.067s] INFO:colcon.colcon_core.plugin_system:Skipping extension 'colcon_notification.desktop_notification.notify_send': Could not find 'notify-send'
[8.068s] INFO:colcon.colcon_core.plugin_system:Skipping extension 'colcon_notification.desktop_notification.terminal_notifier': Not used on non-Darwin systems
[8.068s] INFO:colcon.colcon_core.plugin_system:Skipping extension 'colcon_notification.desktop_notification.win32': Not used on non-Windows systems
[8.068s] INFO:colcon.colcon_notification.desktop_notification:Sending desktop notification using 'notify2'
[8.069s] DEBUG:colcon.colcon_notification.desktop_notification.notify2:Failed to initialize notify2: org.freedesktop.DBus.Error.Spawn.ExecFailed: /usr/bin/dbus-launch terminated abnormally without any error message
[8.069s] DEBUG:colcon.colcon_core.event_reactor:joined thread
[8.070s] INFO:colcon.colcon_core.shell:Creating prefix script '/home/chotu/ros2_ws/src/ENPM_808X_FINAL/install/local_setup.ps1'
[8.071s] INFO:colcon.colcon_core.shell:Creating prefix util module '/home/chotu/ros2_ws/src/ENPM_808X_FINAL/install/_local_setup_util_ps1.py'
[8.072s] INFO:colcon.colcon_core.shell:Creating prefix chain script '/home/chotu/ros2_ws/src/ENPM_808X_FINAL/install/setup.ps1'
[8.073s] INFO:colcon.colcon_core.shell:Creating prefix script '/home/chotu/ros2_ws/src/ENPM_808X_FINAL/install/local_setup.sh'
[8.073s] INFO:colcon.colcon_core.shell:Creating prefix util module '/home/chotu/ros2_ws/src/ENPM_808X_FINAL/install/_local_setup_util_sh.py'
[8.073s] INFO:colcon.colcon_core.shell:Creating prefix chain script '/home/chotu/ros2_ws/src/ENPM_808X_FINAL/install/setup.sh'
[8.074s] INFO:colcon.colcon_core.shell:Creating prefix script '/home/chotu/ros2_ws/src/ENPM_808X_FINAL/install/local_setup.bash'
[8.075s] INFO:colcon.colcon_core.shell:Creating prefix chain script '/home/chotu/ros2_ws/src/ENPM_808X_FINAL/install/setup.bash'
[8.075s] INFO:colcon.colcon_core.shell:Creating prefix script '/home/chotu/ros2_ws/src/ENPM_808X_FINAL/install/local_setup.zsh'
[8.076s] INFO:colcon.colcon_core.shell:Creating prefix chain script '/home/chotu/ros2_ws/src/ENPM_808X_FINAL/install/setup.zsh'
