[0.000000] (-) TimerEvent: {}
[0.000587] (ros2_aruco) JobQueued: {'identifier': 'ros2_aruco', 'dependencies': OrderedDict()}
[0.000617] (tutorial_interfaces) JobQueued: {'identifier': 'tutorial_interfaces', 'dependencies': OrderedDict()}
[0.000638] (tb3) JobQueued: {'identifier': 'tb3', 'dependencies': OrderedDict([('tutorial_interfaces', '/home/chotu/ros2_ws/src/ENPM_808X_FINAL/install/tutorial_interfaces')])}
[0.000659] (tutorial_interfaces) JobStarted: {'identifier': 'tutorial_interfaces'}
[0.014544] (ros2_aruco) JobStarted: {'identifier': 'ros2_aruco'}
[0.020563] (tutorial_interfaces) JobProgress: {'identifier': 'tutorial_interfaces', 'progress': 'cmake'}
[0.020996] (tutorial_interfaces) JobProgress: {'identifier': 'tutorial_interfaces', 'progress': 'build'}
[0.021507] (tutorial_interfaces) Command: {'cmd': ['/usr/bin/cmake', '--build', '/home/chotu/ros2_ws/src/ENPM_808X_FINAL/build/tutorial_interfaces', '--', '-j16', '-l16'], 'cwd': '/home/chotu/ros2_ws/src/ENPM_808X_FINAL/build/tutorial_interfaces', 'env': OrderedDict([('HOSTNAME', 'fa2a076f34cb'), ('SHLVL', '1'), ('LD_LIBRARY_PATH', '/home/chotu/ros2_ws/src/ENPM_808X_FINAL/install/tb3/lib:/home/chotu/ros2_ws/src/ENPM_808X_FINAL/install/tutorial_interfaces/lib:/usr/lib/x86_64-linux-gnu/gazebo-11/plugins:/opt/ros/humble/opt/rviz_ogre_vendor/lib:/opt/ros/humble/lib/x86_64-linux-gnu:/opt/ros/humble/lib'), ('HOME', '/home/chotu'), ('OLDPWD', '/home/chotu/ros2_ws/src'), ('ROS_PYTHON_VERSION', '3'), ('COLORTERM', 'truecolor'), ('_colcon_cd_root', '/opt/ros/humble/'), ('COLCON_PREFIX_PATH', '/home/chotu/ros2_ws/src/ENPM_808X_FINAL/install'), ('ROS_DISTRO', 'humble'), ('_', '/usr/bin/colcon'), ('ROS_VERSION', '2'), ('TERM', 'xterm-256color'), ('ROS_LOCALHOST_ONLY', '1'), ('QT_X11_NO_MITSHM', '1'), ('PATH', '/opt/ros/humble/bin:/usr/local/sbin:/usr/local/bin:/usr/sbin:/usr/bin:/sbin:/bin'), ('DISPLAY', ':0'), ('LANG', 'C.UTF-8'), ('XAUTHORITY', '/tmp/.docker6auzguhv.xauth'), ('AMENT_PREFIX_PATH', '/home/chotu/ros2_ws/src/ENPM_808X_FINAL/install/tb3:/home/chotu/ros2_ws/src/ENPM_808X_FINAL/install/tutorial_interfaces:/home/chotu/ros2_ws/src/ENPM_808X_FINAL/install/ros2_aruco:/opt/ros/humble'), ('TERMINATOR_UUID', 'urn:uuid:3cbeac55-f9ad-401f-a59f-3e2fbefe48db'), ('PWD', '/home/chotu/ros2_ws/src/ENPM_808X_FINAL/build/tutorial_interfaces'), ('LC_ALL', 'C.UTF-8'), ('PYTHONPATH', '/home/chotu/ros2_ws/src/ENPM_808X_FINAL/install/tb3/local/lib/python3.10/dist-packages:/home/chotu/ros2_ws/src/ENPM_808X_FINAL/install/tutorial_interfaces/local/lib/python3.10/dist-packages:/home/chotu/ros2_ws/src/ENPM_808X_FINAL/install/ros2_aruco/lib/python3.10/site-packages:/opt/ros/humble/lib/python3.10/site-packages:/opt/ros/humble/local/lib/python3.10/dist-packages'), ('COLCON', '1'), ('VTE_VERSION', '6800'), ('CMAKE_PREFIX_PATH', '/home/chotu/ros2_ws/src/ENPM_808X_FINAL/install/tb3:/home/chotu/ros2_ws/src/ENPM_808X_FINAL/install/tutorial_interfaces:/home/chotu/ros2_ws/src/ENPM_808X_FINAL/install/ros2_aruco:/opt/ros/humble')]), 'shell': False}
[0.055633] (tutorial_interfaces) StdoutLine: {'line': b'[  9%] Built target tutorial_interfaces__cpp\n'}
[0.055837] (tutorial_interfaces) StdoutLine: {'line': b'[ 12%] Built target tutorial_interfaces__rosidl_generator_c\n'}
[0.062735] (tutorial_interfaces) StdoutLine: {'line': b'[ 12%] Built target ament_cmake_python_copy_tutorial_interfaces\n'}
[0.069888] (tutorial_interfaces) StdoutLine: {'line': b'[ 41%] Built target tutorial_interfaces__rosidl_typesupport_introspection_c\n'}
[0.070136] (tutorial_interfaces) StdoutLine: {'line': b'[ 41%] Built target tutorial_interfaces__rosidl_typesupport_fastrtps_c\n'}
[0.070218] (tutorial_interfaces) StdoutLine: {'line': b'[ 41%] Built target tutorial_interfaces__rosidl_typesupport_c\n'}
[0.070289] (tutorial_interfaces) StdoutLine: {'line': b'[ 51%] Built target tutorial_interfaces__rosidl_typesupport_introspection_cpp\n'}
[0.076941] (tutorial_interfaces) StdoutLine: {'line': b'[ 70%] Built target tutorial_interfaces__rosidl_typesupport_cpp\n'}
[0.077121] (tutorial_interfaces) StdoutLine: {'line': b'[ 70%] Built target tutorial_interfaces__rosidl_typesupport_fastrtps_cpp\n'}
[0.088253] (tutorial_interfaces) StdoutLine: {'line': b'[ 70%] Built target tutorial_interfaces\n'}
[0.099767] (-) TimerEvent: {}
[0.101217] (tutorial_interfaces) StdoutLine: {'line': b'[ 74%] Built target tutorial_interfaces__py\n'}
[0.115851] (tutorial_interfaces) StdoutLine: {'line': b'[ 80%] Built target tutorial_interfaces__rosidl_generator_py\n'}
[0.130500] (tutorial_interfaces) StdoutLine: {'line': b'[100%] Built target tutorial_interfaces__rosidl_typesupport_c__pyext\n'}
[0.130713] (tutorial_interfaces) StdoutLine: {'line': b'[100%] Built target tutorial_interfaces__rosidl_typesupport_fastrtps_c__pyext\n'}
[0.130844] (tutorial_interfaces) StdoutLine: {'line': b'[100%] Built target tutorial_interfaces__rosidl_typesupport_introspection_c__pyext\n'}
[0.199864] (-) TimerEvent: {}
[0.214635] (tutorial_interfaces) StdoutLine: {'line': b'running egg_info\n'}
[0.215121] (tutorial_interfaces) StdoutLine: {'line': b'writing tutorial_interfaces.egg-info/PKG-INFO\n'}
[0.215284] (tutorial_interfaces) StdoutLine: {'line': b'writing dependency_links to tutorial_interfaces.egg-info/dependency_links.txt\n'}
[0.215394] (tutorial_interfaces) StdoutLine: {'line': b'writing top-level names to tutorial_interfaces.egg-info/top_level.txt\n'}
[0.216703] (tutorial_interfaces) StdoutLine: {'line': b"reading manifest file 'tutorial_interfaces.egg-info/SOURCES.txt'\n"}
[0.217064] (tutorial_interfaces) StdoutLine: {'line': b"writing manifest file 'tutorial_interfaces.egg-info/SOURCES.txt'\n"}
[0.239792] (tutorial_interfaces) StdoutLine: {'line': b'[100%] Built target ament_cmake_python_build_tutorial_interfaces_egg\n'}
[0.247431] (tutorial_interfaces) CommandEnded: {'returncode': 0}
[0.277840] (tutorial_interfaces) JobProgress: {'identifier': 'tutorial_interfaces', 'progress': 'install'}
[0.283080] (tutorial_interfaces) Command: {'cmd': ['/usr/bin/cmake', '--install', '/home/chotu/ros2_ws/src/ENPM_808X_FINAL/build/tutorial_interfaces'], 'cwd': '/home/chotu/ros2_ws/src/ENPM_808X_FINAL/build/tutorial_interfaces', 'env': OrderedDict([('HOSTNAME', 'fa2a076f34cb'), ('SHLVL', '1'), ('LD_LIBRARY_PATH', '/home/chotu/ros2_ws/src/ENPM_808X_FINAL/install/tb3/lib:/home/chotu/ros2_ws/src/ENPM_808X_FINAL/install/tutorial_interfaces/lib:/usr/lib/x86_64-linux-gnu/gazebo-11/plugins:/opt/ros/humble/opt/rviz_ogre_vendor/lib:/opt/ros/humble/lib/x86_64-linux-gnu:/opt/ros/humble/lib'), ('HOME', '/home/chotu'), ('OLDPWD', '/home/chotu/ros2_ws/src'), ('ROS_PYTHON_VERSION', '3'), ('COLORTERM', 'truecolor'), ('_colcon_cd_root', '/opt/ros/humble/'), ('COLCON_PREFIX_PATH', '/home/chotu/ros2_ws/src/ENPM_808X_FINAL/install'), ('ROS_DISTRO', 'humble'), ('_', '/usr/bin/colcon'), ('ROS_VERSION', '2'), ('TERM', 'xterm-256color'), ('ROS_LOCALHOST_ONLY', '1'), ('QT_X11_NO_MITSHM', '1'), ('PATH', '/opt/ros/humble/bin:/usr/local/sbin:/usr/local/bin:/usr/sbin:/usr/bin:/sbin:/bin'), ('DISPLAY', ':0'), ('LANG', 'C.UTF-8'), ('XAUTHORITY', '/tmp/.docker6auzguhv.xauth'), ('AMENT_PREFIX_PATH', '/home/chotu/ros2_ws/src/ENPM_808X_FINAL/install/tb3:/home/chotu/ros2_ws/src/ENPM_808X_FINAL/install/tutorial_interfaces:/home/chotu/ros2_ws/src/ENPM_808X_FINAL/install/ros2_aruco:/opt/ros/humble'), ('TERMINATOR_UUID', 'urn:uuid:3cbeac55-f9ad-401f-a59f-3e2fbefe48db'), ('PWD', '/home/chotu/ros2_ws/src/ENPM_808X_FINAL/build/tutorial_interfaces'), ('LC_ALL', 'C.UTF-8'), ('PYTHONPATH', '/home/chotu/ros2_ws/src/ENPM_808X_FINAL/install/tb3/local/lib/python3.10/dist-packages:/home/chotu/ros2_ws/src/ENPM_808X_FINAL/install/tutorial_interfaces/local/lib/python3.10/dist-packages:/home/chotu/ros2_ws/src/ENPM_808X_FINAL/install/ros2_aruco/lib/python3.10/site-packages:/opt/ros/humble/lib/python3.10/site-packages:/opt/ros/humble/local/lib/python3.10/dist-packages'), ('COLCON', '1'), ('VTE_VERSION', '6800'), ('CMAKE_PREFIX_PATH', '/home/chotu/ros2_ws/src/ENPM_808X_FINAL/install/tb3:/home/chotu/ros2_ws/src/ENPM_808X_FINAL/install/tutorial_interfaces:/home/chotu/ros2_ws/src/ENPM_808X_FINAL/install/ros2_aruco:/opt/ros/humble')]), 'shell': False}
[0.287504] (tutorial_interfaces) StdoutLine: {'line': b'-- Install configuration: ""\n'}
[0.287695] (tutorial_interfaces) StdoutLine: {'line': b'-- Up-to-date: /home/chotu/ros2_ws/src/ENPM_808X_FINAL/install/tutorial_interfaces/share/ament_index/resource_index/rosidl_interfaces/tutorial_interfaces\n'}
[0.287789] (tutorial_interfaces) StdoutLine: {'line': b'-- Up-to-date: /home/chotu/ros2_ws/src/ENPM_808X_FINAL/install/tutorial_interfaces/include/tutorial_interfaces/tutorial_interfaces\n'}
[0.287876] (tutorial_interfaces) StdoutLine: {'line': b'-- Up-to-date: /home/chotu/ros2_ws/src/ENPM_808X_FINAL/install/tutorial_interfaces/include/tutorial_interfaces/tutorial_interfaces/msg\n'}
[0.287977] (tutorial_interfaces) StdoutLine: {'line': b'-- Up-to-date: /home/chotu/ros2_ws/src/ENPM_808X_FINAL/install/tutorial_interfaces/include/tutorial_interfaces/tutorial_interfaces/msg/detail\n'}
[0.288051] (tutorial_interfaces) StdoutLine: {'line': b'-- Up-to-date: /home/chotu/ros2_ws/src/ENPM_808X_FINAL/install/tutorial_interfaces/include/tutorial_interfaces/tutorial_interfaces/msg/detail/num__type_support.h\n'}
[0.288125] (tutorial_interfaces) StdoutLine: {'line': b'-- Up-to-date: /home/chotu/ros2_ws/src/ENPM_808X_FINAL/install/tutorial_interfaces/include/tutorial_interfaces/tutorial_interfaces/msg/detail/num__functions.h\n'}
[0.288200] (tutorial_interfaces) StdoutLine: {'line': b'-- Up-to-date: /home/chotu/ros2_ws/src/ENPM_808X_FINAL/install/tutorial_interfaces/include/tutorial_interfaces/tutorial_interfaces/msg/detail/num__functions.c\n'}
[0.288331] (tutorial_interfaces) StdoutLine: {'line': b'-- Up-to-date: /home/chotu/ros2_ws/src/ENPM_808X_FINAL/install/tutorial_interfaces/include/tutorial_interfaces/tutorial_interfaces/msg/detail/num__struct.h\n'}
[0.288402] (tutorial_interfaces) StdoutLine: {'line': b'-- Up-to-date: /home/chotu/ros2_ws/src/ENPM_808X_FINAL/install/tutorial_interfaces/include/tutorial_interfaces/tutorial_interfaces/msg/num.h\n'}
[0.288474] (tutorial_interfaces) StdoutLine: {'line': b'-- Up-to-date: /home/chotu/ros2_ws/src/ENPM_808X_FINAL/install/tutorial_interfaces/include/tutorial_interfaces/tutorial_interfaces/msg/rosidl_generator_c__visibility_control.h\n'}
[0.288578] (tutorial_interfaces) StdoutLine: {'line': b'-- Up-to-date: /home/chotu/ros2_ws/src/ENPM_808X_FINAL/install/tutorial_interfaces/share/tutorial_interfaces/environment/library_path.sh\n'}
[0.288653] (tutorial_interfaces) StdoutLine: {'line': b'-- Up-to-date: /home/chotu/ros2_ws/src/ENPM_808X_FINAL/install/tutorial_interfaces/share/tutorial_interfaces/environment/library_path.dsv\n'}
[0.288712] (tutorial_interfaces) StdoutLine: {'line': b'-- Up-to-date: /home/chotu/ros2_ws/src/ENPM_808X_FINAL/install/tutorial_interfaces/lib/libtutorial_interfaces__rosidl_generator_c.so\n'}
[0.288769] (tutorial_interfaces) StdoutLine: {'line': b'-- Up-to-date: /home/chotu/ros2_ws/src/ENPM_808X_FINAL/install/tutorial_interfaces/include/tutorial_interfaces/tutorial_interfaces\n'}
[0.288829] (tutorial_interfaces) StdoutLine: {'line': b'-- Up-to-date: /home/chotu/ros2_ws/src/ENPM_808X_FINAL/install/tutorial_interfaces/include/tutorial_interfaces/tutorial_interfaces/msg\n'}
[0.288887] (tutorial_interfaces) StdoutLine: {'line': b'-- Up-to-date: /home/chotu/ros2_ws/src/ENPM_808X_FINAL/install/tutorial_interfaces/include/tutorial_interfaces/tutorial_interfaces/msg/detail\n'}
[0.288952] (tutorial_interfaces) StdoutLine: {'line': b'-- Up-to-date: /home/chotu/ros2_ws/src/ENPM_808X_FINAL/install/tutorial_interfaces/include/tutorial_interfaces/tutorial_interfaces/msg/detail/num__rosidl_typesupport_fastrtps_c.h\n'}
[0.289011] (tutorial_interfaces) StdoutLine: {'line': b'-- Up-to-date: /home/chotu/ros2_ws/src/ENPM_808X_FINAL/install/tutorial_interfaces/include/tutorial_interfaces/tutorial_interfaces/msg/rosidl_typesupport_fastrtps_c__visibility_control.h\n'}
[0.289103] (tutorial_interfaces) StdoutLine: {'line': b'-- Up-to-date: /home/chotu/ros2_ws/src/ENPM_808X_FINAL/install/tutorial_interfaces/lib/libtutorial_interfaces__rosidl_typesupport_fastrtps_c.so\n'}
[0.289176] (tutorial_interfaces) StdoutLine: {'line': b'-- Up-to-date: /home/chotu/ros2_ws/src/ENPM_808X_FINAL/install/tutorial_interfaces/include/tutorial_interfaces/tutorial_interfaces\n'}
[0.289240] (tutorial_interfaces) StdoutLine: {'line': b'-- Up-to-date: /home/chotu/ros2_ws/src/ENPM_808X_FINAL/install/tutorial_interfaces/include/tutorial_interfaces/tutorial_interfaces/msg\n'}
[0.289299] (tutorial_interfaces) StdoutLine: {'line': b'-- Up-to-date: /home/chotu/ros2_ws/src/ENPM_808X_FINAL/install/tutorial_interfaces/include/tutorial_interfaces/tutorial_interfaces/msg/detail\n'}
[0.289360] (tutorial_interfaces) StdoutLine: {'line': b'-- Up-to-date: /home/chotu/ros2_ws/src/ENPM_808X_FINAL/install/tutorial_interfaces/include/tutorial_interfaces/tutorial_interfaces/msg/detail/num__traits.hpp\n'}
[0.289421] (tutorial_interfaces) StdoutLine: {'line': b'-- Up-to-date: /home/chotu/ros2_ws/src/ENPM_808X_FINAL/install/tutorial_interfaces/include/tutorial_interfaces/tutorial_interfaces/msg/detail/num__struct.hpp\n'}
[0.289481] (tutorial_interfaces) StdoutLine: {'line': b'-- Up-to-date: /home/chotu/ros2_ws/src/ENPM_808X_FINAL/install/tutorial_interfaces/include/tutorial_interfaces/tutorial_interfaces/msg/detail/num__builder.hpp\n'}
[0.289539] (tutorial_interfaces) StdoutLine: {'line': b'-- Up-to-date: /home/chotu/ros2_ws/src/ENPM_808X_FINAL/install/tutorial_interfaces/include/tutorial_interfaces/tutorial_interfaces/msg/num.hpp\n'}
[0.289599] (tutorial_interfaces) StdoutLine: {'line': b'-- Up-to-date: /home/chotu/ros2_ws/src/ENPM_808X_FINAL/install/tutorial_interfaces/include/tutorial_interfaces/tutorial_interfaces\n'}
[0.289662] (tutorial_interfaces) StdoutLine: {'line': b'-- Up-to-date: /home/chotu/ros2_ws/src/ENPM_808X_FINAL/install/tutorial_interfaces/include/tutorial_interfaces/tutorial_interfaces/msg\n'}
[0.289726] (tutorial_interfaces) StdoutLine: {'line': b'-- Up-to-date: /home/chotu/ros2_ws/src/ENPM_808X_FINAL/install/tutorial_interfaces/include/tutorial_interfaces/tutorial_interfaces/msg/detail\n'}
[0.289785] (tutorial_interfaces) StdoutLine: {'line': b'-- Up-to-date: /home/chotu/ros2_ws/src/ENPM_808X_FINAL/install/tutorial_interfaces/include/tutorial_interfaces/tutorial_interfaces/msg/detail/dds_fastrtps\n'}
[0.289842] (tutorial_interfaces) StdoutLine: {'line': b'-- Up-to-date: /home/chotu/ros2_ws/src/ENPM_808X_FINAL/install/tutorial_interfaces/include/tutorial_interfaces/tutorial_interfaces/msg/detail/num__rosidl_typesupport_fastrtps_cpp.hpp\n'}
[0.289900] (tutorial_interfaces) StdoutLine: {'line': b'-- Up-to-date: /home/chotu/ros2_ws/src/ENPM_808X_FINAL/install/tutorial_interfaces/include/tutorial_interfaces/tutorial_interfaces/msg/rosidl_typesupport_fastrtps_cpp__visibility_control.h\n'}
[0.289964] (tutorial_interfaces) StdoutLine: {'line': b'-- Up-to-date: /home/chotu/ros2_ws/src/ENPM_808X_FINAL/install/tutorial_interfaces/lib/libtutorial_interfaces__rosidl_typesupport_fastrtps_cpp.so\n'}
[0.290021] (tutorial_interfaces) StdoutLine: {'line': b'-- Up-to-date: /home/chotu/ros2_ws/src/ENPM_808X_FINAL/install/tutorial_interfaces/include/tutorial_interfaces/tutorial_interfaces\n'}
[0.290079] (tutorial_interfaces) StdoutLine: {'line': b'-- Up-to-date: /home/chotu/ros2_ws/src/ENPM_808X_FINAL/install/tutorial_interfaces/include/tutorial_interfaces/tutorial_interfaces/msg\n'}
[0.290137] (tutorial_interfaces) StdoutLine: {'line': b'-- Up-to-date: /home/chotu/ros2_ws/src/ENPM_808X_FINAL/install/tutorial_interfaces/include/tutorial_interfaces/tutorial_interfaces/msg/detail\n'}
[0.290244] (tutorial_interfaces) StdoutLine: {'line': b'-- Up-to-date: /home/chotu/ros2_ws/src/ENPM_808X_FINAL/install/tutorial_interfaces/include/tutorial_interfaces/tutorial_interfaces/msg/detail/num__rosidl_typesupport_introspection_c.h\n'}
[0.290304] (tutorial_interfaces) StdoutLine: {'line': b'-- Up-to-date: /home/chotu/ros2_ws/src/ENPM_808X_FINAL/install/tutorial_interfaces/include/tutorial_interfaces/tutorial_interfaces/msg/detail/num__type_support.c\n'}
[0.290359] (tutorial_interfaces) StdoutLine: {'line': b'-- Up-to-date: /home/chotu/ros2_ws/src/ENPM_808X_FINAL/install/tutorial_interfaces/include/tutorial_interfaces/tutorial_interfaces/msg/rosidl_typesupport_introspection_c__visibility_control.h\n'}
[0.290421] (tutorial_interfaces) StdoutLine: {'line': b'-- Up-to-date: /home/chotu/ros2_ws/src/ENPM_808X_FINAL/install/tutorial_interfaces/lib/libtutorial_interfaces__rosidl_typesupport_introspection_c.so\n'}
[0.290479] (tutorial_interfaces) StdoutLine: {'line': b'-- Up-to-date: /home/chotu/ros2_ws/src/ENPM_808X_FINAL/install/tutorial_interfaces/lib/libtutorial_interfaces__rosidl_typesupport_c.so\n'}
[0.290536] (tutorial_interfaces) StdoutLine: {'line': b'-- Up-to-date: /home/chotu/ros2_ws/src/ENPM_808X_FINAL/install/tutorial_interfaces/include/tutorial_interfaces/tutorial_interfaces\n'}
[0.290592] (tutorial_interfaces) StdoutLine: {'line': b'-- Up-to-date: /home/chotu/ros2_ws/src/ENPM_808X_FINAL/install/tutorial_interfaces/include/tutorial_interfaces/tutorial_interfaces/msg\n'}
[0.290646] (tutorial_interfaces) StdoutLine: {'line': b'-- Up-to-date: /home/chotu/ros2_ws/src/ENPM_808X_FINAL/install/tutorial_interfaces/include/tutorial_interfaces/tutorial_interfaces/msg/detail\n'}
[0.290703] (tutorial_interfaces) StdoutLine: {'line': b'-- Up-to-date: /home/chotu/ros2_ws/src/ENPM_808X_FINAL/install/tutorial_interfaces/include/tutorial_interfaces/tutorial_interfaces/msg/detail/num__rosidl_typesupport_introspection_cpp.hpp\n'}
[0.290757] (tutorial_interfaces) StdoutLine: {'line': b'-- Up-to-date: /home/chotu/ros2_ws/src/ENPM_808X_FINAL/install/tutorial_interfaces/include/tutorial_interfaces/tutorial_interfaces/msg/detail/num__type_support.cpp\n'}
[0.290854] (tutorial_interfaces) StdoutLine: {'line': b'-- Up-to-date: /home/chotu/ros2_ws/src/ENPM_808X_FINAL/install/tutorial_interfaces/lib/libtutorial_interfaces__rosidl_typesupport_introspection_cpp.so\n'}
[0.290910] (tutorial_interfaces) StdoutLine: {'line': b'-- Up-to-date: /home/chotu/ros2_ws/src/ENPM_808X_FINAL/install/tutorial_interfaces/lib/libtutorial_interfaces__rosidl_typesupport_cpp.so\n'}
[0.290967] (tutorial_interfaces) StdoutLine: {'line': b'-- Up-to-date: /home/chotu/ros2_ws/src/ENPM_808X_FINAL/install/tutorial_interfaces/share/tutorial_interfaces/environment/pythonpath.sh\n'}
[0.291022] (tutorial_interfaces) StdoutLine: {'line': b'-- Up-to-date: /home/chotu/ros2_ws/src/ENPM_808X_FINAL/install/tutorial_interfaces/share/tutorial_interfaces/environment/pythonpath.dsv\n'}
[0.291077] (tutorial_interfaces) StdoutLine: {'line': b'-- Up-to-date: /home/chotu/ros2_ws/src/ENPM_808X_FINAL/install/tutorial_interfaces/local/lib/python3.10/dist-packages/tutorial_interfaces-0.0.0-py3.10.egg-info\n'}
[0.291135] (tutorial_interfaces) StdoutLine: {'line': b'-- Installing: /home/chotu/ros2_ws/src/ENPM_808X_FINAL/install/tutorial_interfaces/local/lib/python3.10/dist-packages/tutorial_interfaces-0.0.0-py3.10.egg-info/SOURCES.txt\n'}
[0.291191] (tutorial_interfaces) StdoutLine: {'line': b'-- Installing: /home/chotu/ros2_ws/src/ENPM_808X_FINAL/install/tutorial_interfaces/local/lib/python3.10/dist-packages/tutorial_interfaces-0.0.0-py3.10.egg-info/PKG-INFO\n'}
[0.291247] (tutorial_interfaces) StdoutLine: {'line': b'-- Installing: /home/chotu/ros2_ws/src/ENPM_808X_FINAL/install/tutorial_interfaces/local/lib/python3.10/dist-packages/tutorial_interfaces-0.0.0-py3.10.egg-info/top_level.txt\n'}
[0.291301] (tutorial_interfaces) StdoutLine: {'line': b'-- Installing: /home/chotu/ros2_ws/src/ENPM_808X_FINAL/install/tutorial_interfaces/local/lib/python3.10/dist-packages/tutorial_interfaces-0.0.0-py3.10.egg-info/dependency_links.txt\n'}
[0.291356] (tutorial_interfaces) StdoutLine: {'line': b'-- Up-to-date: /home/chotu/ros2_ws/src/ENPM_808X_FINAL/install/tutorial_interfaces/local/lib/python3.10/dist-packages/tutorial_interfaces\n'}
[0.291411] (tutorial_interfaces) StdoutLine: {'line': b'-- Up-to-date: /home/chotu/ros2_ws/src/ENPM_808X_FINAL/install/tutorial_interfaces/local/lib/python3.10/dist-packages/tutorial_interfaces/msg\n'}
[0.291467] (tutorial_interfaces) StdoutLine: {'line': b'-- Up-to-date: /home/chotu/ros2_ws/src/ENPM_808X_FINAL/install/tutorial_interfaces/local/lib/python3.10/dist-packages/tutorial_interfaces/msg/_num.py\n'}
[0.291534] (tutorial_interfaces) StdoutLine: {'line': b'-- Up-to-date: /home/chotu/ros2_ws/src/ENPM_808X_FINAL/install/tutorial_interfaces/local/lib/python3.10/dist-packages/tutorial_interfaces/msg/__init__.py\n'}
[0.291586] (tutorial_interfaces) StdoutLine: {'line': b'-- Up-to-date: /home/chotu/ros2_ws/src/ENPM_808X_FINAL/install/tutorial_interfaces/local/lib/python3.10/dist-packages/tutorial_interfaces/msg/_num_s.c\n'}
[0.291636] (tutorial_interfaces) StdoutLine: {'line': b'-- Up-to-date: /home/chotu/ros2_ws/src/ENPM_808X_FINAL/install/tutorial_interfaces/local/lib/python3.10/dist-packages/tutorial_interfaces/tutorial_interfaces_s__rosidl_typesupport_c.cpython-310-x86_64-linux-gnu.so\n'}
[0.291690] (tutorial_interfaces) StdoutLine: {'line': b'-- Up-to-date: /home/chotu/ros2_ws/src/ENPM_808X_FINAL/install/tutorial_interfaces/local/lib/python3.10/dist-packages/tutorial_interfaces/_tutorial_interfaces_s.ep.rosidl_typesupport_introspection_c.c\n'}
[0.291738] (tutorial_interfaces) StdoutLine: {'line': b'-- Up-to-date: /home/chotu/ros2_ws/src/ENPM_808X_FINAL/install/tutorial_interfaces/local/lib/python3.10/dist-packages/tutorial_interfaces/_tutorial_interfaces_s.ep.rosidl_typesupport_fastrtps_c.c\n'}
[0.291783] (tutorial_interfaces) StdoutLine: {'line': b'-- Up-to-date: /home/chotu/ros2_ws/src/ENPM_808X_FINAL/install/tutorial_interfaces/local/lib/python3.10/dist-packages/tutorial_interfaces/__init__.py\n'}
[0.291827] (tutorial_interfaces) StdoutLine: {'line': b'-- Up-to-date: /home/chotu/ros2_ws/src/ENPM_808X_FINAL/install/tutorial_interfaces/local/lib/python3.10/dist-packages/tutorial_interfaces/tutorial_interfaces_s__rosidl_typesupport_introspection_c.cpython-310-x86_64-linux-gnu.so\n'}
[0.291869] (tutorial_interfaces) StdoutLine: {'line': b'-- Up-to-date: /home/chotu/ros2_ws/src/ENPM_808X_FINAL/install/tutorial_interfaces/local/lib/python3.10/dist-packages/tutorial_interfaces/libtutorial_interfaces__rosidl_generator_py.so\n'}
[0.291912] (tutorial_interfaces) StdoutLine: {'line': b'-- Up-to-date: /home/chotu/ros2_ws/src/ENPM_808X_FINAL/install/tutorial_interfaces/local/lib/python3.10/dist-packages/tutorial_interfaces/_tutorial_interfaces_s.ep.rosidl_typesupport_c.c\n'}
[0.291954] (tutorial_interfaces) StdoutLine: {'line': b'-- Up-to-date: /home/chotu/ros2_ws/src/ENPM_808X_FINAL/install/tutorial_interfaces/local/lib/python3.10/dist-packages/tutorial_interfaces/tutorial_interfaces_s__rosidl_typesupport_fastrtps_c.cpython-310-x86_64-linux-gnu.so\n'}
[0.299934] (-) TimerEvent: {}
[0.310458] (tutorial_interfaces) StdoutLine: {'line': b"Listing '/home/chotu/ros2_ws/src/ENPM_808X_FINAL/install/tutorial_interfaces/local/lib/python3.10/dist-packages/tutorial_interfaces'...\n"}
[0.310622] (tutorial_interfaces) StdoutLine: {'line': b"Listing '/home/chotu/ros2_ws/src/ENPM_808X_FINAL/install/tutorial_interfaces/local/lib/python3.10/dist-packages/tutorial_interfaces/msg'...\n"}
[0.313759] (tutorial_interfaces) StdoutLine: {'line': b'-- Up-to-date: /home/chotu/ros2_ws/src/ENPM_808X_FINAL/install/tutorial_interfaces/local/lib/python3.10/dist-packages/tutorial_interfaces/tutorial_interfaces_s__rosidl_typesupport_fastrtps_c.cpython-310-x86_64-linux-gnu.so\n'}
[0.313926] (tutorial_interfaces) StdoutLine: {'line': b'-- Up-to-date: /home/chotu/ros2_ws/src/ENPM_808X_FINAL/install/tutorial_interfaces/local/lib/python3.10/dist-packages/tutorial_interfaces/tutorial_interfaces_s__rosidl_typesupport_introspection_c.cpython-310-x86_64-linux-gnu.so\n'}
[0.314099] (tutorial_interfaces) StdoutLine: {'line': b'-- Up-to-date: /home/chotu/ros2_ws/src/ENPM_808X_FINAL/install/tutorial_interfaces/local/lib/python3.10/dist-packages/tutorial_interfaces/tutorial_interfaces_s__rosidl_typesupport_c.cpython-310-x86_64-linux-gnu.so\n'}
[0.314271] (tutorial_interfaces) StdoutLine: {'line': b'-- Up-to-date: /home/chotu/ros2_ws/src/ENPM_808X_FINAL/install/tutorial_interfaces/lib/libtutorial_interfaces__rosidl_generator_py.so\n'}
[0.314380] (tutorial_interfaces) StdoutLine: {'line': b'-- Up-to-date: /home/chotu/ros2_ws/src/ENPM_808X_FINAL/install/tutorial_interfaces/share/tutorial_interfaces/msg/Num.idl\n'}
[0.314475] (tutorial_interfaces) StdoutLine: {'line': b'-- Up-to-date: /home/chotu/ros2_ws/src/ENPM_808X_FINAL/install/tutorial_interfaces/share/tutorial_interfaces/msg/Num.msg\n'}
[0.314534] (tutorial_interfaces) StdoutLine: {'line': b'-- Up-to-date: /home/chotu/ros2_ws/src/ENPM_808X_FINAL/install/tutorial_interfaces/share/ament_index/resource_index/package_run_dependencies/tutorial_interfaces\n'}
[0.314590] (tutorial_interfaces) StdoutLine: {'line': b'-- Up-to-date: /home/chotu/ros2_ws/src/ENPM_808X_FINAL/install/tutorial_interfaces/share/ament_index/resource_index/parent_prefix_path/tutorial_interfaces\n'}
[0.314681] (tutorial_interfaces) StdoutLine: {'line': b'-- Up-to-date: /home/chotu/ros2_ws/src/ENPM_808X_FINAL/install/tutorial_interfaces/share/tutorial_interfaces/environment/ament_prefix_path.sh\n'}
[0.314740] (tutorial_interfaces) StdoutLine: {'line': b'-- Up-to-date: /home/chotu/ros2_ws/src/ENPM_808X_FINAL/install/tutorial_interfaces/share/tutorial_interfaces/environment/ament_prefix_path.dsv\n'}
[0.314802] (tutorial_interfaces) StdoutLine: {'line': b'-- Up-to-date: /home/chotu/ros2_ws/src/ENPM_808X_FINAL/install/tutorial_interfaces/share/tutorial_interfaces/environment/path.sh\n'}
[0.314851] (tutorial_interfaces) StdoutLine: {'line': b'-- Up-to-date: /home/chotu/ros2_ws/src/ENPM_808X_FINAL/install/tutorial_interfaces/share/tutorial_interfaces/environment/path.dsv\n'}
[0.314932] (tutorial_interfaces) StdoutLine: {'line': b'-- Up-to-date: /home/chotu/ros2_ws/src/ENPM_808X_FINAL/install/tutorial_interfaces/share/tutorial_interfaces/local_setup.bash\n'}
[0.314981] (tutorial_interfaces) StdoutLine: {'line': b'-- Up-to-date: /home/chotu/ros2_ws/src/ENPM_808X_FINAL/install/tutorial_interfaces/share/tutorial_interfaces/local_setup.sh\n'}
[0.315056] (tutorial_interfaces) StdoutLine: {'line': b'-- Up-to-date: /home/chotu/ros2_ws/src/ENPM_808X_FINAL/install/tutorial_interfaces/share/tutorial_interfaces/local_setup.zsh\n'}
[0.315103] (tutorial_interfaces) StdoutLine: {'line': b'-- Up-to-date: /home/chotu/ros2_ws/src/ENPM_808X_FINAL/install/tutorial_interfaces/share/tutorial_interfaces/local_setup.dsv\n'}
[0.315167] (tutorial_interfaces) StdoutLine: {'line': b'-- Installing: /home/chotu/ros2_ws/src/ENPM_808X_FINAL/install/tutorial_interfaces/share/tutorial_interfaces/package.dsv\n'}
[0.315219] (tutorial_interfaces) StdoutLine: {'line': b'-- Up-to-date: /home/chotu/ros2_ws/src/ENPM_808X_FINAL/install/tutorial_interfaces/share/ament_index/resource_index/packages/tutorial_interfaces\n'}
[0.315275] (tutorial_interfaces) StdoutLine: {'line': b'-- Up-to-date: /home/chotu/ros2_ws/src/ENPM_808X_FINAL/install/tutorial_interfaces/share/tutorial_interfaces/cmake/export_tutorial_interfaces__rosidl_generator_cExport.cmake\n'}
[0.315322] (tutorial_interfaces) StdoutLine: {'line': b'-- Up-to-date: /home/chotu/ros2_ws/src/ENPM_808X_FINAL/install/tutorial_interfaces/share/tutorial_interfaces/cmake/export_tutorial_interfaces__rosidl_generator_cExport-noconfig.cmake\n'}
[0.315367] (tutorial_interfaces) StdoutLine: {'line': b'-- Up-to-date: /home/chotu/ros2_ws/src/ENPM_808X_FINAL/install/tutorial_interfaces/share/tutorial_interfaces/cmake/export_tutorial_interfaces__rosidl_typesupport_fastrtps_cExport.cmake\n'}
[0.315437] (tutorial_interfaces) StdoutLine: {'line': b'-- Up-to-date: /home/chotu/ros2_ws/src/ENPM_808X_FINAL/install/tutorial_interfaces/share/tutorial_interfaces/cmake/export_tutorial_interfaces__rosidl_typesupport_fastrtps_cExport-noconfig.cmake\n'}
[0.315483] (tutorial_interfaces) StdoutLine: {'line': b'-- Up-to-date: /home/chotu/ros2_ws/src/ENPM_808X_FINAL/install/tutorial_interfaces/share/tutorial_interfaces/cmake/export_tutorial_interfaces__rosidl_generator_cppExport.cmake\n'}
[0.315544] (tutorial_interfaces) StdoutLine: {'line': b'-- Up-to-date: /home/chotu/ros2_ws/src/ENPM_808X_FINAL/install/tutorial_interfaces/share/tutorial_interfaces/cmake/export_tutorial_interfaces__rosidl_typesupport_fastrtps_cppExport.cmake\n'}
[0.315589] (tutorial_interfaces) StdoutLine: {'line': b'-- Up-to-date: /home/chotu/ros2_ws/src/ENPM_808X_FINAL/install/tutorial_interfaces/share/tutorial_interfaces/cmake/export_tutorial_interfaces__rosidl_typesupport_fastrtps_cppExport-noconfig.cmake\n'}
[0.315659] (tutorial_interfaces) StdoutLine: {'line': b'-- Up-to-date: /home/chotu/ros2_ws/src/ENPM_808X_FINAL/install/tutorial_interfaces/share/tutorial_interfaces/cmake/tutorial_interfaces__rosidl_typesupport_introspection_cExport.cmake\n'}
[0.315741] (tutorial_interfaces) StdoutLine: {'line': b'-- Up-to-date: /home/chotu/ros2_ws/src/ENPM_808X_FINAL/install/tutorial_interfaces/share/tutorial_interfaces/cmake/tutorial_interfaces__rosidl_typesupport_introspection_cExport-noconfig.cmake\n'}
[0.315797] (tutorial_interfaces) StdoutLine: {'line': b'-- Up-to-date: /home/chotu/ros2_ws/src/ENPM_808X_FINAL/install/tutorial_interfaces/share/tutorial_interfaces/cmake/tutorial_interfaces__rosidl_typesupport_cExport.cmake\n'}
[0.315840] (tutorial_interfaces) StdoutLine: {'line': b'-- Up-to-date: /home/chotu/ros2_ws/src/ENPM_808X_FINAL/install/tutorial_interfaces/share/tutorial_interfaces/cmake/tutorial_interfaces__rosidl_typesupport_cExport-noconfig.cmake\n'}
[0.315882] (tutorial_interfaces) StdoutLine: {'line': b'-- Up-to-date: /home/chotu/ros2_ws/src/ENPM_808X_FINAL/install/tutorial_interfaces/share/tutorial_interfaces/cmake/tutorial_interfaces__rosidl_typesupport_introspection_cppExport.cmake\n'}
[0.315926] (tutorial_interfaces) StdoutLine: {'line': b'-- Up-to-date: /home/chotu/ros2_ws/src/ENPM_808X_FINAL/install/tutorial_interfaces/share/tutorial_interfaces/cmake/tutorial_interfaces__rosidl_typesupport_introspection_cppExport-noconfig.cmake\n'}
[0.315969] (tutorial_interfaces) StdoutLine: {'line': b'-- Up-to-date: /home/chotu/ros2_ws/src/ENPM_808X_FINAL/install/tutorial_interfaces/share/tutorial_interfaces/cmake/tutorial_interfaces__rosidl_typesupport_cppExport.cmake\n'}
[0.316010] (tutorial_interfaces) StdoutLine: {'line': b'-- Up-to-date: /home/chotu/ros2_ws/src/ENPM_808X_FINAL/install/tutorial_interfaces/share/tutorial_interfaces/cmake/tutorial_interfaces__rosidl_typesupport_cppExport-noconfig.cmake\n'}
[0.316052] (tutorial_interfaces) StdoutLine: {'line': b'-- Up-to-date: /home/chotu/ros2_ws/src/ENPM_808X_FINAL/install/tutorial_interfaces/share/tutorial_interfaces/cmake/export_tutorial_interfaces__rosidl_generator_pyExport.cmake\n'}
[0.316093] (tutorial_interfaces) StdoutLine: {'line': b'-- Up-to-date: /home/chotu/ros2_ws/src/ENPM_808X_FINAL/install/tutorial_interfaces/share/tutorial_interfaces/cmake/export_tutorial_interfaces__rosidl_generator_pyExport-noconfig.cmake\n'}
[0.316134] (tutorial_interfaces) StdoutLine: {'line': b'-- Up-to-date: /home/chotu/ros2_ws/src/ENPM_808X_FINAL/install/tutorial_interfaces/share/tutorial_interfaces/cmake/rosidl_cmake-extras.cmake\n'}
[0.316174] (tutorial_interfaces) StdoutLine: {'line': b'-- Up-to-date: /home/chotu/ros2_ws/src/ENPM_808X_FINAL/install/tutorial_interfaces/share/tutorial_interfaces/cmake/ament_cmake_export_dependencies-extras.cmake\n'}
[0.316219] (tutorial_interfaces) StdoutLine: {'line': b'-- Up-to-date: /home/chotu/ros2_ws/src/ENPM_808X_FINAL/install/tutorial_interfaces/share/tutorial_interfaces/cmake/ament_cmake_export_include_directories-extras.cmake\n'}
[0.316261] (tutorial_interfaces) StdoutLine: {'line': b'-- Up-to-date: /home/chotu/ros2_ws/src/ENPM_808X_FINAL/install/tutorial_interfaces/share/tutorial_interfaces/cmake/ament_cmake_export_libraries-extras.cmake\n'}
[0.316302] (tutorial_interfaces) StdoutLine: {'line': b'-- Up-to-date: /home/chotu/ros2_ws/src/ENPM_808X_FINAL/install/tutorial_interfaces/share/tutorial_interfaces/cmake/ament_cmake_export_targets-extras.cmake\n'}
[0.316343] (tutorial_interfaces) StdoutLine: {'line': b'-- Up-to-date: /home/chotu/ros2_ws/src/ENPM_808X_FINAL/install/tutorial_interfaces/share/tutorial_interfaces/cmake/rosidl_cmake_export_typesupport_targets-extras.cmake\n'}
[0.316383] (tutorial_interfaces) StdoutLine: {'line': b'-- Up-to-date: /home/chotu/ros2_ws/src/ENPM_808X_FINAL/install/tutorial_interfaces/share/tutorial_interfaces/cmake/rosidl_cmake_export_typesupport_libraries-extras.cmake\n'}
[0.316429] (tutorial_interfaces) StdoutLine: {'line': b'-- Up-to-date: /home/chotu/ros2_ws/src/ENPM_808X_FINAL/install/tutorial_interfaces/share/tutorial_interfaces/cmake/tutorial_interfacesConfig.cmake\n'}
[0.316471] (tutorial_interfaces) StdoutLine: {'line': b'-- Up-to-date: /home/chotu/ros2_ws/src/ENPM_808X_FINAL/install/tutorial_interfaces/share/tutorial_interfaces/cmake/tutorial_interfacesConfig-version.cmake\n'}
[0.316512] (tutorial_interfaces) StdoutLine: {'line': b'-- Up-to-date: /home/chotu/ros2_ws/src/ENPM_808X_FINAL/install/tutorial_interfaces/share/tutorial_interfaces/package.xml\n'}
[0.317113] (tutorial_interfaces) CommandEnded: {'returncode': 0}
[0.368026] (tutorial_interfaces) JobEnded: {'identifier': 'tutorial_interfaces', 'rc': 0}
[0.369595] (tb3) JobStarted: {'identifier': 'tb3'}
[0.375376] (tb3) JobProgress: {'identifier': 'tb3', 'progress': 'cmake'}
[0.375984] (tb3) JobProgress: {'identifier': 'tb3', 'progress': 'build'}
[0.376232] (tb3) Command: {'cmd': ['/usr/bin/cmake', '--build', '/home/chotu/ros2_ws/src/ENPM_808X_FINAL/build/tb3', '--', '-j16', '-l16'], 'cwd': '/home/chotu/ros2_ws/src/ENPM_808X_FINAL/build/tb3', 'env': OrderedDict([('HOSTNAME', 'fa2a076f34cb'), ('SHLVL', '1'), ('LD_LIBRARY_PATH', '/home/chotu/ros2_ws/src/ENPM_808X_FINAL/install/tutorial_interfaces/lib:/home/chotu/ros2_ws/src/ENPM_808X_FINAL/install/tb3/lib:/usr/lib/x86_64-linux-gnu/gazebo-11/plugins:/opt/ros/humble/opt/rviz_ogre_vendor/lib:/opt/ros/humble/lib/x86_64-linux-gnu:/opt/ros/humble/lib'), ('HOME', '/home/chotu'), ('OLDPWD', '/home/chotu/ros2_ws/src'), ('ROS_PYTHON_VERSION', '3'), ('COLORTERM', 'truecolor'), ('_colcon_cd_root', '/opt/ros/humble/'), ('COLCON_PREFIX_PATH', '/home/chotu/ros2_ws/src/ENPM_808X_FINAL/install'), ('ROS_DISTRO', 'humble'), ('_', '/usr/bin/colcon'), ('ROS_VERSION', '2'), ('TERM', 'xterm-256color'), ('ROS_LOCALHOST_ONLY', '1'), ('QT_X11_NO_MITSHM', '1'), ('PATH', '/opt/ros/humble/bin:/usr/local/sbin:/usr/local/bin:/usr/sbin:/usr/bin:/sbin:/bin'), ('DISPLAY', ':0'), ('LANG', 'C.UTF-8'), ('XAUTHORITY', '/tmp/.docker6auzguhv.xauth'), ('AMENT_PREFIX_PATH', '/home/chotu/ros2_ws/src/ENPM_808X_FINAL/install/tb3:/home/chotu/ros2_ws/src/ENPM_808X_FINAL/install/tutorial_interfaces:/home/chotu/ros2_ws/src/ENPM_808X_FINAL/install/ros2_aruco:/opt/ros/humble'), ('TERMINATOR_UUID', 'urn:uuid:3cbeac55-f9ad-401f-a59f-3e2fbefe48db'), ('PWD', '/home/chotu/ros2_ws/src/ENPM_808X_FINAL/build/tb3'), ('LC_ALL', 'C.UTF-8'), ('PYTHONPATH', '/home/chotu/ros2_ws/src/ENPM_808X_FINAL/install/tb3/local/lib/python3.10/dist-packages:/home/chotu/ros2_ws/src/ENPM_808X_FINAL/install/tutorial_interfaces/local/lib/python3.10/dist-packages:/home/chotu/ros2_ws/src/ENPM_808X_FINAL/install/ros2_aruco/lib/python3.10/site-packages:/opt/ros/humble/lib/python3.10/site-packages:/opt/ros/humble/local/lib/python3.10/dist-packages'), ('COLCON', '1'), ('VTE_VERSION', '6800'), ('CMAKE_PREFIX_PATH', '/home/chotu/ros2_ws/src/ENPM_808X_FINAL/install/tutorial_interfaces:/home/chotu/ros2_ws/src/ENPM_808X_FINAL/install/tb3:/home/chotu/ros2_ws/src/ENPM_808X_FINAL/install/ros2_aruco:/opt/ros/humble')]), 'shell': False}
[0.394535] (ros2_aruco) Command: {'cmd': ['/usr/bin/python3', 'setup.py', 'egg_info', '--egg-base', '../build/ros2_aruco', 'build', '--build-base', '/home/chotu/ros2_ws/src/ENPM_808X_FINAL/build/ros2_aruco/build', 'install', '--record', '/home/chotu/ros2_ws/src/ENPM_808X_FINAL/build/ros2_aruco/install.log', '--install-scripts', '$base/lib/ros2_aruco', '--single-version-externally-managed'], 'cwd': '/home/chotu/ros2_ws/src/ENPM_808X_FINAL/ros2_aruco', 'env': {'HOSTNAME': 'fa2a076f34cb', 'SHLVL': '1', 'LD_LIBRARY_PATH': '/home/chotu/ros2_ws/src/ENPM_808X_FINAL/install/tb3/lib:/home/chotu/ros2_ws/src/ENPM_808X_FINAL/install/tutorial_interfaces/lib:/usr/lib/x86_64-linux-gnu/gazebo-11/plugins:/opt/ros/humble/opt/rviz_ogre_vendor/lib:/opt/ros/humble/lib/x86_64-linux-gnu:/opt/ros/humble/lib', 'HOME': '/home/chotu', 'OLDPWD': '/home/chotu/ros2_ws/src', 'ROS_PYTHON_VERSION': '3', 'COLORTERM': 'truecolor', '_colcon_cd_root': '/opt/ros/humble/', 'COLCON_PREFIX_PATH': '/home/chotu/ros2_ws/src/ENPM_808X_FINAL/install', 'ROS_DISTRO': 'humble', '_': '/usr/bin/colcon', 'ROS_VERSION': '2', 'TERM': 'xterm-256color', 'ROS_LOCALHOST_ONLY': '1', 'QT_X11_NO_MITSHM': '1', 'PATH': '/opt/ros/humble/bin:/usr/local/sbin:/usr/local/bin:/usr/sbin:/usr/bin:/sbin:/bin', 'DISPLAY': ':0', 'LANG': 'C.UTF-8', 'XAUTHORITY': '/tmp/.docker6auzguhv.xauth', 'AMENT_PREFIX_PATH': '/home/chotu/ros2_ws/src/ENPM_808X_FINAL/install/tb3:/home/chotu/ros2_ws/src/ENPM_808X_FINAL/install/tutorial_interfaces:/home/chotu/ros2_ws/src/ENPM_808X_FINAL/install/ros2_aruco:/opt/ros/humble', 'TERMINATOR_UUID': 'urn:uuid:3cbeac55-f9ad-401f-a59f-3e2fbefe48db', 'PWD': '/home/chotu/ros2_ws/src/ENPM_808X_FINAL/build/ros2_aruco', 'LC_ALL': 'C.UTF-8', 'PYTHONPATH': '/home/chotu/ros2_ws/src/ENPM_808X_FINAL/build/ros2_aruco/prefix_override:/home/chotu/ros2_ws/src/ENPM_808X_FINAL/install/ros2_aruco/lib/python3.10/site-packages:/home/chotu/ros2_ws/src/ENPM_808X_FINAL/install/tb3/local/lib/python3.10/dist-packages:/home/chotu/ros2_ws/src/ENPM_808X_FINAL/install/tutorial_interfaces/local/lib/python3.10/dist-packages:/home/chotu/ros2_ws/src/ENPM_808X_FINAL/install/ros2_aruco/lib/python3.10/site-packages:/opt/ros/humble/lib/python3.10/site-packages:/opt/ros/humble/local/lib/python3.10/dist-packages', 'COLCON': '1', 'VTE_VERSION': '6800', 'CMAKE_PREFIX_PATH': '/home/chotu/ros2_ws/src/ENPM_808X_FINAL/install/tb3:/home/chotu/ros2_ws/src/ENPM_808X_FINAL/install/tutorial_interfaces'}, 'shell': False}
[0.398884] (tb3) StdoutLine: {'line': b'-- Found ament_cmake: 1.3.3 (/opt/ros/humble/share/ament_cmake/cmake)\n'}
[0.400002] (-) TimerEvent: {}
[0.491908] (tb3) StdoutLine: {'line': b'-- Found rclcpp: 16.0.2 (/opt/ros/humble/share/rclcpp/cmake)\n'}
[0.500088] (-) TimerEvent: {}
[0.515844] (tb3) StdoutLine: {'line': b'-- Found rosidl_generator_c: 3.1.4 (/opt/ros/humble/share/rosidl_generator_c/cmake)\n'}
[0.517380] (tb3) StdoutLine: {'line': b'-- Found rosidl_adapter: 3.1.4 (/opt/ros/humble/share/rosidl_adapter/cmake)\n'}
[0.521495] (tb3) StdoutLine: {'line': b'-- Found rosidl_generator_cpp: 3.1.4 (/opt/ros/humble/share/rosidl_generator_cpp/cmake)\n'}
[0.528745] (ros2_aruco) StderrLine: {'line': b"/usr/lib/python3/dist-packages/setuptools/dist.py:723: UserWarning: Usage of dash-separated 'script-dir' will not be supported in future versions. Please use the underscore name 'script_dir' instead\n"}
[0.528885] (ros2_aruco) StderrLine: {'line': b'  warnings.warn(\n'}
[0.529211] (tb3) StdoutLine: {'line': b'-- Using all available rosidl_typesupport_c: rosidl_typesupport_fastrtps_c;rosidl_typesupport_introspection_c\n'}
[0.533983] (ros2_aruco) StdoutLine: {'line': b'running egg_info\n'}
[0.534506] (ros2_aruco) StdoutLine: {'line': b'writing ../build/ros2_aruco/ros2_aruco.egg-info/PKG-INFO\n'}
[0.534653] (ros2_aruco) StdoutLine: {'line': b'writing dependency_links to ../build/ros2_aruco/ros2_aruco.egg-info/dependency_links.txt\n'}
[0.534774] (ros2_aruco) StdoutLine: {'line': b'writing entry points to ../build/ros2_aruco/ros2_aruco.egg-info/entry_points.txt\n'}
[0.534918] (ros2_aruco) StdoutLine: {'line': b'writing requirements to ../build/ros2_aruco/ros2_aruco.egg-info/requires.txt\n'}
[0.534983] (ros2_aruco) StdoutLine: {'line': b'writing top-level names to ../build/ros2_aruco/ros2_aruco.egg-info/top_level.txt\n'}
[0.535876] (ros2_aruco) StdoutLine: {'line': b"reading manifest file '../build/ros2_aruco/ros2_aruco.egg-info/SOURCES.txt'\n"}
[0.536375] (ros2_aruco) StdoutLine: {'line': b"writing manifest file '../build/ros2_aruco/ros2_aruco.egg-info/SOURCES.txt'\n"}
[0.536439] (ros2_aruco) StdoutLine: {'line': b'running build\n'}
[0.536499] (ros2_aruco) StdoutLine: {'line': b'running build_py\n'}
[0.536682] (ros2_aruco) StdoutLine: {'line': b'running install\n'}
[0.536768] (ros2_aruco) StderrLine: {'line': b'/usr/lib/python3/dist-packages/setuptools/command/install.py:34: SetuptoolsDeprecationWarning: setup.py install is deprecated. Use build and pip and other standards-based tools.\n'}
[0.536825] (ros2_aruco) StderrLine: {'line': b'  warnings.warn(\n'}
[0.536957] (ros2_aruco) StdoutLine: {'line': b'running install_lib\n'}
[0.537712] (ros2_aruco) StdoutLine: {'line': b'running install_data\n'}
[0.537949] (ros2_aruco) StdoutLine: {'line': b'running install_egg_info\n'}
[0.538918] (ros2_aruco) StdoutLine: {'line': b"removing '/home/chotu/ros2_ws/src/ENPM_808X_FINAL/install/ros2_aruco/lib/python3.10/site-packages/ros2_aruco-0.1.0-py3.10.egg-info' (and everything under it)\n"}
[0.539121] (ros2_aruco) StdoutLine: {'line': b'Copying ../build/ros2_aruco/ros2_aruco.egg-info to /home/chotu/ros2_ws/src/ENPM_808X_FINAL/install/ros2_aruco/lib/python3.10/site-packages/ros2_aruco-0.1.0-py3.10.egg-info\n'}
[0.539636] (ros2_aruco) StdoutLine: {'line': b'running install_scripts\n'}
[0.539996] (tb3) StdoutLine: {'line': b'-- Using all available rosidl_typesupport_cpp: rosidl_typesupport_fastrtps_cpp;rosidl_typesupport_introspection_cpp\n'}
[0.552777] (ros2_aruco) StdoutLine: {'line': b'Installing aruco_generate_marker script to /home/chotu/ros2_ws/src/ENPM_808X_FINAL/install/ros2_aruco/lib/ros2_aruco\n'}
[0.552920] (ros2_aruco) StdoutLine: {'line': b'Installing aruco_node script to /home/chotu/ros2_ws/src/ENPM_808X_FINAL/install/ros2_aruco/lib/ros2_aruco\n'}
[0.553102] (ros2_aruco) StdoutLine: {'line': b"writing list of installed files to '/home/chotu/ros2_ws/src/ENPM_808X_FINAL/build/ros2_aruco/install.log'\n"}
[0.573779] (ros2_aruco) CommandEnded: {'returncode': 0}
[0.578802] (ros2_aruco) JobEnded: {'identifier': 'ros2_aruco', 'rc': 0}
[0.583570] (tb3) StdoutLine: {'line': b'-- Found rmw_implementation_cmake: 6.1.1 (/opt/ros/humble/share/rmw_implementation_cmake/cmake)\n'}
[0.585324] (tb3) StdoutLine: {'line': b'-- Found rmw_fastrtps_cpp: 6.2.2 (/opt/ros/humble/share/rmw_fastrtps_cpp/cmake)\n'}
[0.600168] (-) TimerEvent: {}
[0.681901] (tb3) StdoutLine: {'line': b"-- Using RMW implementation 'rmw_fastrtps_cpp' as default\n"}
[0.700280] (-) TimerEvent: {}
[0.800567] (-) TimerEvent: {}
[0.814949] (tb3) StdoutLine: {'line': b'-- Found nav_msgs: 4.2.2 (/opt/ros/humble/share/nav_msgs/cmake)\n'}
[0.900235] (tb3) StdoutLine: {'line': b'-- Found tf2: 0.25.1 (/opt/ros/humble/share/tf2/cmake)\n'}
[0.900630] (-) TimerEvent: {}
[0.906232] (tb3) StdoutLine: {'line': b'-- Found tf2_ros: 0.25.1 (/opt/ros/humble/share/tf2_ros/cmake)\n'}
[1.000739] (-) TimerEvent: {}
[1.101010] (-) TimerEvent: {}
[1.131423] (tb3) StdoutLine: {'line': b'-- Found sensor_msgs: 4.2.2 (/opt/ros/humble/share/sensor_msgs/cmake)\n'}
[1.189605] (tb3) StdoutLine: {'line': b'-- Found rosidl_default_generators: 1.2.0 (/opt/ros/humble/share/rosidl_default_generators/cmake)\n'}
[1.201114] (-) TimerEvent: {}
[1.301373] (-) TimerEvent: {}
[1.368754] (tb3) StdoutLine: {'line': b'-- Found ament_cmake_ros: 0.10.0 (/opt/ros/humble/share/ament_cmake_ros/cmake)\n'}
[1.401474] (-) TimerEvent: {}
[1.501717] (-) TimerEvent: {}
[1.597663] (tb3) StdoutLine: {'line': b'-- Using all available rosidl_typesupport_c: rosidl_typesupport_fastrtps_c;rosidl_typesupport_introspection_c\n'}
[1.601791] (-) TimerEvent: {}
[1.687866] (tb3) StdoutLine: {'line': b'-- Using all available rosidl_typesupport_cpp: rosidl_typesupport_fastrtps_cpp;rosidl_typesupport_introspection_cpp\n'}
[1.701735] (tb3) StdoutLine: {'line': b'-- Found python_cmake_module: 0.10.0 (/opt/ros/humble/share/python_cmake_module/cmake)\n'}
[1.701902] (-) TimerEvent: {}
[1.716489] (tb3) StdoutLine: {'line': b'-- Using PYTHON_EXECUTABLE: /usr/bin/python3\n'}
[1.716661] (tb3) StdoutLine: {'line': b'-- Using PYTHON_INCLUDE_DIRS: /usr/include/python3.10\n'}
[1.716725] (tb3) StdoutLine: {'line': b'-- Using PYTHON_LIBRARIES: /usr/lib/x86_64-linux-gnu/libpython3.10.so\n'}
[1.734271] (tb3) StdoutLine: {'line': b'-- Found ament_lint_auto: 0.12.4 (/opt/ros/humble/share/ament_lint_auto/cmake)\n'}
[1.734847] (tb3) StdoutLine: {'line': b'-- Found tutorial_interfaces: 0.0.0 (/home/chotu/ros2_ws/src/ENPM_808X_FINAL/install/tutorial_interfaces/share/tutorial_interfaces/cmake)\n'}
[1.789390] (tb3) StdoutLine: {'line': b"-- Found gtest sources under '/opt/ros/humble/src/gtest_vendor': C++ tests using 'Google Test' will be built\n"}
[1.800424] (tb3) StdoutLine: {'line': b"-- Added test 'pep257' to check Python code against some of the docstring style conventions in PEP 257\n"}
[1.801988] (-) TimerEvent: {}
[1.802403] (tb3) StdoutLine: {'line': b'-- Configuring done\n'}
[1.806432] (tb3) StderrLine: {'line': b'\x1b[33mCMake Warning (dev) at /opt/ros/humble/share/ament_cmake_gtest/cmake/ament_add_gtest_executable.cmake:50 (add_executable):\n'}
[1.806537] (tb3) StderrLine: {'line': b'  Policy CMP0115 is not set: Source file extensions must be explicit.  Run\n'}
[1.806590] (tb3) StderrLine: {'line': b'  "cmake --help-policy CMP0115" for policy details.  Use the cmake_policy\n'}
[1.806635] (tb3) StderrLine: {'line': b'  command to set the policy and suppress this warning.\n'}
[1.806679] (tb3) StderrLine: {'line': b'\n'}
[1.806722] (tb3) StderrLine: {'line': b'  File:\n'}
[1.806765] (tb3) StderrLine: {'line': b'\n'}
[1.806818] (tb3) StderrLine: {'line': b'    /home/chotu/ros2_ws/src/ENPM_808X_FINAL/ENPM_808X_FINAL/test/controller_test.cpp\n'}
[1.806864] (tb3) StderrLine: {'line': b'Call Stack (most recent call first):\n'}
[1.806907] (tb3) StderrLine: {'line': b'  /opt/ros/humble/share/ament_cmake_gtest/cmake/ament_add_gtest_executable.cmake:37 (_ament_add_gtest_executable)\n'}
[1.806949] (tb3) StderrLine: {'line': b'  /opt/ros/humble/share/ament_cmake_gtest/cmake/ament_add_gtest.cmake:68 (ament_add_gtest_executable)\n'}
[1.806990] (tb3) StderrLine: {'line': b'  CMakeLists.txt:80 (ament_add_gtest)\n'}
[1.807051] (tb3) StderrLine: {'line': b'This warning is for project developers.  Use -Wno-dev to suppress it.\n'}
[1.807118] (tb3) StderrLine: {'line': b'\x1b[0m\n'}
[1.842251] (tb3) StdoutLine: {'line': b'-- Generating done\n'}
[1.845308] (tb3) StdoutLine: {'line': b'-- Build files have been written to: /home/chotu/ros2_ws/src/ENPM_808X_FINAL/build/tb3\n'}
[1.866372] (tb3) StdoutLine: {'line': b'\x1b[35m\x1b[1mConsolidate compiler generated dependencies of target gtest_main\x1b[0m\n'}
[1.866556] (tb3) StdoutLine: {'line': b'\x1b[35m\x1b[1mConsolidate compiler generated dependencies of target tb3__rosidl_generator_c\x1b[0m\n'}
[1.866611] (tb3) StdoutLine: {'line': b'\x1b[35m\x1b[1mConsolidate compiler generated dependencies of target gtest\x1b[0m\n'}
[1.866683] (tb3) StdoutLine: {'line': b'\x1b[35m\x1b[1mConsolidate compiler generated dependencies of target turtlebot_sim\x1b[0m\n'}
[1.872012] (tb3) StdoutLine: {'line': b'[  2%] Built target tb3__cpp\n'}
[1.872406] (tb3) StdoutLine: {'line': b'[ 10%] Built target tb3__rosidl_generator_c\n'}
[1.875446] (tb3) StdoutLine: {'line': b'[ 18%] Built target gtest_main\n'}
[1.875775] (tb3) StdoutLine: {'line': b'[ 18%] Built target gtest\n'}
[1.879829] (tb3) StdoutLine: {'line': b'[ 20%] Built target ament_cmake_python_copy_tb3\n'}
[1.880075] (tb3) StdoutLine: {'line': b'[ 22%] Built target turtlebot_sim\n'}
[1.880226] (tb3) StdoutLine: {'line': b'\x1b[35m\x1b[1mConsolidate compiler generated dependencies of target tb3__rosidl_typesupport_c\x1b[0m\n'}
[1.880308] (tb3) StdoutLine: {'line': b'\x1b[35m\x1b[1mConsolidate compiler generated dependencies of target tb3__rosidl_typesupport_introspection_c\x1b[0m\n'}
[1.880382] (tb3) StdoutLine: {'line': b'\x1b[35m\x1b[1mConsolidate compiler generated dependencies of target tb3__rosidl_typesupport_cpp\x1b[0m\n'}
[1.880522] (tb3) StdoutLine: {'line': b'\x1b[35m\x1b[1mConsolidate compiler generated dependencies of target tb3__rosidl_typesupport_fastrtps_cpp\x1b[0m\n'}
[1.880594] (tb3) StdoutLine: {'line': b'\x1b[35m\x1b[1mConsolidate compiler generated dependencies of target tb3__rosidl_typesupport_introspection_cpp\x1b[0m\n'}
[1.880679] (tb3) StdoutLine: {'line': b'\x1b[35m\x1b[1mConsolidate compiler generated dependencies of target tb3__rosidl_typesupport_fastrtps_c\x1b[0m\n'}
[1.883791] (tb3) StdoutLine: {'line': b'\x1b[35m\x1b[1mConsolidate compiler generated dependencies of target tb3_test\x1b[0m\n'}
[1.887067] (tb3) StdoutLine: {'line': b'[ 30%] Built target tb3__rosidl_typesupport_c\n'}
[1.888296] (tb3) StdoutLine: {'line': b'[ 38%] Built target tb3__rosidl_typesupport_introspection_c\n'}
[1.889437] (tb3) StdoutLine: {'line': b'[ 46%] Built target tb3__rosidl_typesupport_cpp\n'}
[1.889608] (tb3) StdoutLine: {'line': b'[ 54%] Built target tb3__rosidl_typesupport_introspection_cpp\n'}
[1.889764] (tb3) StdoutLine: {'line': b'[ 70%] Built target tb3__rosidl_typesupport_fastrtps_cpp\n'}
[1.889837] (tb3) StdoutLine: {'line': b'[ 70%] Built target tb3__rosidl_typesupport_fastrtps_c\n'}
[1.896410] (tb3) StdoutLine: {'line': b'\x1b[35m\x1b[1mConsolidate compiler generated dependencies of target tb3G\x1b[0m\n'}
[1.896658] (tb3) StdoutLine: {'line': b'[ 74%] \x1b[32mBuilding CXX object CMakeFiles/tb3_test.dir/test/test.cpp.o\x1b[0m\n'}
[1.896765] (tb3) StdoutLine: {'line': b'[ 74%] \x1b[32mBuilding CXX object CMakeFiles/tb3_test.dir/test/controller_test.cpp.o\x1b[0m\n'}
[1.902103] (-) TimerEvent: {}
[1.902335] (tb3) StdoutLine: {'line': b'[ 74%] Built target tb3\n'}
[1.909140] (tb3) StdoutLine: {'line': b'[ 78%] Built target tb3G\n'}
[1.914130] (tb3) StdoutLine: {'line': b'[ 80%] Built target tb3__py\n'}
[1.920537] (tb3) StdoutLine: {'line': b'\x1b[35m\x1b[1mConsolidate compiler generated dependencies of target tb3__rosidl_generator_py\x1b[0m\n'}
[1.931428] (tb3) StdoutLine: {'line': b'[ 86%] Built target tb3__rosidl_generator_py\n'}
[1.938321] (tb3) StdoutLine: {'line': b'\x1b[35m\x1b[1mConsolidate compiler generated dependencies of target tb3__rosidl_typesupport_fastrtps_c__pyext\x1b[0m\n'}
[1.938546] (tb3) StdoutLine: {'line': b'\x1b[35m\x1b[1mConsolidate compiler generated dependencies of target tb3__rosidl_typesupport_c__pyext\x1b[0m\n'}
[1.938643] (tb3) StdoutLine: {'line': b'\x1b[35m\x1b[1mConsolidate compiler generated dependencies of target tb3__rosidl_typesupport_introspection_c__pyext\x1b[0m\n'}
[1.946871] (tb3) StdoutLine: {'line': b'[ 98%] Built target tb3__rosidl_typesupport_c__pyext\n'}
[1.947124] (tb3) StdoutLine: {'line': b'[ 98%] Built target tb3__rosidl_typesupport_fastrtps_c__pyext\n'}
[1.947326] (tb3) StdoutLine: {'line': b'[ 98%] Built target tb3__rosidl_typesupport_introspection_c__pyext\n'}
[2.002203] (-) TimerEvent: {}
[2.034956] (tb3) StdoutLine: {'line': b'running egg_info\n'}
[2.035498] (tb3) StdoutLine: {'line': b'writing tb3.egg-info/PKG-INFO\n'}
[2.035715] (tb3) StdoutLine: {'line': b'writing dependency_links to tb3.egg-info/dependency_links.txt\n'}
[2.035875] (tb3) StdoutLine: {'line': b'writing top-level names to tb3.egg-info/top_level.txt\n'}
[2.037297] (tb3) StdoutLine: {'line': b"reading manifest file 'tb3.egg-info/SOURCES.txt'\n"}
[2.037713] (tb3) StdoutLine: {'line': b"writing manifest file 'tb3.egg-info/SOURCES.txt'\n"}
[2.060651] (tb3) StdoutLine: {'line': b'[ 98%] Built target ament_cmake_python_build_tb3_egg\n'}
[2.102320] (-) TimerEvent: {}
[2.202607] (-) TimerEvent: {}
[2.302859] (-) TimerEvent: {}
[2.403140] (-) TimerEvent: {}
[2.503424] (-) TimerEvent: {}
[2.603724] (-) TimerEvent: {}
[2.704024] (-) TimerEvent: {}
[2.804323] (-) TimerEvent: {}
[2.904618] (-) TimerEvent: {}
[3.004915] (-) TimerEvent: {}
[3.105208] (-) TimerEvent: {}
[3.205511] (-) TimerEvent: {}
[3.305796] (-) TimerEvent: {}
[3.406072] (-) TimerEvent: {}
[3.506344] (-) TimerEvent: {}
[3.606628] (-) TimerEvent: {}
[3.706874] (-) TimerEvent: {}
[3.807186] (-) TimerEvent: {}
[3.907497] (-) TimerEvent: {}
[3.963881] (tb3) StderrLine: {'line': b'In file included from \x1b[01m\x1b[K/home/chotu/ros2_ws/src/ENPM_808X_FINAL/ENPM_808X_FINAL/test/controller_test.cpp:16\x1b[m\x1b[K:\n'}
[3.964149] (tb3) StderrLine: {'line': b'\x1b[01m\x1b[K/home/chotu/ros2_ws/src/ENPM_808X_FINAL/ENPM_808X_FINAL/test/../include/tb3/tb3controller.hpp:\x1b[m\x1b[K In constructor \xe2\x80\x98\x1b[01m\x1b[Ktb3::tb3(std::string, std::string, bool, double, double, bool)\x1b[m\x1b[K\xe2\x80\x99:\n'}
[3.964234] (tb3) StderrLine: {'line': b'\x1b[01m\x1b[K/home/chotu/ros2_ws/src/ENPM_808X_FINAL/ENPM_808X_FINAL/test/../include/tb3/tb3controller.hpp:133:17:\x1b[m\x1b[K \x1b[01;35m\x1b[Kwarning: \x1b[m\x1b[K\xe2\x80\x98\x1b[01m\x1b[Ktb3::m_robot_name\x1b[m\x1b[K\xe2\x80\x99 will be initialized after [\x1b[01;35m\x1b[K\x1b]8;;https://gcc.gnu.org/onlinedocs/gcc/Warning-Options.html#index-Wreorder\x07-Wreorder\x1b]8;;\x07\x1b[m\x1b[K]\n'}
[3.964311] (tb3) StderrLine: {'line': b'  133 |     std::string \x1b[01;35m\x1b[Km_robot_name\x1b[m\x1b[K;\n'}
[3.964365] (tb3) StderrLine: {'line': b'      |                 \x1b[01;35m\x1b[K^~~~~~~~~~~~\x1b[m\x1b[K\n'}
[3.964416] (tb3) StderrLine: {'line': b'\x1b[01m\x1b[K/home/chotu/ros2_ws/src/ENPM_808X_FINAL/ENPM_808X_FINAL/test/../include/tb3/tb3controller.hpp:131:12:\x1b[m\x1b[K \x1b[01;35m\x1b[Kwarning: \x1b[m\x1b[K  \xe2\x80\x98\x1b[01m\x1b[Kdouble tb3::m_goal_x\x1b[m\x1b[K\xe2\x80\x99 [\x1b[01;35m\x1b[K\x1b]8;;https://gcc.gnu.org/onlinedocs/gcc/Warning-Options.html#index-Wreorder\x07-Wreorder\x1b]8;;\x07\x1b[m\x1b[K]\n'}
[3.964484] (tb3) StderrLine: {'line': b'  131 |     double \x1b[01;35m\x1b[Km_goal_x\x1b[m\x1b[K = 5.0;\n'}
[3.964538] (tb3) StderrLine: {'line': b'      |            \x1b[01;35m\x1b[K^~~~~~~~\x1b[m\x1b[K\n'}
[3.964593] (tb3) StderrLine: {'line': b'In file included from \x1b[01m\x1b[K/home/chotu/ros2_ws/src/ENPM_808X_FINAL/ENPM_808X_FINAL/test/controller_test.cpp:16\x1b[m\x1b[K:\n'}
[3.964644] (tb3) StderrLine: {'line': b'\x1b[01m\x1b[K/home/chotu/ros2_ws/src/ENPM_808X_FINAL/ENPM_808X_FINAL/test/../include/tb3/tb3controller.hpp:49:3:\x1b[m\x1b[K \x1b[01;35m\x1b[Kwarning: \x1b[m\x1b[K  when initialized here [\x1b[01;35m\x1b[K\x1b]8;;https://gcc.gnu.org/onlinedocs/gcc/Warning-Options.html#index-Wreorder\x07-Wreorder\x1b]8;;\x07\x1b[m\x1b[K]\n'}
[3.964695] (tb3) StderrLine: {'line': b'   49 |   \x1b[01;35m\x1b[Ktb3\x1b[m\x1b[K(std::string node_name = "tb3",\n'}
[3.964735] (tb3) StderrLine: {'line': b'      |   \x1b[01;35m\x1b[K^~~\x1b[m\x1b[K\n'}
[3.964776] (tb3) StderrLine: {'line': b'In file included from \x1b[01m\x1b[K/home/chotu/ros2_ws/src/ENPM_808X_FINAL/ENPM_808X_FINAL/test/controller_test.cpp:16\x1b[m\x1b[K:\n'}
[3.964818] (tb3) StderrLine: {'line': b'\x1b[01m\x1b[K/home/chotu/ros2_ws/src/ENPM_808X_FINAL/ENPM_808X_FINAL/test/../include/tb3/tb3controller.hpp:146:10:\x1b[m\x1b[K \x1b[01;35m\x1b[Kwarning: \x1b[m\x1b[K\xe2\x80\x98\x1b[01m\x1b[Ktb3::m_go_to_goal\x1b[m\x1b[K\xe2\x80\x99 will be initialized after [\x1b[01;35m\x1b[K\x1b]8;;https://gcc.gnu.org/onlinedocs/gcc/Warning-Options.html#index-Wreorder\x07-Wreorder\x1b]8;;\x07\x1b[m\x1b[K]\n'}
[3.964860] (tb3) StderrLine: {'line': b'  146 |     bool \x1b[01;35m\x1b[Km_go_to_goal\x1b[m\x1b[K;\n'}
[3.964899] (tb3) StderrLine: {'line': b'      |          \x1b[01;35m\x1b[K^~~~~~~~~~~~\x1b[m\x1b[K\n'}
[3.964939] (tb3) StderrLine: {'line': b'\x1b[01m\x1b[K/home/chotu/ros2_ws/src/ENPM_808X_FINAL/ENPM_808X_FINAL/test/../include/tb3/tb3controller.hpp:134:12:\x1b[m\x1b[K \x1b[01;35m\x1b[Kwarning: \x1b[m\x1b[K  \xe2\x80\x98\x1b[01m\x1b[Kdouble tb3::m_linear_speed\x1b[m\x1b[K\xe2\x80\x99 [\x1b[01;35m\x1b[K\x1b]8;;https://gcc.gnu.org/onlinedocs/gcc/Warning-Options.html#index-Wreorder\x07-Wreorder\x1b]8;;\x07\x1b[m\x1b[K]\n'}
[3.964985] (tb3) StderrLine: {'line': b'  134 |     double \x1b[01;35m\x1b[Km_linear_speed\x1b[m\x1b[K;\n'}
[3.965033] (tb3) StderrLine: {'line': b'      |            \x1b[01;35m\x1b[K^~~~~~~~~~~~~~\x1b[m\x1b[K\n'}
[3.965073] (tb3) StderrLine: {'line': b'In file included from \x1b[01m\x1b[K/home/chotu/ros2_ws/src/ENPM_808X_FINAL/ENPM_808X_FINAL/test/controller_test.cpp:16\x1b[m\x1b[K:\n'}
[3.965112] (tb3) StderrLine: {'line': b'\x1b[01m\x1b[K/home/chotu/ros2_ws/src/ENPM_808X_FINAL/ENPM_808X_FINAL/test/../include/tb3/tb3controller.hpp:49:3:\x1b[m\x1b[K \x1b[01;35m\x1b[Kwarning: \x1b[m\x1b[K  when initialized here [\x1b[01;35m\x1b[K\x1b]8;;https://gcc.gnu.org/onlinedocs/gcc/Warning-Options.html#index-Wreorder\x07-Wreorder\x1b]8;;\x07\x1b[m\x1b[K]\n'}
[3.965153] (tb3) StderrLine: {'line': b'   49 |   \x1b[01;35m\x1b[Ktb3\x1b[m\x1b[K(std::string node_name = "tb3",\n'}
[3.965192] (tb3) StderrLine: {'line': b'      |   \x1b[01;35m\x1b[K^~~\x1b[m\x1b[K\n'}
[3.965231] (tb3) StderrLine: {'line': b'In file included from \x1b[01m\x1b[K/home/chotu/ros2_ws/src/ENPM_808X_FINAL/ENPM_808X_FINAL/test/controller_test.cpp:16\x1b[m\x1b[K:\n'}
[3.965276] (tb3) StderrLine: {'line': b'\x1b[01m\x1b[K/home/chotu/ros2_ws/src/ENPM_808X_FINAL/ENPM_808X_FINAL/test/../include/tb3/tb3controller.hpp:147:10:\x1b[m\x1b[K \x1b[01;35m\x1b[Kwarning: \x1b[m\x1b[K\xe2\x80\x98\x1b[01m\x1b[Ktb3::m_go_to_angle\x1b[m\x1b[K\xe2\x80\x99 will be initialized after [\x1b[01;35m\x1b[K\x1b]8;;https://gcc.gnu.org/onlinedocs/gcc/Warning-Options.html#index-Wreorder\x07-Wreorder\x1b]8;;\x07\x1b[m\x1b[K]\n'}
[3.965322] (tb3) StderrLine: {'line': b'  147 |     bool \x1b[01;35m\x1b[Km_go_to_angle\x1b[m\x1b[K;\n'}
[3.965363] (tb3) StderrLine: {'line': b'      |          \x1b[01;35m\x1b[K^~~~~~~~~~~~~\x1b[m\x1b[K\n'}
[3.965403] (tb3) StderrLine: {'line': b'\x1b[01m\x1b[K/home/chotu/ros2_ws/src/ENPM_808X_FINAL/ENPM_808X_FINAL/test/../include/tb3/tb3controller.hpp:141:12:\x1b[m\x1b[K \x1b[01;35m\x1b[Kwarning: \x1b[m\x1b[K  \xe2\x80\x98\x1b[01m\x1b[Kdouble tb3::m_distance_to_goal\x1b[m\x1b[K\xe2\x80\x99 [\x1b[01;35m\x1b[K\x1b]8;;https://gcc.gnu.org/onlinedocs/gcc/Warning-Options.html#index-Wreorder\x07-Wreorder\x1b]8;;\x07\x1b[m\x1b[K]\n'}
[3.965444] (tb3) StderrLine: {'line': b'  141 |     double \x1b[01;35m\x1b[Km_distance_to_goal\x1b[m\x1b[K;\n'}
[3.965484] (tb3) StderrLine: {'line': b'      |            \x1b[01;35m\x1b[K^~~~~~~~~~~~~~~~~~\x1b[m\x1b[K\n'}
[3.965523] (tb3) StderrLine: {'line': b'In file included from \x1b[01m\x1b[K/home/chotu/ros2_ws/src/ENPM_808X_FINAL/ENPM_808X_FINAL/test/controller_test.cpp:16\x1b[m\x1b[K:\n'}
[3.965563] (tb3) StderrLine: {'line': b'\x1b[01m\x1b[K/home/chotu/ros2_ws/src/ENPM_808X_FINAL/ENPM_808X_FINAL/test/../include/tb3/tb3controller.hpp:49:3:\x1b[m\x1b[K \x1b[01;35m\x1b[Kwarning: \x1b[m\x1b[K  when initialized here [\x1b[01;35m\x1b[K\x1b]8;;https://gcc.gnu.org/onlinedocs/gcc/Warning-Options.html#index-Wreorder\x07-Wreorder\x1b]8;;\x07\x1b[m\x1b[K]\n'}
[3.965603] (tb3) StderrLine: {'line': b'   49 |   \x1b[01;35m\x1b[Ktb3\x1b[m\x1b[K(std::string node_name = "tb3",\n'}
[3.965645] (tb3) StderrLine: {'line': b'      |   \x1b[01;35m\x1b[K^~~\x1b[m\x1b[K\n'}
[3.978595] (tb3) StderrLine: {'line': b'\x1b[01m\x1b[K/home/chotu/ros2_ws/src/ENPM_808X_FINAL/ENPM_808X_FINAL/test/../include/tb3/tb3controller.hpp:81:14:\x1b[m\x1b[K \x1b[01;35m\x1b[Kwarning: \x1b[m\x1b[Kunused variable \xe2\x80\x98\x1b[01m\x1b[Kpose_topic_name\x1b[m\x1b[K\xe2\x80\x99 [\x1b[01;35m\x1b[K\x1b]8;;https://gcc.gnu.org/onlinedocs/gcc/Warning-Options.html#index-Wunused-variable\x07-Wunused-variable\x1b]8;;\x07\x1b[m\x1b[K]\n'}
[3.978776] (tb3) StderrLine: {'line': b'   81 |         auto \x1b[01;35m\x1b[Kpose_topic_name\x1b[m\x1b[K = "/odom";\n'}
[3.978850] (tb3) StderrLine: {'line': b'      |              \x1b[01;35m\x1b[K^~~~~~~~~~~~~~~\x1b[m\x1b[K\n'}
[4.007599] (-) TimerEvent: {}
[4.107874] (-) TimerEvent: {}
[4.208158] (-) TimerEvent: {}
[4.308436] (-) TimerEvent: {}
[4.408747] (-) TimerEvent: {}
[4.509263] (-) TimerEvent: {}
[4.609778] (-) TimerEvent: {}
[4.710257] (-) TimerEvent: {}
[4.810550] (-) TimerEvent: {}
[4.910838] (-) TimerEvent: {}
[5.011113] (-) TimerEvent: {}
[5.111406] (-) TimerEvent: {}
[5.211788] (-) TimerEvent: {}
[5.312152] (-) TimerEvent: {}
[5.412489] (-) TimerEvent: {}
[5.512848] (-) TimerEvent: {}
[5.613129] (-) TimerEvent: {}
[5.713450] (-) TimerEvent: {}
[5.813747] (-) TimerEvent: {}
[5.914027] (-) TimerEvent: {}
[6.014358] (-) TimerEvent: {}
[6.114650] (-) TimerEvent: {}
[6.215024] (-) TimerEvent: {}
[6.315342] (-) TimerEvent: {}
[6.415674] (-) TimerEvent: {}
[6.516000] (-) TimerEvent: {}
[6.616330] (-) TimerEvent: {}
[6.716677] (-) TimerEvent: {}
[6.817011] (-) TimerEvent: {}
[6.917327] (-) TimerEvent: {}
[7.017639] (-) TimerEvent: {}
[7.117966] (-) TimerEvent: {}
[7.218296] (-) TimerEvent: {}
[7.318616] (-) TimerEvent: {}
[7.418953] (-) TimerEvent: {}
[7.519276] (-) TimerEvent: {}
[7.619601] (-) TimerEvent: {}
[7.719924] (-) TimerEvent: {}
[7.820240] (-) TimerEvent: {}
[7.920600] (-) TimerEvent: {}
[8.020907] (-) TimerEvent: {}
[8.121192] (-) TimerEvent: {}
[8.221499] (-) TimerEvent: {}
[8.321786] (-) TimerEvent: {}
[8.422094] (-) TimerEvent: {}
[8.522438] (-) TimerEvent: {}
[8.622808] (-) TimerEvent: {}
[8.723136] (-) TimerEvent: {}
[8.823414] (-) TimerEvent: {}
[8.923710] (-) TimerEvent: {}
[9.024030] (-) TimerEvent: {}
[9.124390] (-) TimerEvent: {}
[9.224778] (-) TimerEvent: {}
[9.309896] (tb3) StdoutLine: {'line': b'[100%] \x1b[32m\x1b[1mLinking CXX executable tb3_test\x1b[0m\n'}
[9.324875] (-) TimerEvent: {}
[9.360161] (tb3) StderrLine: {'line': b"/usr/bin/ld: CMakeFiles/tb3_test.dir/test/controller_test.cpp.o:(.bss+0x0): multiple definition of `TaskPlanningFixture_TrueIsTrueTest_Test::test_info_'; CMakeFiles/tb3_test.dir/test/test.cpp.o:(.bss+0x0): first defined here\n"}
[9.361712] (tb3) StderrLine: {'line': b"/usr/bin/ld: CMakeFiles/tb3_test.dir/test/controller_test.cpp.o: in function `TaskPlanningFixture_TrueIsTrueTest_Test::TestBody()':\n"}
[9.362107] (tb3) StderrLine: {'line': b"controller_test.cpp:(.text+0x2c8): multiple definition of `TaskPlanningFixture_TrueIsTrueTest_Test::TestBody()'; CMakeFiles/tb3_test.dir/test/test.cpp.o:test.cpp:(.text+0x2c8): first defined here\n"}
[9.362715] (tb3) StderrLine: {'line': b"/usr/bin/ld: CMakeFiles/tb3_test.dir/test/controller_test.cpp.o: in function `main':\n"}
[9.363045] (tb3) StderrLine: {'line': b"controller_test.cpp:(.text+0x8fa): multiple definition of `main'; CMakeFiles/tb3_test.dir/test/test.cpp.o:test.cpp:(.text+0x8fa): first defined here\n"}
[9.424981] (-) TimerEvent: {}
[9.525275] (-) TimerEvent: {}
[9.625608] (-) TimerEvent: {}
[9.702998] (tb3) StderrLine: {'line': b'collect2: error: ld returned 1 exit status\n'}
[9.704023] (tb3) StderrLine: {'line': b'gmake[2]: *** [CMakeFiles/tb3_test.dir/build.make:239: tb3_test] Error 1\n'}
[9.704185] (tb3) StderrLine: {'line': b'gmake[1]: *** [CMakeFiles/Makefile2:616: CMakeFiles/tb3_test.dir/all] Error 2\n'}
[9.704320] (tb3) StderrLine: {'line': b'gmake: *** [Makefile:146: all] Error 2\n'}
[9.705689] (tb3) CommandEnded: {'returncode': 2}
[9.725688] (-) TimerEvent: {}
[9.759919] (tb3) JobEnded: {'identifier': 'tb3', 'rc': 2}
[9.770236] (-) EventReactorShutdown: {}
