[0.188s] DEBUG:colcon:Command line arguments: ['/usr/bin/colcon', 'build']
[0.188s] DEBUG:colcon:Parsed command line arguments: Namespace(log_base=None, log_level=None, verb_name='build', build_base='build', install_base='install', merge_install=False, symlink_install=False, test_result_base=None, continue_on_error=False, executor='parallel', parallel_workers=16, event_handlers=None, ignore_user_meta=False, metas=['./colcon.meta'], base_paths=['.'], packages_ignore=None, packages_ignore_regex=None, paths=None, packages_up_to=None, packages_up_to_regex=None, packages_above=None, packages_above_and_dependencies=None, packages_above_depth=None, packages_select_by_dep=None, packages_skip_by_dep=None, packages_skip_up_to=None, packages_select_build_failed=False, packages_skip_build_finished=False, packages_select_test_failures=False, packages_skip_test_passed=False, packages_select=None, packages_skip=None, packages_select_regex=None, packages_skip_regex=None, packages_start=None, packages_end=None, cmake_args=None, cmake_target=None, cmake_target_skip_unavailable=False, cmake_clean_cache=False, cmake_clean_first=False, cmake_force_configure=False, ament_cmake_args=None, catkin_cmake_args=None, catkin_skip_building_tests=False, mixin_files=None, mixin=None, verb_parser=<colcon_mixin.mixin.mixin_argument.MixinArgumentDecorator object at 0x7fc66545d120>, verb_extension=<colcon_core.verb.build.BuildVerb object at 0x7fc665db8e80>, main=<bound method BuildVerb.main of <colcon_core.verb.build.BuildVerb object at 0x7fc665db8e80>>, mixin_verb=('build',))
[0.203s] Level 1:colcon.colcon_core.package_discovery:discover_packages(colcon_meta) check parameters
[0.203s] Level 1:colcon.colcon_core.package_discovery:discover_packages(recursive) check parameters
[0.203s] Level 1:colcon.colcon_core.package_discovery:discover_packages(ignore) check parameters
[0.203s] Level 1:colcon.colcon_core.package_discovery:discover_packages(path) check parameters
[0.203s] Level 1:colcon.colcon_core.package_discovery:discover_packages(colcon_meta) discover
[0.203s] Level 1:colcon.colcon_core.package_discovery:discover_packages(recursive) discover
[0.203s] INFO:colcon.colcon_core.package_discovery:Crawling recursively for packages in '/home/chotu/ros2_ws/src/ENPM_808X_FINAL'
[0.203s] Level 1:colcon.colcon_core.package_identification:_identify(.) by extensions ['ignore', 'ignore_ament_install']
[0.203s] Level 1:colcon.colcon_core.package_identification:_identify(.) by extension 'ignore'
[0.203s] Level 1:colcon.colcon_core.package_identification:_identify(.) by extension 'ignore_ament_install'
[0.203s] Level 1:colcon.colcon_core.package_identification:_identify(.) by extensions ['colcon_pkg']
[0.203s] Level 1:colcon.colcon_core.package_identification:_identify(.) by extension 'colcon_pkg'
[0.203s] Level 1:colcon.colcon_core.package_identification:_identify(.) by extensions ['colcon_meta']
[0.203s] Level 1:colcon.colcon_core.package_identification:_identify(.) by extension 'colcon_meta'
[0.203s] Level 1:colcon.colcon_core.package_identification:_identify(.) by extensions ['ros']
[0.203s] Level 1:colcon.colcon_core.package_identification:_identify(.) by extension 'ros'
[0.216s] Level 1:colcon.colcon_core.package_identification:_identify(.) by extensions ['cmake', 'python']
[0.217s] Level 1:colcon.colcon_core.package_identification:_identify(.) by extension 'cmake'
[0.217s] Level 1:colcon.colcon_core.package_identification:_identify(.) by extension 'python'
[0.217s] Level 1:colcon.colcon_core.package_identification:_identify(.) by extensions ['python_setup_py']
[0.217s] Level 1:colcon.colcon_core.package_identification:_identify(.) by extension 'python_setup_py'
[0.217s] Level 1:colcon.colcon_core.package_identification:_identify(ENPM_808X_FINAL) by extensions ['ignore', 'ignore_ament_install']
[0.217s] Level 1:colcon.colcon_core.package_identification:_identify(ENPM_808X_FINAL) by extension 'ignore'
[0.217s] Level 1:colcon.colcon_core.package_identification:_identify(ENPM_808X_FINAL) by extension 'ignore_ament_install'
[0.217s] Level 1:colcon.colcon_core.package_identification:_identify(ENPM_808X_FINAL) by extensions ['colcon_pkg']
[0.217s] Level 1:colcon.colcon_core.package_identification:_identify(ENPM_808X_FINAL) by extension 'colcon_pkg'
[0.217s] Level 1:colcon.colcon_core.package_identification:_identify(ENPM_808X_FINAL) by extensions ['colcon_meta']
[0.217s] Level 1:colcon.colcon_core.package_identification:_identify(ENPM_808X_FINAL) by extension 'colcon_meta'
[0.217s] Level 1:colcon.colcon_core.package_identification:_identify(ENPM_808X_FINAL) by extensions ['ros']
[0.217s] Level 1:colcon.colcon_core.package_identification:_identify(ENPM_808X_FINAL) by extension 'ros'
[0.219s] DEBUG:colcon.colcon_core.package_identification:Package 'ENPM_808X_FINAL' with type 'ros.ament_cmake' and name 'tb3'
[0.219s] Level 1:colcon.colcon_core.package_identification:_identify(build) by extensions ['ignore', 'ignore_ament_install']
[0.219s] Level 1:colcon.colcon_core.package_identification:_identify(build) by extension 'ignore'
[0.219s] Level 1:colcon.colcon_core.package_identification:_identify(build) ignored
[0.219s] Level 1:colcon.colcon_core.package_identification:_identify(install) by extensions ['ignore', 'ignore_ament_install']
[0.219s] Level 1:colcon.colcon_core.package_identification:_identify(install) by extension 'ignore'
[0.219s] Level 1:colcon.colcon_core.package_identification:_identify(install) ignored
[0.219s] Level 1:colcon.colcon_core.package_identification:_identify(log) by extensions ['ignore', 'ignore_ament_install']
[0.220s] Level 1:colcon.colcon_core.package_identification:_identify(log) by extension 'ignore'
[0.220s] Level 1:colcon.colcon_core.package_identification:_identify(log) ignored
[0.220s] Level 1:colcon.colcon_core.package_identification:_identify(ros2_aruco) by extensions ['ignore', 'ignore_ament_install']
[0.220s] Level 1:colcon.colcon_core.package_identification:_identify(ros2_aruco) by extension 'ignore'
[0.220s] Level 1:colcon.colcon_core.package_identification:_identify(ros2_aruco) by extension 'ignore_ament_install'
[0.220s] Level 1:colcon.colcon_core.package_identification:_identify(ros2_aruco) by extensions ['colcon_pkg']
[0.220s] Level 1:colcon.colcon_core.package_identification:_identify(ros2_aruco) by extension 'colcon_pkg'
[0.220s] Level 1:colcon.colcon_core.package_identification:_identify(ros2_aruco) by extensions ['colcon_meta']
[0.220s] Level 1:colcon.colcon_core.package_identification:_identify(ros2_aruco) by extension 'colcon_meta'
[0.220s] Level 1:colcon.colcon_core.package_identification:_identify(ros2_aruco) by extensions ['ros']
[0.220s] Level 1:colcon.colcon_core.package_identification:_identify(ros2_aruco) by extension 'ros'
[0.220s] DEBUG:colcon.colcon_core.package_identification:Package 'ros2_aruco' with type 'ros.ament_python' and name 'ros2_aruco'
[0.220s] Level 1:colcon.colcon_core.package_identification:_identify(tutorial_interfaces) by extensions ['ignore', 'ignore_ament_install']
[0.220s] Level 1:colcon.colcon_core.package_identification:_identify(tutorial_interfaces) by extension 'ignore'
[0.220s] Level 1:colcon.colcon_core.package_identification:_identify(tutorial_interfaces) by extension 'ignore_ament_install'
[0.220s] Level 1:colcon.colcon_core.package_identification:_identify(tutorial_interfaces) by extensions ['colcon_pkg']
[0.220s] Level 1:colcon.colcon_core.package_identification:_identify(tutorial_interfaces) by extension 'colcon_pkg'
[0.220s] Level 1:colcon.colcon_core.package_identification:_identify(tutorial_interfaces) by extensions ['colcon_meta']
[0.220s] Level 1:colcon.colcon_core.package_identification:_identify(tutorial_interfaces) by extension 'colcon_meta'
[0.220s] Level 1:colcon.colcon_core.package_identification:_identify(tutorial_interfaces) by extensions ['ros']
[0.221s] Level 1:colcon.colcon_core.package_identification:_identify(tutorial_interfaces) by extension 'ros'
[0.221s] DEBUG:colcon.colcon_core.package_identification:Package 'tutorial_interfaces' with type 'ros.ament_cmake' and name 'tutorial_interfaces'
[0.221s] Level 1:colcon.colcon_core.package_discovery:discover_packages(recursive) using defaults
[0.221s] Level 1:colcon.colcon_core.package_discovery:discover_packages(ignore) discover
[0.221s] Level 1:colcon.colcon_core.package_discovery:discover_packages(ignore) using defaults
[0.221s] Level 1:colcon.colcon_core.package_discovery:discover_packages(path) discover
[0.221s] Level 1:colcon.colcon_core.package_discovery:discover_packages(path) using defaults
[0.237s] Level 5:colcon.colcon_core.verb:set package 'ros2_aruco' build argument 'cmake_args' from command line to 'None'
[0.237s] Level 5:colcon.colcon_core.verb:set package 'ros2_aruco' build argument 'cmake_target' from command line to 'None'
[0.237s] Level 5:colcon.colcon_core.verb:set package 'ros2_aruco' build argument 'cmake_target_skip_unavailable' from command line to 'False'
[0.237s] Level 5:colcon.colcon_core.verb:set package 'ros2_aruco' build argument 'cmake_clean_cache' from command line to 'False'
[0.237s] Level 5:colcon.colcon_core.verb:set package 'ros2_aruco' build argument 'cmake_clean_first' from command line to 'False'
[0.237s] Level 5:colcon.colcon_core.verb:set package 'ros2_aruco' build argument 'cmake_force_configure' from command line to 'False'
[0.237s] Level 5:colcon.colcon_core.verb:set package 'ros2_aruco' build argument 'ament_cmake_args' from command line to 'None'
[0.237s] Level 5:colcon.colcon_core.verb:set package 'ros2_aruco' build argument 'catkin_cmake_args' from command line to 'None'
[0.237s] Level 5:colcon.colcon_core.verb:set package 'ros2_aruco' build argument 'catkin_skip_building_tests' from command line to 'False'
[0.237s] DEBUG:colcon.colcon_core.verb:Building package 'ros2_aruco' with the following arguments: {'ament_cmake_args': None, 'build_base': '/home/chotu/ros2_ws/src/ENPM_808X_FINAL/build/ros2_aruco', 'catkin_cmake_args': None, 'catkin_skip_building_tests': False, 'cmake_args': None, 'cmake_clean_cache': False, 'cmake_clean_first': False, 'cmake_force_configure': False, 'cmake_target': None, 'cmake_target_skip_unavailable': False, 'install_base': '/home/chotu/ros2_ws/src/ENPM_808X_FINAL/install/ros2_aruco', 'merge_install': False, 'path': '/home/chotu/ros2_ws/src/ENPM_808X_FINAL/ros2_aruco', 'symlink_install': False, 'test_result_base': None}
[0.238s] Level 5:colcon.colcon_core.verb:set package 'tutorial_interfaces' build argument 'cmake_args' from command line to 'None'
[0.238s] Level 5:colcon.colcon_core.verb:set package 'tutorial_interfaces' build argument 'cmake_target' from command line to 'None'
[0.238s] Level 5:colcon.colcon_core.verb:set package 'tutorial_interfaces' build argument 'cmake_target_skip_unavailable' from command line to 'False'
[0.238s] Level 5:colcon.colcon_core.verb:set package 'tutorial_interfaces' build argument 'cmake_clean_cache' from command line to 'False'
[0.238s] Level 5:colcon.colcon_core.verb:set package 'tutorial_interfaces' build argument 'cmake_clean_first' from command line to 'False'
[0.238s] Level 5:colcon.colcon_core.verb:set package 'tutorial_interfaces' build argument 'cmake_force_configure' from command line to 'False'
[0.238s] Level 5:colcon.colcon_core.verb:set package 'tutorial_interfaces' build argument 'ament_cmake_args' from command line to 'None'
[0.238s] Level 5:colcon.colcon_core.verb:set package 'tutorial_interfaces' build argument 'catkin_cmake_args' from command line to 'None'
[0.238s] Level 5:colcon.colcon_core.verb:set package 'tutorial_interfaces' build argument 'catkin_skip_building_tests' from command line to 'False'
[0.238s] DEBUG:colcon.colcon_core.verb:Building package 'tutorial_interfaces' with the following arguments: {'ament_cmake_args': None, 'build_base': '/home/chotu/ros2_ws/src/ENPM_808X_FINAL/build/tutorial_interfaces', 'catkin_cmake_args': None, 'catkin_skip_building_tests': False, 'cmake_args': None, 'cmake_clean_cache': False, 'cmake_clean_first': False, 'cmake_force_configure': False, 'cmake_target': None, 'cmake_target_skip_unavailable': False, 'install_base': '/home/chotu/ros2_ws/src/ENPM_808X_FINAL/install/tutorial_interfaces', 'merge_install': False, 'path': '/home/chotu/ros2_ws/src/ENPM_808X_FINAL/tutorial_interfaces', 'symlink_install': False, 'test_result_base': None}
[0.239s] Level 5:colcon.colcon_core.verb:set package 'tb3' build argument 'cmake_args' from command line to 'None'
[0.239s] Level 5:colcon.colcon_core.verb:set package 'tb3' build argument 'cmake_target' from command line to 'None'
[0.239s] Level 5:colcon.colcon_core.verb:set package 'tb3' build argument 'cmake_target_skip_unavailable' from command line to 'False'
[0.239s] Level 5:colcon.colcon_core.verb:set package 'tb3' build argument 'cmake_clean_cache' from command line to 'False'
[0.239s] Level 5:colcon.colcon_core.verb:set package 'tb3' build argument 'cmake_clean_first' from command line to 'False'
[0.239s] Level 5:colcon.colcon_core.verb:set package 'tb3' build argument 'cmake_force_configure' from command line to 'False'
[0.239s] Level 5:colcon.colcon_core.verb:set package 'tb3' build argument 'ament_cmake_args' from command line to 'None'
[0.239s] Level 5:colcon.colcon_core.verb:set package 'tb3' build argument 'catkin_cmake_args' from command line to 'None'
[0.239s] Level 5:colcon.colcon_core.verb:set package 'tb3' build argument 'catkin_skip_building_tests' from command line to 'False'
[0.239s] DEBUG:colcon.colcon_core.verb:Building package 'tb3' with the following arguments: {'ament_cmake_args': None, 'build_base': '/home/chotu/ros2_ws/src/ENPM_808X_FINAL/build/tb3', 'catkin_cmake_args': None, 'catkin_skip_building_tests': False, 'cmake_args': None, 'cmake_clean_cache': False, 'cmake_clean_first': False, 'cmake_force_configure': False, 'cmake_target': None, 'cmake_target_skip_unavailable': False, 'install_base': '/home/chotu/ros2_ws/src/ENPM_808X_FINAL/install/tb3', 'merge_install': False, 'path': '/home/chotu/ros2_ws/src/ENPM_808X_FINAL/ENPM_808X_FINAL', 'symlink_install': False, 'test_result_base': None}
[0.239s] INFO:colcon.colcon_core.executor:Executing jobs using 'parallel' executor
[0.242s] DEBUG:colcon.colcon_parallel_executor.executor.parallel:run_until_complete
[0.242s] INFO:colcon.colcon_ros.task.ament_cmake.build:Building ROS package in '/home/chotu/ros2_ws/src/ENPM_808X_FINAL/tutorial_interfaces' with build type 'ament_cmake'
[0.242s] INFO:colcon.colcon_cmake.task.cmake.build:Building CMake package in '/home/chotu/ros2_ws/src/ENPM_808X_FINAL/tutorial_interfaces'
[0.245s] INFO:colcon.colcon_core.plugin_system:Skipping extension 'colcon_core.shell.bat': Not used on non-Windows systems
[0.245s] INFO:colcon.colcon_core.shell:Skip shell extension 'powershell' for command environment: Not usable outside of PowerShell
[0.245s] DEBUG:colcon.colcon_core.shell:Skip shell extension 'dsv' for command environment
[0.256s] INFO:colcon.colcon_ros.task.ament_python.build:Building ROS package in '/home/chotu/ros2_ws/src/ENPM_808X_FINAL/ros2_aruco' with build type 'ament_python'
[0.256s] Level 1:colcon.colcon_core.shell:create_environment_hook('ros2_aruco', 'ament_prefix_path')
[0.257s] INFO:colcon.colcon_core.shell:Creating environment hook '/home/chotu/ros2_ws/src/ENPM_808X_FINAL/install/ros2_aruco/share/ros2_aruco/hook/ament_prefix_path.ps1'
[0.258s] INFO:colcon.colcon_core.shell:Creating environment descriptor '/home/chotu/ros2_ws/src/ENPM_808X_FINAL/install/ros2_aruco/share/ros2_aruco/hook/ament_prefix_path.dsv'
[0.258s] INFO:colcon.colcon_core.shell:Creating environment hook '/home/chotu/ros2_ws/src/ENPM_808X_FINAL/install/ros2_aruco/share/ros2_aruco/hook/ament_prefix_path.sh'
[0.259s] INFO:colcon.colcon_core.shell:Skip shell extension 'powershell' for command environment: Not usable outside of PowerShell
[0.259s] DEBUG:colcon.colcon_core.shell:Skip shell extension 'dsv' for command environment
[0.265s] DEBUG:colcon.colcon_core.event_handler.log_command:Invoking command in '/home/chotu/ros2_ws/src/ENPM_808X_FINAL/build/tutorial_interfaces': CMAKE_PREFIX_PATH=${CMAKE_PREFIX_PATH}:/home/chotu/ros2_ws/src/ENPM_808X_FINAL/install/ros2_aruco:/opt/ros/humble /usr/bin/cmake --build /home/chotu/ros2_ws/src/ENPM_808X_FINAL/build/tutorial_interfaces -- -j16 -l16
[0.425s] INFO:colcon.colcon_core.task.python.build:Building Python package in '/home/chotu/ros2_ws/src/ENPM_808X_FINAL/ros2_aruco'
[0.426s] INFO:colcon.colcon_core.shell:Skip shell extension 'powershell' for command environment: Not usable outside of PowerShell
[0.426s] DEBUG:colcon.colcon_core.shell:Skip shell extension 'dsv' for command environment
[0.489s] DEBUG:colcon.colcon_core.event_handler.log_command:Invoked command in '/home/chotu/ros2_ws/src/ENPM_808X_FINAL/build/tutorial_interfaces' returned '0': CMAKE_PREFIX_PATH=${CMAKE_PREFIX_PATH}:/home/chotu/ros2_ws/src/ENPM_808X_FINAL/install/ros2_aruco:/opt/ros/humble /usr/bin/cmake --build /home/chotu/ros2_ws/src/ENPM_808X_FINAL/build/tutorial_interfaces -- -j16 -l16
[0.525s] DEBUG:colcon.colcon_core.event_handler.log_command:Invoking command in '/home/chotu/ros2_ws/src/ENPM_808X_FINAL/build/tutorial_interfaces': CMAKE_PREFIX_PATH=${CMAKE_PREFIX_PATH}:/home/chotu/ros2_ws/src/ENPM_808X_FINAL/install/ros2_aruco:/opt/ros/humble /usr/bin/cmake --install /home/chotu/ros2_ws/src/ENPM_808X_FINAL/build/tutorial_interfaces
[0.559s] Level 1:colcon.colcon_core.environment:create_environment_scripts_only(tutorial_interfaces)
[0.559s] DEBUG:colcon.colcon_core.event_handler.log_command:Invoked command in '/home/chotu/ros2_ws/src/ENPM_808X_FINAL/build/tutorial_interfaces' returned '0': CMAKE_PREFIX_PATH=${CMAKE_PREFIX_PATH}:/home/chotu/ros2_ws/src/ENPM_808X_FINAL/install/ros2_aruco:/opt/ros/humble /usr/bin/cmake --install /home/chotu/ros2_ws/src/ENPM_808X_FINAL/build/tutorial_interfaces
[0.562s] Level 1:colcon.colcon_core.environment:checking '/home/chotu/ros2_ws/src/ENPM_808X_FINAL/install/tutorial_interfaces' for CMake module files
[0.563s] Level 1:colcon.colcon_core.environment:checking '/home/chotu/ros2_ws/src/ENPM_808X_FINAL/install/tutorial_interfaces' for CMake config files
[0.563s] Level 1:colcon.colcon_core.shell:create_environment_hook('tutorial_interfaces', 'cmake_prefix_path')
[0.564s] INFO:colcon.colcon_core.shell:Creating environment hook '/home/chotu/ros2_ws/src/ENPM_808X_FINAL/install/tutorial_interfaces/share/tutorial_interfaces/hook/cmake_prefix_path.ps1'
[0.564s] INFO:colcon.colcon_core.shell:Creating environment descriptor '/home/chotu/ros2_ws/src/ENPM_808X_FINAL/install/tutorial_interfaces/share/tutorial_interfaces/hook/cmake_prefix_path.dsv'
[0.565s] INFO:colcon.colcon_core.shell:Creating environment hook '/home/chotu/ros2_ws/src/ENPM_808X_FINAL/install/tutorial_interfaces/share/tutorial_interfaces/hook/cmake_prefix_path.sh'
[0.565s] Level 1:colcon.colcon_core.environment:checking '/home/chotu/ros2_ws/src/ENPM_808X_FINAL/install/tutorial_interfaces/lib'
[0.565s] Level 1:colcon.colcon_core.shell:create_environment_hook('tutorial_interfaces', 'ld_library_path_lib')
[0.566s] INFO:colcon.colcon_core.shell:Creating environment hook '/home/chotu/ros2_ws/src/ENPM_808X_FINAL/install/tutorial_interfaces/share/tutorial_interfaces/hook/ld_library_path_lib.ps1'
[0.566s] INFO:colcon.colcon_core.shell:Creating environment descriptor '/home/chotu/ros2_ws/src/ENPM_808X_FINAL/install/tutorial_interfaces/share/tutorial_interfaces/hook/ld_library_path_lib.dsv'
[0.567s] INFO:colcon.colcon_core.shell:Creating environment hook '/home/chotu/ros2_ws/src/ENPM_808X_FINAL/install/tutorial_interfaces/share/tutorial_interfaces/hook/ld_library_path_lib.sh'
[0.567s] Level 1:colcon.colcon_core.environment:checking '/home/chotu/ros2_ws/src/ENPM_808X_FINAL/install/tutorial_interfaces/bin'
[0.567s] Level 1:colcon.colcon_core.environment:checking '/home/chotu/ros2_ws/src/ENPM_808X_FINAL/install/tutorial_interfaces/lib/pkgconfig/tutorial_interfaces.pc'
[0.567s] Level 1:colcon.colcon_core.environment:checking '/home/chotu/ros2_ws/src/ENPM_808X_FINAL/install/tutorial_interfaces/lib/python3.10/site-packages'
[0.567s] Level 1:colcon.colcon_core.environment:checking '/home/chotu/ros2_ws/src/ENPM_808X_FINAL/install/tutorial_interfaces/bin'
[0.568s] INFO:colcon.colcon_core.shell:Creating package script '/home/chotu/ros2_ws/src/ENPM_808X_FINAL/install/tutorial_interfaces/share/tutorial_interfaces/package.ps1'
[0.569s] INFO:colcon.colcon_core.shell:Creating package descriptor '/home/chotu/ros2_ws/src/ENPM_808X_FINAL/install/tutorial_interfaces/share/tutorial_interfaces/package.dsv'
[0.569s] INFO:colcon.colcon_core.shell:Creating package script '/home/chotu/ros2_ws/src/ENPM_808X_FINAL/install/tutorial_interfaces/share/tutorial_interfaces/package.sh'
[0.570s] INFO:colcon.colcon_core.shell:Creating package script '/home/chotu/ros2_ws/src/ENPM_808X_FINAL/install/tutorial_interfaces/share/tutorial_interfaces/package.bash'
[0.570s] INFO:colcon.colcon_core.shell:Creating package script '/home/chotu/ros2_ws/src/ENPM_808X_FINAL/install/tutorial_interfaces/share/tutorial_interfaces/package.zsh'
[0.571s] Level 1:colcon.colcon_core.environment:create_file_with_runtime_dependencies(/home/chotu/ros2_ws/src/ENPM_808X_FINAL/install/tutorial_interfaces/share/colcon-core/packages/tutorial_interfaces)
[0.602s] Level 1:colcon.colcon_core.environment:create_environment_scripts_only(tutorial_interfaces)
[0.603s] Level 1:colcon.colcon_core.environment:checking '/home/chotu/ros2_ws/src/ENPM_808X_FINAL/install/tutorial_interfaces' for CMake module files
[0.604s] Level 1:colcon.colcon_core.environment:checking '/home/chotu/ros2_ws/src/ENPM_808X_FINAL/install/tutorial_interfaces' for CMake config files
[0.604s] Level 1:colcon.colcon_core.shell:create_environment_hook('tutorial_interfaces', 'cmake_prefix_path')
[0.605s] INFO:colcon.colcon_core.shell:Creating environment hook '/home/chotu/ros2_ws/src/ENPM_808X_FINAL/install/tutorial_interfaces/share/tutorial_interfaces/hook/cmake_prefix_path.ps1'
[0.605s] INFO:colcon.colcon_core.shell:Creating environment descriptor '/home/chotu/ros2_ws/src/ENPM_808X_FINAL/install/tutorial_interfaces/share/tutorial_interfaces/hook/cmake_prefix_path.dsv'
[0.605s] INFO:colcon.colcon_core.shell:Creating environment hook '/home/chotu/ros2_ws/src/ENPM_808X_FINAL/install/tutorial_interfaces/share/tutorial_interfaces/hook/cmake_prefix_path.sh'
[0.606s] Level 1:colcon.colcon_core.environment:checking '/home/chotu/ros2_ws/src/ENPM_808X_FINAL/install/tutorial_interfaces/lib'
[0.606s] Level 1:colcon.colcon_core.shell:create_environment_hook('tutorial_interfaces', 'ld_library_path_lib')
[0.606s] INFO:colcon.colcon_core.shell:Creating environment hook '/home/chotu/ros2_ws/src/ENPM_808X_FINAL/install/tutorial_interfaces/share/tutorial_interfaces/hook/ld_library_path_lib.ps1'
[0.607s] INFO:colcon.colcon_core.shell:Creating environment descriptor '/home/chotu/ros2_ws/src/ENPM_808X_FINAL/install/tutorial_interfaces/share/tutorial_interfaces/hook/ld_library_path_lib.dsv'
[0.607s] INFO:colcon.colcon_core.shell:Creating environment hook '/home/chotu/ros2_ws/src/ENPM_808X_FINAL/install/tutorial_interfaces/share/tutorial_interfaces/hook/ld_library_path_lib.sh'
[0.607s] Level 1:colcon.colcon_core.environment:checking '/home/chotu/ros2_ws/src/ENPM_808X_FINAL/install/tutorial_interfaces/bin'
[0.607s] Level 1:colcon.colcon_core.environment:checking '/home/chotu/ros2_ws/src/ENPM_808X_FINAL/install/tutorial_interfaces/lib/pkgconfig/tutorial_interfaces.pc'
[0.607s] Level 1:colcon.colcon_core.environment:checking '/home/chotu/ros2_ws/src/ENPM_808X_FINAL/install/tutorial_interfaces/lib/python3.10/site-packages'
[0.607s] Level 1:colcon.colcon_core.environment:checking '/home/chotu/ros2_ws/src/ENPM_808X_FINAL/install/tutorial_interfaces/bin'
[0.608s] INFO:colcon.colcon_core.shell:Creating package script '/home/chotu/ros2_ws/src/ENPM_808X_FINAL/install/tutorial_interfaces/share/tutorial_interfaces/package.ps1'
[0.609s] INFO:colcon.colcon_core.shell:Creating package descriptor '/home/chotu/ros2_ws/src/ENPM_808X_FINAL/install/tutorial_interfaces/share/tutorial_interfaces/package.dsv'
[0.609s] INFO:colcon.colcon_core.shell:Creating package script '/home/chotu/ros2_ws/src/ENPM_808X_FINAL/install/tutorial_interfaces/share/tutorial_interfaces/package.sh'
[0.609s] INFO:colcon.colcon_core.shell:Creating package script '/home/chotu/ros2_ws/src/ENPM_808X_FINAL/install/tutorial_interfaces/share/tutorial_interfaces/package.bash'
[0.609s] INFO:colcon.colcon_core.shell:Creating package script '/home/chotu/ros2_ws/src/ENPM_808X_FINAL/install/tutorial_interfaces/share/tutorial_interfaces/package.zsh'
[0.610s] Level 1:colcon.colcon_core.environment:create_file_with_runtime_dependencies(/home/chotu/ros2_ws/src/ENPM_808X_FINAL/install/tutorial_interfaces/share/colcon-core/packages/tutorial_interfaces)
[0.610s] INFO:colcon.colcon_ros.task.ament_cmake.build:Building ROS package in '/home/chotu/ros2_ws/src/ENPM_808X_FINAL/ENPM_808X_FINAL' with build type 'ament_cmake'
[0.610s] INFO:colcon.colcon_cmake.task.cmake.build:Building CMake package in '/home/chotu/ros2_ws/src/ENPM_808X_FINAL/ENPM_808X_FINAL'
[0.611s] INFO:colcon.colcon_core.shell:Skip shell extension 'powershell' for command environment: Not usable outside of PowerShell
[0.611s] DEBUG:colcon.colcon_core.shell:Skip shell extension 'dsv' for command environment
[0.619s] DEBUG:colcon.colcon_core.event_handler.log_command:Invoking command in '/home/chotu/ros2_ws/src/ENPM_808X_FINAL/build/tb3': CMAKE_PREFIX_PATH=/home/chotu/ros2_ws/src/ENPM_808X_FINAL/install/tutorial_interfaces:/home/chotu/ros2_ws/src/ENPM_808X_FINAL/install/tb3:/home/chotu/ros2_ws/src/ENPM_808X_FINAL/install/ros2_aruco:/opt/ros/humble LD_LIBRARY_PATH=/home/chotu/ros2_ws/src/ENPM_808X_FINAL/install/tutorial_interfaces/lib:/home/chotu/ros2_ws/src/ENPM_808X_FINAL/install/tb3/lib:/usr/lib/x86_64-linux-gnu/gazebo-11/plugins:/opt/ros/humble/opt/rviz_ogre_vendor/lib:/opt/ros/humble/lib/x86_64-linux-gnu:/opt/ros/humble/lib /usr/bin/cmake --build /home/chotu/ros2_ws/src/ENPM_808X_FINAL/build/tb3 -- -j16 -l16
[0.637s] DEBUG:colcon.colcon_core.event_handler.log_command:Invoking command in '/home/chotu/ros2_ws/src/ENPM_808X_FINAL/ros2_aruco': PYTHONPATH=/home/chotu/ros2_ws/src/ENPM_808X_FINAL/build/ros2_aruco/prefix_override:/home/chotu/ros2_ws/src/ENPM_808X_FINAL/install/ros2_aruco/lib/python3.10/site-packages:${PYTHONPATH} /usr/bin/python3 setup.py egg_info --egg-base ../build/ros2_aruco build --build-base /home/chotu/ros2_ws/src/ENPM_808X_FINAL/build/ros2_aruco/build install --record /home/chotu/ros2_ws/src/ENPM_808X_FINAL/build/ros2_aruco/install.log --install-scripts $base/lib/ros2_aruco --single-version-externally-managed
[0.815s] Level 1:colcon.colcon_core.environment:checking '/home/chotu/ros2_ws/src/ENPM_808X_FINAL/install/ros2_aruco' for CMake module files
[0.816s] DEBUG:colcon.colcon_core.event_handler.log_command:Invoked command in '/home/chotu/ros2_ws/src/ENPM_808X_FINAL/ros2_aruco' returned '0': PYTHONPATH=/home/chotu/ros2_ws/src/ENPM_808X_FINAL/build/ros2_aruco/prefix_override:/home/chotu/ros2_ws/src/ENPM_808X_FINAL/install/ros2_aruco/lib/python3.10/site-packages:${PYTHONPATH} /usr/bin/python3 setup.py egg_info --egg-base ../build/ros2_aruco build --build-base /home/chotu/ros2_ws/src/ENPM_808X_FINAL/build/ros2_aruco/build install --record /home/chotu/ros2_ws/src/ENPM_808X_FINAL/build/ros2_aruco/install.log --install-scripts $base/lib/ros2_aruco --single-version-externally-managed
[0.816s] Level 1:colcon.colcon_core.environment:checking '/home/chotu/ros2_ws/src/ENPM_808X_FINAL/install/ros2_aruco' for CMake config files
[0.816s] Level 1:colcon.colcon_core.environment:checking '/home/chotu/ros2_ws/src/ENPM_808X_FINAL/install/ros2_aruco/lib'
[0.817s] Level 1:colcon.colcon_core.environment:checking '/home/chotu/ros2_ws/src/ENPM_808X_FINAL/install/ros2_aruco/bin'
[0.817s] Level 1:colcon.colcon_core.environment:checking '/home/chotu/ros2_ws/src/ENPM_808X_FINAL/install/ros2_aruco/lib/pkgconfig/ros2_aruco.pc'
[0.817s] Level 1:colcon.colcon_core.environment:checking '/home/chotu/ros2_ws/src/ENPM_808X_FINAL/install/ros2_aruco/lib/python3.10/site-packages'
[0.817s] Level 1:colcon.colcon_core.shell:create_environment_hook('ros2_aruco', 'pythonpath')
[0.818s] INFO:colcon.colcon_core.shell:Creating environment hook '/home/chotu/ros2_ws/src/ENPM_808X_FINAL/install/ros2_aruco/share/ros2_aruco/hook/pythonpath.ps1'
[0.818s] INFO:colcon.colcon_core.shell:Creating environment descriptor '/home/chotu/ros2_ws/src/ENPM_808X_FINAL/install/ros2_aruco/share/ros2_aruco/hook/pythonpath.dsv'
[0.818s] INFO:colcon.colcon_core.shell:Creating environment hook '/home/chotu/ros2_ws/src/ENPM_808X_FINAL/install/ros2_aruco/share/ros2_aruco/hook/pythonpath.sh'
[0.818s] Level 1:colcon.colcon_core.environment:checking '/home/chotu/ros2_ws/src/ENPM_808X_FINAL/install/ros2_aruco/bin'
[0.819s] Level 1:colcon.colcon_core.environment:create_environment_scripts_only(ros2_aruco)
[0.819s] INFO:colcon.colcon_core.shell:Creating package script '/home/chotu/ros2_ws/src/ENPM_808X_FINAL/install/ros2_aruco/share/ros2_aruco/package.ps1'
[0.820s] INFO:colcon.colcon_core.shell:Creating package descriptor '/home/chotu/ros2_ws/src/ENPM_808X_FINAL/install/ros2_aruco/share/ros2_aruco/package.dsv'
[0.820s] INFO:colcon.colcon_core.shell:Creating package script '/home/chotu/ros2_ws/src/ENPM_808X_FINAL/install/ros2_aruco/share/ros2_aruco/package.sh'
[0.820s] INFO:colcon.colcon_core.shell:Creating package script '/home/chotu/ros2_ws/src/ENPM_808X_FINAL/install/ros2_aruco/share/ros2_aruco/package.bash'
[0.820s] INFO:colcon.colcon_core.shell:Creating package script '/home/chotu/ros2_ws/src/ENPM_808X_FINAL/install/ros2_aruco/share/ros2_aruco/package.zsh'
[0.820s] Level 1:colcon.colcon_core.environment:create_file_with_runtime_dependencies(/home/chotu/ros2_ws/src/ENPM_808X_FINAL/install/ros2_aruco/share/colcon-core/packages/ros2_aruco)
[9.948s] DEBUG:colcon.colcon_core.event_handler.log_command:Invoked command in '/home/chotu/ros2_ws/src/ENPM_808X_FINAL/build/tb3' returned '2': CMAKE_PREFIX_PATH=/home/chotu/ros2_ws/src/ENPM_808X_FINAL/install/tutorial_interfaces:/home/chotu/ros2_ws/src/ENPM_808X_FINAL/install/tb3:/home/chotu/ros2_ws/src/ENPM_808X_FINAL/install/ros2_aruco:/opt/ros/humble LD_LIBRARY_PATH=/home/chotu/ros2_ws/src/ENPM_808X_FINAL/install/tutorial_interfaces/lib:/home/chotu/ros2_ws/src/ENPM_808X_FINAL/install/tb3/lib:/usr/lib/x86_64-linux-gnu/gazebo-11/plugins:/opt/ros/humble/opt/rviz_ogre_vendor/lib:/opt/ros/humble/lib/x86_64-linux-gnu:/opt/ros/humble/lib /usr/bin/cmake --build /home/chotu/ros2_ws/src/ENPM_808X_FINAL/build/tb3 -- -j16 -l16
[9.993s] Level 1:colcon.colcon_core.environment:create_environment_scripts_only(tb3)
[9.994s] Level 1:colcon.colcon_core.environment:checking '/home/chotu/ros2_ws/src/ENPM_808X_FINAL/install/tb3' for CMake module files
[9.995s] Level 1:colcon.colcon_core.environment:checking '/home/chotu/ros2_ws/src/ENPM_808X_FINAL/install/tb3' for CMake config files
[9.995s] Level 1:colcon.colcon_core.shell:create_environment_hook('tb3', 'cmake_prefix_path')
[9.996s] INFO:colcon.colcon_core.shell:Creating environment hook '/home/chotu/ros2_ws/src/ENPM_808X_FINAL/install/tb3/share/tb3/hook/cmake_prefix_path.ps1'
[9.996s] INFO:colcon.colcon_core.shell:Creating environment descriptor '/home/chotu/ros2_ws/src/ENPM_808X_FINAL/install/tb3/share/tb3/hook/cmake_prefix_path.dsv'
[9.997s] INFO:colcon.colcon_core.shell:Creating environment hook '/home/chotu/ros2_ws/src/ENPM_808X_FINAL/install/tb3/share/tb3/hook/cmake_prefix_path.sh'
[9.997s] Level 1:colcon.colcon_core.environment:checking '/home/chotu/ros2_ws/src/ENPM_808X_FINAL/install/tb3/lib'
[9.997s] Level 1:colcon.colcon_core.shell:create_environment_hook('tb3', 'ld_library_path_lib')
[9.998s] INFO:colcon.colcon_core.shell:Creating environment hook '/home/chotu/ros2_ws/src/ENPM_808X_FINAL/install/tb3/share/tb3/hook/ld_library_path_lib.ps1'
[9.998s] INFO:colcon.colcon_core.shell:Creating environment descriptor '/home/chotu/ros2_ws/src/ENPM_808X_FINAL/install/tb3/share/tb3/hook/ld_library_path_lib.dsv'
[9.998s] INFO:colcon.colcon_core.shell:Creating environment hook '/home/chotu/ros2_ws/src/ENPM_808X_FINAL/install/tb3/share/tb3/hook/ld_library_path_lib.sh'
[9.999s] Level 1:colcon.colcon_core.environment:checking '/home/chotu/ros2_ws/src/ENPM_808X_FINAL/install/tb3/bin'
[9.999s] Level 1:colcon.colcon_core.environment:checking '/home/chotu/ros2_ws/src/ENPM_808X_FINAL/install/tb3/lib/pkgconfig/tb3.pc'
[9.999s] Level 1:colcon.colcon_core.environment:checking '/home/chotu/ros2_ws/src/ENPM_808X_FINAL/install/tb3/lib/python3.10/site-packages'
[9.999s] Level 1:colcon.colcon_core.environment:checking '/home/chotu/ros2_ws/src/ENPM_808X_FINAL/install/tb3/bin'
[10.000s] INFO:colcon.colcon_core.shell:Creating package script '/home/chotu/ros2_ws/src/ENPM_808X_FINAL/install/tb3/share/tb3/package.ps1'
[10.000s] INFO:colcon.colcon_core.shell:Creating package descriptor '/home/chotu/ros2_ws/src/ENPM_808X_FINAL/install/tb3/share/tb3/package.dsv'
[10.001s] INFO:colcon.colcon_core.shell:Creating package script '/home/chotu/ros2_ws/src/ENPM_808X_FINAL/install/tb3/share/tb3/package.sh'
[10.001s] INFO:colcon.colcon_core.shell:Creating package script '/home/chotu/ros2_ws/src/ENPM_808X_FINAL/install/tb3/share/tb3/package.bash'
[10.001s] INFO:colcon.colcon_core.shell:Creating package script '/home/chotu/ros2_ws/src/ENPM_808X_FINAL/install/tb3/share/tb3/package.zsh'
[10.001s] Level 1:colcon.colcon_core.environment:create_file_with_runtime_dependencies(/home/chotu/ros2_ws/src/ENPM_808X_FINAL/install/tb3/share/colcon-core/packages/tb3)
[10.012s] DEBUG:colcon.colcon_parallel_executor.executor.parallel:closing loop
[10.012s] DEBUG:colcon.colcon_parallel_executor.executor.parallel:loop closed
[10.012s] DEBUG:colcon.colcon_parallel_executor.executor.parallel:run_until_complete finished with '2'
[10.012s] DEBUG:colcon.colcon_core.event_reactor:joining thread
[10.017s] INFO:colcon.colcon_core.plugin_system:Skipping extension 'colcon_notification.desktop_notification.notify_send': Could not find 'notify-send'
[10.017s] INFO:colcon.colcon_core.plugin_system:Skipping extension 'colcon_notification.desktop_notification.terminal_notifier': Not used on non-Darwin systems
[10.017s] INFO:colcon.colcon_core.plugin_system:Skipping extension 'colcon_notification.desktop_notification.win32': Not used on non-Windows systems
[10.017s] INFO:colcon.colcon_notification.desktop_notification:Sending desktop notification using 'notify2'
[10.018s] DEBUG:colcon.colcon_notification.desktop_notification.notify2:Failed to initialize notify2: org.freedesktop.DBus.Error.Spawn.ExecFailed: /usr/bin/dbus-launch terminated abnormally without any error message
[10.018s] DEBUG:colcon.colcon_core.event_reactor:joined thread
[10.019s] INFO:colcon.colcon_core.shell:Creating prefix script '/home/chotu/ros2_ws/src/ENPM_808X_FINAL/install/local_setup.ps1'
[10.020s] INFO:colcon.colcon_core.shell:Creating prefix util module '/home/chotu/ros2_ws/src/ENPM_808X_FINAL/install/_local_setup_util_ps1.py'
[10.021s] INFO:colcon.colcon_core.shell:Creating prefix chain script '/home/chotu/ros2_ws/src/ENPM_808X_FINAL/install/setup.ps1'
[10.022s] INFO:colcon.colcon_core.shell:Creating prefix script '/home/chotu/ros2_ws/src/ENPM_808X_FINAL/install/local_setup.sh'
[10.022s] INFO:colcon.colcon_core.shell:Creating prefix util module '/home/chotu/ros2_ws/src/ENPM_808X_FINAL/install/_local_setup_util_sh.py'
[10.022s] INFO:colcon.colcon_core.shell:Creating prefix chain script '/home/chotu/ros2_ws/src/ENPM_808X_FINAL/install/setup.sh'
[10.023s] INFO:colcon.colcon_core.shell:Creating prefix script '/home/chotu/ros2_ws/src/ENPM_808X_FINAL/install/local_setup.bash'
[10.023s] INFO:colcon.colcon_core.shell:Creating prefix chain script '/home/chotu/ros2_ws/src/ENPM_808X_FINAL/install/setup.bash'
[10.024s] INFO:colcon.colcon_core.shell:Creating prefix script '/home/chotu/ros2_ws/src/ENPM_808X_FINAL/install/local_setup.zsh'
[10.024s] INFO:colcon.colcon_core.shell:Creating prefix chain script '/home/chotu/ros2_ws/src/ENPM_808X_FINAL/install/setup.zsh'
