[0.000000] (-) TimerEvent: {}
[0.001336] (ros2_aruco) JobQueued: {'identifier': 'ros2_aruco', 'dependencies': OrderedDict()}
[0.001383] (tutorial_interfaces) JobQueued: {'identifier': 'tutorial_interfaces', 'dependencies': OrderedDict()}
[0.001406] (tb3) JobQueued: {'identifier': 'tb3', 'dependencies': OrderedDict([('tutorial_interfaces', '/home/chotu/ros2_ws/src/ENPM_808X_FINAL/install/tutorial_interfaces')])}
[0.001433] (tutorial_interfaces) JobStarted: {'identifier': 'tutorial_interfaces'}
[0.007462] (ros2_aruco) JobStarted: {'identifier': 'ros2_aruco'}
[0.013497] (tutorial_interfaces) JobProgress: {'identifier': 'tutorial_interfaces', 'progress': 'cmake'}
[0.013947] (tutorial_interfaces) JobProgress: {'identifier': 'tutorial_interfaces', 'progress': 'build'}
[0.014450] (tutorial_interfaces) Command: {'cmd': ['/usr/bin/cmake', '--build', '/home/chotu/ros2_ws/src/ENPM_808X_FINAL/build/tutorial_interfaces', '--', '-j16', '-l16'], 'cwd': '/home/chotu/ros2_ws/src/ENPM_808X_FINAL/build/tutorial_interfaces', 'env': OrderedDict([('HOSTNAME', 'fa2a076f34cb'), ('SHLVL', '1'), ('LD_LIBRARY_PATH', '/home/chotu/ros2_ws/src/ENPM_808X_FINAL/install/tb3/lib:/home/chotu/ros2_ws/src/ENPM_808X_FINAL/install/tutorial_interfaces/lib:/usr/lib/x86_64-linux-gnu/gazebo-11/plugins:/opt/ros/humble/opt/rviz_ogre_vendor/lib:/opt/ros/humble/lib/x86_64-linux-gnu:/opt/ros/humble/lib'), ('HOME', '/home/chotu'), ('OLDPWD', '/home/chotu/ros2_ws/src'), ('ROS_PYTHON_VERSION', '3'), ('COLORTERM', 'truecolor'), ('_colcon_cd_root', '/opt/ros/humble/'), ('COLCON_PREFIX_PATH', '/home/chotu/ros2_ws/src/ENPM_808X_FINAL/install'), ('ROS_DISTRO', 'humble'), ('_', '/usr/bin/colcon'), ('ROS_VERSION', '2'), ('TERM', 'xterm-256color'), ('ROS_LOCALHOST_ONLY', '1'), ('QT_X11_NO_MITSHM', '1'), ('PATH', '/opt/ros/humble/bin:/usr/local/sbin:/usr/local/bin:/usr/sbin:/usr/bin:/sbin:/bin'), ('DISPLAY', ':0'), ('LANG', 'C.UTF-8'), ('XAUTHORITY', '/tmp/.docker6auzguhv.xauth'), ('AMENT_PREFIX_PATH', '/home/chotu/ros2_ws/src/ENPM_808X_FINAL/install/tb3:/home/chotu/ros2_ws/src/ENPM_808X_FINAL/install/tutorial_interfaces:/home/chotu/ros2_ws/src/ENPM_808X_FINAL/install/ros2_aruco:/opt/ros/humble'), ('TERMINATOR_UUID', 'urn:uuid:3cbeac55-f9ad-401f-a59f-3e2fbefe48db'), ('PWD', '/home/chotu/ros2_ws/src/ENPM_808X_FINAL/build/tutorial_interfaces'), ('LC_ALL', 'C.UTF-8'), ('PYTHONPATH', '/home/chotu/ros2_ws/src/ENPM_808X_FINAL/install/tb3/local/lib/python3.10/dist-packages:/home/chotu/ros2_ws/src/ENPM_808X_FINAL/install/tutorial_interfaces/local/lib/python3.10/dist-packages:/home/chotu/ros2_ws/src/ENPM_808X_FINAL/install/ros2_aruco/lib/python3.10/site-packages:/opt/ros/humble/lib/python3.10/site-packages:/opt/ros/humble/local/lib/python3.10/dist-packages'), ('COLCON', '1'), ('VTE_VERSION', '6800'), ('CMAKE_PREFIX_PATH', '/home/chotu/ros2_ws/src/ENPM_808X_FINAL/install/tb3:/home/chotu/ros2_ws/src/ENPM_808X_FINAL/install/tutorial_interfaces:/home/chotu/ros2_ws/src/ENPM_808X_FINAL/install/ros2_aruco:/opt/ros/humble')]), 'shell': False}
[0.041014] (tutorial_interfaces) StdoutLine: {'line': b'\x1b[35m\x1b[1mConsolidate compiler generated dependencies of target tutorial_interfaces__rosidl_generator_c\x1b[0m\n'}
[0.046619] (tutorial_interfaces) StdoutLine: {'line': b'[  3%] Built target tutorial_interfaces__cpp\n'}
[0.046866] (tutorial_interfaces) StdoutLine: {'line': b'[ 12%] Built target tutorial_interfaces__rosidl_generator_c\n'}
[0.052865] (tutorial_interfaces) StdoutLine: {'line': b'[ 12%] Built target ament_cmake_python_copy_tutorial_interfaces\n'}
[0.053183] (tutorial_interfaces) StdoutLine: {'line': b'\x1b[35m\x1b[1mConsolidate compiler generated dependencies of target tutorial_interfaces__rosidl_typesupport_introspection_c\x1b[0m\n'}
[0.053267] (tutorial_interfaces) StdoutLine: {'line': b'\x1b[35m\x1b[1mConsolidate compiler generated dependencies of target tutorial_interfaces__rosidl_typesupport_fastrtps_cpp\x1b[0m\n'}
[0.053342] (tutorial_interfaces) StdoutLine: {'line': b'\x1b[35m\x1b[1mConsolidate compiler generated dependencies of target tutorial_interfaces__rosidl_typesupport_introspection_cpp\x1b[0m\n'}
[0.053560] (tutorial_interfaces) StdoutLine: {'line': b'\x1b[35m\x1b[1mConsolidate compiler generated dependencies of target tutorial_interfaces__rosidl_typesupport_c\x1b[0m\n'}
[0.053815] (tutorial_interfaces) StdoutLine: {'line': b'\x1b[35m\x1b[1mConsolidate compiler generated dependencies of target tutorial_interfaces__rosidl_typesupport_cpp\x1b[0m\n'}
[0.059595] (tutorial_interfaces) StdoutLine: {'line': b'[ 22%] Built target tutorial_interfaces__rosidl_typesupport_introspection_c\n'}
[0.059870] (tutorial_interfaces) StdoutLine: {'line': b'[ 32%] Built target tutorial_interfaces__rosidl_typesupport_c\n'}
[0.059966] (tutorial_interfaces) StdoutLine: {'line': b'\x1b[35m\x1b[1mConsolidate compiler generated dependencies of target tutorial_interfaces__rosidl_typesupport_fastrtps_c\x1b[0m\n'}
[0.060598] (tutorial_interfaces) StdoutLine: {'line': b'[ 48%] Built target tutorial_interfaces__rosidl_typesupport_introspection_cpp\n'}
[0.060701] (tutorial_interfaces) StdoutLine: {'line': b'[ 51%] Built target tutorial_interfaces__rosidl_typesupport_fastrtps_cpp\n'}
[0.061009] (tutorial_interfaces) StdoutLine: {'line': b'[ 61%] Built target tutorial_interfaces__rosidl_typesupport_cpp\n'}
[0.067771] (tutorial_interfaces) StdoutLine: {'line': b'[ 70%] Built target tutorial_interfaces__rosidl_typesupport_fastrtps_c\n'}
[0.079676] (tutorial_interfaces) StdoutLine: {'line': b'[ 70%] Built target tutorial_interfaces\n'}
[0.093072] (tutorial_interfaces) StdoutLine: {'line': b'[ 74%] Built target tutorial_interfaces__py\n'}
[0.098951] (tutorial_interfaces) StdoutLine: {'line': b'\x1b[35m\x1b[1mConsolidate compiler generated dependencies of target tutorial_interfaces__rosidl_generator_py\x1b[0m\n'}
[0.099812] (-) TimerEvent: {}
[0.107022] (tutorial_interfaces) StdoutLine: {'line': b'[ 80%] Built target tutorial_interfaces__rosidl_generator_py\n'}
[0.113452] (tutorial_interfaces) StdoutLine: {'line': b'\x1b[35m\x1b[1mConsolidate compiler generated dependencies of target tutorial_interfaces__rosidl_typesupport_fastrtps_c__pyext\x1b[0m\n'}
[0.113656] (tutorial_interfaces) StdoutLine: {'line': b'\x1b[35m\x1b[1mConsolidate compiler generated dependencies of target tutorial_interfaces__rosidl_typesupport_introspection_c__pyext\x1b[0m\n'}
[0.113729] (tutorial_interfaces) StdoutLine: {'line': b'\x1b[35m\x1b[1mConsolidate compiler generated dependencies of target tutorial_interfaces__rosidl_typesupport_c__pyext\x1b[0m\n'}
[0.123566] (tutorial_interfaces) StdoutLine: {'line': b'[100%] Built target tutorial_interfaces__rosidl_typesupport_introspection_c__pyext\n'}
[0.123735] (tutorial_interfaces) StdoutLine: {'line': b'[100%] Built target tutorial_interfaces__rosidl_typesupport_c__pyext\n'}
[0.123807] (tutorial_interfaces) StdoutLine: {'line': b'[100%] Built target tutorial_interfaces__rosidl_typesupport_fastrtps_c__pyext\n'}
[0.198729] (tutorial_interfaces) StdoutLine: {'line': b'running egg_info\n'}
[0.198909] (tutorial_interfaces) StdoutLine: {'line': b'writing tutorial_interfaces.egg-info/PKG-INFO\n'}
[0.199054] (tutorial_interfaces) StdoutLine: {'line': b'writing dependency_links to tutorial_interfaces.egg-info/dependency_links.txt\n'}
[0.199144] (tutorial_interfaces) StdoutLine: {'line': b'writing top-level names to tutorial_interfaces.egg-info/top_level.txt\n'}
[0.199903] (-) TimerEvent: {}
[0.200415] (tutorial_interfaces) StdoutLine: {'line': b"reading manifest file 'tutorial_interfaces.egg-info/SOURCES.txt'\n"}
[0.200800] (tutorial_interfaces) StdoutLine: {'line': b"writing manifest file 'tutorial_interfaces.egg-info/SOURCES.txt'\n"}
[0.218992] (tutorial_interfaces) StdoutLine: {'line': b'[100%] Built target ament_cmake_python_build_tutorial_interfaces_egg\n'}
[0.226009] (tutorial_interfaces) CommandEnded: {'returncode': 0}
[0.257311] (tutorial_interfaces) JobProgress: {'identifier': 'tutorial_interfaces', 'progress': 'install'}
[0.262493] (tutorial_interfaces) Command: {'cmd': ['/usr/bin/cmake', '--install', '/home/chotu/ros2_ws/src/ENPM_808X_FINAL/build/tutorial_interfaces'], 'cwd': '/home/chotu/ros2_ws/src/ENPM_808X_FINAL/build/tutorial_interfaces', 'env': OrderedDict([('HOSTNAME', 'fa2a076f34cb'), ('SHLVL', '1'), ('LD_LIBRARY_PATH', '/home/chotu/ros2_ws/src/ENPM_808X_FINAL/install/tb3/lib:/home/chotu/ros2_ws/src/ENPM_808X_FINAL/install/tutorial_interfaces/lib:/usr/lib/x86_64-linux-gnu/gazebo-11/plugins:/opt/ros/humble/opt/rviz_ogre_vendor/lib:/opt/ros/humble/lib/x86_64-linux-gnu:/opt/ros/humble/lib'), ('HOME', '/home/chotu'), ('OLDPWD', '/home/chotu/ros2_ws/src'), ('ROS_PYTHON_VERSION', '3'), ('COLORTERM', 'truecolor'), ('_colcon_cd_root', '/opt/ros/humble/'), ('COLCON_PREFIX_PATH', '/home/chotu/ros2_ws/src/ENPM_808X_FINAL/install'), ('ROS_DISTRO', 'humble'), ('_', '/usr/bin/colcon'), ('ROS_VERSION', '2'), ('TERM', 'xterm-256color'), ('ROS_LOCALHOST_ONLY', '1'), ('QT_X11_NO_MITSHM', '1'), ('PATH', '/opt/ros/humble/bin:/usr/local/sbin:/usr/local/bin:/usr/sbin:/usr/bin:/sbin:/bin'), ('DISPLAY', ':0'), ('LANG', 'C.UTF-8'), ('XAUTHORITY', '/tmp/.docker6auzguhv.xauth'), ('AMENT_PREFIX_PATH', '/home/chotu/ros2_ws/src/ENPM_808X_FINAL/install/tb3:/home/chotu/ros2_ws/src/ENPM_808X_FINAL/install/tutorial_interfaces:/home/chotu/ros2_ws/src/ENPM_808X_FINAL/install/ros2_aruco:/opt/ros/humble'), ('TERMINATOR_UUID', 'urn:uuid:3cbeac55-f9ad-401f-a59f-3e2fbefe48db'), ('PWD', '/home/chotu/ros2_ws/src/ENPM_808X_FINAL/build/tutorial_interfaces'), ('LC_ALL', 'C.UTF-8'), ('PYTHONPATH', '/home/chotu/ros2_ws/src/ENPM_808X_FINAL/install/tb3/local/lib/python3.10/dist-packages:/home/chotu/ros2_ws/src/ENPM_808X_FINAL/install/tutorial_interfaces/local/lib/python3.10/dist-packages:/home/chotu/ros2_ws/src/ENPM_808X_FINAL/install/ros2_aruco/lib/python3.10/site-packages:/opt/ros/humble/lib/python3.10/site-packages:/opt/ros/humble/local/lib/python3.10/dist-packages'), ('COLCON', '1'), ('VTE_VERSION', '6800'), ('CMAKE_PREFIX_PATH', '/home/chotu/ros2_ws/src/ENPM_808X_FINAL/install/tb3:/home/chotu/ros2_ws/src/ENPM_808X_FINAL/install/tutorial_interfaces:/home/chotu/ros2_ws/src/ENPM_808X_FINAL/install/ros2_aruco:/opt/ros/humble')]), 'shell': False}
[0.266872] (tutorial_interfaces) StdoutLine: {'line': b'-- Install configuration: ""\n'}
[0.267075] (tutorial_interfaces) StdoutLine: {'line': b'-- Up-to-date: /home/chotu/ros2_ws/src/ENPM_808X_FINAL/install/tutorial_interfaces/share/ament_index/resource_index/rosidl_interfaces/tutorial_interfaces\n'}
[0.267156] (tutorial_interfaces) StdoutLine: {'line': b'-- Up-to-date: /home/chotu/ros2_ws/src/ENPM_808X_FINAL/install/tutorial_interfaces/include/tutorial_interfaces/tutorial_interfaces\n'}
[0.267216] (tutorial_interfaces) StdoutLine: {'line': b'-- Up-to-date: /home/chotu/ros2_ws/src/ENPM_808X_FINAL/install/tutorial_interfaces/include/tutorial_interfaces/tutorial_interfaces/msg\n'}
[0.267269] (tutorial_interfaces) StdoutLine: {'line': b'-- Up-to-date: /home/chotu/ros2_ws/src/ENPM_808X_FINAL/install/tutorial_interfaces/include/tutorial_interfaces/tutorial_interfaces/msg/detail\n'}
[0.267323] (tutorial_interfaces) StdoutLine: {'line': b'-- Up-to-date: /home/chotu/ros2_ws/src/ENPM_808X_FINAL/install/tutorial_interfaces/include/tutorial_interfaces/tutorial_interfaces/msg/detail/num__type_support.h\n'}
[0.267378] (tutorial_interfaces) StdoutLine: {'line': b'-- Up-to-date: /home/chotu/ros2_ws/src/ENPM_808X_FINAL/install/tutorial_interfaces/include/tutorial_interfaces/tutorial_interfaces/msg/detail/num__functions.h\n'}
[0.267429] (tutorial_interfaces) StdoutLine: {'line': b'-- Up-to-date: /home/chotu/ros2_ws/src/ENPM_808X_FINAL/install/tutorial_interfaces/include/tutorial_interfaces/tutorial_interfaces/msg/detail/num__functions.c\n'}
[0.267483] (tutorial_interfaces) StdoutLine: {'line': b'-- Up-to-date: /home/chotu/ros2_ws/src/ENPM_808X_FINAL/install/tutorial_interfaces/include/tutorial_interfaces/tutorial_interfaces/msg/detail/num__struct.h\n'}
[0.267535] (tutorial_interfaces) StdoutLine: {'line': b'-- Up-to-date: /home/chotu/ros2_ws/src/ENPM_808X_FINAL/install/tutorial_interfaces/include/tutorial_interfaces/tutorial_interfaces/msg/num.h\n'}
[0.268312] (tutorial_interfaces) StdoutLine: {'line': b'-- Up-to-date: /home/chotu/ros2_ws/src/ENPM_808X_FINAL/install/tutorial_interfaces/include/tutorial_interfaces/tutorial_interfaces/msg/rosidl_generator_c__visibility_control.h\n'}
[0.268412] (tutorial_interfaces) StdoutLine: {'line': b'-- Up-to-date: /home/chotu/ros2_ws/src/ENPM_808X_FINAL/install/tutorial_interfaces/share/tutorial_interfaces/environment/library_path.sh\n'}
[0.268465] (tutorial_interfaces) StdoutLine: {'line': b'-- Up-to-date: /home/chotu/ros2_ws/src/ENPM_808X_FINAL/install/tutorial_interfaces/share/tutorial_interfaces/environment/library_path.dsv\n'}
[0.268548] (tutorial_interfaces) StdoutLine: {'line': b'-- Up-to-date: /home/chotu/ros2_ws/src/ENPM_808X_FINAL/install/tutorial_interfaces/lib/libtutorial_interfaces__rosidl_generator_c.so\n'}
[0.268646] (tutorial_interfaces) StdoutLine: {'line': b'-- Up-to-date: /home/chotu/ros2_ws/src/ENPM_808X_FINAL/install/tutorial_interfaces/include/tutorial_interfaces/tutorial_interfaces\n'}
[0.268696] (tutorial_interfaces) StdoutLine: {'line': b'-- Up-to-date: /home/chotu/ros2_ws/src/ENPM_808X_FINAL/install/tutorial_interfaces/include/tutorial_interfaces/tutorial_interfaces/msg\n'}
[0.268755] (tutorial_interfaces) StdoutLine: {'line': b'-- Up-to-date: /home/chotu/ros2_ws/src/ENPM_808X_FINAL/install/tutorial_interfaces/include/tutorial_interfaces/tutorial_interfaces/msg/detail\n'}
[0.268813] (tutorial_interfaces) StdoutLine: {'line': b'-- Up-to-date: /home/chotu/ros2_ws/src/ENPM_808X_FINAL/install/tutorial_interfaces/include/tutorial_interfaces/tutorial_interfaces/msg/detail/num__rosidl_typesupport_fastrtps_c.h\n'}
[0.268870] (tutorial_interfaces) StdoutLine: {'line': b'-- Up-to-date: /home/chotu/ros2_ws/src/ENPM_808X_FINAL/install/tutorial_interfaces/include/tutorial_interfaces/tutorial_interfaces/msg/rosidl_typesupport_fastrtps_c__visibility_control.h\n'}
[0.268951] (tutorial_interfaces) StdoutLine: {'line': b'-- Up-to-date: /home/chotu/ros2_ws/src/ENPM_808X_FINAL/install/tutorial_interfaces/lib/libtutorial_interfaces__rosidl_typesupport_fastrtps_c.so\n'}
[0.269071] (tutorial_interfaces) StdoutLine: {'line': b'-- Up-to-date: /home/chotu/ros2_ws/src/ENPM_808X_FINAL/install/tutorial_interfaces/include/tutorial_interfaces/tutorial_interfaces\n'}
[0.269123] (tutorial_interfaces) StdoutLine: {'line': b'-- Up-to-date: /home/chotu/ros2_ws/src/ENPM_808X_FINAL/install/tutorial_interfaces/include/tutorial_interfaces/tutorial_interfaces/msg\n'}
[0.269181] (tutorial_interfaces) StdoutLine: {'line': b'-- Up-to-date: /home/chotu/ros2_ws/src/ENPM_808X_FINAL/install/tutorial_interfaces/include/tutorial_interfaces/tutorial_interfaces/msg/detail\n'}
[0.269239] (tutorial_interfaces) StdoutLine: {'line': b'-- Up-to-date: /home/chotu/ros2_ws/src/ENPM_808X_FINAL/install/tutorial_interfaces/include/tutorial_interfaces/tutorial_interfaces/msg/detail/num__traits.hpp\n'}
[0.269300] (tutorial_interfaces) StdoutLine: {'line': b'-- Up-to-date: /home/chotu/ros2_ws/src/ENPM_808X_FINAL/install/tutorial_interfaces/include/tutorial_interfaces/tutorial_interfaces/msg/detail/num__struct.hpp\n'}
[0.269360] (tutorial_interfaces) StdoutLine: {'line': b'-- Up-to-date: /home/chotu/ros2_ws/src/ENPM_808X_FINAL/install/tutorial_interfaces/include/tutorial_interfaces/tutorial_interfaces/msg/detail/num__builder.hpp\n'}
[0.269419] (tutorial_interfaces) StdoutLine: {'line': b'-- Up-to-date: /home/chotu/ros2_ws/src/ENPM_808X_FINAL/install/tutorial_interfaces/include/tutorial_interfaces/tutorial_interfaces/msg/num.hpp\n'}
[0.269478] (tutorial_interfaces) StdoutLine: {'line': b'-- Up-to-date: /home/chotu/ros2_ws/src/ENPM_808X_FINAL/install/tutorial_interfaces/include/tutorial_interfaces/tutorial_interfaces\n'}
[0.269536] (tutorial_interfaces) StdoutLine: {'line': b'-- Up-to-date: /home/chotu/ros2_ws/src/ENPM_808X_FINAL/install/tutorial_interfaces/include/tutorial_interfaces/tutorial_interfaces/msg\n'}
[0.269634] (tutorial_interfaces) StdoutLine: {'line': b'-- Up-to-date: /home/chotu/ros2_ws/src/ENPM_808X_FINAL/install/tutorial_interfaces/include/tutorial_interfaces/tutorial_interfaces/msg/detail\n'}
[0.269698] (tutorial_interfaces) StdoutLine: {'line': b'-- Up-to-date: /home/chotu/ros2_ws/src/ENPM_808X_FINAL/install/tutorial_interfaces/include/tutorial_interfaces/tutorial_interfaces/msg/detail/dds_fastrtps\n'}
[0.269778] (tutorial_interfaces) StdoutLine: {'line': b'-- Up-to-date: /home/chotu/ros2_ws/src/ENPM_808X_FINAL/install/tutorial_interfaces/include/tutorial_interfaces/tutorial_interfaces/msg/detail/num__rosidl_typesupport_fastrtps_cpp.hpp\n'}
[0.269827] (tutorial_interfaces) StdoutLine: {'line': b'-- Up-to-date: /home/chotu/ros2_ws/src/ENPM_808X_FINAL/install/tutorial_interfaces/include/tutorial_interfaces/tutorial_interfaces/msg/rosidl_typesupport_fastrtps_cpp__visibility_control.h\n'}
[0.269902] (tutorial_interfaces) StdoutLine: {'line': b'-- Up-to-date: /home/chotu/ros2_ws/src/ENPM_808X_FINAL/install/tutorial_interfaces/lib/libtutorial_interfaces__rosidl_typesupport_fastrtps_cpp.so\n'}
[0.269960] (tutorial_interfaces) StdoutLine: {'line': b'-- Up-to-date: /home/chotu/ros2_ws/src/ENPM_808X_FINAL/install/tutorial_interfaces/include/tutorial_interfaces/tutorial_interfaces\n'}
[0.270018] (tutorial_interfaces) StdoutLine: {'line': b'-- Up-to-date: /home/chotu/ros2_ws/src/ENPM_808X_FINAL/install/tutorial_interfaces/include/tutorial_interfaces/tutorial_interfaces/msg\n'}
[0.270075] (tutorial_interfaces) StdoutLine: {'line': b'-- Up-to-date: /home/chotu/ros2_ws/src/ENPM_808X_FINAL/install/tutorial_interfaces/include/tutorial_interfaces/tutorial_interfaces/msg/detail\n'}
[0.270133] (tutorial_interfaces) StdoutLine: {'line': b'-- Up-to-date: /home/chotu/ros2_ws/src/ENPM_808X_FINAL/install/tutorial_interfaces/include/tutorial_interfaces/tutorial_interfaces/msg/detail/num__rosidl_typesupport_introspection_c.h\n'}
[0.270229] (tutorial_interfaces) StdoutLine: {'line': b'-- Up-to-date: /home/chotu/ros2_ws/src/ENPM_808X_FINAL/install/tutorial_interfaces/include/tutorial_interfaces/tutorial_interfaces/msg/detail/num__type_support.c\n'}
[0.270291] (tutorial_interfaces) StdoutLine: {'line': b'-- Up-to-date: /home/chotu/ros2_ws/src/ENPM_808X_FINAL/install/tutorial_interfaces/include/tutorial_interfaces/tutorial_interfaces/msg/rosidl_typesupport_introspection_c__visibility_control.h\n'}
[0.270348] (tutorial_interfaces) StdoutLine: {'line': b'-- Up-to-date: /home/chotu/ros2_ws/src/ENPM_808X_FINAL/install/tutorial_interfaces/lib/libtutorial_interfaces__rosidl_typesupport_introspection_c.so\n'}
[0.270407] (tutorial_interfaces) StdoutLine: {'line': b'-- Up-to-date: /home/chotu/ros2_ws/src/ENPM_808X_FINAL/install/tutorial_interfaces/lib/libtutorial_interfaces__rosidl_typesupport_c.so\n'}
[0.270476] (tutorial_interfaces) StdoutLine: {'line': b'-- Up-to-date: /home/chotu/ros2_ws/src/ENPM_808X_FINAL/install/tutorial_interfaces/include/tutorial_interfaces/tutorial_interfaces\n'}
[0.270544] (tutorial_interfaces) StdoutLine: {'line': b'-- Up-to-date: /home/chotu/ros2_ws/src/ENPM_808X_FINAL/install/tutorial_interfaces/include/tutorial_interfaces/tutorial_interfaces/msg\n'}
[0.270603] (tutorial_interfaces) StdoutLine: {'line': b'-- Up-to-date: /home/chotu/ros2_ws/src/ENPM_808X_FINAL/install/tutorial_interfaces/include/tutorial_interfaces/tutorial_interfaces/msg/detail\n'}
[0.270670] (tutorial_interfaces) StdoutLine: {'line': b'-- Up-to-date: /home/chotu/ros2_ws/src/ENPM_808X_FINAL/install/tutorial_interfaces/include/tutorial_interfaces/tutorial_interfaces/msg/detail/num__rosidl_typesupport_introspection_cpp.hpp\n'}
[0.270729] (tutorial_interfaces) StdoutLine: {'line': b'-- Up-to-date: /home/chotu/ros2_ws/src/ENPM_808X_FINAL/install/tutorial_interfaces/include/tutorial_interfaces/tutorial_interfaces/msg/detail/num__type_support.cpp\n'}
[0.270787] (tutorial_interfaces) StdoutLine: {'line': b'-- Up-to-date: /home/chotu/ros2_ws/src/ENPM_808X_FINAL/install/tutorial_interfaces/lib/libtutorial_interfaces__rosidl_typesupport_introspection_cpp.so\n'}
[0.270845] (tutorial_interfaces) StdoutLine: {'line': b'-- Up-to-date: /home/chotu/ros2_ws/src/ENPM_808X_FINAL/install/tutorial_interfaces/lib/libtutorial_interfaces__rosidl_typesupport_cpp.so\n'}
[0.270912] (tutorial_interfaces) StdoutLine: {'line': b'-- Up-to-date: /home/chotu/ros2_ws/src/ENPM_808X_FINAL/install/tutorial_interfaces/share/tutorial_interfaces/environment/pythonpath.sh\n'}
[0.271151] (tutorial_interfaces) StdoutLine: {'line': b'-- Up-to-date: /home/chotu/ros2_ws/src/ENPM_808X_FINAL/install/tutorial_interfaces/share/tutorial_interfaces/environment/pythonpath.dsv\n'}
[0.271195] (tutorial_interfaces) StdoutLine: {'line': b'-- Up-to-date: /home/chotu/ros2_ws/src/ENPM_808X_FINAL/install/tutorial_interfaces/local/lib/python3.10/dist-packages/tutorial_interfaces-0.0.0-py3.10.egg-info\n'}
[0.271239] (tutorial_interfaces) StdoutLine: {'line': b'-- Installing: /home/chotu/ros2_ws/src/ENPM_808X_FINAL/install/tutorial_interfaces/local/lib/python3.10/dist-packages/tutorial_interfaces-0.0.0-py3.10.egg-info/SOURCES.txt\n'}
[0.271282] (tutorial_interfaces) StdoutLine: {'line': b'-- Installing: /home/chotu/ros2_ws/src/ENPM_808X_FINAL/install/tutorial_interfaces/local/lib/python3.10/dist-packages/tutorial_interfaces-0.0.0-py3.10.egg-info/PKG-INFO\n'}
[0.271328] (tutorial_interfaces) StdoutLine: {'line': b'-- Installing: /home/chotu/ros2_ws/src/ENPM_808X_FINAL/install/tutorial_interfaces/local/lib/python3.10/dist-packages/tutorial_interfaces-0.0.0-py3.10.egg-info/top_level.txt\n'}
[0.271371] (tutorial_interfaces) StdoutLine: {'line': b'-- Installing: /home/chotu/ros2_ws/src/ENPM_808X_FINAL/install/tutorial_interfaces/local/lib/python3.10/dist-packages/tutorial_interfaces-0.0.0-py3.10.egg-info/dependency_links.txt\n'}
[0.271415] (tutorial_interfaces) StdoutLine: {'line': b'-- Up-to-date: /home/chotu/ros2_ws/src/ENPM_808X_FINAL/install/tutorial_interfaces/local/lib/python3.10/dist-packages/tutorial_interfaces\n'}
[0.271457] (tutorial_interfaces) StdoutLine: {'line': b'-- Up-to-date: /home/chotu/ros2_ws/src/ENPM_808X_FINAL/install/tutorial_interfaces/local/lib/python3.10/dist-packages/tutorial_interfaces/msg\n'}
[0.271500] (tutorial_interfaces) StdoutLine: {'line': b'-- Up-to-date: /home/chotu/ros2_ws/src/ENPM_808X_FINAL/install/tutorial_interfaces/local/lib/python3.10/dist-packages/tutorial_interfaces/msg/_num.py\n'}
[0.271544] (tutorial_interfaces) StdoutLine: {'line': b'-- Up-to-date: /home/chotu/ros2_ws/src/ENPM_808X_FINAL/install/tutorial_interfaces/local/lib/python3.10/dist-packages/tutorial_interfaces/msg/__init__.py\n'}
[0.271586] (tutorial_interfaces) StdoutLine: {'line': b'-- Up-to-date: /home/chotu/ros2_ws/src/ENPM_808X_FINAL/install/tutorial_interfaces/local/lib/python3.10/dist-packages/tutorial_interfaces/msg/_num_s.c\n'}
[0.271628] (tutorial_interfaces) StdoutLine: {'line': b'-- Up-to-date: /home/chotu/ros2_ws/src/ENPM_808X_FINAL/install/tutorial_interfaces/local/lib/python3.10/dist-packages/tutorial_interfaces/tutorial_interfaces_s__rosidl_typesupport_c.cpython-310-x86_64-linux-gnu.so\n'}
[0.271671] (tutorial_interfaces) StdoutLine: {'line': b'-- Up-to-date: /home/chotu/ros2_ws/src/ENPM_808X_FINAL/install/tutorial_interfaces/local/lib/python3.10/dist-packages/tutorial_interfaces/_tutorial_interfaces_s.ep.rosidl_typesupport_introspection_c.c\n'}
[0.271714] (tutorial_interfaces) StdoutLine: {'line': b'-- Up-to-date: /home/chotu/ros2_ws/src/ENPM_808X_FINAL/install/tutorial_interfaces/local/lib/python3.10/dist-packages/tutorial_interfaces/_tutorial_interfaces_s.ep.rosidl_typesupport_fastrtps_c.c\n'}
[0.271764] (tutorial_interfaces) StdoutLine: {'line': b'-- Up-to-date: /home/chotu/ros2_ws/src/ENPM_808X_FINAL/install/tutorial_interfaces/local/lib/python3.10/dist-packages/tutorial_interfaces/__init__.py\n'}
[0.271807] (tutorial_interfaces) StdoutLine: {'line': b'-- Up-to-date: /home/chotu/ros2_ws/src/ENPM_808X_FINAL/install/tutorial_interfaces/local/lib/python3.10/dist-packages/tutorial_interfaces/tutorial_interfaces_s__rosidl_typesupport_introspection_c.cpython-310-x86_64-linux-gnu.so\n'}
[0.271850] (tutorial_interfaces) StdoutLine: {'line': b'-- Up-to-date: /home/chotu/ros2_ws/src/ENPM_808X_FINAL/install/tutorial_interfaces/local/lib/python3.10/dist-packages/tutorial_interfaces/libtutorial_interfaces__rosidl_generator_py.so\n'}
[0.271891] (tutorial_interfaces) StdoutLine: {'line': b'-- Up-to-date: /home/chotu/ros2_ws/src/ENPM_808X_FINAL/install/tutorial_interfaces/local/lib/python3.10/dist-packages/tutorial_interfaces/_tutorial_interfaces_s.ep.rosidl_typesupport_c.c\n'}
[0.271940] (tutorial_interfaces) StdoutLine: {'line': b'-- Up-to-date: /home/chotu/ros2_ws/src/ENPM_808X_FINAL/install/tutorial_interfaces/local/lib/python3.10/dist-packages/tutorial_interfaces/tutorial_interfaces_s__rosidl_typesupport_fastrtps_c.cpython-310-x86_64-linux-gnu.so\n'}
[0.289513] (tutorial_interfaces) StdoutLine: {'line': b"Listing '/home/chotu/ros2_ws/src/ENPM_808X_FINAL/install/tutorial_interfaces/local/lib/python3.10/dist-packages/tutorial_interfaces'...\n"}
[0.289645] (tutorial_interfaces) StdoutLine: {'line': b"Listing '/home/chotu/ros2_ws/src/ENPM_808X_FINAL/install/tutorial_interfaces/local/lib/python3.10/dist-packages/tutorial_interfaces/msg'...\n"}
[0.292007] (tutorial_interfaces) StdoutLine: {'line': b'-- Up-to-date: /home/chotu/ros2_ws/src/ENPM_808X_FINAL/install/tutorial_interfaces/local/lib/python3.10/dist-packages/tutorial_interfaces/tutorial_interfaces_s__rosidl_typesupport_fastrtps_c.cpython-310-x86_64-linux-gnu.so\n'}
[0.292188] (tutorial_interfaces) StdoutLine: {'line': b'-- Up-to-date: /home/chotu/ros2_ws/src/ENPM_808X_FINAL/install/tutorial_interfaces/local/lib/python3.10/dist-packages/tutorial_interfaces/tutorial_interfaces_s__rosidl_typesupport_introspection_c.cpython-310-x86_64-linux-gnu.so\n'}
[0.292393] (tutorial_interfaces) StdoutLine: {'line': b'-- Up-to-date: /home/chotu/ros2_ws/src/ENPM_808X_FINAL/install/tutorial_interfaces/local/lib/python3.10/dist-packages/tutorial_interfaces/tutorial_interfaces_s__rosidl_typesupport_c.cpython-310-x86_64-linux-gnu.so\n'}
[0.292549] (tutorial_interfaces) StdoutLine: {'line': b'-- Up-to-date: /home/chotu/ros2_ws/src/ENPM_808X_FINAL/install/tutorial_interfaces/lib/libtutorial_interfaces__rosidl_generator_py.so\n'}
[0.292658] (tutorial_interfaces) StdoutLine: {'line': b'-- Up-to-date: /home/chotu/ros2_ws/src/ENPM_808X_FINAL/install/tutorial_interfaces/share/tutorial_interfaces/msg/Num.idl\n'}
[0.292775] (tutorial_interfaces) StdoutLine: {'line': b'-- Up-to-date: /home/chotu/ros2_ws/src/ENPM_808X_FINAL/install/tutorial_interfaces/share/tutorial_interfaces/msg/Num.msg\n'}
[0.292852] (tutorial_interfaces) StdoutLine: {'line': b'-- Up-to-date: /home/chotu/ros2_ws/src/ENPM_808X_FINAL/install/tutorial_interfaces/share/ament_index/resource_index/package_run_dependencies/tutorial_interfaces\n'}
[0.292925] (tutorial_interfaces) StdoutLine: {'line': b'-- Up-to-date: /home/chotu/ros2_ws/src/ENPM_808X_FINAL/install/tutorial_interfaces/share/ament_index/resource_index/parent_prefix_path/tutorial_interfaces\n'}
[0.293046] (tutorial_interfaces) StdoutLine: {'line': b'-- Up-to-date: /home/chotu/ros2_ws/src/ENPM_808X_FINAL/install/tutorial_interfaces/share/tutorial_interfaces/environment/ament_prefix_path.sh\n'}
[0.293109] (tutorial_interfaces) StdoutLine: {'line': b'-- Up-to-date: /home/chotu/ros2_ws/src/ENPM_808X_FINAL/install/tutorial_interfaces/share/tutorial_interfaces/environment/ament_prefix_path.dsv\n'}
[0.293183] (tutorial_interfaces) StdoutLine: {'line': b'-- Up-to-date: /home/chotu/ros2_ws/src/ENPM_808X_FINAL/install/tutorial_interfaces/share/tutorial_interfaces/environment/path.sh\n'}
[0.293266] (tutorial_interfaces) StdoutLine: {'line': b'-- Up-to-date: /home/chotu/ros2_ws/src/ENPM_808X_FINAL/install/tutorial_interfaces/share/tutorial_interfaces/environment/path.dsv\n'}
[0.293336] (tutorial_interfaces) StdoutLine: {'line': b'-- Up-to-date: /home/chotu/ros2_ws/src/ENPM_808X_FINAL/install/tutorial_interfaces/share/tutorial_interfaces/local_setup.bash\n'}
[0.293404] (tutorial_interfaces) StdoutLine: {'line': b'-- Up-to-date: /home/chotu/ros2_ws/src/ENPM_808X_FINAL/install/tutorial_interfaces/share/tutorial_interfaces/local_setup.sh\n'}
[0.293467] (tutorial_interfaces) StdoutLine: {'line': b'-- Up-to-date: /home/chotu/ros2_ws/src/ENPM_808X_FINAL/install/tutorial_interfaces/share/tutorial_interfaces/local_setup.zsh\n'}
[0.293525] (tutorial_interfaces) StdoutLine: {'line': b'-- Up-to-date: /home/chotu/ros2_ws/src/ENPM_808X_FINAL/install/tutorial_interfaces/share/tutorial_interfaces/local_setup.dsv\n'}
[0.293600] (tutorial_interfaces) StdoutLine: {'line': b'-- Installing: /home/chotu/ros2_ws/src/ENPM_808X_FINAL/install/tutorial_interfaces/share/tutorial_interfaces/package.dsv\n'}
[0.293660] (tutorial_interfaces) StdoutLine: {'line': b'-- Up-to-date: /home/chotu/ros2_ws/src/ENPM_808X_FINAL/install/tutorial_interfaces/share/ament_index/resource_index/packages/tutorial_interfaces\n'}
[0.293769] (tutorial_interfaces) StdoutLine: {'line': b'-- Up-to-date: /home/chotu/ros2_ws/src/ENPM_808X_FINAL/install/tutorial_interfaces/share/tutorial_interfaces/cmake/export_tutorial_interfaces__rosidl_generator_cExport.cmake\n'}
[0.293875] (tutorial_interfaces) StdoutLine: {'line': b'-- Up-to-date: /home/chotu/ros2_ws/src/ENPM_808X_FINAL/install/tutorial_interfaces/share/tutorial_interfaces/cmake/export_tutorial_interfaces__rosidl_generator_cExport-noconfig.cmake\n'}
[0.293939] (tutorial_interfaces) StdoutLine: {'line': b'-- Up-to-date: /home/chotu/ros2_ws/src/ENPM_808X_FINAL/install/tutorial_interfaces/share/tutorial_interfaces/cmake/export_tutorial_interfaces__rosidl_typesupport_fastrtps_cExport.cmake\n'}
[0.293998] (tutorial_interfaces) StdoutLine: {'line': b'-- Up-to-date: /home/chotu/ros2_ws/src/ENPM_808X_FINAL/install/tutorial_interfaces/share/tutorial_interfaces/cmake/export_tutorial_interfaces__rosidl_typesupport_fastrtps_cExport-noconfig.cmake\n'}
[0.294057] (tutorial_interfaces) StdoutLine: {'line': b'-- Up-to-date: /home/chotu/ros2_ws/src/ENPM_808X_FINAL/install/tutorial_interfaces/share/tutorial_interfaces/cmake/export_tutorial_interfaces__rosidl_generator_cppExport.cmake\n'}
[0.294116] (tutorial_interfaces) StdoutLine: {'line': b'-- Up-to-date: /home/chotu/ros2_ws/src/ENPM_808X_FINAL/install/tutorial_interfaces/share/tutorial_interfaces/cmake/export_tutorial_interfaces__rosidl_typesupport_fastrtps_cppExport.cmake\n'}
[0.294179] (tutorial_interfaces) StdoutLine: {'line': b'-- Up-to-date: /home/chotu/ros2_ws/src/ENPM_808X_FINAL/install/tutorial_interfaces/share/tutorial_interfaces/cmake/export_tutorial_interfaces__rosidl_typesupport_fastrtps_cppExport-noconfig.cmake\n'}
[0.294238] (tutorial_interfaces) StdoutLine: {'line': b'-- Up-to-date: /home/chotu/ros2_ws/src/ENPM_808X_FINAL/install/tutorial_interfaces/share/tutorial_interfaces/cmake/tutorial_interfaces__rosidl_typesupport_introspection_cExport.cmake\n'}
[0.294297] (tutorial_interfaces) StdoutLine: {'line': b'-- Up-to-date: /home/chotu/ros2_ws/src/ENPM_808X_FINAL/install/tutorial_interfaces/share/tutorial_interfaces/cmake/tutorial_interfaces__rosidl_typesupport_introspection_cExport-noconfig.cmake\n'}
[0.294354] (tutorial_interfaces) StdoutLine: {'line': b'-- Up-to-date: /home/chotu/ros2_ws/src/ENPM_808X_FINAL/install/tutorial_interfaces/share/tutorial_interfaces/cmake/tutorial_interfaces__rosidl_typesupport_cExport.cmake\n'}
[0.294412] (tutorial_interfaces) StdoutLine: {'line': b'-- Up-to-date: /home/chotu/ros2_ws/src/ENPM_808X_FINAL/install/tutorial_interfaces/share/tutorial_interfaces/cmake/tutorial_interfaces__rosidl_typesupport_cExport-noconfig.cmake\n'}
[0.294516] (tutorial_interfaces) StdoutLine: {'line': b'-- Up-to-date: /home/chotu/ros2_ws/src/ENPM_808X_FINAL/install/tutorial_interfaces/share/tutorial_interfaces/cmake/tutorial_interfaces__rosidl_typesupport_introspection_cppExport.cmake\n'}
[0.294582] (tutorial_interfaces) StdoutLine: {'line': b'-- Up-to-date: /home/chotu/ros2_ws/src/ENPM_808X_FINAL/install/tutorial_interfaces/share/tutorial_interfaces/cmake/tutorial_interfaces__rosidl_typesupport_introspection_cppExport-noconfig.cmake\n'}
[0.294627] (tutorial_interfaces) StdoutLine: {'line': b'-- Up-to-date: /home/chotu/ros2_ws/src/ENPM_808X_FINAL/install/tutorial_interfaces/share/tutorial_interfaces/cmake/tutorial_interfaces__rosidl_typesupport_cppExport.cmake\n'}
[0.294671] (tutorial_interfaces) StdoutLine: {'line': b'-- Up-to-date: /home/chotu/ros2_ws/src/ENPM_808X_FINAL/install/tutorial_interfaces/share/tutorial_interfaces/cmake/tutorial_interfaces__rosidl_typesupport_cppExport-noconfig.cmake\n'}
[0.294720] (tutorial_interfaces) StdoutLine: {'line': b'-- Up-to-date: /home/chotu/ros2_ws/src/ENPM_808X_FINAL/install/tutorial_interfaces/share/tutorial_interfaces/cmake/export_tutorial_interfaces__rosidl_generator_pyExport.cmake\n'}
[0.294761] (tutorial_interfaces) StdoutLine: {'line': b'-- Up-to-date: /home/chotu/ros2_ws/src/ENPM_808X_FINAL/install/tutorial_interfaces/share/tutorial_interfaces/cmake/export_tutorial_interfaces__rosidl_generator_pyExport-noconfig.cmake\n'}
[0.294803] (tutorial_interfaces) StdoutLine: {'line': b'-- Up-to-date: /home/chotu/ros2_ws/src/ENPM_808X_FINAL/install/tutorial_interfaces/share/tutorial_interfaces/cmake/rosidl_cmake-extras.cmake\n'}
[0.294845] (tutorial_interfaces) StdoutLine: {'line': b'-- Up-to-date: /home/chotu/ros2_ws/src/ENPM_808X_FINAL/install/tutorial_interfaces/share/tutorial_interfaces/cmake/ament_cmake_export_dependencies-extras.cmake\n'}
[0.294886] (tutorial_interfaces) StdoutLine: {'line': b'-- Up-to-date: /home/chotu/ros2_ws/src/ENPM_808X_FINAL/install/tutorial_interfaces/share/tutorial_interfaces/cmake/ament_cmake_export_include_directories-extras.cmake\n'}
[0.294927] (tutorial_interfaces) StdoutLine: {'line': b'-- Up-to-date: /home/chotu/ros2_ws/src/ENPM_808X_FINAL/install/tutorial_interfaces/share/tutorial_interfaces/cmake/ament_cmake_export_libraries-extras.cmake\n'}
[0.295005] (tutorial_interfaces) StdoutLine: {'line': b'-- Up-to-date: /home/chotu/ros2_ws/src/ENPM_808X_FINAL/install/tutorial_interfaces/share/tutorial_interfaces/cmake/ament_cmake_export_targets-extras.cmake\n'}
[0.295088] (tutorial_interfaces) StdoutLine: {'line': b'-- Up-to-date: /home/chotu/ros2_ws/src/ENPM_808X_FINAL/install/tutorial_interfaces/share/tutorial_interfaces/cmake/rosidl_cmake_export_typesupport_targets-extras.cmake\n'}
[0.295187] (tutorial_interfaces) StdoutLine: {'line': b'-- Up-to-date: /home/chotu/ros2_ws/src/ENPM_808X_FINAL/install/tutorial_interfaces/share/tutorial_interfaces/cmake/rosidl_cmake_export_typesupport_libraries-extras.cmake\n'}
[0.295263] (tutorial_interfaces) StdoutLine: {'line': b'-- Up-to-date: /home/chotu/ros2_ws/src/ENPM_808X_FINAL/install/tutorial_interfaces/share/tutorial_interfaces/cmake/tutorial_interfacesConfig.cmake\n'}
[0.295307] (tutorial_interfaces) StdoutLine: {'line': b'-- Up-to-date: /home/chotu/ros2_ws/src/ENPM_808X_FINAL/install/tutorial_interfaces/share/tutorial_interfaces/cmake/tutorial_interfacesConfig-version.cmake\n'}
[0.295351] (tutorial_interfaces) StdoutLine: {'line': b'-- Up-to-date: /home/chotu/ros2_ws/src/ENPM_808X_FINAL/install/tutorial_interfaces/share/tutorial_interfaces/package.xml\n'}
[0.295857] (tutorial_interfaces) CommandEnded: {'returncode': 0}
[0.300671] (-) TimerEvent: {}
[0.347689] (tutorial_interfaces) JobEnded: {'identifier': 'tutorial_interfaces', 'rc': 0}
[0.348079] (tb3) JobStarted: {'identifier': 'tb3'}
[0.354035] (tb3) JobProgress: {'identifier': 'tb3', 'progress': 'cmake'}
[0.354613] (tb3) JobProgress: {'identifier': 'tb3', 'progress': 'build'}
[0.355151] (tb3) Command: {'cmd': ['/usr/bin/cmake', '--build', '/home/chotu/ros2_ws/src/ENPM_808X_FINAL/build/tb3', '--', '-j16', '-l16'], 'cwd': '/home/chotu/ros2_ws/src/ENPM_808X_FINAL/build/tb3', 'env': OrderedDict([('HOSTNAME', 'fa2a076f34cb'), ('SHLVL', '1'), ('LD_LIBRARY_PATH', '/home/chotu/ros2_ws/src/ENPM_808X_FINAL/install/tutorial_interfaces/lib:/home/chotu/ros2_ws/src/ENPM_808X_FINAL/install/tb3/lib:/usr/lib/x86_64-linux-gnu/gazebo-11/plugins:/opt/ros/humble/opt/rviz_ogre_vendor/lib:/opt/ros/humble/lib/x86_64-linux-gnu:/opt/ros/humble/lib'), ('HOME', '/home/chotu'), ('OLDPWD', '/home/chotu/ros2_ws/src'), ('ROS_PYTHON_VERSION', '3'), ('COLORTERM', 'truecolor'), ('_colcon_cd_root', '/opt/ros/humble/'), ('COLCON_PREFIX_PATH', '/home/chotu/ros2_ws/src/ENPM_808X_FINAL/install'), ('ROS_DISTRO', 'humble'), ('_', '/usr/bin/colcon'), ('ROS_VERSION', '2'), ('TERM', 'xterm-256color'), ('ROS_LOCALHOST_ONLY', '1'), ('QT_X11_NO_MITSHM', '1'), ('PATH', '/opt/ros/humble/bin:/usr/local/sbin:/usr/local/bin:/usr/sbin:/usr/bin:/sbin:/bin'), ('DISPLAY', ':0'), ('LANG', 'C.UTF-8'), ('XAUTHORITY', '/tmp/.docker6auzguhv.xauth'), ('AMENT_PREFIX_PATH', '/home/chotu/ros2_ws/src/ENPM_808X_FINAL/install/tb3:/home/chotu/ros2_ws/src/ENPM_808X_FINAL/install/tutorial_interfaces:/home/chotu/ros2_ws/src/ENPM_808X_FINAL/install/ros2_aruco:/opt/ros/humble'), ('TERMINATOR_UUID', 'urn:uuid:3cbeac55-f9ad-401f-a59f-3e2fbefe48db'), ('PWD', '/home/chotu/ros2_ws/src/ENPM_808X_FINAL/build/tb3'), ('LC_ALL', 'C.UTF-8'), ('PYTHONPATH', '/home/chotu/ros2_ws/src/ENPM_808X_FINAL/install/tb3/local/lib/python3.10/dist-packages:/home/chotu/ros2_ws/src/ENPM_808X_FINAL/install/tutorial_interfaces/local/lib/python3.10/dist-packages:/home/chotu/ros2_ws/src/ENPM_808X_FINAL/install/ros2_aruco/lib/python3.10/site-packages:/opt/ros/humble/lib/python3.10/site-packages:/opt/ros/humble/local/lib/python3.10/dist-packages'), ('COLCON', '1'), ('VTE_VERSION', '6800'), ('CMAKE_PREFIX_PATH', '/home/chotu/ros2_ws/src/ENPM_808X_FINAL/install/tutorial_interfaces:/home/chotu/ros2_ws/src/ENPM_808X_FINAL/install/tb3:/home/chotu/ros2_ws/src/ENPM_808X_FINAL/install/ros2_aruco:/opt/ros/humble')]), 'shell': False}
[0.375425] (ros2_aruco) Command: {'cmd': ['/usr/bin/python3', 'setup.py', 'egg_info', '--egg-base', '../build/ros2_aruco', 'build', '--build-base', '/home/chotu/ros2_ws/src/ENPM_808X_FINAL/build/ros2_aruco/build', 'install', '--record', '/home/chotu/ros2_ws/src/ENPM_808X_FINAL/build/ros2_aruco/install.log', '--install-scripts', '$base/lib/ros2_aruco', '--single-version-externally-managed'], 'cwd': '/home/chotu/ros2_ws/src/ENPM_808X_FINAL/ros2_aruco', 'env': {'HOSTNAME': 'fa2a076f34cb', 'SHLVL': '1', 'LD_LIBRARY_PATH': '/home/chotu/ros2_ws/src/ENPM_808X_FINAL/install/tb3/lib:/home/chotu/ros2_ws/src/ENPM_808X_FINAL/install/tutorial_interfaces/lib:/usr/lib/x86_64-linux-gnu/gazebo-11/plugins:/opt/ros/humble/opt/rviz_ogre_vendor/lib:/opt/ros/humble/lib/x86_64-linux-gnu:/opt/ros/humble/lib', 'HOME': '/home/chotu', 'OLDPWD': '/home/chotu/ros2_ws/src', 'ROS_PYTHON_VERSION': '3', 'COLORTERM': 'truecolor', '_colcon_cd_root': '/opt/ros/humble/', 'COLCON_PREFIX_PATH': '/home/chotu/ros2_ws/src/ENPM_808X_FINAL/install', 'ROS_DISTRO': 'humble', '_': '/usr/bin/colcon', 'ROS_VERSION': '2', 'TERM': 'xterm-256color', 'ROS_LOCALHOST_ONLY': '1', 'QT_X11_NO_MITSHM': '1', 'PATH': '/opt/ros/humble/bin:/usr/local/sbin:/usr/local/bin:/usr/sbin:/usr/bin:/sbin:/bin', 'DISPLAY': ':0', 'LANG': 'C.UTF-8', 'XAUTHORITY': '/tmp/.docker6auzguhv.xauth', 'AMENT_PREFIX_PATH': '/home/chotu/ros2_ws/src/ENPM_808X_FINAL/install/tb3:/home/chotu/ros2_ws/src/ENPM_808X_FINAL/install/tutorial_interfaces:/home/chotu/ros2_ws/src/ENPM_808X_FINAL/install/ros2_aruco:/opt/ros/humble', 'TERMINATOR_UUID': 'urn:uuid:3cbeac55-f9ad-401f-a59f-3e2fbefe48db', 'PWD': '/home/chotu/ros2_ws/src/ENPM_808X_FINAL/build/ros2_aruco', 'LC_ALL': 'C.UTF-8', 'PYTHONPATH': '/home/chotu/ros2_ws/src/ENPM_808X_FINAL/build/ros2_aruco/prefix_override:/home/chotu/ros2_ws/src/ENPM_808X_FINAL/install/ros2_aruco/lib/python3.10/site-packages:/home/chotu/ros2_ws/src/ENPM_808X_FINAL/install/tb3/local/lib/python3.10/dist-packages:/home/chotu/ros2_ws/src/ENPM_808X_FINAL/install/tutorial_interfaces/local/lib/python3.10/dist-packages:/home/chotu/ros2_ws/src/ENPM_808X_FINAL/install/ros2_aruco/lib/python3.10/site-packages:/opt/ros/humble/lib/python3.10/site-packages:/opt/ros/humble/local/lib/python3.10/dist-packages', 'COLCON': '1', 'VTE_VERSION': '6800', 'CMAKE_PREFIX_PATH': '/home/chotu/ros2_ws/src/ENPM_808X_FINAL/install/tb3:/home/chotu/ros2_ws/src/ENPM_808X_FINAL/install/tutorial_interfaces'}, 'shell': False}
[0.383743] (tb3) StdoutLine: {'line': b'\x1b[35m\x1b[1mConsolidate compiler generated dependencies of target tb3__rosidl_generator_c\x1b[0m\n'}
[0.384000] (tb3) StdoutLine: {'line': b'\x1b[35m\x1b[1mConsolidate compiler generated dependencies of target gtest_main\x1b[0m\n'}
[0.384080] (tb3) StdoutLine: {'line': b'\x1b[35m\x1b[1mConsolidate compiler generated dependencies of target gtest\x1b[0m\n'}
[0.384179] (tb3) StdoutLine: {'line': b'\x1b[35m\x1b[1mConsolidate compiler generated dependencies of target turtlebot_sim\x1b[0m\n'}
[0.390391] (tb3) StdoutLine: {'line': b'[  2%] Built target tb3__cpp\n'}
[0.391007] (tb3) StdoutLine: {'line': b'[ 10%] Built target tb3__rosidl_generator_c\n'}
[0.392602] (tb3) StdoutLine: {'line': b'[ 14%] Built target gtest_main\n'}
[0.392861] (tb3) StdoutLine: {'line': b'[ 18%] Built target gtest\n'}
[0.397607] (tb3) StdoutLine: {'line': b'[ 20%] Built target ament_cmake_python_copy_tb3\n'}
[0.397882] (tb3) StdoutLine: {'line': b'[ 22%] Built target turtlebot_sim\n'}
[0.398025] (tb3) StdoutLine: {'line': b'\x1b[35m\x1b[1mConsolidate compiler generated dependencies of target tb3__rosidl_typesupport_c\x1b[0m\n'}
[0.398208] (tb3) StdoutLine: {'line': b'\x1b[35m\x1b[1mConsolidate compiler generated dependencies of target tb3__rosidl_typesupport_cpp\x1b[0m\n'}
[0.398301] (tb3) StdoutLine: {'line': b'\x1b[35m\x1b[1mConsolidate compiler generated dependencies of target tb3__rosidl_typesupport_fastrtps_cpp\x1b[0m\n'}
[0.398356] (tb3) StdoutLine: {'line': b'\x1b[35m\x1b[1mConsolidate compiler generated dependencies of target tb3__rosidl_typesupport_introspection_cpp\x1b[0m\n'}
[0.398411] (tb3) StdoutLine: {'line': b'\x1b[35m\x1b[1mConsolidate compiler generated dependencies of target tb3__rosidl_typesupport_introspection_c\x1b[0m\n'}
[0.398900] (tb3) StdoutLine: {'line': b'\x1b[35m\x1b[1mConsolidate compiler generated dependencies of target tb3__rosidl_typesupport_fastrtps_c\x1b[0m\n'}
[0.400768] (-) TimerEvent: {}
[0.401834] (tb3) StdoutLine: {'line': b'\x1b[35m\x1b[1mConsolidate compiler generated dependencies of target tb3_test\x1b[0m\n'}
[0.405093] (tb3) StdoutLine: {'line': b'[ 30%] Built target tb3__rosidl_typesupport_c\n'}
[0.405766] (tb3) StdoutLine: {'line': b'[ 38%] Built target tb3__rosidl_typesupport_introspection_c\n'}
[0.406705] (tb3) StdoutLine: {'line': b'[ 48%] Built target tb3__rosidl_typesupport_introspection_cpp\n'}
[0.406864] (tb3) StdoutLine: {'line': b'[ 55%] Built target tb3__rosidl_typesupport_fastrtps_cpp\n'}
[0.407320] (tb3) StdoutLine: {'line': b'[ 63%] Built target tb3__rosidl_typesupport_cpp\n'}
[0.410864] (tb3) StdoutLine: {'line': b'[ 71%] Built target tb3__rosidl_typesupport_fastrtps_c\n'}
[0.413547] (tb3) StdoutLine: {'line': b'\x1b[35m\x1b[1mConsolidate compiler generated dependencies of target tb3G\x1b[0m\n'}
[0.416295] (tb3) StdoutLine: {'line': b'[ 73%] \x1b[32mBuilding CXX object CMakeFiles/tb3_test.dir/test/test.cpp.o\x1b[0m\n'}
[0.422880] (tb3) StdoutLine: {'line': b'[ 73%] Built target tb3\n'}
[0.426769] (tb3) StdoutLine: {'line': b'[ 77%] Built target tb3G\n'}
[0.436380] (tb3) StdoutLine: {'line': b'[ 79%] Built target tb3__py\n'}
[0.444086] (tb3) StdoutLine: {'line': b'\x1b[35m\x1b[1mConsolidate compiler generated dependencies of target tb3__rosidl_generator_py\x1b[0m\n'}
[0.454327] (tb3) StdoutLine: {'line': b'[ 85%] Built target tb3__rosidl_generator_py\n'}
[0.460677] (tb3) StdoutLine: {'line': b'\x1b[35m\x1b[1mConsolidate compiler generated dependencies of target tb3__rosidl_typesupport_c__pyext\x1b[0m\n'}
[0.460856] (tb3) StdoutLine: {'line': b'\x1b[35m\x1b[1mConsolidate compiler generated dependencies of target tb3__rosidl_typesupport_introspection_c__pyext\x1b[0m\n'}
[0.460940] (tb3) StdoutLine: {'line': b'\x1b[35m\x1b[1mConsolidate compiler generated dependencies of target tb3__rosidl_typesupport_fastrtps_c__pyext\x1b[0m\n'}
[0.469596] (tb3) StdoutLine: {'line': b'[ 97%] Built target tb3__rosidl_typesupport_introspection_c__pyext\n'}
[0.469839] (tb3) StdoutLine: {'line': b'[ 97%] Built target tb3__rosidl_typesupport_c__pyext\n'}
[0.469919] (tb3) StdoutLine: {'line': b'[ 97%] Built target tb3__rosidl_typesupport_fastrtps_c__pyext\n'}
[0.500887] (-) TimerEvent: {}
[0.520750] (ros2_aruco) StderrLine: {'line': b"/usr/lib/python3/dist-packages/setuptools/dist.py:723: UserWarning: Usage of dash-separated 'script-dir' will not be supported in future versions. Please use the underscore name 'script_dir' instead\n"}
[0.520922] (ros2_aruco) StderrLine: {'line': b'  warnings.warn(\n'}
[0.525628] (ros2_aruco) StdoutLine: {'line': b'running egg_info\n'}
[0.526165] (ros2_aruco) StdoutLine: {'line': b'writing ../build/ros2_aruco/ros2_aruco.egg-info/PKG-INFO\n'}
[0.526341] (ros2_aruco) StdoutLine: {'line': b'writing dependency_links to ../build/ros2_aruco/ros2_aruco.egg-info/dependency_links.txt\n'}
[0.526471] (ros2_aruco) StdoutLine: {'line': b'writing entry points to ../build/ros2_aruco/ros2_aruco.egg-info/entry_points.txt\n'}
[0.526575] (ros2_aruco) StdoutLine: {'line': b'writing requirements to ../build/ros2_aruco/ros2_aruco.egg-info/requires.txt\n'}
[0.526689] (ros2_aruco) StdoutLine: {'line': b'writing top-level names to ../build/ros2_aruco/ros2_aruco.egg-info/top_level.txt\n'}
[0.527818] (ros2_aruco) StdoutLine: {'line': b"reading manifest file '../build/ros2_aruco/ros2_aruco.egg-info/SOURCES.txt'\n"}
[0.528362] (ros2_aruco) StdoutLine: {'line': b"writing manifest file '../build/ros2_aruco/ros2_aruco.egg-info/SOURCES.txt'\n"}
[0.528485] (ros2_aruco) StdoutLine: {'line': b'running build\n'}
[0.528547] (ros2_aruco) StdoutLine: {'line': b'running build_py\n'}
[0.528752] (ros2_aruco) StdoutLine: {'line': b'running install\n'}
[0.528916] (ros2_aruco) StderrLine: {'line': b'/usr/lib/python3/dist-packages/setuptools/command/install.py:34: SetuptoolsDeprecationWarning: setup.py install is deprecated. Use build and pip and other standards-based tools.\n'}
[0.528997] (ros2_aruco) StderrLine: {'line': b'  warnings.warn(\n'}
[0.529083] (ros2_aruco) StdoutLine: {'line': b'running install_lib\n'}
[0.529821] (ros2_aruco) StdoutLine: {'line': b'running install_data\n'}
[0.530086] (ros2_aruco) StdoutLine: {'line': b'running install_egg_info\n'}
[0.531070] (ros2_aruco) StdoutLine: {'line': b"removing '/home/chotu/ros2_ws/src/ENPM_808X_FINAL/install/ros2_aruco/lib/python3.10/site-packages/ros2_aruco-0.1.0-py3.10.egg-info' (and everything under it)\n"}
[0.531281] (ros2_aruco) StdoutLine: {'line': b'Copying ../build/ros2_aruco/ros2_aruco.egg-info to /home/chotu/ros2_ws/src/ENPM_808X_FINAL/install/ros2_aruco/lib/python3.10/site-packages/ros2_aruco-0.1.0-py3.10.egg-info\n'}
[0.531924] (ros2_aruco) StdoutLine: {'line': b'running install_scripts\n'}
[0.546318] (ros2_aruco) StdoutLine: {'line': b'Installing aruco_generate_marker script to /home/chotu/ros2_ws/src/ENPM_808X_FINAL/install/ros2_aruco/lib/ros2_aruco\n'}
[0.546551] (ros2_aruco) StdoutLine: {'line': b'Installing aruco_node script to /home/chotu/ros2_ws/src/ENPM_808X_FINAL/install/ros2_aruco/lib/ros2_aruco\n'}
[0.546728] (ros2_aruco) StdoutLine: {'line': b"writing list of installed files to '/home/chotu/ros2_ws/src/ENPM_808X_FINAL/build/ros2_aruco/install.log'\n"}
[0.558382] (tb3) StdoutLine: {'line': b'running egg_info\n'}
[0.558926] (tb3) StdoutLine: {'line': b'writing tb3.egg-info/PKG-INFO\n'}
[0.559104] (tb3) StdoutLine: {'line': b'writing dependency_links to tb3.egg-info/dependency_links.txt\n'}
[0.559246] (tb3) StdoutLine: {'line': b'writing top-level names to tb3.egg-info/top_level.txt\n'}
[0.560733] (tb3) StdoutLine: {'line': b"reading manifest file 'tb3.egg-info/SOURCES.txt'\n"}
[0.561108] (tb3) StdoutLine: {'line': b"writing manifest file 'tb3.egg-info/SOURCES.txt'\n"}
[0.567004] (ros2_aruco) CommandEnded: {'returncode': 0}
[0.574418] (ros2_aruco) JobEnded: {'identifier': 'ros2_aruco', 'rc': 0}
[0.586428] (tb3) StdoutLine: {'line': b'[ 97%] Built target ament_cmake_python_build_tb3_egg\n'}
[0.601009] (-) TimerEvent: {}
[0.701361] (-) TimerEvent: {}
[0.801700] (-) TimerEvent: {}
[0.901980] (-) TimerEvent: {}
[1.002263] (-) TimerEvent: {}
[1.102511] (-) TimerEvent: {}
[1.202809] (-) TimerEvent: {}
[1.303144] (-) TimerEvent: {}
[1.403442] (-) TimerEvent: {}
[1.503737] (-) TimerEvent: {}
[1.604064] (-) TimerEvent: {}
[1.704365] (-) TimerEvent: {}
[1.804680] (-) TimerEvent: {}
[1.904961] (-) TimerEvent: {}
[2.005263] (-) TimerEvent: {}
[2.105551] (-) TimerEvent: {}
[2.205841] (-) TimerEvent: {}
[2.306129] (-) TimerEvent: {}
[2.406419] (-) TimerEvent: {}
[2.424653] (tb3) StderrLine: {'line': b'In file included from \x1b[01m\x1b[K/opt/ros/humble/include/rclcpp/rclcpp/logging.hpp:24\x1b[m\x1b[K,\n'}
[2.424847] (tb3) StderrLine: {'line': b'                 from \x1b[01m\x1b[K/opt/ros/humble/include/rclcpp/rclcpp/client.hpp:40\x1b[m\x1b[K,\n'}
[2.424908] (tb3) StderrLine: {'line': b'                 from \x1b[01m\x1b[K/opt/ros/humble/include/rclcpp/rclcpp/callback_group.hpp:23\x1b[m\x1b[K,\n'}
[2.424962] (tb3) StderrLine: {'line': b'                 from \x1b[01m\x1b[K/opt/ros/humble/include/rclcpp/rclcpp/any_executable.hpp:20\x1b[m\x1b[K,\n'}
[2.425024] (tb3) StderrLine: {'line': b'                 from \x1b[01m\x1b[K/opt/ros/humble/include/rclcpp/rclcpp/memory_strategy.hpp:25\x1b[m\x1b[K,\n'}
[2.425076] (tb3) StderrLine: {'line': b'                 from \x1b[01m\x1b[K/opt/ros/humble/include/rclcpp/rclcpp/memory_strategies.hpp:18\x1b[m\x1b[K,\n'}
[2.425125] (tb3) StderrLine: {'line': b'                 from \x1b[01m\x1b[K/opt/ros/humble/include/rclcpp/rclcpp/executor_options.hpp:20\x1b[m\x1b[K,\n'}
[2.425173] (tb3) StderrLine: {'line': b'                 from \x1b[01m\x1b[K/opt/ros/humble/include/rclcpp/rclcpp/executor.hpp:37\x1b[m\x1b[K,\n'}
[2.425218] (tb3) StderrLine: {'line': b'                 from \x1b[01m\x1b[K/opt/ros/humble/include/rclcpp/rclcpp/executors/multi_threaded_executor.hpp:25\x1b[m\x1b[K,\n'}
[2.425267] (tb3) StderrLine: {'line': b'                 from \x1b[01m\x1b[K/opt/ros/humble/include/rclcpp/rclcpp/executors.hpp:21\x1b[m\x1b[K,\n'}
[2.425319] (tb3) StderrLine: {'line': b'                 from \x1b[01m\x1b[K/opt/ros/humble/include/rclcpp/rclcpp/rclcpp.hpp:155\x1b[m\x1b[K,\n'}
[2.425370] (tb3) StderrLine: {'line': b'                 from \x1b[01m\x1b[K/home/chotu/ros2_ws/src/ENPM_808X_FINAL/ENPM_808X_FINAL/test/test.cpp:11\x1b[m\x1b[K:\n'}
[2.425413] (tb3) StderrLine: {'line': b'\x1b[01m\x1b[K/home/chotu/ros2_ws/src/ENPM_808X_FINAL/ENPM_808X_FINAL/test/test.cpp:\x1b[m\x1b[K In lambda function:\n'}
[2.425455] (tb3) StderrLine: {'line': b'\x1b[01m\x1b[K/home/chotu/ros2_ws/src/ENPM_808X_FINAL/ENPM_808X_FINAL/test/test.cpp:126:58:\x1b[m\x1b[K \x1b[01;31m\x1b[Kerror: \x1b[m\x1b[Kbase operand of \xe2\x80\x98\x1b[01m\x1b[K->\x1b[m\x1b[K\xe2\x80\x99 has non-pointer type \xe2\x80\x98\x1b[01m\x1b[Kconst Odometry\x1b[m\x1b[K\xe2\x80\x99 {aka \xe2\x80\x98\x1b[01m\x1b[Kconst nav_msgs::msg::Odometry_<std::allocator<void> >\x1b[m\x1b[K\xe2\x80\x99}\n'}
[2.425503] (tb3) StderrLine: {'line': b'  126 |     RCLCPP_INFO(node_->get_logger(), "I heard: \'%f\'", msg\x1b[01;31m\x1b[K->\x1b[m\x1b[Ktwist.twist.angular.z);\n'}
[2.425546] (tb3) StderrLine: {'line': b'      |                                                          \x1b[01;31m\x1b[K^~\x1b[m\x1b[K\n'}
[2.506523] (-) TimerEvent: {}
[2.606805] (-) TimerEvent: {}
[2.707079] (-) TimerEvent: {}
[2.807369] (-) TimerEvent: {}
[2.907677] (-) TimerEvent: {}
[3.007969] (-) TimerEvent: {}
[3.108252] (-) TimerEvent: {}
[3.208556] (-) TimerEvent: {}
[3.308840] (-) TimerEvent: {}
[3.409128] (-) TimerEvent: {}
[3.509464] (-) TimerEvent: {}
[3.609747] (-) TimerEvent: {}
[3.710041] (-) TimerEvent: {}
[3.810336] (-) TimerEvent: {}
[3.910657] (-) TimerEvent: {}
[4.010946] (-) TimerEvent: {}
[4.111242] (-) TimerEvent: {}
[4.211542] (-) TimerEvent: {}
[4.311825] (-) TimerEvent: {}
[4.412139] (-) TimerEvent: {}
[4.512469] (-) TimerEvent: {}
[4.612760] (-) TimerEvent: {}
[4.713037] (-) TimerEvent: {}
[4.813360] (-) TimerEvent: {}
[4.913675] (-) TimerEvent: {}
[4.914390] (tb3) StderrLine: {'line': b'gmake[2]: *** [CMakeFiles/tb3_test.dir/build.make:76: CMakeFiles/tb3_test.dir/test/test.cpp.o] Error 1\n'}
[4.914600] (tb3) StderrLine: {'line': b'gmake[1]: *** [CMakeFiles/Makefile2:616: CMakeFiles/tb3_test.dir/all] Error 2\n'}
[4.914721] (tb3) StderrLine: {'line': b'gmake: *** [Makefile:146: all] Error 2\n'}
[4.916270] (tb3) CommandEnded: {'returncode': 2}
[4.969907] (tb3) JobEnded: {'identifier': 'tb3', 'rc': 2}
[4.970601] (-) EventReactorShutdown: {}
