[0.284s] DEBUG:colcon:Command line arguments: ['/usr/bin/colcon', 'build']
[0.284s] DEBUG:colcon:Parsed command line arguments: Namespace(log_base=None, log_level=None, verb_name='build', build_base='build', install_base='install', merge_install=False, symlink_install=False, test_result_base=None, continue_on_error=False, executor='parallel', parallel_workers=16, event_handlers=None, ignore_user_meta=False, metas=['./colcon.meta'], base_paths=['.'], packages_ignore=None, packages_ignore_regex=None, paths=None, packages_up_to=None, packages_up_to_regex=None, packages_above=None, packages_above_and_dependencies=None, packages_above_depth=None, packages_select_by_dep=None, packages_skip_by_dep=None, packages_skip_up_to=None, packages_select_build_failed=False, packages_skip_build_finished=False, packages_select_test_failures=False, packages_skip_test_passed=False, packages_select=None, packages_skip=None, packages_select_regex=None, packages_skip_regex=None, packages_start=None, packages_end=None, cmake_args=None, cmake_target=None, cmake_target_skip_unavailable=False, cmake_clean_cache=False, cmake_clean_first=False, cmake_force_configure=False, ament_cmake_args=None, catkin_cmake_args=None, catkin_skip_building_tests=False, mixin_files=None, mixin=None, verb_parser=<colcon_mixin.mixin.mixin_argument.MixinArgumentDecorator object at 0x7f04726790c0>, verb_extension=<colcon_core.verb.build.BuildVerb object at 0x7f0472fd4670>, main=<bound method BuildVerb.main of <colcon_core.verb.build.BuildVerb object at 0x7f0472fd4670>>, mixin_verb=('build',))
[0.308s] Level 1:colcon.colcon_core.package_discovery:discover_packages(colcon_meta) check parameters
[0.308s] Level 1:colcon.colcon_core.package_discovery:discover_packages(recursive) check parameters
[0.308s] Level 1:colcon.colcon_core.package_discovery:discover_packages(ignore) check parameters
[0.308s] Level 1:colcon.colcon_core.package_discovery:discover_packages(path) check parameters
[0.308s] Level 1:colcon.colcon_core.package_discovery:discover_packages(colcon_meta) discover
[0.308s] Level 1:colcon.colcon_core.package_discovery:discover_packages(recursive) discover
[0.308s] INFO:colcon.colcon_core.package_discovery:Crawling recursively for packages in '/home/chotu/ros2_ws/src/ENPM_808X_FINAL'
[0.308s] Level 1:colcon.colcon_core.package_identification:_identify(.) by extensions ['ignore', 'ignore_ament_install']
[0.309s] Level 1:colcon.colcon_core.package_identification:_identify(.) by extension 'ignore'
[0.309s] Level 1:colcon.colcon_core.package_identification:_identify(.) by extension 'ignore_ament_install'
[0.309s] Level 1:colcon.colcon_core.package_identification:_identify(.) by extensions ['colcon_pkg']
[0.309s] Level 1:colcon.colcon_core.package_identification:_identify(.) by extension 'colcon_pkg'
[0.309s] Level 1:colcon.colcon_core.package_identification:_identify(.) by extensions ['colcon_meta']
[0.309s] Level 1:colcon.colcon_core.package_identification:_identify(.) by extension 'colcon_meta'
[0.309s] Level 1:colcon.colcon_core.package_identification:_identify(.) by extensions ['ros']
[0.309s] Level 1:colcon.colcon_core.package_identification:_identify(.) by extension 'ros'
[0.324s] Level 1:colcon.colcon_core.package_identification:_identify(.) by extensions ['cmake', 'python']
[0.324s] Level 1:colcon.colcon_core.package_identification:_identify(.) by extension 'cmake'
[0.324s] Level 1:colcon.colcon_core.package_identification:_identify(.) by extension 'python'
[0.324s] Level 1:colcon.colcon_core.package_identification:_identify(.) by extensions ['python_setup_py']
[0.324s] Level 1:colcon.colcon_core.package_identification:_identify(.) by extension 'python_setup_py'
[0.325s] Level 1:colcon.colcon_core.package_identification:_identify(ENPM_808X_FINAL) by extensions ['ignore', 'ignore_ament_install']
[0.325s] Level 1:colcon.colcon_core.package_identification:_identify(ENPM_808X_FINAL) by extension 'ignore'
[0.325s] Level 1:colcon.colcon_core.package_identification:_identify(ENPM_808X_FINAL) by extension 'ignore_ament_install'
[0.325s] Level 1:colcon.colcon_core.package_identification:_identify(ENPM_808X_FINAL) by extensions ['colcon_pkg']
[0.325s] Level 1:colcon.colcon_core.package_identification:_identify(ENPM_808X_FINAL) by extension 'colcon_pkg'
[0.325s] Level 1:colcon.colcon_core.package_identification:_identify(ENPM_808X_FINAL) by extensions ['colcon_meta']
[0.325s] Level 1:colcon.colcon_core.package_identification:_identify(ENPM_808X_FINAL) by extension 'colcon_meta'
[0.325s] Level 1:colcon.colcon_core.package_identification:_identify(ENPM_808X_FINAL) by extensions ['ros']
[0.325s] Level 1:colcon.colcon_core.package_identification:_identify(ENPM_808X_FINAL) by extension 'ros'
[0.327s] DEBUG:colcon.colcon_core.package_identification:Package 'ENPM_808X_FINAL' with type 'ros.ament_cmake' and name 'tb3'
[0.327s] Level 1:colcon.colcon_core.package_identification:_identify(build) by extensions ['ignore', 'ignore_ament_install']
[0.327s] Level 1:colcon.colcon_core.package_identification:_identify(build) by extension 'ignore'
[0.327s] Level 1:colcon.colcon_core.package_identification:_identify(build) ignored
[0.327s] Level 1:colcon.colcon_core.package_identification:_identify(install) by extensions ['ignore', 'ignore_ament_install']
[0.328s] Level 1:colcon.colcon_core.package_identification:_identify(install) by extension 'ignore'
[0.328s] Level 1:colcon.colcon_core.package_identification:_identify(install) ignored
[0.328s] Level 1:colcon.colcon_core.package_identification:_identify(log) by extensions ['ignore', 'ignore_ament_install']
[0.328s] Level 1:colcon.colcon_core.package_identification:_identify(log) by extension 'ignore'
[0.328s] Level 1:colcon.colcon_core.package_identification:_identify(log) ignored
[0.328s] Level 1:colcon.colcon_core.package_identification:_identify(ros2_aruco) by extensions ['ignore', 'ignore_ament_install']
[0.328s] Level 1:colcon.colcon_core.package_identification:_identify(ros2_aruco) by extension 'ignore'
[0.328s] Level 1:colcon.colcon_core.package_identification:_identify(ros2_aruco) by extension 'ignore_ament_install'
[0.328s] Level 1:colcon.colcon_core.package_identification:_identify(ros2_aruco) by extensions ['colcon_pkg']
[0.328s] Level 1:colcon.colcon_core.package_identification:_identify(ros2_aruco) by extension 'colcon_pkg'
[0.328s] Level 1:colcon.colcon_core.package_identification:_identify(ros2_aruco) by extensions ['colcon_meta']
[0.328s] Level 1:colcon.colcon_core.package_identification:_identify(ros2_aruco) by extension 'colcon_meta'
[0.328s] Level 1:colcon.colcon_core.package_identification:_identify(ros2_aruco) by extensions ['ros']
[0.328s] Level 1:colcon.colcon_core.package_identification:_identify(ros2_aruco) by extension 'ros'
[0.328s] DEBUG:colcon.colcon_core.package_identification:Package 'ros2_aruco' with type 'ros.ament_python' and name 'ros2_aruco'
[0.328s] Level 1:colcon.colcon_core.package_identification:_identify(tutorial_interfaces) by extensions ['ignore', 'ignore_ament_install']
[0.329s] Level 1:colcon.colcon_core.package_identification:_identify(tutorial_interfaces) by extension 'ignore'
[0.329s] Level 1:colcon.colcon_core.package_identification:_identify(tutorial_interfaces) by extension 'ignore_ament_install'
[0.329s] Level 1:colcon.colcon_core.package_identification:_identify(tutorial_interfaces) by extensions ['colcon_pkg']
[0.329s] Level 1:colcon.colcon_core.package_identification:_identify(tutorial_interfaces) by extension 'colcon_pkg'
[0.329s] Level 1:colcon.colcon_core.package_identification:_identify(tutorial_interfaces) by extensions ['colcon_meta']
[0.329s] Level 1:colcon.colcon_core.package_identification:_identify(tutorial_interfaces) by extension 'colcon_meta'
[0.329s] Level 1:colcon.colcon_core.package_identification:_identify(tutorial_interfaces) by extensions ['ros']
[0.329s] Level 1:colcon.colcon_core.package_identification:_identify(tutorial_interfaces) by extension 'ros'
[0.329s] DEBUG:colcon.colcon_core.package_identification:Package 'tutorial_interfaces' with type 'ros.ament_cmake' and name 'tutorial_interfaces'
[0.329s] Level 1:colcon.colcon_core.package_discovery:discover_packages(recursive) using defaults
[0.329s] Level 1:colcon.colcon_core.package_discovery:discover_packages(ignore) discover
[0.329s] Level 1:colcon.colcon_core.package_discovery:discover_packages(ignore) using defaults
[0.329s] Level 1:colcon.colcon_core.package_discovery:discover_packages(path) discover
[0.329s] Level 1:colcon.colcon_core.package_discovery:discover_packages(path) using defaults
[0.350s] Level 5:colcon.colcon_core.verb:set package 'ros2_aruco' build argument 'cmake_args' from command line to 'None'
[0.350s] Level 5:colcon.colcon_core.verb:set package 'ros2_aruco' build argument 'cmake_target' from command line to 'None'
[0.350s] Level 5:colcon.colcon_core.verb:set package 'ros2_aruco' build argument 'cmake_target_skip_unavailable' from command line to 'False'
[0.350s] Level 5:colcon.colcon_core.verb:set package 'ros2_aruco' build argument 'cmake_clean_cache' from command line to 'False'
[0.350s] Level 5:colcon.colcon_core.verb:set package 'ros2_aruco' build argument 'cmake_clean_first' from command line to 'False'
[0.350s] Level 5:colcon.colcon_core.verb:set package 'ros2_aruco' build argument 'cmake_force_configure' from command line to 'False'
[0.350s] Level 5:colcon.colcon_core.verb:set package 'ros2_aruco' build argument 'ament_cmake_args' from command line to 'None'
[0.350s] Level 5:colcon.colcon_core.verb:set package 'ros2_aruco' build argument 'catkin_cmake_args' from command line to 'None'
[0.350s] Level 5:colcon.colcon_core.verb:set package 'ros2_aruco' build argument 'catkin_skip_building_tests' from command line to 'False'
[0.350s] DEBUG:colcon.colcon_core.verb:Building package 'ros2_aruco' with the following arguments: {'ament_cmake_args': None, 'build_base': '/home/chotu/ros2_ws/src/ENPM_808X_FINAL/build/ros2_aruco', 'catkin_cmake_args': None, 'catkin_skip_building_tests': False, 'cmake_args': None, 'cmake_clean_cache': False, 'cmake_clean_first': False, 'cmake_force_configure': False, 'cmake_target': None, 'cmake_target_skip_unavailable': False, 'install_base': '/home/chotu/ros2_ws/src/ENPM_808X_FINAL/install/ros2_aruco', 'merge_install': False, 'path': '/home/chotu/ros2_ws/src/ENPM_808X_FINAL/ros2_aruco', 'symlink_install': False, 'test_result_base': None}
[0.351s] Level 5:colcon.colcon_core.verb:set package 'tutorial_interfaces' build argument 'cmake_args' from command line to 'None'
[0.351s] Level 5:colcon.colcon_core.verb:set package 'tutorial_interfaces' build argument 'cmake_target' from command line to 'None'
[0.351s] Level 5:colcon.colcon_core.verb:set package 'tutorial_interfaces' build argument 'cmake_target_skip_unavailable' from command line to 'False'
[0.351s] Level 5:colcon.colcon_core.verb:set package 'tutorial_interfaces' build argument 'cmake_clean_cache' from command line to 'False'
[0.351s] Level 5:colcon.colcon_core.verb:set package 'tutorial_interfaces' build argument 'cmake_clean_first' from command line to 'False'
[0.351s] Level 5:colcon.colcon_core.verb:set package 'tutorial_interfaces' build argument 'cmake_force_configure' from command line to 'False'
[0.351s] Level 5:colcon.colcon_core.verb:set package 'tutorial_interfaces' build argument 'ament_cmake_args' from command line to 'None'
[0.351s] Level 5:colcon.colcon_core.verb:set package 'tutorial_interfaces' build argument 'catkin_cmake_args' from command line to 'None'
[0.351s] Level 5:colcon.colcon_core.verb:set package 'tutorial_interfaces' build argument 'catkin_skip_building_tests' from command line to 'False'
[0.351s] DEBUG:colcon.colcon_core.verb:Building package 'tutorial_interfaces' with the following arguments: {'ament_cmake_args': None, 'build_base': '/home/chotu/ros2_ws/src/ENPM_808X_FINAL/build/tutorial_interfaces', 'catkin_cmake_args': None, 'catkin_skip_building_tests': False, 'cmake_args': None, 'cmake_clean_cache': False, 'cmake_clean_first': False, 'cmake_force_configure': False, 'cmake_target': None, 'cmake_target_skip_unavailable': False, 'install_base': '/home/chotu/ros2_ws/src/ENPM_808X_FINAL/install/tutorial_interfaces', 'merge_install': False, 'path': '/home/chotu/ros2_ws/src/ENPM_808X_FINAL/tutorial_interfaces', 'symlink_install': False, 'test_result_base': None}
[0.352s] Level 5:colcon.colcon_core.verb:set package 'tb3' build argument 'cmake_args' from command line to 'None'
[0.352s] Level 5:colcon.colcon_core.verb:set package 'tb3' build argument 'cmake_target' from command line to 'None'
[0.352s] Level 5:colcon.colcon_core.verb:set package 'tb3' build argument 'cmake_target_skip_unavailable' from command line to 'False'
[0.352s] Level 5:colcon.colcon_core.verb:set package 'tb3' build argument 'cmake_clean_cache' from command line to 'False'
[0.352s] Level 5:colcon.colcon_core.verb:set package 'tb3' build argument 'cmake_clean_first' from command line to 'False'
[0.352s] Level 5:colcon.colcon_core.verb:set package 'tb3' build argument 'cmake_force_configure' from command line to 'False'
[0.352s] Level 5:colcon.colcon_core.verb:set package 'tb3' build argument 'ament_cmake_args' from command line to 'None'
[0.352s] Level 5:colcon.colcon_core.verb:set package 'tb3' build argument 'catkin_cmake_args' from command line to 'None'
[0.352s] Level 5:colcon.colcon_core.verb:set package 'tb3' build argument 'catkin_skip_building_tests' from command line to 'False'
[0.352s] DEBUG:colcon.colcon_core.verb:Building package 'tb3' with the following arguments: {'ament_cmake_args': None, 'build_base': '/home/chotu/ros2_ws/src/ENPM_808X_FINAL/build/tb3', 'catkin_cmake_args': None, 'catkin_skip_building_tests': False, 'cmake_args': None, 'cmake_clean_cache': False, 'cmake_clean_first': False, 'cmake_force_configure': False, 'cmake_target': None, 'cmake_target_skip_unavailable': False, 'install_base': '/home/chotu/ros2_ws/src/ENPM_808X_FINAL/install/tb3', 'merge_install': False, 'path': '/home/chotu/ros2_ws/src/ENPM_808X_FINAL/ENPM_808X_FINAL', 'symlink_install': False, 'test_result_base': None}
[0.352s] INFO:colcon.colcon_core.executor:Executing jobs using 'parallel' executor
[0.355s] DEBUG:colcon.colcon_parallel_executor.executor.parallel:run_until_complete
[0.355s] INFO:colcon.colcon_ros.task.ament_cmake.build:Building ROS package in '/home/chotu/ros2_ws/src/ENPM_808X_FINAL/tutorial_interfaces' with build type 'ament_cmake'
[0.355s] INFO:colcon.colcon_cmake.task.cmake.build:Building CMake package in '/home/chotu/ros2_ws/src/ENPM_808X_FINAL/tutorial_interfaces'
[0.359s] INFO:colcon.colcon_core.plugin_system:Skipping extension 'colcon_core.shell.bat': Not used on non-Windows systems
[0.360s] INFO:colcon.colcon_core.shell:Skip shell extension 'powershell' for command environment: Not usable outside of PowerShell
[0.360s] DEBUG:colcon.colcon_core.shell:Skip shell extension 'dsv' for command environment
[0.365s] INFO:colcon.colcon_ros.task.ament_python.build:Building ROS package in '/home/chotu/ros2_ws/src/ENPM_808X_FINAL/ros2_aruco' with build type 'ament_python'
[0.365s] Level 1:colcon.colcon_core.shell:create_environment_hook('ros2_aruco', 'ament_prefix_path')
[0.366s] INFO:colcon.colcon_core.shell:Creating environment hook '/home/chotu/ros2_ws/src/ENPM_808X_FINAL/install/ros2_aruco/share/ros2_aruco/hook/ament_prefix_path.ps1'
[0.367s] INFO:colcon.colcon_core.shell:Creating environment descriptor '/home/chotu/ros2_ws/src/ENPM_808X_FINAL/install/ros2_aruco/share/ros2_aruco/hook/ament_prefix_path.dsv'
[0.367s] INFO:colcon.colcon_core.shell:Creating environment hook '/home/chotu/ros2_ws/src/ENPM_808X_FINAL/install/ros2_aruco/share/ros2_aruco/hook/ament_prefix_path.sh'
[0.369s] INFO:colcon.colcon_core.shell:Skip shell extension 'powershell' for command environment: Not usable outside of PowerShell
[0.369s] DEBUG:colcon.colcon_core.shell:Skip shell extension 'dsv' for command environment
[0.374s] DEBUG:colcon.colcon_core.event_handler.log_command:Invoking command in '/home/chotu/ros2_ws/src/ENPM_808X_FINAL/build/tutorial_interfaces': CMAKE_PREFIX_PATH=${CMAKE_PREFIX_PATH}:/home/chotu/ros2_ws/src/ENPM_808X_FINAL/install/ros2_aruco:/opt/ros/humble /usr/bin/cmake --build /home/chotu/ros2_ws/src/ENPM_808X_FINAL/build/tutorial_interfaces -- -j16 -l16
[0.542s] INFO:colcon.colcon_core.task.python.build:Building Python package in '/home/chotu/ros2_ws/src/ENPM_808X_FINAL/ros2_aruco'
[0.543s] INFO:colcon.colcon_core.shell:Skip shell extension 'powershell' for command environment: Not usable outside of PowerShell
[0.543s] DEBUG:colcon.colcon_core.shell:Skip shell extension 'dsv' for command environment
[0.625s] DEBUG:colcon.colcon_core.event_handler.log_command:Invoked command in '/home/chotu/ros2_ws/src/ENPM_808X_FINAL/build/tutorial_interfaces' returned '0': CMAKE_PREFIX_PATH=${CMAKE_PREFIX_PATH}:/home/chotu/ros2_ws/src/ENPM_808X_FINAL/install/ros2_aruco:/opt/ros/humble /usr/bin/cmake --build /home/chotu/ros2_ws/src/ENPM_808X_FINAL/build/tutorial_interfaces -- -j16 -l16
[0.660s] DEBUG:colcon.colcon_core.event_handler.log_command:Invoking command in '/home/chotu/ros2_ws/src/ENPM_808X_FINAL/build/tutorial_interfaces': CMAKE_PREFIX_PATH=${CMAKE_PREFIX_PATH}:/home/chotu/ros2_ws/src/ENPM_808X_FINAL/install/ros2_aruco:/opt/ros/humble /usr/bin/cmake --install /home/chotu/ros2_ws/src/ENPM_808X_FINAL/build/tutorial_interfaces
[0.701s] Level 1:colcon.colcon_core.environment:create_environment_scripts_only(tutorial_interfaces)
[0.702s] DEBUG:colcon.colcon_core.event_handler.log_command:Invoked command in '/home/chotu/ros2_ws/src/ENPM_808X_FINAL/build/tutorial_interfaces' returned '0': CMAKE_PREFIX_PATH=${CMAKE_PREFIX_PATH}:/home/chotu/ros2_ws/src/ENPM_808X_FINAL/install/ros2_aruco:/opt/ros/humble /usr/bin/cmake --install /home/chotu/ros2_ws/src/ENPM_808X_FINAL/build/tutorial_interfaces
[0.709s] Level 1:colcon.colcon_core.environment:checking '/home/chotu/ros2_ws/src/ENPM_808X_FINAL/install/tutorial_interfaces' for CMake module files
[0.709s] Level 1:colcon.colcon_core.environment:checking '/home/chotu/ros2_ws/src/ENPM_808X_FINAL/install/tutorial_interfaces' for CMake config files
[0.709s] Level 1:colcon.colcon_core.shell:create_environment_hook('tutorial_interfaces', 'cmake_prefix_path')
[0.710s] INFO:colcon.colcon_core.shell:Creating environment hook '/home/chotu/ros2_ws/src/ENPM_808X_FINAL/install/tutorial_interfaces/share/tutorial_interfaces/hook/cmake_prefix_path.ps1'
[0.711s] INFO:colcon.colcon_core.shell:Creating environment descriptor '/home/chotu/ros2_ws/src/ENPM_808X_FINAL/install/tutorial_interfaces/share/tutorial_interfaces/hook/cmake_prefix_path.dsv'
[0.711s] INFO:colcon.colcon_core.shell:Creating environment hook '/home/chotu/ros2_ws/src/ENPM_808X_FINAL/install/tutorial_interfaces/share/tutorial_interfaces/hook/cmake_prefix_path.sh'
[0.712s] Level 1:colcon.colcon_core.environment:checking '/home/chotu/ros2_ws/src/ENPM_808X_FINAL/install/tutorial_interfaces/lib'
[0.712s] Level 1:colcon.colcon_core.shell:create_environment_hook('tutorial_interfaces', 'ld_library_path_lib')
[0.713s] INFO:colcon.colcon_core.shell:Creating environment hook '/home/chotu/ros2_ws/src/ENPM_808X_FINAL/install/tutorial_interfaces/share/tutorial_interfaces/hook/ld_library_path_lib.ps1'
[0.713s] INFO:colcon.colcon_core.shell:Creating environment descriptor '/home/chotu/ros2_ws/src/ENPM_808X_FINAL/install/tutorial_interfaces/share/tutorial_interfaces/hook/ld_library_path_lib.dsv'
[0.713s] INFO:colcon.colcon_core.shell:Creating environment hook '/home/chotu/ros2_ws/src/ENPM_808X_FINAL/install/tutorial_interfaces/share/tutorial_interfaces/hook/ld_library_path_lib.sh'
[0.713s] Level 1:colcon.colcon_core.environment:checking '/home/chotu/ros2_ws/src/ENPM_808X_FINAL/install/tutorial_interfaces/bin'
[0.713s] Level 1:colcon.colcon_core.environment:checking '/home/chotu/ros2_ws/src/ENPM_808X_FINAL/install/tutorial_interfaces/lib/pkgconfig/tutorial_interfaces.pc'
[0.714s] Level 1:colcon.colcon_core.environment:checking '/home/chotu/ros2_ws/src/ENPM_808X_FINAL/install/tutorial_interfaces/lib/python3.10/site-packages'
[0.714s] Level 1:colcon.colcon_core.environment:checking '/home/chotu/ros2_ws/src/ENPM_808X_FINAL/install/tutorial_interfaces/bin'
[0.715s] INFO:colcon.colcon_core.shell:Creating package script '/home/chotu/ros2_ws/src/ENPM_808X_FINAL/install/tutorial_interfaces/share/tutorial_interfaces/package.ps1'
[0.716s] INFO:colcon.colcon_core.shell:Creating package descriptor '/home/chotu/ros2_ws/src/ENPM_808X_FINAL/install/tutorial_interfaces/share/tutorial_interfaces/package.dsv'
[0.716s] INFO:colcon.colcon_core.shell:Creating package script '/home/chotu/ros2_ws/src/ENPM_808X_FINAL/install/tutorial_interfaces/share/tutorial_interfaces/package.sh'
[0.717s] INFO:colcon.colcon_core.shell:Creating package script '/home/chotu/ros2_ws/src/ENPM_808X_FINAL/install/tutorial_interfaces/share/tutorial_interfaces/package.bash'
[0.718s] INFO:colcon.colcon_core.shell:Creating package script '/home/chotu/ros2_ws/src/ENPM_808X_FINAL/install/tutorial_interfaces/share/tutorial_interfaces/package.zsh'
[0.718s] Level 1:colcon.colcon_core.environment:create_file_with_runtime_dependencies(/home/chotu/ros2_ws/src/ENPM_808X_FINAL/install/tutorial_interfaces/share/colcon-core/packages/tutorial_interfaces)
[0.750s] Level 1:colcon.colcon_core.environment:create_environment_scripts_only(tutorial_interfaces)
[0.752s] Level 1:colcon.colcon_core.environment:checking '/home/chotu/ros2_ws/src/ENPM_808X_FINAL/install/tutorial_interfaces' for CMake module files
[0.752s] Level 1:colcon.colcon_core.environment:checking '/home/chotu/ros2_ws/src/ENPM_808X_FINAL/install/tutorial_interfaces' for CMake config files
[0.752s] Level 1:colcon.colcon_core.shell:create_environment_hook('tutorial_interfaces', 'cmake_prefix_path')
[0.753s] INFO:colcon.colcon_core.shell:Creating environment hook '/home/chotu/ros2_ws/src/ENPM_808X_FINAL/install/tutorial_interfaces/share/tutorial_interfaces/hook/cmake_prefix_path.ps1'
[0.753s] INFO:colcon.colcon_core.shell:Creating environment descriptor '/home/chotu/ros2_ws/src/ENPM_808X_FINAL/install/tutorial_interfaces/share/tutorial_interfaces/hook/cmake_prefix_path.dsv'
[0.754s] INFO:colcon.colcon_core.shell:Creating environment hook '/home/chotu/ros2_ws/src/ENPM_808X_FINAL/install/tutorial_interfaces/share/tutorial_interfaces/hook/cmake_prefix_path.sh'
[0.754s] Level 1:colcon.colcon_core.environment:checking '/home/chotu/ros2_ws/src/ENPM_808X_FINAL/install/tutorial_interfaces/lib'
[0.754s] Level 1:colcon.colcon_core.shell:create_environment_hook('tutorial_interfaces', 'ld_library_path_lib')
[0.755s] INFO:colcon.colcon_core.shell:Creating environment hook '/home/chotu/ros2_ws/src/ENPM_808X_FINAL/install/tutorial_interfaces/share/tutorial_interfaces/hook/ld_library_path_lib.ps1'
[0.755s] INFO:colcon.colcon_core.shell:Creating environment descriptor '/home/chotu/ros2_ws/src/ENPM_808X_FINAL/install/tutorial_interfaces/share/tutorial_interfaces/hook/ld_library_path_lib.dsv'
[0.755s] INFO:colcon.colcon_core.shell:Creating environment hook '/home/chotu/ros2_ws/src/ENPM_808X_FINAL/install/tutorial_interfaces/share/tutorial_interfaces/hook/ld_library_path_lib.sh'
[0.756s] Level 1:colcon.colcon_core.environment:checking '/home/chotu/ros2_ws/src/ENPM_808X_FINAL/install/tutorial_interfaces/bin'
[0.756s] Level 1:colcon.colcon_core.environment:checking '/home/chotu/ros2_ws/src/ENPM_808X_FINAL/install/tutorial_interfaces/lib/pkgconfig/tutorial_interfaces.pc'
[0.756s] Level 1:colcon.colcon_core.environment:checking '/home/chotu/ros2_ws/src/ENPM_808X_FINAL/install/tutorial_interfaces/lib/python3.10/site-packages'
[0.756s] Level 1:colcon.colcon_core.environment:checking '/home/chotu/ros2_ws/src/ENPM_808X_FINAL/install/tutorial_interfaces/bin'
[0.757s] INFO:colcon.colcon_core.shell:Creating package script '/home/chotu/ros2_ws/src/ENPM_808X_FINAL/install/tutorial_interfaces/share/tutorial_interfaces/package.ps1'
[0.757s] INFO:colcon.colcon_core.shell:Creating package descriptor '/home/chotu/ros2_ws/src/ENPM_808X_FINAL/install/tutorial_interfaces/share/tutorial_interfaces/package.dsv'
[0.757s] INFO:colcon.colcon_core.shell:Creating package script '/home/chotu/ros2_ws/src/ENPM_808X_FINAL/install/tutorial_interfaces/share/tutorial_interfaces/package.sh'
[0.758s] INFO:colcon.colcon_core.shell:Creating package script '/home/chotu/ros2_ws/src/ENPM_808X_FINAL/install/tutorial_interfaces/share/tutorial_interfaces/package.bash'
[0.758s] INFO:colcon.colcon_core.shell:Creating package script '/home/chotu/ros2_ws/src/ENPM_808X_FINAL/install/tutorial_interfaces/share/tutorial_interfaces/package.zsh'
[0.758s] Level 1:colcon.colcon_core.environment:create_file_with_runtime_dependencies(/home/chotu/ros2_ws/src/ENPM_808X_FINAL/install/tutorial_interfaces/share/colcon-core/packages/tutorial_interfaces)
[0.758s] INFO:colcon.colcon_ros.task.ament_cmake.build:Building ROS package in '/home/chotu/ros2_ws/src/ENPM_808X_FINAL/ENPM_808X_FINAL' with build type 'ament_cmake'
[0.758s] INFO:colcon.colcon_cmake.task.cmake.build:Building CMake package in '/home/chotu/ros2_ws/src/ENPM_808X_FINAL/ENPM_808X_FINAL'
[0.759s] INFO:colcon.colcon_core.shell:Skip shell extension 'powershell' for command environment: Not usable outside of PowerShell
[0.759s] DEBUG:colcon.colcon_core.shell:Skip shell extension 'dsv' for command environment
[0.767s] DEBUG:colcon.colcon_core.event_handler.log_command:Invoking command in '/home/chotu/ros2_ws/src/ENPM_808X_FINAL/ros2_aruco': PYTHONPATH=/home/chotu/ros2_ws/src/ENPM_808X_FINAL/build/ros2_aruco/prefix_override:/home/chotu/ros2_ws/src/ENPM_808X_FINAL/install/ros2_aruco/lib/python3.10/site-packages:${PYTHONPATH} /usr/bin/python3 setup.py egg_info --egg-base ../build/ros2_aruco build --build-base /home/chotu/ros2_ws/src/ENPM_808X_FINAL/build/ros2_aruco/build install --record /home/chotu/ros2_ws/src/ENPM_808X_FINAL/build/ros2_aruco/install.log --install-scripts $base/lib/ros2_aruco --single-version-externally-managed
[0.769s] DEBUG:colcon.colcon_core.event_handler.log_command:Invoking command in '/home/chotu/ros2_ws/src/ENPM_808X_FINAL/build/tb3': CMAKE_PREFIX_PATH=/home/chotu/ros2_ws/src/ENPM_808X_FINAL/install/tutorial_interfaces:/home/chotu/ros2_ws/src/ENPM_808X_FINAL/install/tb3:/home/chotu/ros2_ws/src/ENPM_808X_FINAL/install/ros2_aruco:/opt/ros/humble LD_LIBRARY_PATH=/home/chotu/ros2_ws/src/ENPM_808X_FINAL/install/tutorial_interfaces/lib:/home/chotu/ros2_ws/src/ENPM_808X_FINAL/install/tb3/lib:/usr/lib/x86_64-linux-gnu/gazebo-11/plugins:/opt/ros/humble/opt/rviz_ogre_vendor/lib:/opt/ros/humble/lib/x86_64-linux-gnu:/opt/ros/humble/lib /usr/bin/cmake --build /home/chotu/ros2_ws/src/ENPM_808X_FINAL/build/tb3 -- -j16 -l16
[0.965s] Level 1:colcon.colcon_core.environment:checking '/home/chotu/ros2_ws/src/ENPM_808X_FINAL/install/ros2_aruco' for CMake module files
[0.965s] DEBUG:colcon.colcon_core.event_handler.log_command:Invoked command in '/home/chotu/ros2_ws/src/ENPM_808X_FINAL/ros2_aruco' returned '0': PYTHONPATH=/home/chotu/ros2_ws/src/ENPM_808X_FINAL/build/ros2_aruco/prefix_override:/home/chotu/ros2_ws/src/ENPM_808X_FINAL/install/ros2_aruco/lib/python3.10/site-packages:${PYTHONPATH} /usr/bin/python3 setup.py egg_info --egg-base ../build/ros2_aruco build --build-base /home/chotu/ros2_ws/src/ENPM_808X_FINAL/build/ros2_aruco/build install --record /home/chotu/ros2_ws/src/ENPM_808X_FINAL/build/ros2_aruco/install.log --install-scripts $base/lib/ros2_aruco --single-version-externally-managed
[0.966s] Level 1:colcon.colcon_core.environment:checking '/home/chotu/ros2_ws/src/ENPM_808X_FINAL/install/ros2_aruco' for CMake config files
[0.966s] Level 1:colcon.colcon_core.environment:checking '/home/chotu/ros2_ws/src/ENPM_808X_FINAL/install/ros2_aruco/lib'
[0.966s] Level 1:colcon.colcon_core.environment:checking '/home/chotu/ros2_ws/src/ENPM_808X_FINAL/install/ros2_aruco/bin'
[0.966s] Level 1:colcon.colcon_core.environment:checking '/home/chotu/ros2_ws/src/ENPM_808X_FINAL/install/ros2_aruco/lib/pkgconfig/ros2_aruco.pc'
[0.966s] Level 1:colcon.colcon_core.environment:checking '/home/chotu/ros2_ws/src/ENPM_808X_FINAL/install/ros2_aruco/lib/python3.10/site-packages'
[0.966s] Level 1:colcon.colcon_core.shell:create_environment_hook('ros2_aruco', 'pythonpath')
[0.967s] INFO:colcon.colcon_core.shell:Creating environment hook '/home/chotu/ros2_ws/src/ENPM_808X_FINAL/install/ros2_aruco/share/ros2_aruco/hook/pythonpath.ps1'
[0.967s] INFO:colcon.colcon_core.shell:Creating environment descriptor '/home/chotu/ros2_ws/src/ENPM_808X_FINAL/install/ros2_aruco/share/ros2_aruco/hook/pythonpath.dsv'
[0.968s] INFO:colcon.colcon_core.shell:Creating environment hook '/home/chotu/ros2_ws/src/ENPM_808X_FINAL/install/ros2_aruco/share/ros2_aruco/hook/pythonpath.sh'
[0.968s] Level 1:colcon.colcon_core.environment:checking '/home/chotu/ros2_ws/src/ENPM_808X_FINAL/install/ros2_aruco/bin'
[0.968s] Level 1:colcon.colcon_core.environment:create_environment_scripts_only(ros2_aruco)
[0.969s] INFO:colcon.colcon_core.shell:Creating package script '/home/chotu/ros2_ws/src/ENPM_808X_FINAL/install/ros2_aruco/share/ros2_aruco/package.ps1'
[0.969s] INFO:colcon.colcon_core.shell:Creating package descriptor '/home/chotu/ros2_ws/src/ENPM_808X_FINAL/install/ros2_aruco/share/ros2_aruco/package.dsv'
[0.970s] INFO:colcon.colcon_core.shell:Creating package script '/home/chotu/ros2_ws/src/ENPM_808X_FINAL/install/ros2_aruco/share/ros2_aruco/package.sh'
[0.970s] INFO:colcon.colcon_core.shell:Creating package script '/home/chotu/ros2_ws/src/ENPM_808X_FINAL/install/ros2_aruco/share/ros2_aruco/package.bash'
[0.970s] INFO:colcon.colcon_core.shell:Creating package script '/home/chotu/ros2_ws/src/ENPM_808X_FINAL/install/ros2_aruco/share/ros2_aruco/package.zsh'
[0.970s] Level 1:colcon.colcon_core.environment:create_file_with_runtime_dependencies(/home/chotu/ros2_ws/src/ENPM_808X_FINAL/install/ros2_aruco/share/colcon-core/packages/ros2_aruco)
[3.192s] DEBUG:colcon.colcon_core.event_handler.log_command:Invoked command in '/home/chotu/ros2_ws/src/ENPM_808X_FINAL/build/tb3' returned '2': CMAKE_PREFIX_PATH=/home/chotu/ros2_ws/src/ENPM_808X_FINAL/install/tutorial_interfaces:/home/chotu/ros2_ws/src/ENPM_808X_FINAL/install/tb3:/home/chotu/ros2_ws/src/ENPM_808X_FINAL/install/ros2_aruco:/opt/ros/humble LD_LIBRARY_PATH=/home/chotu/ros2_ws/src/ENPM_808X_FINAL/install/tutorial_interfaces/lib:/home/chotu/ros2_ws/src/ENPM_808X_FINAL/install/tb3/lib:/usr/lib/x86_64-linux-gnu/gazebo-11/plugins:/opt/ros/humble/opt/rviz_ogre_vendor/lib:/opt/ros/humble/lib/x86_64-linux-gnu:/opt/ros/humble/lib /usr/bin/cmake --build /home/chotu/ros2_ws/src/ENPM_808X_FINAL/build/tb3 -- -j16 -l16
[3.245s] Level 1:colcon.colcon_core.environment:create_environment_scripts_only(tb3)
[3.246s] Level 1:colcon.colcon_core.environment:checking '/home/chotu/ros2_ws/src/ENPM_808X_FINAL/install/tb3' for CMake module files
[3.247s] Level 1:colcon.colcon_core.environment:checking '/home/chotu/ros2_ws/src/ENPM_808X_FINAL/install/tb3' for CMake config files
[3.247s] Level 1:colcon.colcon_core.shell:create_environment_hook('tb3', 'cmake_prefix_path')
[3.248s] INFO:colcon.colcon_core.shell:Creating environment hook '/home/chotu/ros2_ws/src/ENPM_808X_FINAL/install/tb3/share/tb3/hook/cmake_prefix_path.ps1'
[3.248s] INFO:colcon.colcon_core.shell:Creating environment descriptor '/home/chotu/ros2_ws/src/ENPM_808X_FINAL/install/tb3/share/tb3/hook/cmake_prefix_path.dsv'
[3.248s] INFO:colcon.colcon_core.shell:Creating environment hook '/home/chotu/ros2_ws/src/ENPM_808X_FINAL/install/tb3/share/tb3/hook/cmake_prefix_path.sh'
[3.249s] Level 1:colcon.colcon_core.environment:checking '/home/chotu/ros2_ws/src/ENPM_808X_FINAL/install/tb3/lib'
[3.249s] Level 1:colcon.colcon_core.shell:create_environment_hook('tb3', 'ld_library_path_lib')
[3.250s] INFO:colcon.colcon_core.shell:Creating environment hook '/home/chotu/ros2_ws/src/ENPM_808X_FINAL/install/tb3/share/tb3/hook/ld_library_path_lib.ps1'
[3.250s] INFO:colcon.colcon_core.shell:Creating environment descriptor '/home/chotu/ros2_ws/src/ENPM_808X_FINAL/install/tb3/share/tb3/hook/ld_library_path_lib.dsv'
[3.250s] INFO:colcon.colcon_core.shell:Creating environment hook '/home/chotu/ros2_ws/src/ENPM_808X_FINAL/install/tb3/share/tb3/hook/ld_library_path_lib.sh'
[3.251s] Level 1:colcon.colcon_core.environment:checking '/home/chotu/ros2_ws/src/ENPM_808X_FINAL/install/tb3/bin'
[3.251s] Level 1:colcon.colcon_core.environment:checking '/home/chotu/ros2_ws/src/ENPM_808X_FINAL/install/tb3/lib/pkgconfig/tb3.pc'
[3.251s] Level 1:colcon.colcon_core.environment:checking '/home/chotu/ros2_ws/src/ENPM_808X_FINAL/install/tb3/lib/python3.10/site-packages'
[3.251s] Level 1:colcon.colcon_core.environment:checking '/home/chotu/ros2_ws/src/ENPM_808X_FINAL/install/tb3/bin'
[3.252s] INFO:colcon.colcon_core.shell:Creating package script '/home/chotu/ros2_ws/src/ENPM_808X_FINAL/install/tb3/share/tb3/package.ps1'
[3.252s] INFO:colcon.colcon_core.shell:Creating package descriptor '/home/chotu/ros2_ws/src/ENPM_808X_FINAL/install/tb3/share/tb3/package.dsv'
[3.252s] INFO:colcon.colcon_core.shell:Creating package script '/home/chotu/ros2_ws/src/ENPM_808X_FINAL/install/tb3/share/tb3/package.sh'
[3.253s] INFO:colcon.colcon_core.shell:Creating package script '/home/chotu/ros2_ws/src/ENPM_808X_FINAL/install/tb3/share/tb3/package.bash'
[3.253s] INFO:colcon.colcon_core.shell:Creating package script '/home/chotu/ros2_ws/src/ENPM_808X_FINAL/install/tb3/share/tb3/package.zsh'
[3.253s] Level 1:colcon.colcon_core.environment:create_file_with_runtime_dependencies(/home/chotu/ros2_ws/src/ENPM_808X_FINAL/install/tb3/share/colcon-core/packages/tb3)
[3.263s] DEBUG:colcon.colcon_parallel_executor.executor.parallel:closing loop
[3.264s] DEBUG:colcon.colcon_parallel_executor.executor.parallel:loop closed
[3.264s] DEBUG:colcon.colcon_parallel_executor.executor.parallel:run_until_complete finished with '2'
[3.264s] DEBUG:colcon.colcon_core.event_reactor:joining thread
[3.272s] INFO:colcon.colcon_core.plugin_system:Skipping extension 'colcon_notification.desktop_notification.notify_send': Could not find 'notify-send'
[3.272s] INFO:colcon.colcon_core.plugin_system:Skipping extension 'colcon_notification.desktop_notification.terminal_notifier': Not used on non-Darwin systems
[3.272s] INFO:colcon.colcon_core.plugin_system:Skipping extension 'colcon_notification.desktop_notification.win32': Not used on non-Windows systems
[3.272s] INFO:colcon.colcon_notification.desktop_notification:Sending desktop notification using 'notify2'
[3.274s] DEBUG:colcon.colcon_notification.desktop_notification.notify2:Failed to initialize notify2: org.freedesktop.DBus.Error.Spawn.ExecFailed: /usr/bin/dbus-launch terminated abnormally without any error message
[3.275s] DEBUG:colcon.colcon_core.event_reactor:joined thread
[3.277s] INFO:colcon.colcon_core.shell:Creating prefix script '/home/chotu/ros2_ws/src/ENPM_808X_FINAL/install/local_setup.ps1'
[3.278s] INFO:colcon.colcon_core.shell:Creating prefix util module '/home/chotu/ros2_ws/src/ENPM_808X_FINAL/install/_local_setup_util_ps1.py'
[3.280s] INFO:colcon.colcon_core.shell:Creating prefix chain script '/home/chotu/ros2_ws/src/ENPM_808X_FINAL/install/setup.ps1'
[3.281s] INFO:colcon.colcon_core.shell:Creating prefix script '/home/chotu/ros2_ws/src/ENPM_808X_FINAL/install/local_setup.sh'
[3.282s] INFO:colcon.colcon_core.shell:Creating prefix util module '/home/chotu/ros2_ws/src/ENPM_808X_FINAL/install/_local_setup_util_sh.py'
[3.282s] INFO:colcon.colcon_core.shell:Creating prefix chain script '/home/chotu/ros2_ws/src/ENPM_808X_FINAL/install/setup.sh'
[3.284s] INFO:colcon.colcon_core.shell:Creating prefix script '/home/chotu/ros2_ws/src/ENPM_808X_FINAL/install/local_setup.bash'
[3.284s] INFO:colcon.colcon_core.shell:Creating prefix chain script '/home/chotu/ros2_ws/src/ENPM_808X_FINAL/install/setup.bash'
[3.286s] INFO:colcon.colcon_core.shell:Creating prefix script '/home/chotu/ros2_ws/src/ENPM_808X_FINAL/install/local_setup.zsh'
[3.286s] INFO:colcon.colcon_core.shell:Creating prefix chain script '/home/chotu/ros2_ws/src/ENPM_808X_FINAL/install/setup.zsh'
