[35m[1mConsolidate compiler generated dependencies of target tb3__rosidl_generator_c[0m
[35m[1mConsolidate compiler generated dependencies of target gtest_main[0m
[35m[1mConsolidate compiler generated dependencies of target gtest[0m
[35m[1mConsolidate compiler generated dependencies of target turtlebot_sim[0m
[  2%] Built target tb3__cpp
[ 10%] Built target tb3__rosidl_generator_c
[ 14%] Built target gtest_main
[ 18%] Built target gtest
[ 20%] Built target ament_cmake_python_copy_tb3
[ 22%] Built target turtlebot_sim
[35m[1mConsolidate compiler generated dependencies of target tb3__rosidl_typesupport_c[0m
[35m[1mConsolidate compiler generated dependencies of target tb3__rosidl_typesupport_cpp[0m
[35m[1mConsolidate compiler generated dependencies of target tb3__rosidl_typesupport_fastrtps_cpp[0m
[35m[1mConsolidate compiler generated dependencies of target tb3__rosidl_typesupport_introspection_cpp[0m
[35m[1mConsolidate compiler generated dependencies of target tb3__rosidl_typesupport_introspection_c[0m
[35m[1mConsolidate compiler generated dependencies of target tb3__rosidl_typesupport_fastrtps_c[0m
[35m[1mConsolidate compiler generated dependencies of target tb3_test[0m
[ 30%] Built target tb3__rosidl_typesupport_c
[ 38%] Built target tb3__rosidl_typesupport_introspection_c
[ 48%] Built target tb3__rosidl_typesupport_introspection_cpp
[ 55%] Built target tb3__rosidl_typesupport_fastrtps_cpp
[ 63%] Built target tb3__rosidl_typesupport_cpp
[ 71%] Built target tb3__rosidl_typesupport_fastrtps_c
[35m[1mConsolidate compiler generated dependencies of target tb3G[0m
[ 73%] [32mBuilding CXX object CMakeFiles/tb3_test.dir/test/test.cpp.o[0m
[ 73%] Built target tb3
[ 77%] Built target tb3G
[ 79%] Built target tb3__py
[35m[1mConsolidate compiler generated dependencies of target tb3__rosidl_generator_py[0m
[ 85%] Built target tb3__rosidl_generator_py
[35m[1mConsolidate compiler generated dependencies of target tb3__rosidl_typesupport_c__pyext[0m
[35m[1mConsolidate compiler generated dependencies of target tb3__rosidl_typesupport_introspection_c__pyext[0m
[35m[1mConsolidate compiler generated dependencies of target tb3__rosidl_typesupport_fastrtps_c__pyext[0m
[ 97%] Built target tb3__rosidl_typesupport_introspection_c__pyext
[ 97%] Built target tb3__rosidl_typesupport_c__pyext
[ 97%] Built target tb3__rosidl_typesupport_fastrtps_c__pyext
running egg_info
writing tb3.egg-info/PKG-INFO
writing dependency_links to tb3.egg-info/dependency_links.txt
writing top-level names to tb3.egg-info/top_level.txt
reading manifest file 'tb3.egg-info/SOURCES.txt'
writing manifest file 'tb3.egg-info/SOURCES.txt'
[ 97%] Built target ament_cmake_python_build_tb3_egg
