[0.009s] Invoking command in '/home/chotu/ros2_ws/src/ENPM_808X_FINAL/build/tb3': CMAKE_PREFIX_PATH=/home/chotu/ros2_ws/src/ENPM_808X_FINAL/install/tutorial_interfaces:/home/chotu/ros2_ws/src/ENPM_808X_FINAL/install/tb3:/home/chotu/ros2_ws/src/ENPM_808X_FINAL/install/ros2_aruco:/opt/ros/humble LD_LIBRARY_PATH=/home/chotu/ros2_ws/src/ENPM_808X_FINAL/install/tutorial_interfaces/lib:/home/chotu/ros2_ws/src/ENPM_808X_FINAL/install/tb3/lib:/usr/lib/x86_64-linux-gnu/gazebo-11/plugins:/opt/ros/humble/opt/rviz_ogre_vendor/lib:/opt/ros/humble/lib/x86_64-linux-gnu:/opt/ros/humble/lib /usr/bin/cmake --build /home/chotu/ros2_ws/src/ENPM_808X_FINAL/build/tb3 -- -j16 -l16
[0.043s] [  8%] Built target tb3__cpp
[0.043s] [ 10%] Built target tb3__rosidl_generator_c
[0.043s] [ 14%] Built target gtest_main
[0.043s] [ 18%] Built target gtest
[0.046s] [ 22%] Built target turtlebot_sim
[0.050s] [ 22%] Built target ament_cmake_python_copy_tb3
[0.051s] [35m[1mConsolidate compiler generated dependencies of target tb3_test[0m
[0.057s] [ 40%] Built target tb3__rosidl_typesupport_fastrtps_cpp
[0.058s] [ 40%] Built target tb3__rosidl_typesupport_cpp
[0.058s] [ 48%] Built target tb3__rosidl_typesupport_introspection_cpp
[0.058s] [ 55%] Built target tb3__rosidl_typesupport_introspection_c
[0.058s] [ 63%] Built target tb3__rosidl_typesupport_c
[0.061s] [ 71%] Built target tb3__rosidl_typesupport_fastrtps_c
[0.067s] [ 73%] [32mBuilding CXX object CMakeFiles/tb3_test.dir/test/test.cpp.o[0m
[0.073s] [ 73%] Built target tb3
[0.075s] [ 77%] Built target tb3G
[0.086s] [ 79%] Built target tb3__py
[0.100s] [ 85%] Built target tb3__rosidl_generator_py
[0.115s] [ 97%] Built target tb3__rosidl_typesupport_fastrtps_c__pyext
[0.115s] [ 97%] Built target tb3__rosidl_typesupport_introspection_c__pyext
[0.115s] [ 97%] Built target tb3__rosidl_typesupport_c__pyext
[0.204s] running egg_info
[0.204s] writing tb3.egg-info/PKG-INFO
[0.204s] writing dependency_links to tb3.egg-info/dependency_links.txt
[0.204s] writing top-level names to tb3.egg-info/top_level.txt
[0.206s] reading manifest file 'tb3.egg-info/SOURCES.txt'
[0.206s] writing manifest file 'tb3.egg-info/SOURCES.txt'
[0.226s] [ 97%] Built target ament_cmake_python_build_tb3_egg
[7.030s] [100%] [32m[1mLinking CXX executable tb3_test[0m
[7.319s] [100%] Built target tb3_test
[7.329s] Invoked command in '/home/chotu/ros2_ws/src/ENPM_808X_FINAL/build/tb3' returned '0': CMAKE_PREFIX_PATH=/home/chotu/ros2_ws/src/ENPM_808X_FINAL/install/tutorial_interfaces:/home/chotu/ros2_ws/src/ENPM_808X_FINAL/install/tb3:/home/chotu/ros2_ws/src/ENPM_808X_FINAL/install/ros2_aruco:/opt/ros/humble LD_LIBRARY_PATH=/home/chotu/ros2_ws/src/ENPM_808X_FINAL/install/tutorial_interfaces/lib:/home/chotu/ros2_ws/src/ENPM_808X_FINAL/install/tb3/lib:/usr/lib/x86_64-linux-gnu/gazebo-11/plugins:/opt/ros/humble/opt/rviz_ogre_vendor/lib:/opt/ros/humble/lib/x86_64-linux-gnu:/opt/ros/humble/lib /usr/bin/cmake --build /home/chotu/ros2_ws/src/ENPM_808X_FINAL/build/tb3 -- -j16 -l16
[7.374s] Invoking command in '/home/chotu/ros2_ws/src/ENPM_808X_FINAL/build/tb3': CMAKE_PREFIX_PATH=/home/chotu/ros2_ws/src/ENPM_808X_FINAL/install/tutorial_interfaces:/home/chotu/ros2_ws/src/ENPM_808X_FINAL/install/tb3:/home/chotu/ros2_ws/src/ENPM_808X_FINAL/install/ros2_aruco:/opt/ros/humble LD_LIBRARY_PATH=/home/chotu/ros2_ws/src/ENPM_808X_FINAL/install/tutorial_interfaces/lib:/home/chotu/ros2_ws/src/ENPM_808X_FINAL/install/tb3/lib:/usr/lib/x86_64-linux-gnu/gazebo-11/plugins:/opt/ros/humble/opt/rviz_ogre_vendor/lib:/opt/ros/humble/lib/x86_64-linux-gnu:/opt/ros/humble/lib /usr/bin/cmake --install /home/chotu/ros2_ws/src/ENPM_808X_FINAL/build/tb3
[7.378s] -- Install configuration: ""
[7.378s] -- Up-to-date: /home/chotu/ros2_ws/src/ENPM_808X_FINAL/install/tb3/share/ament_index/resource_index/rosidl_interfaces/tb3
[7.379s] -- Up-to-date: /home/chotu/ros2_ws/src/ENPM_808X_FINAL/install/tb3/include/tb3/tb3
[7.379s] -- Up-to-date: /home/chotu/ros2_ws/src/ENPM_808X_FINAL/install/tb3/include/tb3/tb3/msg
[7.379s] -- Up-to-date: /home/chotu/ros2_ws/src/ENPM_808X_FINAL/install/tb3/include/tb3/tb3/msg/data.h
[7.379s] -- Up-to-date: /home/chotu/ros2_ws/src/ENPM_808X_FINAL/install/tb3/include/tb3/tb3/msg/detail
[7.379s] -- Up-to-date: /home/chotu/ros2_ws/src/ENPM_808X_FINAL/install/tb3/include/tb3/tb3/msg/detail/data__functions.c
[7.379s] -- Up-to-date: /home/chotu/ros2_ws/src/ENPM_808X_FINAL/install/tb3/include/tb3/tb3/msg/detail/data__functions.h
[7.379s] -- Up-to-date: /home/chotu/ros2_ws/src/ENPM_808X_FINAL/install/tb3/include/tb3/tb3/msg/detail/data__type_support.h
[7.379s] -- Up-to-date: /home/chotu/ros2_ws/src/ENPM_808X_FINAL/install/tb3/include/tb3/tb3/msg/detail/data__struct.h
[7.379s] -- Up-to-date: /home/chotu/ros2_ws/src/ENPM_808X_FINAL/install/tb3/include/tb3/tb3/msg/rosidl_generator_c__visibility_control.h
[7.379s] -- Up-to-date: /home/chotu/ros2_ws/src/ENPM_808X_FINAL/install/tb3/include/tb3/tb3/srv
[7.379s] -- Up-to-date: /home/chotu/ros2_ws/src/ENPM_808X_FINAL/install/tb3/include/tb3/tb3/srv/detail
[7.379s] -- Up-to-date: /home/chotu/ros2_ws/src/ENPM_808X_FINAL/install/tb3/include/tb3/tb3/srv/detail/change_string__functions.c
[7.379s] -- Up-to-date: /home/chotu/ros2_ws/src/ENPM_808X_FINAL/install/tb3/include/tb3/tb3/srv/detail/change_string__type_support.h
[7.379s] -- Up-to-date: /home/chotu/ros2_ws/src/ENPM_808X_FINAL/install/tb3/include/tb3/tb3/srv/detail/change_string__functions.h
[7.380s] -- Up-to-date: /home/chotu/ros2_ws/src/ENPM_808X_FINAL/install/tb3/include/tb3/tb3/srv/detail/change_string__struct.h
[7.380s] -- Up-to-date: /home/chotu/ros2_ws/src/ENPM_808X_FINAL/install/tb3/include/tb3/tb3/srv/change_string.h
[7.380s] -- Up-to-date: /home/chotu/ros2_ws/src/ENPM_808X_FINAL/install/tb3/share/tb3/environment/library_path.sh
[7.380s] -- Up-to-date: /home/chotu/ros2_ws/src/ENPM_808X_FINAL/install/tb3/share/tb3/environment/library_path.dsv
[7.380s] -- Up-to-date: /home/chotu/ros2_ws/src/ENPM_808X_FINAL/install/tb3/lib/libtb3__rosidl_generator_c.so
[7.380s] -- Up-to-date: /home/chotu/ros2_ws/src/ENPM_808X_FINAL/install/tb3/include/tb3/tb3
[7.380s] -- Up-to-date: /home/chotu/ros2_ws/src/ENPM_808X_FINAL/install/tb3/include/tb3/tb3/msg
[7.380s] -- Up-to-date: /home/chotu/ros2_ws/src/ENPM_808X_FINAL/install/tb3/include/tb3/tb3/msg/detail
[7.380s] -- Up-to-date: /home/chotu/ros2_ws/src/ENPM_808X_FINAL/install/tb3/include/tb3/tb3/msg/detail/data__rosidl_typesupport_fastrtps_c.h
[7.380s] -- Up-to-date: /home/chotu/ros2_ws/src/ENPM_808X_FINAL/install/tb3/include/tb3/tb3/msg/rosidl_typesupport_fastrtps_c__visibility_control.h
[7.380s] -- Up-to-date: /home/chotu/ros2_ws/src/ENPM_808X_FINAL/install/tb3/include/tb3/tb3/srv
[7.380s] -- Up-to-date: /home/chotu/ros2_ws/src/ENPM_808X_FINAL/install/tb3/include/tb3/tb3/srv/detail
[7.380s] -- Up-to-date: /home/chotu/ros2_ws/src/ENPM_808X_FINAL/install/tb3/include/tb3/tb3/srv/detail/change_string__rosidl_typesupport_fastrtps_c.h
[7.380s] -- Up-to-date: /home/chotu/ros2_ws/src/ENPM_808X_FINAL/install/tb3/lib/libtb3__rosidl_typesupport_fastrtps_c.so
[7.381s] -- Up-to-date: /home/chotu/ros2_ws/src/ENPM_808X_FINAL/install/tb3/include/tb3/tb3
[7.381s] -- Up-to-date: /home/chotu/ros2_ws/src/ENPM_808X_FINAL/install/tb3/include/tb3/tb3/msg
[7.381s] -- Up-to-date: /home/chotu/ros2_ws/src/ENPM_808X_FINAL/install/tb3/include/tb3/tb3/msg/detail
[7.381s] -- Up-to-date: /home/chotu/ros2_ws/src/ENPM_808X_FINAL/install/tb3/include/tb3/tb3/msg/detail/data__struct.hpp
[7.381s] -- Up-to-date: /home/chotu/ros2_ws/src/ENPM_808X_FINAL/install/tb3/include/tb3/tb3/msg/detail/data__builder.hpp
[7.381s] -- Up-to-date: /home/chotu/ros2_ws/src/ENPM_808X_FINAL/install/tb3/include/tb3/tb3/msg/detail/data__traits.hpp
[7.381s] -- Up-to-date: /home/chotu/ros2_ws/src/ENPM_808X_FINAL/install/tb3/include/tb3/tb3/msg/data.hpp
[7.381s] -- Up-to-date: /home/chotu/ros2_ws/src/ENPM_808X_FINAL/install/tb3/include/tb3/tb3/srv
[7.381s] -- Up-to-date: /home/chotu/ros2_ws/src/ENPM_808X_FINAL/install/tb3/include/tb3/tb3/srv/detail
[7.381s] -- Up-to-date: /home/chotu/ros2_ws/src/ENPM_808X_FINAL/install/tb3/include/tb3/tb3/srv/detail/change_string__struct.hpp
[7.381s] -- Up-to-date: /home/chotu/ros2_ws/src/ENPM_808X_FINAL/install/tb3/include/tb3/tb3/srv/detail/change_string__builder.hpp
[7.381s] -- Up-to-date: /home/chotu/ros2_ws/src/ENPM_808X_FINAL/install/tb3/include/tb3/tb3/srv/detail/change_string__traits.hpp
[7.381s] -- Up-to-date: /home/chotu/ros2_ws/src/ENPM_808X_FINAL/install/tb3/include/tb3/tb3/srv/change_string.hpp
[7.381s] -- Up-to-date: /home/chotu/ros2_ws/src/ENPM_808X_FINAL/install/tb3/include/tb3/tb3
[7.381s] -- Up-to-date: /home/chotu/ros2_ws/src/ENPM_808X_FINAL/install/tb3/include/tb3/tb3/msg
[7.381s] -- Up-to-date: /home/chotu/ros2_ws/src/ENPM_808X_FINAL/install/tb3/include/tb3/tb3/msg/detail
[7.381s] -- Up-to-date: /home/chotu/ros2_ws/src/ENPM_808X_FINAL/install/tb3/include/tb3/tb3/msg/detail/dds_fastrtps
[7.381s] -- Up-to-date: /home/chotu/ros2_ws/src/ENPM_808X_FINAL/install/tb3/include/tb3/tb3/msg/detail/data__rosidl_typesupport_fastrtps_cpp.hpp
[7.382s] -- Up-to-date: /home/chotu/ros2_ws/src/ENPM_808X_FINAL/install/tb3/include/tb3/tb3/msg/rosidl_typesupport_fastrtps_cpp__visibility_control.h
[7.382s] -- Up-to-date: /home/chotu/ros2_ws/src/ENPM_808X_FINAL/install/tb3/include/tb3/tb3/srv
[7.382s] -- Up-to-date: /home/chotu/ros2_ws/src/ENPM_808X_FINAL/install/tb3/include/tb3/tb3/srv/detail
[7.382s] -- Up-to-date: /home/chotu/ros2_ws/src/ENPM_808X_FINAL/install/tb3/include/tb3/tb3/srv/detail/dds_fastrtps
[7.382s] -- Up-to-date: /home/chotu/ros2_ws/src/ENPM_808X_FINAL/install/tb3/include/tb3/tb3/srv/detail/change_string__rosidl_typesupport_fastrtps_cpp.hpp
[7.382s] -- Up-to-date: /home/chotu/ros2_ws/src/ENPM_808X_FINAL/install/tb3/lib/libtb3__rosidl_typesupport_fastrtps_cpp.so
[7.382s] -- Up-to-date: /home/chotu/ros2_ws/src/ENPM_808X_FINAL/install/tb3/include/tb3/tb3
[7.382s] -- Up-to-date: /home/chotu/ros2_ws/src/ENPM_808X_FINAL/install/tb3/include/tb3/tb3/msg
[7.382s] -- Up-to-date: /home/chotu/ros2_ws/src/ENPM_808X_FINAL/install/tb3/include/tb3/tb3/msg/detail
[7.382s] -- Up-to-date: /home/chotu/ros2_ws/src/ENPM_808X_FINAL/install/tb3/include/tb3/tb3/msg/detail/data__rosidl_typesupport_introspection_c.h
[7.382s] -- Up-to-date: /home/chotu/ros2_ws/src/ENPM_808X_FINAL/install/tb3/include/tb3/tb3/msg/detail/data__type_support.c
[7.382s] -- Up-to-date: /home/chotu/ros2_ws/src/ENPM_808X_FINAL/install/tb3/include/tb3/tb3/msg/rosidl_typesupport_introspection_c__visibility_control.h
[7.382s] -- Up-to-date: /home/chotu/ros2_ws/src/ENPM_808X_FINAL/install/tb3/include/tb3/tb3/srv
[7.382s] -- Up-to-date: /home/chotu/ros2_ws/src/ENPM_808X_FINAL/install/tb3/include/tb3/tb3/srv/detail
[7.383s] -- Up-to-date: /home/chotu/ros2_ws/src/ENPM_808X_FINAL/install/tb3/include/tb3/tb3/srv/detail/change_string__rosidl_typesupport_introspection_c.h
[7.383s] -- Up-to-date: /home/chotu/ros2_ws/src/ENPM_808X_FINAL/install/tb3/include/tb3/tb3/srv/detail/change_string__type_support.c
[7.383s] -- Up-to-date: /home/chotu/ros2_ws/src/ENPM_808X_FINAL/install/tb3/lib/libtb3__rosidl_typesupport_introspection_c.so
[7.383s] -- Up-to-date: /home/chotu/ros2_ws/src/ENPM_808X_FINAL/install/tb3/lib/libtb3__rosidl_typesupport_c.so
[7.383s] -- Up-to-date: /home/chotu/ros2_ws/src/ENPM_808X_FINAL/install/tb3/include/tb3/tb3
[7.383s] -- Up-to-date: /home/chotu/ros2_ws/src/ENPM_808X_FINAL/install/tb3/include/tb3/tb3/msg
[7.383s] -- Up-to-date: /home/chotu/ros2_ws/src/ENPM_808X_FINAL/install/tb3/include/tb3/tb3/msg/detail
[7.383s] -- Up-to-date: /home/chotu/ros2_ws/src/ENPM_808X_FINAL/install/tb3/include/tb3/tb3/msg/detail/data__type_support.cpp
[7.383s] -- Up-to-date: /home/chotu/ros2_ws/src/ENPM_808X_FINAL/install/tb3/include/tb3/tb3/msg/detail/data__rosidl_typesupport_introspection_cpp.hpp
[7.383s] -- Up-to-date: /home/chotu/ros2_ws/src/ENPM_808X_FINAL/install/tb3/include/tb3/tb3/srv
[7.383s] -- Up-to-date: /home/chotu/ros2_ws/src/ENPM_808X_FINAL/install/tb3/include/tb3/tb3/srv/detail
[7.383s] -- Up-to-date: /home/chotu/ros2_ws/src/ENPM_808X_FINAL/install/tb3/include/tb3/tb3/srv/detail/change_string__type_support.cpp
[7.383s] -- Up-to-date: /home/chotu/ros2_ws/src/ENPM_808X_FINAL/install/tb3/include/tb3/tb3/srv/detail/change_string__rosidl_typesupport_introspection_cpp.hpp
[7.383s] -- Up-to-date: /home/chotu/ros2_ws/src/ENPM_808X_FINAL/install/tb3/lib/libtb3__rosidl_typesupport_introspection_cpp.so
[7.383s] -- Up-to-date: /home/chotu/ros2_ws/src/ENPM_808X_FINAL/install/tb3/lib/libtb3__rosidl_typesupport_cpp.so
[7.383s] -- Up-to-date: /home/chotu/ros2_ws/src/ENPM_808X_FINAL/install/tb3/share/tb3/environment/pythonpath.sh
[7.383s] -- Up-to-date: /home/chotu/ros2_ws/src/ENPM_808X_FINAL/install/tb3/share/tb3/environment/pythonpath.dsv
[7.383s] -- Up-to-date: /home/chotu/ros2_ws/src/ENPM_808X_FINAL/install/tb3/local/lib/python3.10/dist-packages/tb3-0.0.0-py3.10.egg-info
[7.383s] -- Installing: /home/chotu/ros2_ws/src/ENPM_808X_FINAL/install/tb3/local/lib/python3.10/dist-packages/tb3-0.0.0-py3.10.egg-info/SOURCES.txt
[7.383s] -- Installing: /home/chotu/ros2_ws/src/ENPM_808X_FINAL/install/tb3/local/lib/python3.10/dist-packages/tb3-0.0.0-py3.10.egg-info/PKG-INFO
[7.383s] -- Installing: /home/chotu/ros2_ws/src/ENPM_808X_FINAL/install/tb3/local/lib/python3.10/dist-packages/tb3-0.0.0-py3.10.egg-info/top_level.txt
[7.383s] -- Installing: /home/chotu/ros2_ws/src/ENPM_808X_FINAL/install/tb3/local/lib/python3.10/dist-packages/tb3-0.0.0-py3.10.egg-info/dependency_links.txt
[7.383s] -- Up-to-date: /home/chotu/ros2_ws/src/ENPM_808X_FINAL/install/tb3/local/lib/python3.10/dist-packages/tb3
[7.383s] -- Up-to-date: /home/chotu/ros2_ws/src/ENPM_808X_FINAL/install/tb3/local/lib/python3.10/dist-packages/tb3/msg
[7.384s] -- Up-to-date: /home/chotu/ros2_ws/src/ENPM_808X_FINAL/install/tb3/local/lib/python3.10/dist-packages/tb3/msg/__init__.py
[7.384s] -- Up-to-date: /home/chotu/ros2_ws/src/ENPM_808X_FINAL/install/tb3/local/lib/python3.10/dist-packages/tb3/msg/_data.py
[7.384s] -- Up-to-date: /home/chotu/ros2_ws/src/ENPM_808X_FINAL/install/tb3/local/lib/python3.10/dist-packages/tb3/msg/_data_s.c
[7.384s] -- Up-to-date: /home/chotu/ros2_ws/src/ENPM_808X_FINAL/install/tb3/local/lib/python3.10/dist-packages/tb3/tb3_s__rosidl_typesupport_c.cpython-310-x86_64-linux-gnu.so
[7.384s] -- Up-to-date: /home/chotu/ros2_ws/src/ENPM_808X_FINAL/install/tb3/local/lib/python3.10/dist-packages/tb3/tb3_s__rosidl_typesupport_fastrtps_c.cpython-310-x86_64-linux-gnu.so
[7.384s] -- Up-to-date: /home/chotu/ros2_ws/src/ENPM_808X_FINAL/install/tb3/local/lib/python3.10/dist-packages/tb3/__init__.py
[7.384s] -- Up-to-date: /home/chotu/ros2_ws/src/ENPM_808X_FINAL/install/tb3/local/lib/python3.10/dist-packages/tb3/srv
[7.384s] -- Up-to-date: /home/chotu/ros2_ws/src/ENPM_808X_FINAL/install/tb3/local/lib/python3.10/dist-packages/tb3/srv/__init__.py
[7.384s] -- Up-to-date: /home/chotu/ros2_ws/src/ENPM_808X_FINAL/install/tb3/local/lib/python3.10/dist-packages/tb3/srv/_change_string.py
[7.384s] -- Up-to-date: /home/chotu/ros2_ws/src/ENPM_808X_FINAL/install/tb3/local/lib/python3.10/dist-packages/tb3/srv/_change_string_s.c
[7.384s] -- Up-to-date: /home/chotu/ros2_ws/src/ENPM_808X_FINAL/install/tb3/local/lib/python3.10/dist-packages/tb3/_tb3_s.ep.rosidl_typesupport_fastrtps_c.c
[7.384s] -- Up-to-date: /home/chotu/ros2_ws/src/ENPM_808X_FINAL/install/tb3/local/lib/python3.10/dist-packages/tb3/libtb3__rosidl_generator_py.so
[7.384s] -- Up-to-date: /home/chotu/ros2_ws/src/ENPM_808X_FINAL/install/tb3/local/lib/python3.10/dist-packages/tb3/_tb3_s.ep.rosidl_typesupport_introspection_c.c
[7.384s] -- Up-to-date: /home/chotu/ros2_ws/src/ENPM_808X_FINAL/install/tb3/local/lib/python3.10/dist-packages/tb3/_tb3_s.ep.rosidl_typesupport_c.c
[7.384s] -- Up-to-date: /home/chotu/ros2_ws/src/ENPM_808X_FINAL/install/tb3/local/lib/python3.10/dist-packages/tb3/tb3_s__rosidl_typesupport_introspection_c.cpython-310-x86_64-linux-gnu.so
[7.401s] Listing '/home/chotu/ros2_ws/src/ENPM_808X_FINAL/install/tb3/local/lib/python3.10/dist-packages/tb3'...
[7.401s] Listing '/home/chotu/ros2_ws/src/ENPM_808X_FINAL/install/tb3/local/lib/python3.10/dist-packages/tb3/msg'...
[7.401s] Listing '/home/chotu/ros2_ws/src/ENPM_808X_FINAL/install/tb3/local/lib/python3.10/dist-packages/tb3/srv'...
[7.403s] -- Up-to-date: /home/chotu/ros2_ws/src/ENPM_808X_FINAL/install/tb3/local/lib/python3.10/dist-packages/tb3/tb3_s__rosidl_typesupport_fastrtps_c.cpython-310-x86_64-linux-gnu.so
[7.403s] -- Up-to-date: /home/chotu/ros2_ws/src/ENPM_808X_FINAL/install/tb3/local/lib/python3.10/dist-packages/tb3/tb3_s__rosidl_typesupport_introspection_c.cpython-310-x86_64-linux-gnu.so
[7.404s] -- Up-to-date: /home/chotu/ros2_ws/src/ENPM_808X_FINAL/install/tb3/local/lib/python3.10/dist-packages/tb3/tb3_s__rosidl_typesupport_c.cpython-310-x86_64-linux-gnu.so
[7.404s] -- Up-to-date: /home/chotu/ros2_ws/src/ENPM_808X_FINAL/install/tb3/lib/libtb3__rosidl_generator_py.so
[7.404s] -- Up-to-date: /home/chotu/ros2_ws/src/ENPM_808X_FINAL/install/tb3/share/tb3/msg/Data.idl
[7.404s] -- Up-to-date: /home/chotu/ros2_ws/src/ENPM_808X_FINAL/install/tb3/share/tb3/srv/ChangeString.idl
[7.404s] -- Up-to-date: /home/chotu/ros2_ws/src/ENPM_808X_FINAL/install/tb3/share/tb3/msg/Data.msg
[7.404s] -- Up-to-date: /home/chotu/ros2_ws/src/ENPM_808X_FINAL/install/tb3/share/tb3/srv/ChangeString.srv
[7.404s] -- Up-to-date: /home/chotu/ros2_ws/src/ENPM_808X_FINAL/install/tb3/share/tb3/srv/ChangeString_Request.msg
[7.404s] -- Up-to-date: /home/chotu/ros2_ws/src/ENPM_808X_FINAL/install/tb3/share/tb3/srv/ChangeString_Response.msg
[7.404s] -- Up-to-date: /home/chotu/ros2_ws/src/ENPM_808X_FINAL/install/tb3/lib/tb3/tb3G
[7.405s] -- Up-to-date: /home/chotu/ros2_ws/src/ENPM_808X_FINAL/install/tb3/lib/tb3/turtlebot_sim
[7.405s] -- Up-to-date: /home/chotu/ros2_ws/src/ENPM_808X_FINAL/install/tb3/share/tb3//launch
[7.405s] -- Up-to-date: /home/chotu/ros2_ws/src/ENPM_808X_FINAL/install/tb3/share/tb3//launch/load_world_into_gazebo.launch.py
[7.405s] -- Up-to-date: /home/chotu/ros2_ws/src/ENPM_808X_FINAL/install/tb3/share/tb3//launch/demo_launch.py
[7.405s] -- Up-to-date: /home/chotu/ros2_ws/src/ENPM_808X_FINAL/install/tb3/share/tb3//launch/gazebo.launch.py
[7.405s] -- Up-to-date: /home/chotu/ros2_ws/src/ENPM_808X_FINAL/install/tb3/share/tb3//worlds
[7.405s] -- Up-to-date: /home/chotu/ros2_ws/src/ENPM_808X_FINAL/install/tb3/share/tb3//worlds/custom_world_2_b.world
[7.405s] -- Up-to-date: /home/chotu/ros2_ws/src/ENPM_808X_FINAL/install/tb3/share/tb3//worlds/cafe_2.world
[7.405s] -- Up-to-date: /home/chotu/ros2_ws/src/ENPM_808X_FINAL/install/tb3/share/tb3//worlds/final_world.world
[7.405s] -- Up-to-date: /home/chotu/ros2_ws/src/ENPM_808X_FINAL/install/tb3/share/tb3//worlds/cafe.world
[7.405s] -- Up-to-date: /home/chotu/ros2_ws/src/ENPM_808X_FINAL/install/tb3/share/tb3//worlds/final_world_1.world
[7.405s] -- Up-to-date: /home/chotu/ros2_ws/src/ENPM_808X_FINAL/install/tb3/share/tb3//worlds/final_world_3.world
[7.405s] -- Up-to-date: /home/chotu/ros2_ws/src/ENPM_808X_FINAL/install/tb3/share/tb3//worlds/final_world_2.world
[7.405s] -- Up-to-date: /home/chotu/ros2_ws/src/ENPM_808X_FINAL/install/tb3/share/tb3//worlds/custom_world_1.world
[7.405s] -- Up-to-date: /home/chotu/ros2_ws/src/ENPM_808X_FINAL/install/tb3/share/tb3//worlds/custom_world_3_bak.world
[7.406s] -- Up-to-date: /home/chotu/ros2_ws/src/ENPM_808X_FINAL/install/tb3/share/tb3//worlds/custom_world_5_bak.world
[7.406s] -- Up-to-date: /home/chotu/ros2_ws/src/ENPM_808X_FINAL/install/tb3/share/tb3//worlds/custom_world.world
[7.406s] -- Up-to-date: /home/chotu/ros2_ws/src/ENPM_808X_FINAL/install/tb3/share/tb3//worlds/custom_world_2_bak.world
[7.406s] -- Up-to-date: /home/chotu/ros2_ws/src/ENPM_808X_FINAL/install/tb3/share/tb3//models
[7.406s] -- Up-to-date: /home/chotu/ros2_ws/src/ENPM_808X_FINAL/install/tb3/share/tb3//models/aruco_marker_3
[7.406s] -- Up-to-date: /home/chotu/ros2_ws/src/ENPM_808X_FINAL/install/tb3/share/tb3//models/aruco_marker_3/model.config
[7.406s] -- Up-to-date: /home/chotu/ros2_ws/src/ENPM_808X_FINAL/install/tb3/share/tb3//models/aruco_marker_3/materials
[7.406s] -- Up-to-date: /home/chotu/ros2_ws/src/ENPM_808X_FINAL/install/tb3/share/tb3//models/aruco_marker_3/materials/textures
[7.406s] -- Up-to-date: /home/chotu/ros2_ws/src/ENPM_808X_FINAL/install/tb3/share/tb3//models/aruco_marker_3/materials/textures/marker_3.png
[7.406s] -- Up-to-date: /home/chotu/ros2_ws/src/ENPM_808X_FINAL/install/tb3/share/tb3//models/aruco_marker_3/materials/scripts
[7.406s] -- Up-to-date: /home/chotu/ros2_ws/src/ENPM_808X_FINAL/install/tb3/share/tb3//models/aruco_marker_3/materials/scripts/marker.material
[7.406s] -- Up-to-date: /home/chotu/ros2_ws/src/ENPM_808X_FINAL/install/tb3/share/tb3//models/aruco_marker_3/model.sdf
[7.406s] -- Up-to-date: /home/chotu/ros2_ws/src/ENPM_808X_FINAL/install/tb3/share/tb3//models/aruco_marker_1
[7.406s] -- Up-to-date: /home/chotu/ros2_ws/src/ENPM_808X_FINAL/install/tb3/share/tb3//models/aruco_marker_1/model.config
[7.406s] -- Up-to-date: /home/chotu/ros2_ws/src/ENPM_808X_FINAL/install/tb3/share/tb3//models/aruco_marker_1/materials
[7.406s] -- Up-to-date: /home/chotu/ros2_ws/src/ENPM_808X_FINAL/install/tb3/share/tb3//models/aruco_marker_1/materials/textures
[7.407s] -- Up-to-date: /home/chotu/ros2_ws/src/ENPM_808X_FINAL/install/tb3/share/tb3//models/aruco_marker_1/materials/textures/marker_1.png
[7.407s] -- Up-to-date: /home/chotu/ros2_ws/src/ENPM_808X_FINAL/install/tb3/share/tb3//models/aruco_marker_1/materials/scripts
[7.407s] -- Up-to-date: /home/chotu/ros2_ws/src/ENPM_808X_FINAL/install/tb3/share/tb3//models/aruco_marker_1/materials/scripts/marker.material
[7.407s] -- Up-to-date: /home/chotu/ros2_ws/src/ENPM_808X_FINAL/install/tb3/share/tb3//models/aruco_marker_1/model.sdf
[7.407s] -- Up-to-date: /home/chotu/ros2_ws/src/ENPM_808X_FINAL/install/tb3/share/tb3//models/aruco_marker_2
[7.407s] -- Up-to-date: /home/chotu/ros2_ws/src/ENPM_808X_FINAL/install/tb3/share/tb3//models/aruco_marker_2/model.config
[7.407s] -- Up-to-date: /home/chotu/ros2_ws/src/ENPM_808X_FINAL/install/tb3/share/tb3//models/aruco_marker_2/materials
[7.407s] -- Up-to-date: /home/chotu/ros2_ws/src/ENPM_808X_FINAL/install/tb3/share/tb3//models/aruco_marker_2/materials/textures
[7.407s] -- Up-to-date: /home/chotu/ros2_ws/src/ENPM_808X_FINAL/install/tb3/share/tb3//models/aruco_marker_2/materials/textures/marker_2.png
[7.407s] -- Up-to-date: /home/chotu/ros2_ws/src/ENPM_808X_FINAL/install/tb3/share/tb3//models/aruco_marker_2/materials/scripts
[7.407s] -- Up-to-date: /home/chotu/ros2_ws/src/ENPM_808X_FINAL/install/tb3/share/tb3//models/aruco_marker_2/materials/scripts/marker.material
[7.407s] -- Up-to-date: /home/chotu/ros2_ws/src/ENPM_808X_FINAL/install/tb3/share/tb3//models/aruco_marker_2/model.sdf
[7.407s] -- Up-to-date: /home/chotu/ros2_ws/src/ENPM_808X_FINAL/install/tb3/share/tb3//models/aruco_marker_0
[7.407s] -- Up-to-date: /home/chotu/ros2_ws/src/ENPM_808X_FINAL/install/tb3/share/tb3//models/aruco_marker_0/model.config
[7.407s] -- Up-to-date: /home/chotu/ros2_ws/src/ENPM_808X_FINAL/install/tb3/share/tb3//models/aruco_marker_0/materials
[7.407s] -- Up-to-date: /home/chotu/ros2_ws/src/ENPM_808X_FINAL/install/tb3/share/tb3//models/aruco_marker_0/materials/textures
[7.407s] -- Up-to-date: /home/chotu/ros2_ws/src/ENPM_808X_FINAL/install/tb3/share/tb3//models/aruco_marker_0/materials/textures/marker_0.png
[7.407s] -- Up-to-date: /home/chotu/ros2_ws/src/ENPM_808X_FINAL/install/tb3/share/tb3//models/aruco_marker_0/materials/scripts
[7.407s] -- Up-to-date: /home/chotu/ros2_ws/src/ENPM_808X_FINAL/install/tb3/share/tb3//models/aruco_marker_0/materials/scripts/marker.material
[7.407s] -- Up-to-date: /home/chotu/ros2_ws/src/ENPM_808X_FINAL/install/tb3/share/tb3//models/aruco_marker_0/model.sdf
[7.408s] -- Up-to-date: /home/chotu/ros2_ws/src/ENPM_808X_FINAL/install/tb3/share/tb3//scripts
[7.408s] -- Up-to-date: /home/chotu/ros2_ws/src/ENPM_808X_FINAL/install/tb3/share/tb3//scripts/generate_coverage_report.bash
[7.408s] -- Up-to-date: /home/chotu/ros2_ws/src/ENPM_808X_FINAL/install/tb3/lib/tb3/generate_coverage_report.bash
[7.408s] -- Up-to-date: /home/chotu/ros2_ws/src/ENPM_808X_FINAL/install/tb3/share/ament_index/resource_index/package_run_dependencies/tb3
[7.408s] -- Up-to-date: /home/chotu/ros2_ws/src/ENPM_808X_FINAL/install/tb3/share/ament_index/resource_index/parent_prefix_path/tb3
[7.408s] -- Up-to-date: /home/chotu/ros2_ws/src/ENPM_808X_FINAL/install/tb3/share/tb3/environment/ament_prefix_path.sh
[7.408s] -- Up-to-date: /home/chotu/ros2_ws/src/ENPM_808X_FINAL/install/tb3/share/tb3/environment/ament_prefix_path.dsv
[7.408s] -- Up-to-date: /home/chotu/ros2_ws/src/ENPM_808X_FINAL/install/tb3/share/tb3/environment/path.sh
[7.408s] -- Up-to-date: /home/chotu/ros2_ws/src/ENPM_808X_FINAL/install/tb3/share/tb3/environment/path.dsv
[7.408s] -- Up-to-date: /home/chotu/ros2_ws/src/ENPM_808X_FINAL/install/tb3/share/tb3/local_setup.bash
[7.408s] -- Up-to-date: /home/chotu/ros2_ws/src/ENPM_808X_FINAL/install/tb3/share/tb3/local_setup.sh
[7.408s] -- Up-to-date: /home/chotu/ros2_ws/src/ENPM_808X_FINAL/install/tb3/share/tb3/local_setup.zsh
[7.408s] -- Up-to-date: /home/chotu/ros2_ws/src/ENPM_808X_FINAL/install/tb3/share/tb3/local_setup.dsv
[7.408s] -- Installing: /home/chotu/ros2_ws/src/ENPM_808X_FINAL/install/tb3/share/tb3/package.dsv
[7.408s] -- Up-to-date: /home/chotu/ros2_ws/src/ENPM_808X_FINAL/install/tb3/share/ament_index/resource_index/packages/tb3
[7.408s] -- Up-to-date: /home/chotu/ros2_ws/src/ENPM_808X_FINAL/install/tb3/share/tb3/cmake/export_tb3__rosidl_generator_cExport.cmake
[7.408s] -- Up-to-date: /home/chotu/ros2_ws/src/ENPM_808X_FINAL/install/tb3/share/tb3/cmake/export_tb3__rosidl_generator_cExport-noconfig.cmake
[7.408s] -- Up-to-date: /home/chotu/ros2_ws/src/ENPM_808X_FINAL/install/tb3/share/tb3/cmake/export_tb3__rosidl_typesupport_fastrtps_cExport.cmake
[7.408s] -- Up-to-date: /home/chotu/ros2_ws/src/ENPM_808X_FINAL/install/tb3/share/tb3/cmake/export_tb3__rosidl_typesupport_fastrtps_cExport-noconfig.cmake
[7.409s] -- Up-to-date: /home/chotu/ros2_ws/src/ENPM_808X_FINAL/install/tb3/share/tb3/cmake/export_tb3__rosidl_generator_cppExport.cmake
[7.409s] -- Up-to-date: /home/chotu/ros2_ws/src/ENPM_808X_FINAL/install/tb3/share/tb3/cmake/export_tb3__rosidl_typesupport_fastrtps_cppExport.cmake
[7.409s] -- Up-to-date: /home/chotu/ros2_ws/src/ENPM_808X_FINAL/install/tb3/share/tb3/cmake/export_tb3__rosidl_typesupport_fastrtps_cppExport-noconfig.cmake
[7.409s] -- Up-to-date: /home/chotu/ros2_ws/src/ENPM_808X_FINAL/install/tb3/share/tb3/cmake/tb3__rosidl_typesupport_introspection_cExport.cmake
[7.409s] -- Up-to-date: /home/chotu/ros2_ws/src/ENPM_808X_FINAL/install/tb3/share/tb3/cmake/tb3__rosidl_typesupport_introspection_cExport-noconfig.cmake
[7.409s] -- Up-to-date: /home/chotu/ros2_ws/src/ENPM_808X_FINAL/install/tb3/share/tb3/cmake/tb3__rosidl_typesupport_cExport.cmake
[7.409s] -- Up-to-date: /home/chotu/ros2_ws/src/ENPM_808X_FINAL/install/tb3/share/tb3/cmake/tb3__rosidl_typesupport_cExport-noconfig.cmake
[7.409s] -- Up-to-date: /home/chotu/ros2_ws/src/ENPM_808X_FINAL/install/tb3/share/tb3/cmake/tb3__rosidl_typesupport_introspection_cppExport.cmake
[7.409s] -- Up-to-date: /home/chotu/ros2_ws/src/ENPM_808X_FINAL/install/tb3/share/tb3/cmake/tb3__rosidl_typesupport_introspection_cppExport-noconfig.cmake
[7.409s] -- Up-to-date: /home/chotu/ros2_ws/src/ENPM_808X_FINAL/install/tb3/share/tb3/cmake/tb3__rosidl_typesupport_cppExport.cmake
[7.409s] -- Up-to-date: /home/chotu/ros2_ws/src/ENPM_808X_FINAL/install/tb3/share/tb3/cmake/tb3__rosidl_typesupport_cppExport-noconfig.cmake
[7.409s] -- Up-to-date: /home/chotu/ros2_ws/src/ENPM_808X_FINAL/install/tb3/share/tb3/cmake/export_tb3__rosidl_generator_pyExport.cmake
[7.409s] -- Up-to-date: /home/chotu/ros2_ws/src/ENPM_808X_FINAL/install/tb3/share/tb3/cmake/export_tb3__rosidl_generator_pyExport-noconfig.cmake
[7.409s] -- Up-to-date: /home/chotu/ros2_ws/src/ENPM_808X_FINAL/install/tb3/share/tb3/cmake/rosidl_cmake-extras.cmake
[7.409s] -- Up-to-date: /home/chotu/ros2_ws/src/ENPM_808X_FINAL/install/tb3/share/tb3/cmake/ament_cmake_export_dependencies-extras.cmake
[7.409s] -- Up-to-date: /home/chotu/ros2_ws/src/ENPM_808X_FINAL/install/tb3/share/tb3/cmake/ament_cmake_export_include_directories-extras.cmake
[7.409s] -- Up-to-date: /home/chotu/ros2_ws/src/ENPM_808X_FINAL/install/tb3/share/tb3/cmake/ament_cmake_export_libraries-extras.cmake
[7.409s] -- Up-to-date: /home/chotu/ros2_ws/src/ENPM_808X_FINAL/install/tb3/share/tb3/cmake/ament_cmake_export_targets-extras.cmake
[7.409s] -- Up-to-date: /home/chotu/ros2_ws/src/ENPM_808X_FINAL/install/tb3/share/tb3/cmake/rosidl_cmake_export_typesupport_targets-extras.cmake
[7.409s] -- Up-to-date: /home/chotu/ros2_ws/src/ENPM_808X_FINAL/install/tb3/share/tb3/cmake/rosidl_cmake_export_typesupport_libraries-extras.cmake
[7.410s] -- Up-to-date: /home/chotu/ros2_ws/src/ENPM_808X_FINAL/install/tb3/share/tb3/cmake/tb3Config.cmake
[7.410s] -- Up-to-date: /home/chotu/ros2_ws/src/ENPM_808X_FINAL/install/tb3/share/tb3/cmake/tb3Config-version.cmake
[7.410s] -- Up-to-date: /home/chotu/ros2_ws/src/ENPM_808X_FINAL/install/tb3/share/tb3/package.xml
[7.410s] Invoked command in '/home/chotu/ros2_ws/src/ENPM_808X_FINAL/build/tb3' returned '0': CMAKE_PREFIX_PATH=/home/chotu/ros2_ws/src/ENPM_808X_FINAL/install/tutorial_interfaces:/home/chotu/ros2_ws/src/ENPM_808X_FINAL/install/tb3:/home/chotu/ros2_ws/src/ENPM_808X_FINAL/install/ros2_aruco:/opt/ros/humble LD_LIBRARY_PATH=/home/chotu/ros2_ws/src/ENPM_808X_FINAL/install/tutorial_interfaces/lib:/home/chotu/ros2_ws/src/ENPM_808X_FINAL/install/tb3/lib:/usr/lib/x86_64-linux-gnu/gazebo-11/plugins:/opt/ros/humble/opt/rviz_ogre_vendor/lib:/opt/ros/humble/lib/x86_64-linux-gnu:/opt/ros/humble/lib /usr/bin/cmake --install /home/chotu/ros2_ws/src/ENPM_808X_FINAL/build/tb3
