[0.288s] DEBUG:colcon:Command line arguments: ['/usr/bin/colcon', 'build']
[0.288s] DEBUG:colcon:Parsed command line arguments: Namespace(log_base=None, log_level=None, verb_name='build', build_base='build', install_base='install', merge_install=False, symlink_install=False, test_result_base=None, continue_on_error=False, executor='parallel', parallel_workers=16, event_handlers=None, ignore_user_meta=False, metas=['./colcon.meta'], base_paths=['.'], packages_ignore=None, packages_ignore_regex=None, paths=None, packages_up_to=None, packages_up_to_regex=None, packages_above=None, packages_above_and_dependencies=None, packages_above_depth=None, packages_select_by_dep=None, packages_skip_by_dep=None, packages_skip_up_to=None, packages_select_build_failed=False, packages_skip_build_finished=False, packages_select_test_failures=False, packages_skip_test_passed=False, packages_select=None, packages_skip=None, packages_select_regex=None, packages_skip_regex=None, packages_start=None, packages_end=None, cmake_args=None, cmake_target=None, cmake_target_skip_unavailable=False, cmake_clean_cache=False, cmake_clean_first=False, cmake_force_configure=False, ament_cmake_args=None, catkin_cmake_args=None, catkin_skip_building_tests=False, mixin_files=None, mixin=None, verb_parser=<colcon_mixin.mixin.mixin_argument.MixinArgumentDecorator object at 0x7f5e173918a0>, verb_extension=<colcon_core.verb.build.BuildVerb object at 0x7f5e17cff130>, main=<bound method BuildVerb.main of <colcon_core.verb.build.BuildVerb object at 0x7f5e17cff130>>, mixin_verb=('build',))
[0.314s] Level 1:colcon.colcon_core.package_discovery:discover_packages(colcon_meta) check parameters
[0.314s] Level 1:colcon.colcon_core.package_discovery:discover_packages(recursive) check parameters
[0.314s] Level 1:colcon.colcon_core.package_discovery:discover_packages(ignore) check parameters
[0.314s] Level 1:colcon.colcon_core.package_discovery:discover_packages(path) check parameters
[0.314s] Level 1:colcon.colcon_core.package_discovery:discover_packages(colcon_meta) discover
[0.314s] Level 1:colcon.colcon_core.package_discovery:discover_packages(recursive) discover
[0.314s] INFO:colcon.colcon_core.package_discovery:Crawling recursively for packages in '/home/chotu/ros2_ws/src/ENPM_808X_FINAL'
[0.314s] Level 1:colcon.colcon_core.package_identification:_identify(.) by extensions ['ignore', 'ignore_ament_install']
[0.314s] Level 1:colcon.colcon_core.package_identification:_identify(.) by extension 'ignore'
[0.314s] Level 1:colcon.colcon_core.package_identification:_identify(.) by extension 'ignore_ament_install'
[0.314s] Level 1:colcon.colcon_core.package_identification:_identify(.) by extensions ['colcon_pkg']
[0.314s] Level 1:colcon.colcon_core.package_identification:_identify(.) by extension 'colcon_pkg'
[0.314s] Level 1:colcon.colcon_core.package_identification:_identify(.) by extensions ['colcon_meta']
[0.314s] Level 1:colcon.colcon_core.package_identification:_identify(.) by extension 'colcon_meta'
[0.314s] Level 1:colcon.colcon_core.package_identification:_identify(.) by extensions ['ros']
[0.314s] Level 1:colcon.colcon_core.package_identification:_identify(.) by extension 'ros'
[0.330s] Level 1:colcon.colcon_core.package_identification:_identify(.) by extensions ['cmake', 'python']
[0.330s] Level 1:colcon.colcon_core.package_identification:_identify(.) by extension 'cmake'
[0.330s] Level 1:colcon.colcon_core.package_identification:_identify(.) by extension 'python'
[0.330s] Level 1:colcon.colcon_core.package_identification:_identify(.) by extensions ['python_setup_py']
[0.330s] Level 1:colcon.colcon_core.package_identification:_identify(.) by extension 'python_setup_py'
[0.330s] Level 1:colcon.colcon_core.package_identification:_identify(ENPM_808X_FINAL) by extensions ['ignore', 'ignore_ament_install']
[0.330s] Level 1:colcon.colcon_core.package_identification:_identify(ENPM_808X_FINAL) by extension 'ignore'
[0.330s] Level 1:colcon.colcon_core.package_identification:_identify(ENPM_808X_FINAL) by extension 'ignore_ament_install'
[0.330s] Level 1:colcon.colcon_core.package_identification:_identify(ENPM_808X_FINAL) by extensions ['colcon_pkg']
[0.331s] Level 1:colcon.colcon_core.package_identification:_identify(ENPM_808X_FINAL) by extension 'colcon_pkg'
[0.331s] Level 1:colcon.colcon_core.package_identification:_identify(ENPM_808X_FINAL) by extensions ['colcon_meta']
[0.331s] Level 1:colcon.colcon_core.package_identification:_identify(ENPM_808X_FINAL) by extension 'colcon_meta'
[0.331s] Level 1:colcon.colcon_core.package_identification:_identify(ENPM_808X_FINAL) by extensions ['ros']
[0.331s] Level 1:colcon.colcon_core.package_identification:_identify(ENPM_808X_FINAL) by extension 'ros'
[0.333s] DEBUG:colcon.colcon_core.package_identification:Package 'ENPM_808X_FINAL' with type 'ros.ament_cmake' and name 'tb3'
[0.333s] Level 1:colcon.colcon_core.package_identification:_identify(build) by extensions ['ignore', 'ignore_ament_install']
[0.333s] Level 1:colcon.colcon_core.package_identification:_identify(build) by extension 'ignore'
[0.333s] Level 1:colcon.colcon_core.package_identification:_identify(build) ignored
[0.333s] Level 1:colcon.colcon_core.package_identification:_identify(install) by extensions ['ignore', 'ignore_ament_install']
[0.333s] Level 1:colcon.colcon_core.package_identification:_identify(install) by extension 'ignore'
[0.333s] Level 1:colcon.colcon_core.package_identification:_identify(install) ignored
[0.333s] Level 1:colcon.colcon_core.package_identification:_identify(log) by extensions ['ignore', 'ignore_ament_install']
[0.333s] Level 1:colcon.colcon_core.package_identification:_identify(log) by extension 'ignore'
[0.333s] Level 1:colcon.colcon_core.package_identification:_identify(log) ignored
[0.333s] Level 1:colcon.colcon_core.package_identification:_identify(ros2_aruco) by extensions ['ignore', 'ignore_ament_install']
[0.333s] Level 1:colcon.colcon_core.package_identification:_identify(ros2_aruco) by extension 'ignore'
[0.334s] Level 1:colcon.colcon_core.package_identification:_identify(ros2_aruco) by extension 'ignore_ament_install'
[0.334s] Level 1:colcon.colcon_core.package_identification:_identify(ros2_aruco) by extensions ['colcon_pkg']
[0.334s] Level 1:colcon.colcon_core.package_identification:_identify(ros2_aruco) by extension 'colcon_pkg'
[0.334s] Level 1:colcon.colcon_core.package_identification:_identify(ros2_aruco) by extensions ['colcon_meta']
[0.334s] Level 1:colcon.colcon_core.package_identification:_identify(ros2_aruco) by extension 'colcon_meta'
[0.334s] Level 1:colcon.colcon_core.package_identification:_identify(ros2_aruco) by extensions ['ros']
[0.334s] Level 1:colcon.colcon_core.package_identification:_identify(ros2_aruco) by extension 'ros'
[0.334s] DEBUG:colcon.colcon_core.package_identification:Package 'ros2_aruco' with type 'ros.ament_python' and name 'ros2_aruco'
[0.334s] Level 1:colcon.colcon_core.package_identification:_identify(tutorial_interfaces) by extensions ['ignore', 'ignore_ament_install']
[0.334s] Level 1:colcon.colcon_core.package_identification:_identify(tutorial_interfaces) by extension 'ignore'
[0.334s] Level 1:colcon.colcon_core.package_identification:_identify(tutorial_interfaces) by extension 'ignore_ament_install'
[0.334s] Level 1:colcon.colcon_core.package_identification:_identify(tutorial_interfaces) by extensions ['colcon_pkg']
[0.334s] Level 1:colcon.colcon_core.package_identification:_identify(tutorial_interfaces) by extension 'colcon_pkg'
[0.334s] Level 1:colcon.colcon_core.package_identification:_identify(tutorial_interfaces) by extensions ['colcon_meta']
[0.334s] Level 1:colcon.colcon_core.package_identification:_identify(tutorial_interfaces) by extension 'colcon_meta'
[0.334s] Level 1:colcon.colcon_core.package_identification:_identify(tutorial_interfaces) by extensions ['ros']
[0.334s] Level 1:colcon.colcon_core.package_identification:_identify(tutorial_interfaces) by extension 'ros'
[0.335s] DEBUG:colcon.colcon_core.package_identification:Package 'tutorial_interfaces' with type 'ros.ament_cmake' and name 'tutorial_interfaces'
[0.335s] Level 1:colcon.colcon_core.package_discovery:discover_packages(recursive) using defaults
[0.335s] Level 1:colcon.colcon_core.package_discovery:discover_packages(ignore) discover
[0.335s] Level 1:colcon.colcon_core.package_discovery:discover_packages(ignore) using defaults
[0.335s] Level 1:colcon.colcon_core.package_discovery:discover_packages(path) discover
[0.335s] Level 1:colcon.colcon_core.package_discovery:discover_packages(path) using defaults
[0.356s] Level 5:colcon.colcon_core.verb:set package 'ros2_aruco' build argument 'cmake_args' from command line to 'None'
[0.356s] Level 5:colcon.colcon_core.verb:set package 'ros2_aruco' build argument 'cmake_target' from command line to 'None'
[0.356s] Level 5:colcon.colcon_core.verb:set package 'ros2_aruco' build argument 'cmake_target_skip_unavailable' from command line to 'False'
[0.356s] Level 5:colcon.colcon_core.verb:set package 'ros2_aruco' build argument 'cmake_clean_cache' from command line to 'False'
[0.356s] Level 5:colcon.colcon_core.verb:set package 'ros2_aruco' build argument 'cmake_clean_first' from command line to 'False'
[0.356s] Level 5:colcon.colcon_core.verb:set package 'ros2_aruco' build argument 'cmake_force_configure' from command line to 'False'
[0.356s] Level 5:colcon.colcon_core.verb:set package 'ros2_aruco' build argument 'ament_cmake_args' from command line to 'None'
[0.356s] Level 5:colcon.colcon_core.verb:set package 'ros2_aruco' build argument 'catkin_cmake_args' from command line to 'None'
[0.356s] Level 5:colcon.colcon_core.verb:set package 'ros2_aruco' build argument 'catkin_skip_building_tests' from command line to 'False'
[0.356s] DEBUG:colcon.colcon_core.verb:Building package 'ros2_aruco' with the following arguments: {'ament_cmake_args': None, 'build_base': '/home/chotu/ros2_ws/src/ENPM_808X_FINAL/build/ros2_aruco', 'catkin_cmake_args': None, 'catkin_skip_building_tests': False, 'cmake_args': None, 'cmake_clean_cache': False, 'cmake_clean_first': False, 'cmake_force_configure': False, 'cmake_target': None, 'cmake_target_skip_unavailable': False, 'install_base': '/home/chotu/ros2_ws/src/ENPM_808X_FINAL/install/ros2_aruco', 'merge_install': False, 'path': '/home/chotu/ros2_ws/src/ENPM_808X_FINAL/ros2_aruco', 'symlink_install': False, 'test_result_base': None}
[0.357s] Level 5:colcon.colcon_core.verb:set package 'tutorial_interfaces' build argument 'cmake_args' from command line to 'None'
[0.357s] Level 5:colcon.colcon_core.verb:set package 'tutorial_interfaces' build argument 'cmake_target' from command line to 'None'
[0.357s] Level 5:colcon.colcon_core.verb:set package 'tutorial_interfaces' build argument 'cmake_target_skip_unavailable' from command line to 'False'
[0.357s] Level 5:colcon.colcon_core.verb:set package 'tutorial_interfaces' build argument 'cmake_clean_cache' from command line to 'False'
[0.357s] Level 5:colcon.colcon_core.verb:set package 'tutorial_interfaces' build argument 'cmake_clean_first' from command line to 'False'
[0.357s] Level 5:colcon.colcon_core.verb:set package 'tutorial_interfaces' build argument 'cmake_force_configure' from command line to 'False'
[0.357s] Level 5:colcon.colcon_core.verb:set package 'tutorial_interfaces' build argument 'ament_cmake_args' from command line to 'None'
[0.357s] Level 5:colcon.colcon_core.verb:set package 'tutorial_interfaces' build argument 'catkin_cmake_args' from command line to 'None'
[0.357s] Level 5:colcon.colcon_core.verb:set package 'tutorial_interfaces' build argument 'catkin_skip_building_tests' from command line to 'False'
[0.357s] DEBUG:colcon.colcon_core.verb:Building package 'tutorial_interfaces' with the following arguments: {'ament_cmake_args': None, 'build_base': '/home/chotu/ros2_ws/src/ENPM_808X_FINAL/build/tutorial_interfaces', 'catkin_cmake_args': None, 'catkin_skip_building_tests': False, 'cmake_args': None, 'cmake_clean_cache': False, 'cmake_clean_first': False, 'cmake_force_configure': False, 'cmake_target': None, 'cmake_target_skip_unavailable': False, 'install_base': '/home/chotu/ros2_ws/src/ENPM_808X_FINAL/install/tutorial_interfaces', 'merge_install': False, 'path': '/home/chotu/ros2_ws/src/ENPM_808X_FINAL/tutorial_interfaces', 'symlink_install': False, 'test_result_base': None}
[0.358s] Level 5:colcon.colcon_core.verb:set package 'tb3' build argument 'cmake_args' from command line to 'None'
[0.358s] Level 5:colcon.colcon_core.verb:set package 'tb3' build argument 'cmake_target' from command line to 'None'
[0.358s] Level 5:colcon.colcon_core.verb:set package 'tb3' build argument 'cmake_target_skip_unavailable' from command line to 'False'
[0.358s] Level 5:colcon.colcon_core.verb:set package 'tb3' build argument 'cmake_clean_cache' from command line to 'False'
[0.358s] Level 5:colcon.colcon_core.verb:set package 'tb3' build argument 'cmake_clean_first' from command line to 'False'
[0.358s] Level 5:colcon.colcon_core.verb:set package 'tb3' build argument 'cmake_force_configure' from command line to 'False'
[0.358s] Level 5:colcon.colcon_core.verb:set package 'tb3' build argument 'ament_cmake_args' from command line to 'None'
[0.358s] Level 5:colcon.colcon_core.verb:set package 'tb3' build argument 'catkin_cmake_args' from command line to 'None'
[0.358s] Level 5:colcon.colcon_core.verb:set package 'tb3' build argument 'catkin_skip_building_tests' from command line to 'False'
[0.358s] DEBUG:colcon.colcon_core.verb:Building package 'tb3' with the following arguments: {'ament_cmake_args': None, 'build_base': '/home/chotu/ros2_ws/src/ENPM_808X_FINAL/build/tb3', 'catkin_cmake_args': None, 'catkin_skip_building_tests': False, 'cmake_args': None, 'cmake_clean_cache': False, 'cmake_clean_first': False, 'cmake_force_configure': False, 'cmake_target': None, 'cmake_target_skip_unavailable': False, 'install_base': '/home/chotu/ros2_ws/src/ENPM_808X_FINAL/install/tb3', 'merge_install': False, 'path': '/home/chotu/ros2_ws/src/ENPM_808X_FINAL/ENPM_808X_FINAL', 'symlink_install': False, 'test_result_base': None}
[0.359s] INFO:colcon.colcon_core.executor:Executing jobs using 'parallel' executor
[0.361s] DEBUG:colcon.colcon_parallel_executor.executor.parallel:run_until_complete
[0.361s] INFO:colcon.colcon_ros.task.ament_cmake.build:Building ROS package in '/home/chotu/ros2_ws/src/ENPM_808X_FINAL/tutorial_interfaces' with build type 'ament_cmake'
[0.361s] INFO:colcon.colcon_cmake.task.cmake.build:Building CMake package in '/home/chotu/ros2_ws/src/ENPM_808X_FINAL/tutorial_interfaces'
[0.366s] INFO:colcon.colcon_core.plugin_system:Skipping extension 'colcon_core.shell.bat': Not used on non-Windows systems
[0.366s] INFO:colcon.colcon_core.shell:Skip shell extension 'powershell' for command environment: Not usable outside of PowerShell
[0.366s] DEBUG:colcon.colcon_core.shell:Skip shell extension 'dsv' for command environment
[0.370s] INFO:colcon.colcon_ros.task.ament_python.build:Building ROS package in '/home/chotu/ros2_ws/src/ENPM_808X_FINAL/ros2_aruco' with build type 'ament_python'
[0.370s] Level 1:colcon.colcon_core.shell:create_environment_hook('ros2_aruco', 'ament_prefix_path')
[0.371s] INFO:colcon.colcon_core.shell:Creating environment hook '/home/chotu/ros2_ws/src/ENPM_808X_FINAL/install/ros2_aruco/share/ros2_aruco/hook/ament_prefix_path.ps1'
[0.372s] INFO:colcon.colcon_core.shell:Creating environment descriptor '/home/chotu/ros2_ws/src/ENPM_808X_FINAL/install/ros2_aruco/share/ros2_aruco/hook/ament_prefix_path.dsv'
[0.372s] INFO:colcon.colcon_core.shell:Creating environment hook '/home/chotu/ros2_ws/src/ENPM_808X_FINAL/install/ros2_aruco/share/ros2_aruco/hook/ament_prefix_path.sh'
[0.373s] INFO:colcon.colcon_core.shell:Skip shell extension 'powershell' for command environment: Not usable outside of PowerShell
[0.373s] DEBUG:colcon.colcon_core.shell:Skip shell extension 'dsv' for command environment
[0.377s] DEBUG:colcon.colcon_core.event_handler.log_command:Invoking command in '/home/chotu/ros2_ws/src/ENPM_808X_FINAL/build/tutorial_interfaces': CMAKE_PREFIX_PATH=/opt/ros/humble /usr/bin/cmake /home/chotu/ros2_ws/src/ENPM_808X_FINAL/tutorial_interfaces -DCMAKE_INSTALL_PREFIX=/home/chotu/ros2_ws/src/ENPM_808X_FINAL/install/tutorial_interfaces
[0.529s] INFO:colcon.colcon_core.task.python.build:Building Python package in '/home/chotu/ros2_ws/src/ENPM_808X_FINAL/ros2_aruco'
[0.530s] INFO:colcon.colcon_core.shell:Skip shell extension 'powershell' for command environment: Not usable outside of PowerShell
[0.530s] DEBUG:colcon.colcon_core.shell:Skip shell extension 'dsv' for command environment
[0.743s] DEBUG:colcon.colcon_core.event_handler.log_command:Invoking command in '/home/chotu/ros2_ws/src/ENPM_808X_FINAL/ros2_aruco': PYTHONPATH=/home/chotu/ros2_ws/src/ENPM_808X_FINAL/build/ros2_aruco/prefix_override:/home/chotu/ros2_ws/src/ENPM_808X_FINAL/install/ros2_aruco/lib/python3.10/site-packages:${PYTHONPATH} /usr/bin/python3 setup.py egg_info --egg-base ../build/ros2_aruco build --build-base /home/chotu/ros2_ws/src/ENPM_808X_FINAL/build/ros2_aruco/build install --record /home/chotu/ros2_ws/src/ENPM_808X_FINAL/build/ros2_aruco/install.log --install-scripts $base/lib/ros2_aruco --single-version-externally-managed
[0.925s] DEBUG:colcon.colcon_core.event_handler.log_command:Invoked command in '/home/chotu/ros2_ws/src/ENPM_808X_FINAL/ros2_aruco' returned '0': PYTHONPATH=/home/chotu/ros2_ws/src/ENPM_808X_FINAL/build/ros2_aruco/prefix_override:/home/chotu/ros2_ws/src/ENPM_808X_FINAL/install/ros2_aruco/lib/python3.10/site-packages:${PYTHONPATH} /usr/bin/python3 setup.py egg_info --egg-base ../build/ros2_aruco build --build-base /home/chotu/ros2_ws/src/ENPM_808X_FINAL/build/ros2_aruco/build install --record /home/chotu/ros2_ws/src/ENPM_808X_FINAL/build/ros2_aruco/install.log --install-scripts $base/lib/ros2_aruco --single-version-externally-managed
[0.930s] Level 1:colcon.colcon_core.environment:checking '/home/chotu/ros2_ws/src/ENPM_808X_FINAL/install/ros2_aruco' for CMake module files
[0.931s] Level 1:colcon.colcon_core.environment:checking '/home/chotu/ros2_ws/src/ENPM_808X_FINAL/install/ros2_aruco' for CMake config files
[0.931s] Level 1:colcon.colcon_core.environment:checking '/home/chotu/ros2_ws/src/ENPM_808X_FINAL/install/ros2_aruco/lib'
[0.931s] Level 1:colcon.colcon_core.environment:checking '/home/chotu/ros2_ws/src/ENPM_808X_FINAL/install/ros2_aruco/bin'
[0.931s] Level 1:colcon.colcon_core.environment:checking '/home/chotu/ros2_ws/src/ENPM_808X_FINAL/install/ros2_aruco/lib/pkgconfig/ros2_aruco.pc'
[0.931s] Level 1:colcon.colcon_core.environment:checking '/home/chotu/ros2_ws/src/ENPM_808X_FINAL/install/ros2_aruco/lib/python3.10/site-packages'
[0.931s] Level 1:colcon.colcon_core.shell:create_environment_hook('ros2_aruco', 'pythonpath')
[0.932s] INFO:colcon.colcon_core.shell:Creating environment hook '/home/chotu/ros2_ws/src/ENPM_808X_FINAL/install/ros2_aruco/share/ros2_aruco/hook/pythonpath.ps1'
[0.933s] INFO:colcon.colcon_core.shell:Creating environment descriptor '/home/chotu/ros2_ws/src/ENPM_808X_FINAL/install/ros2_aruco/share/ros2_aruco/hook/pythonpath.dsv'
[0.933s] INFO:colcon.colcon_core.shell:Creating environment hook '/home/chotu/ros2_ws/src/ENPM_808X_FINAL/install/ros2_aruco/share/ros2_aruco/hook/pythonpath.sh'
[0.933s] Level 1:colcon.colcon_core.environment:checking '/home/chotu/ros2_ws/src/ENPM_808X_FINAL/install/ros2_aruco/bin'
[0.933s] Level 1:colcon.colcon_core.environment:create_environment_scripts_only(ros2_aruco)
[0.934s] INFO:colcon.colcon_core.shell:Creating package script '/home/chotu/ros2_ws/src/ENPM_808X_FINAL/install/ros2_aruco/share/ros2_aruco/package.ps1'
[0.934s] INFO:colcon.colcon_core.shell:Creating package descriptor '/home/chotu/ros2_ws/src/ENPM_808X_FINAL/install/ros2_aruco/share/ros2_aruco/package.dsv'
[0.935s] INFO:colcon.colcon_core.shell:Creating package script '/home/chotu/ros2_ws/src/ENPM_808X_FINAL/install/ros2_aruco/share/ros2_aruco/package.sh'
[0.935s] INFO:colcon.colcon_core.shell:Creating package script '/home/chotu/ros2_ws/src/ENPM_808X_FINAL/install/ros2_aruco/share/ros2_aruco/package.bash'
[0.936s] INFO:colcon.colcon_core.shell:Creating package script '/home/chotu/ros2_ws/src/ENPM_808X_FINAL/install/ros2_aruco/share/ros2_aruco/package.zsh'
[0.936s] Level 1:colcon.colcon_core.environment:create_file_with_runtime_dependencies(/home/chotu/ros2_ws/src/ENPM_808X_FINAL/install/ros2_aruco/share/colcon-core/packages/ros2_aruco)
[1.678s] DEBUG:colcon.colcon_core.event_handler.log_command:Invoked command in '/home/chotu/ros2_ws/src/ENPM_808X_FINAL/build/tutorial_interfaces' returned '0': CMAKE_PREFIX_PATH=/opt/ros/humble /usr/bin/cmake /home/chotu/ros2_ws/src/ENPM_808X_FINAL/tutorial_interfaces -DCMAKE_INSTALL_PREFIX=/home/chotu/ros2_ws/src/ENPM_808X_FINAL/install/tutorial_interfaces
[1.679s] DEBUG:colcon.colcon_core.event_handler.log_command:Invoking command in '/home/chotu/ros2_ws/src/ENPM_808X_FINAL/build/tutorial_interfaces': CMAKE_PREFIX_PATH=/opt/ros/humble /usr/bin/cmake --build /home/chotu/ros2_ws/src/ENPM_808X_FINAL/build/tutorial_interfaces -- -j16 -l16
[2.857s] DEBUG:colcon.colcon_core.event_handler.log_command:Invoked command in '/home/chotu/ros2_ws/src/ENPM_808X_FINAL/build/tutorial_interfaces' returned '0': CMAKE_PREFIX_PATH=/opt/ros/humble /usr/bin/cmake --build /home/chotu/ros2_ws/src/ENPM_808X_FINAL/build/tutorial_interfaces -- -j16 -l16
[2.889s] DEBUG:colcon.colcon_core.event_handler.log_command:Invoking command in '/home/chotu/ros2_ws/src/ENPM_808X_FINAL/build/tutorial_interfaces': CMAKE_PREFIX_PATH=/opt/ros/humble /usr/bin/cmake --install /home/chotu/ros2_ws/src/ENPM_808X_FINAL/build/tutorial_interfaces
[2.927s] Level 1:colcon.colcon_core.environment:create_environment_scripts_only(tutorial_interfaces)
[2.927s] DEBUG:colcon.colcon_core.event_handler.log_command:Invoked command in '/home/chotu/ros2_ws/src/ENPM_808X_FINAL/build/tutorial_interfaces' returned '0': CMAKE_PREFIX_PATH=/opt/ros/humble /usr/bin/cmake --install /home/chotu/ros2_ws/src/ENPM_808X_FINAL/build/tutorial_interfaces
[2.929s] Level 1:colcon.colcon_core.environment:checking '/home/chotu/ros2_ws/src/ENPM_808X_FINAL/install/tutorial_interfaces' for CMake module files
[2.929s] Level 1:colcon.colcon_core.environment:checking '/home/chotu/ros2_ws/src/ENPM_808X_FINAL/install/tutorial_interfaces' for CMake config files
[2.929s] Level 1:colcon.colcon_core.shell:create_environment_hook('tutorial_interfaces', 'cmake_prefix_path')
[2.930s] INFO:colcon.colcon_core.shell:Creating environment hook '/home/chotu/ros2_ws/src/ENPM_808X_FINAL/install/tutorial_interfaces/share/tutorial_interfaces/hook/cmake_prefix_path.ps1'
[2.930s] INFO:colcon.colcon_core.shell:Creating environment descriptor '/home/chotu/ros2_ws/src/ENPM_808X_FINAL/install/tutorial_interfaces/share/tutorial_interfaces/hook/cmake_prefix_path.dsv'
[2.931s] INFO:colcon.colcon_core.shell:Creating environment hook '/home/chotu/ros2_ws/src/ENPM_808X_FINAL/install/tutorial_interfaces/share/tutorial_interfaces/hook/cmake_prefix_path.sh'
[2.931s] Level 1:colcon.colcon_core.environment:checking '/home/chotu/ros2_ws/src/ENPM_808X_FINAL/install/tutorial_interfaces/lib'
[2.931s] Level 1:colcon.colcon_core.shell:create_environment_hook('tutorial_interfaces', 'ld_library_path_lib')
[2.932s] INFO:colcon.colcon_core.shell:Creating environment hook '/home/chotu/ros2_ws/src/ENPM_808X_FINAL/install/tutorial_interfaces/share/tutorial_interfaces/hook/ld_library_path_lib.ps1'
[2.932s] INFO:colcon.colcon_core.shell:Creating environment descriptor '/home/chotu/ros2_ws/src/ENPM_808X_FINAL/install/tutorial_interfaces/share/tutorial_interfaces/hook/ld_library_path_lib.dsv'
[2.932s] INFO:colcon.colcon_core.shell:Creating environment hook '/home/chotu/ros2_ws/src/ENPM_808X_FINAL/install/tutorial_interfaces/share/tutorial_interfaces/hook/ld_library_path_lib.sh'
[2.932s] Level 1:colcon.colcon_core.environment:checking '/home/chotu/ros2_ws/src/ENPM_808X_FINAL/install/tutorial_interfaces/bin'
[2.932s] Level 1:colcon.colcon_core.environment:checking '/home/chotu/ros2_ws/src/ENPM_808X_FINAL/install/tutorial_interfaces/lib/pkgconfig/tutorial_interfaces.pc'
[2.932s] Level 1:colcon.colcon_core.environment:checking '/home/chotu/ros2_ws/src/ENPM_808X_FINAL/install/tutorial_interfaces/lib/python3.10/site-packages'
[2.933s] Level 1:colcon.colcon_core.environment:checking '/home/chotu/ros2_ws/src/ENPM_808X_FINAL/install/tutorial_interfaces/bin'
[2.933s] INFO:colcon.colcon_core.shell:Creating package script '/home/chotu/ros2_ws/src/ENPM_808X_FINAL/install/tutorial_interfaces/share/tutorial_interfaces/package.ps1'
[2.934s] INFO:colcon.colcon_core.shell:Creating package descriptor '/home/chotu/ros2_ws/src/ENPM_808X_FINAL/install/tutorial_interfaces/share/tutorial_interfaces/package.dsv'
[2.934s] INFO:colcon.colcon_core.shell:Creating package script '/home/chotu/ros2_ws/src/ENPM_808X_FINAL/install/tutorial_interfaces/share/tutorial_interfaces/package.sh'
[2.934s] INFO:colcon.colcon_core.shell:Creating package script '/home/chotu/ros2_ws/src/ENPM_808X_FINAL/install/tutorial_interfaces/share/tutorial_interfaces/package.bash'
[2.934s] INFO:colcon.colcon_core.shell:Creating package script '/home/chotu/ros2_ws/src/ENPM_808X_FINAL/install/tutorial_interfaces/share/tutorial_interfaces/package.zsh'
[2.934s] Level 1:colcon.colcon_core.environment:create_file_with_runtime_dependencies(/home/chotu/ros2_ws/src/ENPM_808X_FINAL/install/tutorial_interfaces/share/colcon-core/packages/tutorial_interfaces)
[2.964s] Level 1:colcon.colcon_core.environment:create_environment_scripts_only(tutorial_interfaces)
[2.965s] Level 1:colcon.colcon_core.environment:checking '/home/chotu/ros2_ws/src/ENPM_808X_FINAL/install/tutorial_interfaces' for CMake module files
[2.965s] Level 1:colcon.colcon_core.environment:checking '/home/chotu/ros2_ws/src/ENPM_808X_FINAL/install/tutorial_interfaces' for CMake config files
[2.966s] Level 1:colcon.colcon_core.shell:create_environment_hook('tutorial_interfaces', 'cmake_prefix_path')
[2.966s] INFO:colcon.colcon_core.shell:Creating environment hook '/home/chotu/ros2_ws/src/ENPM_808X_FINAL/install/tutorial_interfaces/share/tutorial_interfaces/hook/cmake_prefix_path.ps1'
[2.967s] INFO:colcon.colcon_core.shell:Creating environment descriptor '/home/chotu/ros2_ws/src/ENPM_808X_FINAL/install/tutorial_interfaces/share/tutorial_interfaces/hook/cmake_prefix_path.dsv'
[2.967s] INFO:colcon.colcon_core.shell:Creating environment hook '/home/chotu/ros2_ws/src/ENPM_808X_FINAL/install/tutorial_interfaces/share/tutorial_interfaces/hook/cmake_prefix_path.sh'
[2.967s] Level 1:colcon.colcon_core.environment:checking '/home/chotu/ros2_ws/src/ENPM_808X_FINAL/install/tutorial_interfaces/lib'
[2.967s] Level 1:colcon.colcon_core.shell:create_environment_hook('tutorial_interfaces', 'ld_library_path_lib')
[2.968s] INFO:colcon.colcon_core.shell:Creating environment hook '/home/chotu/ros2_ws/src/ENPM_808X_FINAL/install/tutorial_interfaces/share/tutorial_interfaces/hook/ld_library_path_lib.ps1'
[2.968s] INFO:colcon.colcon_core.shell:Creating environment descriptor '/home/chotu/ros2_ws/src/ENPM_808X_FINAL/install/tutorial_interfaces/share/tutorial_interfaces/hook/ld_library_path_lib.dsv'
[2.968s] INFO:colcon.colcon_core.shell:Creating environment hook '/home/chotu/ros2_ws/src/ENPM_808X_FINAL/install/tutorial_interfaces/share/tutorial_interfaces/hook/ld_library_path_lib.sh'
[2.968s] Level 1:colcon.colcon_core.environment:checking '/home/chotu/ros2_ws/src/ENPM_808X_FINAL/install/tutorial_interfaces/bin'
[2.968s] Level 1:colcon.colcon_core.environment:checking '/home/chotu/ros2_ws/src/ENPM_808X_FINAL/install/tutorial_interfaces/lib/pkgconfig/tutorial_interfaces.pc'
[2.969s] Level 1:colcon.colcon_core.environment:checking '/home/chotu/ros2_ws/src/ENPM_808X_FINAL/install/tutorial_interfaces/lib/python3.10/site-packages'
[2.969s] Level 1:colcon.colcon_core.environment:checking '/home/chotu/ros2_ws/src/ENPM_808X_FINAL/install/tutorial_interfaces/bin'
[2.970s] INFO:colcon.colcon_core.shell:Creating package script '/home/chotu/ros2_ws/src/ENPM_808X_FINAL/install/tutorial_interfaces/share/tutorial_interfaces/package.ps1'
[2.970s] INFO:colcon.colcon_core.shell:Creating package descriptor '/home/chotu/ros2_ws/src/ENPM_808X_FINAL/install/tutorial_interfaces/share/tutorial_interfaces/package.dsv'
[2.970s] INFO:colcon.colcon_core.shell:Creating package script '/home/chotu/ros2_ws/src/ENPM_808X_FINAL/install/tutorial_interfaces/share/tutorial_interfaces/package.sh'
[2.970s] INFO:colcon.colcon_core.shell:Creating package script '/home/chotu/ros2_ws/src/ENPM_808X_FINAL/install/tutorial_interfaces/share/tutorial_interfaces/package.bash'
[2.971s] INFO:colcon.colcon_core.shell:Creating package script '/home/chotu/ros2_ws/src/ENPM_808X_FINAL/install/tutorial_interfaces/share/tutorial_interfaces/package.zsh'
[2.971s] Level 1:colcon.colcon_core.environment:create_file_with_runtime_dependencies(/home/chotu/ros2_ws/src/ENPM_808X_FINAL/install/tutorial_interfaces/share/colcon-core/packages/tutorial_interfaces)
[2.971s] INFO:colcon.colcon_ros.task.ament_cmake.build:Building ROS package in '/home/chotu/ros2_ws/src/ENPM_808X_FINAL/ENPM_808X_FINAL' with build type 'ament_cmake'
[2.971s] INFO:colcon.colcon_cmake.task.cmake.build:Building CMake package in '/home/chotu/ros2_ws/src/ENPM_808X_FINAL/ENPM_808X_FINAL'
[2.972s] INFO:colcon.colcon_core.shell:Skip shell extension 'powershell' for command environment: Not usable outside of PowerShell
[2.972s] DEBUG:colcon.colcon_core.shell:Skip shell extension 'dsv' for command environment
[2.979s] DEBUG:colcon.colcon_core.event_handler.log_command:Invoking command in '/home/chotu/ros2_ws/src/ENPM_808X_FINAL/build/tb3': AMENT_PREFIX_PATH=/home/chotu/ros2_ws/src/ENPM_808X_FINAL/install/tutorial_interfaces:${AMENT_PREFIX_PATH} CMAKE_PREFIX_PATH=/home/chotu/ros2_ws/src/ENPM_808X_FINAL/install/tutorial_interfaces:/opt/ros/humble LD_LIBRARY_PATH=/home/chotu/ros2_ws/src/ENPM_808X_FINAL/install/tutorial_interfaces/lib:${LD_LIBRARY_PATH} PYTHONPATH=/home/chotu/ros2_ws/src/ENPM_808X_FINAL/install/tutorial_interfaces/local/lib/python3.10/dist-packages:${PYTHONPATH} /usr/bin/cmake /home/chotu/ros2_ws/src/ENPM_808X_FINAL/ENPM_808X_FINAL -DCMAKE_INSTALL_PREFIX=/home/chotu/ros2_ws/src/ENPM_808X_FINAL/install/tb3
[4.894s] DEBUG:colcon.colcon_core.event_handler.log_command:Invoked command in '/home/chotu/ros2_ws/src/ENPM_808X_FINAL/build/tb3' returned '0': AMENT_PREFIX_PATH=/home/chotu/ros2_ws/src/ENPM_808X_FINAL/install/tutorial_interfaces:${AMENT_PREFIX_PATH} CMAKE_PREFIX_PATH=/home/chotu/ros2_ws/src/ENPM_808X_FINAL/install/tutorial_interfaces:/opt/ros/humble LD_LIBRARY_PATH=/home/chotu/ros2_ws/src/ENPM_808X_FINAL/install/tutorial_interfaces/lib:${LD_LIBRARY_PATH} PYTHONPATH=/home/chotu/ros2_ws/src/ENPM_808X_FINAL/install/tutorial_interfaces/local/lib/python3.10/dist-packages:${PYTHONPATH} /usr/bin/cmake /home/chotu/ros2_ws/src/ENPM_808X_FINAL/ENPM_808X_FINAL -DCMAKE_INSTALL_PREFIX=/home/chotu/ros2_ws/src/ENPM_808X_FINAL/install/tb3
[4.895s] DEBUG:colcon.colcon_core.event_handler.log_command:Invoking command in '/home/chotu/ros2_ws/src/ENPM_808X_FINAL/build/tb3': AMENT_PREFIX_PATH=/home/chotu/ros2_ws/src/ENPM_808X_FINAL/install/tutorial_interfaces:${AMENT_PREFIX_PATH} CMAKE_PREFIX_PATH=/home/chotu/ros2_ws/src/ENPM_808X_FINAL/install/tutorial_interfaces:/opt/ros/humble LD_LIBRARY_PATH=/home/chotu/ros2_ws/src/ENPM_808X_FINAL/install/tutorial_interfaces/lib:${LD_LIBRARY_PATH} PYTHONPATH=/home/chotu/ros2_ws/src/ENPM_808X_FINAL/install/tutorial_interfaces/local/lib/python3.10/dist-packages:${PYTHONPATH} /usr/bin/cmake --build /home/chotu/ros2_ws/src/ENPM_808X_FINAL/build/tb3 -- -j16 -l16
[15.704s] DEBUG:colcon.colcon_core.event_handler.log_command:Invoked command in '/home/chotu/ros2_ws/src/ENPM_808X_FINAL/build/tb3' returned '0': AMENT_PREFIX_PATH=/home/chotu/ros2_ws/src/ENPM_808X_FINAL/install/tutorial_interfaces:${AMENT_PREFIX_PATH} CMAKE_PREFIX_PATH=/home/chotu/ros2_ws/src/ENPM_808X_FINAL/install/tutorial_interfaces:/opt/ros/humble LD_LIBRARY_PATH=/home/chotu/ros2_ws/src/ENPM_808X_FINAL/install/tutorial_interfaces/lib:${LD_LIBRARY_PATH} PYTHONPATH=/home/chotu/ros2_ws/src/ENPM_808X_FINAL/install/tutorial_interfaces/local/lib/python3.10/dist-packages:${PYTHONPATH} /usr/bin/cmake --build /home/chotu/ros2_ws/src/ENPM_808X_FINAL/build/tb3 -- -j16 -l16
[15.745s] DEBUG:colcon.colcon_core.event_handler.log_command:Invoking command in '/home/chotu/ros2_ws/src/ENPM_808X_FINAL/build/tb3': AMENT_PREFIX_PATH=/home/chotu/ros2_ws/src/ENPM_808X_FINAL/install/tutorial_interfaces:${AMENT_PREFIX_PATH} CMAKE_PREFIX_PATH=/home/chotu/ros2_ws/src/ENPM_808X_FINAL/install/tutorial_interfaces:/opt/ros/humble LD_LIBRARY_PATH=/home/chotu/ros2_ws/src/ENPM_808X_FINAL/install/tutorial_interfaces/lib:${LD_LIBRARY_PATH} PYTHONPATH=/home/chotu/ros2_ws/src/ENPM_808X_FINAL/install/tutorial_interfaces/local/lib/python3.10/dist-packages:${PYTHONPATH} /usr/bin/cmake --install /home/chotu/ros2_ws/src/ENPM_808X_FINAL/build/tb3
[15.793s] Level 1:colcon.colcon_core.environment:create_environment_scripts_only(tb3)
[15.793s] DEBUG:colcon.colcon_core.event_handler.log_command:Invoked command in '/home/chotu/ros2_ws/src/ENPM_808X_FINAL/build/tb3' returned '0': AMENT_PREFIX_PATH=/home/chotu/ros2_ws/src/ENPM_808X_FINAL/install/tutorial_interfaces:${AMENT_PREFIX_PATH} CMAKE_PREFIX_PATH=/home/chotu/ros2_ws/src/ENPM_808X_FINAL/install/tutorial_interfaces:/opt/ros/humble LD_LIBRARY_PATH=/home/chotu/ros2_ws/src/ENPM_808X_FINAL/install/tutorial_interfaces/lib:${LD_LIBRARY_PATH} PYTHONPATH=/home/chotu/ros2_ws/src/ENPM_808X_FINAL/install/tutorial_interfaces/local/lib/python3.10/dist-packages:${PYTHONPATH} /usr/bin/cmake --install /home/chotu/ros2_ws/src/ENPM_808X_FINAL/build/tb3
[15.795s] Level 1:colcon.colcon_core.environment:checking '/home/chotu/ros2_ws/src/ENPM_808X_FINAL/install/tb3' for CMake module files
[15.795s] Level 1:colcon.colcon_core.environment:checking '/home/chotu/ros2_ws/src/ENPM_808X_FINAL/install/tb3' for CMake config files
[15.795s] Level 1:colcon.colcon_core.shell:create_environment_hook('tb3', 'cmake_prefix_path')
[15.796s] INFO:colcon.colcon_core.shell:Creating environment hook '/home/chotu/ros2_ws/src/ENPM_808X_FINAL/install/tb3/share/tb3/hook/cmake_prefix_path.ps1'
[15.796s] INFO:colcon.colcon_core.shell:Creating environment descriptor '/home/chotu/ros2_ws/src/ENPM_808X_FINAL/install/tb3/share/tb3/hook/cmake_prefix_path.dsv'
[15.797s] INFO:colcon.colcon_core.shell:Creating environment hook '/home/chotu/ros2_ws/src/ENPM_808X_FINAL/install/tb3/share/tb3/hook/cmake_prefix_path.sh'
[15.797s] Level 1:colcon.colcon_core.environment:checking '/home/chotu/ros2_ws/src/ENPM_808X_FINAL/install/tb3/lib'
[15.797s] Level 1:colcon.colcon_core.shell:create_environment_hook('tb3', 'ld_library_path_lib')
[15.798s] INFO:colcon.colcon_core.shell:Creating environment hook '/home/chotu/ros2_ws/src/ENPM_808X_FINAL/install/tb3/share/tb3/hook/ld_library_path_lib.ps1'
[15.798s] INFO:colcon.colcon_core.shell:Creating environment descriptor '/home/chotu/ros2_ws/src/ENPM_808X_FINAL/install/tb3/share/tb3/hook/ld_library_path_lib.dsv'
[15.798s] INFO:colcon.colcon_core.shell:Creating environment hook '/home/chotu/ros2_ws/src/ENPM_808X_FINAL/install/tb3/share/tb3/hook/ld_library_path_lib.sh'
[15.798s] Level 1:colcon.colcon_core.environment:checking '/home/chotu/ros2_ws/src/ENPM_808X_FINAL/install/tb3/bin'
[15.798s] Level 1:colcon.colcon_core.environment:checking '/home/chotu/ros2_ws/src/ENPM_808X_FINAL/install/tb3/lib/pkgconfig/tb3.pc'
[15.798s] Level 1:colcon.colcon_core.environment:checking '/home/chotu/ros2_ws/src/ENPM_808X_FINAL/install/tb3/lib/python3.10/site-packages'
[15.799s] Level 1:colcon.colcon_core.environment:checking '/home/chotu/ros2_ws/src/ENPM_808X_FINAL/install/tb3/bin'
[15.799s] INFO:colcon.colcon_core.shell:Creating package script '/home/chotu/ros2_ws/src/ENPM_808X_FINAL/install/tb3/share/tb3/package.ps1'
[15.800s] INFO:colcon.colcon_core.shell:Creating package descriptor '/home/chotu/ros2_ws/src/ENPM_808X_FINAL/install/tb3/share/tb3/package.dsv'
[15.800s] INFO:colcon.colcon_core.shell:Creating package script '/home/chotu/ros2_ws/src/ENPM_808X_FINAL/install/tb3/share/tb3/package.sh'
[15.800s] INFO:colcon.colcon_core.shell:Creating package script '/home/chotu/ros2_ws/src/ENPM_808X_FINAL/install/tb3/share/tb3/package.bash'
[15.800s] INFO:colcon.colcon_core.shell:Creating package script '/home/chotu/ros2_ws/src/ENPM_808X_FINAL/install/tb3/share/tb3/package.zsh'
[15.801s] Level 1:colcon.colcon_core.environment:create_file_with_runtime_dependencies(/home/chotu/ros2_ws/src/ENPM_808X_FINAL/install/tb3/share/colcon-core/packages/tb3)
[15.843s] Level 1:colcon.colcon_core.environment:create_environment_scripts_only(tb3)
[15.844s] Level 1:colcon.colcon_core.environment:checking '/home/chotu/ros2_ws/src/ENPM_808X_FINAL/install/tb3' for CMake module files
[15.844s] Level 1:colcon.colcon_core.environment:checking '/home/chotu/ros2_ws/src/ENPM_808X_FINAL/install/tb3' for CMake config files
[15.845s] Level 1:colcon.colcon_core.shell:create_environment_hook('tb3', 'cmake_prefix_path')
[15.846s] INFO:colcon.colcon_core.shell:Creating environment hook '/home/chotu/ros2_ws/src/ENPM_808X_FINAL/install/tb3/share/tb3/hook/cmake_prefix_path.ps1'
[15.846s] INFO:colcon.colcon_core.shell:Creating environment descriptor '/home/chotu/ros2_ws/src/ENPM_808X_FINAL/install/tb3/share/tb3/hook/cmake_prefix_path.dsv'
[15.846s] INFO:colcon.colcon_core.shell:Creating environment hook '/home/chotu/ros2_ws/src/ENPM_808X_FINAL/install/tb3/share/tb3/hook/cmake_prefix_path.sh'
[15.846s] Level 1:colcon.colcon_core.environment:checking '/home/chotu/ros2_ws/src/ENPM_808X_FINAL/install/tb3/lib'
[15.846s] Level 1:colcon.colcon_core.shell:create_environment_hook('tb3', 'ld_library_path_lib')
[15.847s] INFO:colcon.colcon_core.shell:Creating environment hook '/home/chotu/ros2_ws/src/ENPM_808X_FINAL/install/tb3/share/tb3/hook/ld_library_path_lib.ps1'
[15.847s] INFO:colcon.colcon_core.shell:Creating environment descriptor '/home/chotu/ros2_ws/src/ENPM_808X_FINAL/install/tb3/share/tb3/hook/ld_library_path_lib.dsv'
[15.848s] INFO:colcon.colcon_core.shell:Creating environment hook '/home/chotu/ros2_ws/src/ENPM_808X_FINAL/install/tb3/share/tb3/hook/ld_library_path_lib.sh'
[15.848s] Level 1:colcon.colcon_core.environment:checking '/home/chotu/ros2_ws/src/ENPM_808X_FINAL/install/tb3/bin'
[15.848s] Level 1:colcon.colcon_core.environment:checking '/home/chotu/ros2_ws/src/ENPM_808X_FINAL/install/tb3/lib/pkgconfig/tb3.pc'
[15.848s] Level 1:colcon.colcon_core.environment:checking '/home/chotu/ros2_ws/src/ENPM_808X_FINAL/install/tb3/lib/python3.10/site-packages'
[15.848s] Level 1:colcon.colcon_core.environment:checking '/home/chotu/ros2_ws/src/ENPM_808X_FINAL/install/tb3/bin'
[15.849s] INFO:colcon.colcon_core.shell:Creating package script '/home/chotu/ros2_ws/src/ENPM_808X_FINAL/install/tb3/share/tb3/package.ps1'
[15.849s] INFO:colcon.colcon_core.shell:Creating package descriptor '/home/chotu/ros2_ws/src/ENPM_808X_FINAL/install/tb3/share/tb3/package.dsv'
[15.849s] INFO:colcon.colcon_core.shell:Creating package script '/home/chotu/ros2_ws/src/ENPM_808X_FINAL/install/tb3/share/tb3/package.sh'
[15.850s] INFO:colcon.colcon_core.shell:Creating package script '/home/chotu/ros2_ws/src/ENPM_808X_FINAL/install/tb3/share/tb3/package.bash'
[15.850s] INFO:colcon.colcon_core.shell:Creating package script '/home/chotu/ros2_ws/src/ENPM_808X_FINAL/install/tb3/share/tb3/package.zsh'
[15.850s] Level 1:colcon.colcon_core.environment:create_file_with_runtime_dependencies(/home/chotu/ros2_ws/src/ENPM_808X_FINAL/install/tb3/share/colcon-core/packages/tb3)
[15.850s] DEBUG:colcon.colcon_parallel_executor.executor.parallel:closing loop
[15.850s] DEBUG:colcon.colcon_parallel_executor.executor.parallel:loop closed
[15.850s] DEBUG:colcon.colcon_parallel_executor.executor.parallel:run_until_complete finished with '0'
[15.851s] DEBUG:colcon.colcon_core.event_reactor:joining thread
[15.855s] INFO:colcon.colcon_core.plugin_system:Skipping extension 'colcon_notification.desktop_notification.notify_send': Could not find 'notify-send'
[15.855s] INFO:colcon.colcon_core.plugin_system:Skipping extension 'colcon_notification.desktop_notification.terminal_notifier': Not used on non-Darwin systems
[15.855s] INFO:colcon.colcon_core.plugin_system:Skipping extension 'colcon_notification.desktop_notification.win32': Not used on non-Windows systems
[15.856s] INFO:colcon.colcon_notification.desktop_notification:Sending desktop notification using 'notify2'
[15.857s] DEBUG:colcon.colcon_notification.desktop_notification.notify2:Failed to initialize notify2: org.freedesktop.DBus.Error.Spawn.ExecFailed: /usr/bin/dbus-launch terminated abnormally without any error message
[15.857s] DEBUG:colcon.colcon_core.event_reactor:joined thread
[15.858s] INFO:colcon.colcon_core.shell:Creating prefix script '/home/chotu/ros2_ws/src/ENPM_808X_FINAL/install/local_setup.ps1'
[15.859s] INFO:colcon.colcon_core.shell:Creating prefix util module '/home/chotu/ros2_ws/src/ENPM_808X_FINAL/install/_local_setup_util_ps1.py'
[15.860s] INFO:colcon.colcon_core.shell:Creating prefix chain script '/home/chotu/ros2_ws/src/ENPM_808X_FINAL/install/setup.ps1'
[15.861s] INFO:colcon.colcon_core.shell:Creating prefix script '/home/chotu/ros2_ws/src/ENPM_808X_FINAL/install/local_setup.sh'
[15.861s] INFO:colcon.colcon_core.shell:Creating prefix util module '/home/chotu/ros2_ws/src/ENPM_808X_FINAL/install/_local_setup_util_sh.py'
[15.862s] INFO:colcon.colcon_core.shell:Creating prefix chain script '/home/chotu/ros2_ws/src/ENPM_808X_FINAL/install/setup.sh'
[15.863s] INFO:colcon.colcon_core.shell:Creating prefix script '/home/chotu/ros2_ws/src/ENPM_808X_FINAL/install/local_setup.bash'
[15.863s] INFO:colcon.colcon_core.shell:Creating prefix chain script '/home/chotu/ros2_ws/src/ENPM_808X_FINAL/install/setup.bash'
[15.864s] INFO:colcon.colcon_core.shell:Creating prefix script '/home/chotu/ros2_ws/src/ENPM_808X_FINAL/install/local_setup.zsh'
[15.864s] INFO:colcon.colcon_core.shell:Creating prefix chain script '/home/chotu/ros2_ws/src/ENPM_808X_FINAL/install/setup.zsh'
