[0.014s] Invoking command in '/home/chotu/ros2_ws/src/ENPM_808X_FINAL/build/tutorial_interfaces': CMAKE_PREFIX_PATH=${CMAKE_PREFIX_PATH}:/home/chotu/ros2_ws/src/ENPM_808X_FINAL/install/ros2_aruco:/opt/ros/humble /usr/bin/cmake --build /home/chotu/ros2_ws/src/ENPM_808X_FINAL/build/tutorial_interfaces -- -j16 -l16
[0.040s] [35m[1mConsolidate compiler generated dependencies of target tutorial_interfaces__rosidl_generator_c[0m
[0.045s] [  3%] Built target tutorial_interfaces__cpp
[0.045s] [ 12%] Built target tutorial_interfaces__rosidl_generator_c
[0.052s] [ 12%] Built target ament_cmake_python_copy_tutorial_interfaces
[0.052s] [35m[1mConsolidate compiler generated dependencies of target tutorial_interfaces__rosidl_typesupport_introspection_c[0m
[0.052s] [35m[1mConsolidate compiler generated dependencies of target tutorial_interfaces__rosidl_typesupport_fastrtps_cpp[0m
[0.052s] [35m[1mConsolidate compiler generated dependencies of target tutorial_interfaces__rosidl_typesupport_introspection_cpp[0m
[0.052s] [35m[1mConsolidate compiler generated dependencies of target tutorial_interfaces__rosidl_typesupport_c[0m
[0.052s] [35m[1mConsolidate compiler generated dependencies of target tutorial_interfaces__rosidl_typesupport_cpp[0m
[0.058s] [ 22%] Built target tutorial_interfaces__rosidl_typesupport_introspection_c
[0.058s] [ 32%] Built target tutorial_interfaces__rosidl_typesupport_c
[0.059s] [35m[1mConsolidate compiler generated dependencies of target tutorial_interfaces__rosidl_typesupport_fastrtps_c[0m
[0.059s] [ 48%] Built target tutorial_interfaces__rosidl_typesupport_introspection_cpp
[0.059s] [ 51%] Built target tutorial_interfaces__rosidl_typesupport_fastrtps_cpp
[0.060s] [ 61%] Built target tutorial_interfaces__rosidl_typesupport_cpp
[0.066s] [ 70%] Built target tutorial_interfaces__rosidl_typesupport_fastrtps_c
[0.078s] [ 70%] Built target tutorial_interfaces
[0.092s] [ 74%] Built target tutorial_interfaces__py
[0.098s] [35m[1mConsolidate compiler generated dependencies of target tutorial_interfaces__rosidl_generator_py[0m
[0.106s] [ 80%] Built target tutorial_interfaces__rosidl_generator_py
[0.112s] [35m[1mConsolidate compiler generated dependencies of target tutorial_interfaces__rosidl_typesupport_fastrtps_c__pyext[0m
[0.112s] [35m[1mConsolidate compiler generated dependencies of target tutorial_interfaces__rosidl_typesupport_introspection_c__pyext[0m
[0.112s] [35m[1mConsolidate compiler generated dependencies of target tutorial_interfaces__rosidl_typesupport_c__pyext[0m
[0.122s] [100%] Built target tutorial_interfaces__rosidl_typesupport_introspection_c__pyext
[0.122s] [100%] Built target tutorial_interfaces__rosidl_typesupport_c__pyext
[0.122s] [100%] Built target tutorial_interfaces__rosidl_typesupport_fastrtps_c__pyext
[0.197s] running egg_info
[0.198s] writing tutorial_interfaces.egg-info/PKG-INFO
[0.198s] writing dependency_links to tutorial_interfaces.egg-info/dependency_links.txt
[0.198s] writing top-level names to tutorial_interfaces.egg-info/top_level.txt
[0.199s] reading manifest file 'tutorial_interfaces.egg-info/SOURCES.txt'
[0.199s] writing manifest file 'tutorial_interfaces.egg-info/SOURCES.txt'
[0.218s] [100%] Built target ament_cmake_python_build_tutorial_interfaces_egg
[0.225s] Invoked command in '/home/chotu/ros2_ws/src/ENPM_808X_FINAL/build/tutorial_interfaces' returned '0': CMAKE_PREFIX_PATH=${CMAKE_PREFIX_PATH}:/home/chotu/ros2_ws/src/ENPM_808X_FINAL/install/ros2_aruco:/opt/ros/humble /usr/bin/cmake --build /home/chotu/ros2_ws/src/ENPM_808X_FINAL/build/tutorial_interfaces -- -j16 -l16
[0.261s] Invoking command in '/home/chotu/ros2_ws/src/ENPM_808X_FINAL/build/tutorial_interfaces': CMAKE_PREFIX_PATH=${CMAKE_PREFIX_PATH}:/home/chotu/ros2_ws/src/ENPM_808X_FINAL/install/ros2_aruco:/opt/ros/humble /usr/bin/cmake --install /home/chotu/ros2_ws/src/ENPM_808X_FINAL/build/tutorial_interfaces
[0.266s] -- Install configuration: ""
[0.266s] -- Up-to-date: /home/chotu/ros2_ws/src/ENPM_808X_FINAL/install/tutorial_interfaces/share/ament_index/resource_index/rosidl_interfaces/tutorial_interfaces
[0.266s] -- Up-to-date: /home/chotu/ros2_ws/src/ENPM_808X_FINAL/install/tutorial_interfaces/include/tutorial_interfaces/tutorial_interfaces
[0.266s] -- Up-to-date: /home/chotu/ros2_ws/src/ENPM_808X_FINAL/install/tutorial_interfaces/include/tutorial_interfaces/tutorial_interfaces/msg
[0.266s] -- Up-to-date: /home/chotu/ros2_ws/src/ENPM_808X_FINAL/install/tutorial_interfaces/include/tutorial_interfaces/tutorial_interfaces/msg/detail
[0.266s] -- Up-to-date: /home/chotu/ros2_ws/src/ENPM_808X_FINAL/install/tutorial_interfaces/include/tutorial_interfaces/tutorial_interfaces/msg/detail/num__type_support.h
[0.266s] -- Up-to-date: /home/chotu/ros2_ws/src/ENPM_808X_FINAL/install/tutorial_interfaces/include/tutorial_interfaces/tutorial_interfaces/msg/detail/num__functions.h
[0.266s] -- Up-to-date: /home/chotu/ros2_ws/src/ENPM_808X_FINAL/install/tutorial_interfaces/include/tutorial_interfaces/tutorial_interfaces/msg/detail/num__functions.c
[0.266s] -- Up-to-date: /home/chotu/ros2_ws/src/ENPM_808X_FINAL/install/tutorial_interfaces/include/tutorial_interfaces/tutorial_interfaces/msg/detail/num__struct.h
[0.266s] -- Up-to-date: /home/chotu/ros2_ws/src/ENPM_808X_FINAL/install/tutorial_interfaces/include/tutorial_interfaces/tutorial_interfaces/msg/num.h
[0.267s] -- Up-to-date: /home/chotu/ros2_ws/src/ENPM_808X_FINAL/install/tutorial_interfaces/include/tutorial_interfaces/tutorial_interfaces/msg/rosidl_generator_c__visibility_control.h
[0.267s] -- Up-to-date: /home/chotu/ros2_ws/src/ENPM_808X_FINAL/install/tutorial_interfaces/share/tutorial_interfaces/environment/library_path.sh
[0.267s] -- Up-to-date: /home/chotu/ros2_ws/src/ENPM_808X_FINAL/install/tutorial_interfaces/share/tutorial_interfaces/environment/library_path.dsv
[0.267s] -- Up-to-date: /home/chotu/ros2_ws/src/ENPM_808X_FINAL/install/tutorial_interfaces/lib/libtutorial_interfaces__rosidl_generator_c.so
[0.267s] -- Up-to-date: /home/chotu/ros2_ws/src/ENPM_808X_FINAL/install/tutorial_interfaces/include/tutorial_interfaces/tutorial_interfaces
[0.267s] -- Up-to-date: /home/chotu/ros2_ws/src/ENPM_808X_FINAL/install/tutorial_interfaces/include/tutorial_interfaces/tutorial_interfaces/msg
[0.267s] -- Up-to-date: /home/chotu/ros2_ws/src/ENPM_808X_FINAL/install/tutorial_interfaces/include/tutorial_interfaces/tutorial_interfaces/msg/detail
[0.267s] -- Up-to-date: /home/chotu/ros2_ws/src/ENPM_808X_FINAL/install/tutorial_interfaces/include/tutorial_interfaces/tutorial_interfaces/msg/detail/num__rosidl_typesupport_fastrtps_c.h
[0.267s] -- Up-to-date: /home/chotu/ros2_ws/src/ENPM_808X_FINAL/install/tutorial_interfaces/include/tutorial_interfaces/tutorial_interfaces/msg/rosidl_typesupport_fastrtps_c__visibility_control.h
[0.268s] -- Up-to-date: /home/chotu/ros2_ws/src/ENPM_808X_FINAL/install/tutorial_interfaces/lib/libtutorial_interfaces__rosidl_typesupport_fastrtps_c.so
[0.268s] -- Up-to-date: /home/chotu/ros2_ws/src/ENPM_808X_FINAL/install/tutorial_interfaces/include/tutorial_interfaces/tutorial_interfaces
[0.268s] -- Up-to-date: /home/chotu/ros2_ws/src/ENPM_808X_FINAL/install/tutorial_interfaces/include/tutorial_interfaces/tutorial_interfaces/msg
[0.268s] -- Up-to-date: /home/chotu/ros2_ws/src/ENPM_808X_FINAL/install/tutorial_interfaces/include/tutorial_interfaces/tutorial_interfaces/msg/detail
[0.268s] -- Up-to-date: /home/chotu/ros2_ws/src/ENPM_808X_FINAL/install/tutorial_interfaces/include/tutorial_interfaces/tutorial_interfaces/msg/detail/num__traits.hpp
[0.268s] -- Up-to-date: /home/chotu/ros2_ws/src/ENPM_808X_FINAL/install/tutorial_interfaces/include/tutorial_interfaces/tutorial_interfaces/msg/detail/num__struct.hpp
[0.268s] -- Up-to-date: /home/chotu/ros2_ws/src/ENPM_808X_FINAL/install/tutorial_interfaces/include/tutorial_interfaces/tutorial_interfaces/msg/detail/num__builder.hpp
[0.268s] -- Up-to-date: /home/chotu/ros2_ws/src/ENPM_808X_FINAL/install/tutorial_interfaces/include/tutorial_interfaces/tutorial_interfaces/msg/num.hpp
[0.268s] -- Up-to-date: /home/chotu/ros2_ws/src/ENPM_808X_FINAL/install/tutorial_interfaces/include/tutorial_interfaces/tutorial_interfaces
[0.268s] -- Up-to-date: /home/chotu/ros2_ws/src/ENPM_808X_FINAL/install/tutorial_interfaces/include/tutorial_interfaces/tutorial_interfaces/msg
[0.268s] -- Up-to-date: /home/chotu/ros2_ws/src/ENPM_808X_FINAL/install/tutorial_interfaces/include/tutorial_interfaces/tutorial_interfaces/msg/detail
[0.268s] -- Up-to-date: /home/chotu/ros2_ws/src/ENPM_808X_FINAL/install/tutorial_interfaces/include/tutorial_interfaces/tutorial_interfaces/msg/detail/dds_fastrtps
[0.268s] -- Up-to-date: /home/chotu/ros2_ws/src/ENPM_808X_FINAL/install/tutorial_interfaces/include/tutorial_interfaces/tutorial_interfaces/msg/detail/num__rosidl_typesupport_fastrtps_cpp.hpp
[0.268s] -- Up-to-date: /home/chotu/ros2_ws/src/ENPM_808X_FINAL/install/tutorial_interfaces/include/tutorial_interfaces/tutorial_interfaces/msg/rosidl_typesupport_fastrtps_cpp__visibility_control.h
[0.269s] -- Up-to-date: /home/chotu/ros2_ws/src/ENPM_808X_FINAL/install/tutorial_interfaces/lib/libtutorial_interfaces__rosidl_typesupport_fastrtps_cpp.so
[0.269s] -- Up-to-date: /home/chotu/ros2_ws/src/ENPM_808X_FINAL/install/tutorial_interfaces/include/tutorial_interfaces/tutorial_interfaces
[0.269s] -- Up-to-date: /home/chotu/ros2_ws/src/ENPM_808X_FINAL/install/tutorial_interfaces/include/tutorial_interfaces/tutorial_interfaces/msg
[0.269s] -- Up-to-date: /home/chotu/ros2_ws/src/ENPM_808X_FINAL/install/tutorial_interfaces/include/tutorial_interfaces/tutorial_interfaces/msg/detail
[0.269s] -- Up-to-date: /home/chotu/ros2_ws/src/ENPM_808X_FINAL/install/tutorial_interfaces/include/tutorial_interfaces/tutorial_interfaces/msg/detail/num__rosidl_typesupport_introspection_c.h
[0.269s] -- Up-to-date: /home/chotu/ros2_ws/src/ENPM_808X_FINAL/install/tutorial_interfaces/include/tutorial_interfaces/tutorial_interfaces/msg/detail/num__type_support.c
[0.269s] -- Up-to-date: /home/chotu/ros2_ws/src/ENPM_808X_FINAL/install/tutorial_interfaces/include/tutorial_interfaces/tutorial_interfaces/msg/rosidl_typesupport_introspection_c__visibility_control.h
[0.269s] -- Up-to-date: /home/chotu/ros2_ws/src/ENPM_808X_FINAL/install/tutorial_interfaces/lib/libtutorial_interfaces__rosidl_typesupport_introspection_c.so
[0.269s] -- Up-to-date: /home/chotu/ros2_ws/src/ENPM_808X_FINAL/install/tutorial_interfaces/lib/libtutorial_interfaces__rosidl_typesupport_c.so
[0.269s] -- Up-to-date: /home/chotu/ros2_ws/src/ENPM_808X_FINAL/install/tutorial_interfaces/include/tutorial_interfaces/tutorial_interfaces
[0.269s] -- Up-to-date: /home/chotu/ros2_ws/src/ENPM_808X_FINAL/install/tutorial_interfaces/include/tutorial_interfaces/tutorial_interfaces/msg
[0.269s] -- Up-to-date: /home/chotu/ros2_ws/src/ENPM_808X_FINAL/install/tutorial_interfaces/include/tutorial_interfaces/tutorial_interfaces/msg/detail
[0.269s] -- Up-to-date: /home/chotu/ros2_ws/src/ENPM_808X_FINAL/install/tutorial_interfaces/include/tutorial_interfaces/tutorial_interfaces/msg/detail/num__rosidl_typesupport_introspection_cpp.hpp
[0.269s] -- Up-to-date: /home/chotu/ros2_ws/src/ENPM_808X_FINAL/install/tutorial_interfaces/include/tutorial_interfaces/tutorial_interfaces/msg/detail/num__type_support.cpp
[0.269s] -- Up-to-date: /home/chotu/ros2_ws/src/ENPM_808X_FINAL/install/tutorial_interfaces/lib/libtutorial_interfaces__rosidl_typesupport_introspection_cpp.so
[0.269s] -- Up-to-date: /home/chotu/ros2_ws/src/ENPM_808X_FINAL/install/tutorial_interfaces/lib/libtutorial_interfaces__rosidl_typesupport_cpp.so
[0.270s] -- Up-to-date: /home/chotu/ros2_ws/src/ENPM_808X_FINAL/install/tutorial_interfaces/share/tutorial_interfaces/environment/pythonpath.sh
[0.270s] -- Up-to-date: /home/chotu/ros2_ws/src/ENPM_808X_FINAL/install/tutorial_interfaces/share/tutorial_interfaces/environment/pythonpath.dsv
[0.270s] -- Up-to-date: /home/chotu/ros2_ws/src/ENPM_808X_FINAL/install/tutorial_interfaces/local/lib/python3.10/dist-packages/tutorial_interfaces-0.0.0-py3.10.egg-info
[0.270s] -- Installing: /home/chotu/ros2_ws/src/ENPM_808X_FINAL/install/tutorial_interfaces/local/lib/python3.10/dist-packages/tutorial_interfaces-0.0.0-py3.10.egg-info/SOURCES.txt
[0.270s] -- Installing: /home/chotu/ros2_ws/src/ENPM_808X_FINAL/install/tutorial_interfaces/local/lib/python3.10/dist-packages/tutorial_interfaces-0.0.0-py3.10.egg-info/PKG-INFO
[0.270s] -- Installing: /home/chotu/ros2_ws/src/ENPM_808X_FINAL/install/tutorial_interfaces/local/lib/python3.10/dist-packages/tutorial_interfaces-0.0.0-py3.10.egg-info/top_level.txt
[0.270s] -- Installing: /home/chotu/ros2_ws/src/ENPM_808X_FINAL/install/tutorial_interfaces/local/lib/python3.10/dist-packages/tutorial_interfaces-0.0.0-py3.10.egg-info/dependency_links.txt
[0.270s] -- Up-to-date: /home/chotu/ros2_ws/src/ENPM_808X_FINAL/install/tutorial_interfaces/local/lib/python3.10/dist-packages/tutorial_interfaces
[0.270s] -- Up-to-date: /home/chotu/ros2_ws/src/ENPM_808X_FINAL/install/tutorial_interfaces/local/lib/python3.10/dist-packages/tutorial_interfaces/msg
[0.270s] -- Up-to-date: /home/chotu/ros2_ws/src/ENPM_808X_FINAL/install/tutorial_interfaces/local/lib/python3.10/dist-packages/tutorial_interfaces/msg/_num.py
[0.270s] -- Up-to-date: /home/chotu/ros2_ws/src/ENPM_808X_FINAL/install/tutorial_interfaces/local/lib/python3.10/dist-packages/tutorial_interfaces/msg/__init__.py
[0.270s] -- Up-to-date: /home/chotu/ros2_ws/src/ENPM_808X_FINAL/install/tutorial_interfaces/local/lib/python3.10/dist-packages/tutorial_interfaces/msg/_num_s.c
[0.270s] -- Up-to-date: /home/chotu/ros2_ws/src/ENPM_808X_FINAL/install/tutorial_interfaces/local/lib/python3.10/dist-packages/tutorial_interfaces/tutorial_interfaces_s__rosidl_typesupport_c.cpython-310-x86_64-linux-gnu.so
[0.270s] -- Up-to-date: /home/chotu/ros2_ws/src/ENPM_808X_FINAL/install/tutorial_interfaces/local/lib/python3.10/dist-packages/tutorial_interfaces/_tutorial_interfaces_s.ep.rosidl_typesupport_introspection_c.c
[0.270s] -- Up-to-date: /home/chotu/ros2_ws/src/ENPM_808X_FINAL/install/tutorial_interfaces/local/lib/python3.10/dist-packages/tutorial_interfaces/_tutorial_interfaces_s.ep.rosidl_typesupport_fastrtps_c.c
[0.270s] -- Up-to-date: /home/chotu/ros2_ws/src/ENPM_808X_FINAL/install/tutorial_interfaces/local/lib/python3.10/dist-packages/tutorial_interfaces/__init__.py
[0.270s] -- Up-to-date: /home/chotu/ros2_ws/src/ENPM_808X_FINAL/install/tutorial_interfaces/local/lib/python3.10/dist-packages/tutorial_interfaces/tutorial_interfaces_s__rosidl_typesupport_introspection_c.cpython-310-x86_64-linux-gnu.so
[0.270s] -- Up-to-date: /home/chotu/ros2_ws/src/ENPM_808X_FINAL/install/tutorial_interfaces/local/lib/python3.10/dist-packages/tutorial_interfaces/libtutorial_interfaces__rosidl_generator_py.so
[0.270s] -- Up-to-date: /home/chotu/ros2_ws/src/ENPM_808X_FINAL/install/tutorial_interfaces/local/lib/python3.10/dist-packages/tutorial_interfaces/_tutorial_interfaces_s.ep.rosidl_typesupport_c.c
[0.271s] -- Up-to-date: /home/chotu/ros2_ws/src/ENPM_808X_FINAL/install/tutorial_interfaces/local/lib/python3.10/dist-packages/tutorial_interfaces/tutorial_interfaces_s__rosidl_typesupport_fastrtps_c.cpython-310-x86_64-linux-gnu.so
[0.288s] Listing '/home/chotu/ros2_ws/src/ENPM_808X_FINAL/install/tutorial_interfaces/local/lib/python3.10/dist-packages/tutorial_interfaces'...
[0.288s] Listing '/home/chotu/ros2_ws/src/ENPM_808X_FINAL/install/tutorial_interfaces/local/lib/python3.10/dist-packages/tutorial_interfaces/msg'...
[0.291s] -- Up-to-date: /home/chotu/ros2_ws/src/ENPM_808X_FINAL/install/tutorial_interfaces/local/lib/python3.10/dist-packages/tutorial_interfaces/tutorial_interfaces_s__rosidl_typesupport_fastrtps_c.cpython-310-x86_64-linux-gnu.so
[0.291s] -- Up-to-date: /home/chotu/ros2_ws/src/ENPM_808X_FINAL/install/tutorial_interfaces/local/lib/python3.10/dist-packages/tutorial_interfaces/tutorial_interfaces_s__rosidl_typesupport_introspection_c.cpython-310-x86_64-linux-gnu.so
[0.291s] -- Up-to-date: /home/chotu/ros2_ws/src/ENPM_808X_FINAL/install/tutorial_interfaces/local/lib/python3.10/dist-packages/tutorial_interfaces/tutorial_interfaces_s__rosidl_typesupport_c.cpython-310-x86_64-linux-gnu.so
[0.291s] -- Up-to-date: /home/chotu/ros2_ws/src/ENPM_808X_FINAL/install/tutorial_interfaces/lib/libtutorial_interfaces__rosidl_generator_py.so
[0.291s] -- Up-to-date: /home/chotu/ros2_ws/src/ENPM_808X_FINAL/install/tutorial_interfaces/share/tutorial_interfaces/msg/Num.idl
[0.291s] -- Up-to-date: /home/chotu/ros2_ws/src/ENPM_808X_FINAL/install/tutorial_interfaces/share/tutorial_interfaces/msg/Num.msg
[0.291s] -- Up-to-date: /home/chotu/ros2_ws/src/ENPM_808X_FINAL/install/tutorial_interfaces/share/ament_index/resource_index/package_run_dependencies/tutorial_interfaces
[0.292s] -- Up-to-date: /home/chotu/ros2_ws/src/ENPM_808X_FINAL/install/tutorial_interfaces/share/ament_index/resource_index/parent_prefix_path/tutorial_interfaces
[0.292s] -- Up-to-date: /home/chotu/ros2_ws/src/ENPM_808X_FINAL/install/tutorial_interfaces/share/tutorial_interfaces/environment/ament_prefix_path.sh
[0.292s] -- Up-to-date: /home/chotu/ros2_ws/src/ENPM_808X_FINAL/install/tutorial_interfaces/share/tutorial_interfaces/environment/ament_prefix_path.dsv
[0.292s] -- Up-to-date: /home/chotu/ros2_ws/src/ENPM_808X_FINAL/install/tutorial_interfaces/share/tutorial_interfaces/environment/path.sh
[0.292s] -- Up-to-date: /home/chotu/ros2_ws/src/ENPM_808X_FINAL/install/tutorial_interfaces/share/tutorial_interfaces/environment/path.dsv
[0.292s] -- Up-to-date: /home/chotu/ros2_ws/src/ENPM_808X_FINAL/install/tutorial_interfaces/share/tutorial_interfaces/local_setup.bash
[0.292s] -- Up-to-date: /home/chotu/ros2_ws/src/ENPM_808X_FINAL/install/tutorial_interfaces/share/tutorial_interfaces/local_setup.sh
[0.292s] -- Up-to-date: /home/chotu/ros2_ws/src/ENPM_808X_FINAL/install/tutorial_interfaces/share/tutorial_interfaces/local_setup.zsh
[0.292s] -- Up-to-date: /home/chotu/ros2_ws/src/ENPM_808X_FINAL/install/tutorial_interfaces/share/tutorial_interfaces/local_setup.dsv
[0.292s] -- Installing: /home/chotu/ros2_ws/src/ENPM_808X_FINAL/install/tutorial_interfaces/share/tutorial_interfaces/package.dsv
[0.292s] -- Up-to-date: /home/chotu/ros2_ws/src/ENPM_808X_FINAL/install/tutorial_interfaces/share/ament_index/resource_index/packages/tutorial_interfaces
[0.292s] -- Up-to-date: /home/chotu/ros2_ws/src/ENPM_808X_FINAL/install/tutorial_interfaces/share/tutorial_interfaces/cmake/export_tutorial_interfaces__rosidl_generator_cExport.cmake
[0.292s] -- Up-to-date: /home/chotu/ros2_ws/src/ENPM_808X_FINAL/install/tutorial_interfaces/share/tutorial_interfaces/cmake/export_tutorial_interfaces__rosidl_generator_cExport-noconfig.cmake
[0.293s] -- Up-to-date: /home/chotu/ros2_ws/src/ENPM_808X_FINAL/install/tutorial_interfaces/share/tutorial_interfaces/cmake/export_tutorial_interfaces__rosidl_typesupport_fastrtps_cExport.cmake
[0.293s] -- Up-to-date: /home/chotu/ros2_ws/src/ENPM_808X_FINAL/install/tutorial_interfaces/share/tutorial_interfaces/cmake/export_tutorial_interfaces__rosidl_typesupport_fastrtps_cExport-noconfig.cmake
[0.293s] -- Up-to-date: /home/chotu/ros2_ws/src/ENPM_808X_FINAL/install/tutorial_interfaces/share/tutorial_interfaces/cmake/export_tutorial_interfaces__rosidl_generator_cppExport.cmake
[0.293s] -- Up-to-date: /home/chotu/ros2_ws/src/ENPM_808X_FINAL/install/tutorial_interfaces/share/tutorial_interfaces/cmake/export_tutorial_interfaces__rosidl_typesupport_fastrtps_cppExport.cmake
[0.293s] -- Up-to-date: /home/chotu/ros2_ws/src/ENPM_808X_FINAL/install/tutorial_interfaces/share/tutorial_interfaces/cmake/export_tutorial_interfaces__rosidl_typesupport_fastrtps_cppExport-noconfig.cmake
[0.293s] -- Up-to-date: /home/chotu/ros2_ws/src/ENPM_808X_FINAL/install/tutorial_interfaces/share/tutorial_interfaces/cmake/tutorial_interfaces__rosidl_typesupport_introspection_cExport.cmake
[0.293s] -- Up-to-date: /home/chotu/ros2_ws/src/ENPM_808X_FINAL/install/tutorial_interfaces/share/tutorial_interfaces/cmake/tutorial_interfaces__rosidl_typesupport_introspection_cExport-noconfig.cmake
[0.293s] -- Up-to-date: /home/chotu/ros2_ws/src/ENPM_808X_FINAL/install/tutorial_interfaces/share/tutorial_interfaces/cmake/tutorial_interfaces__rosidl_typesupport_cExport.cmake
[0.293s] -- Up-to-date: /home/chotu/ros2_ws/src/ENPM_808X_FINAL/install/tutorial_interfaces/share/tutorial_interfaces/cmake/tutorial_interfaces__rosidl_typesupport_cExport-noconfig.cmake
[0.293s] -- Up-to-date: /home/chotu/ros2_ws/src/ENPM_808X_FINAL/install/tutorial_interfaces/share/tutorial_interfaces/cmake/tutorial_interfaces__rosidl_typesupport_introspection_cppExport.cmake
[0.293s] -- Up-to-date: /home/chotu/ros2_ws/src/ENPM_808X_FINAL/install/tutorial_interfaces/share/tutorial_interfaces/cmake/tutorial_interfaces__rosidl_typesupport_introspection_cppExport-noconfig.cmake
[0.293s] -- Up-to-date: /home/chotu/ros2_ws/src/ENPM_808X_FINAL/install/tutorial_interfaces/share/tutorial_interfaces/cmake/tutorial_interfaces__rosidl_typesupport_cppExport.cmake
[0.293s] -- Up-to-date: /home/chotu/ros2_ws/src/ENPM_808X_FINAL/install/tutorial_interfaces/share/tutorial_interfaces/cmake/tutorial_interfaces__rosidl_typesupport_cppExport-noconfig.cmake
[0.293s] -- Up-to-date: /home/chotu/ros2_ws/src/ENPM_808X_FINAL/install/tutorial_interfaces/share/tutorial_interfaces/cmake/export_tutorial_interfaces__rosidl_generator_pyExport.cmake
[0.293s] -- Up-to-date: /home/chotu/ros2_ws/src/ENPM_808X_FINAL/install/tutorial_interfaces/share/tutorial_interfaces/cmake/export_tutorial_interfaces__rosidl_generator_pyExport-noconfig.cmake
[0.293s] -- Up-to-date: /home/chotu/ros2_ws/src/ENPM_808X_FINAL/install/tutorial_interfaces/share/tutorial_interfaces/cmake/rosidl_cmake-extras.cmake
[0.293s] -- Up-to-date: /home/chotu/ros2_ws/src/ENPM_808X_FINAL/install/tutorial_interfaces/share/tutorial_interfaces/cmake/ament_cmake_export_dependencies-extras.cmake
[0.293s] -- Up-to-date: /home/chotu/ros2_ws/src/ENPM_808X_FINAL/install/tutorial_interfaces/share/tutorial_interfaces/cmake/ament_cmake_export_include_directories-extras.cmake
[0.294s] -- Up-to-date: /home/chotu/ros2_ws/src/ENPM_808X_FINAL/install/tutorial_interfaces/share/tutorial_interfaces/cmake/ament_cmake_export_libraries-extras.cmake
[0.294s] -- Up-to-date: /home/chotu/ros2_ws/src/ENPM_808X_FINAL/install/tutorial_interfaces/share/tutorial_interfaces/cmake/ament_cmake_export_targets-extras.cmake
[0.294s] -- Up-to-date: /home/chotu/ros2_ws/src/ENPM_808X_FINAL/install/tutorial_interfaces/share/tutorial_interfaces/cmake/rosidl_cmake_export_typesupport_targets-extras.cmake
[0.294s] -- Up-to-date: /home/chotu/ros2_ws/src/ENPM_808X_FINAL/install/tutorial_interfaces/share/tutorial_interfaces/cmake/rosidl_cmake_export_typesupport_libraries-extras.cmake
[0.294s] -- Up-to-date: /home/chotu/ros2_ws/src/ENPM_808X_FINAL/install/tutorial_interfaces/share/tutorial_interfaces/cmake/tutorial_interfacesConfig.cmake
[0.294s] -- Up-to-date: /home/chotu/ros2_ws/src/ENPM_808X_FINAL/install/tutorial_interfaces/share/tutorial_interfaces/cmake/tutorial_interfacesConfig-version.cmake
[0.294s] -- Up-to-date: /home/chotu/ros2_ws/src/ENPM_808X_FINAL/install/tutorial_interfaces/share/tutorial_interfaces/package.xml
[0.294s] Invoked command in '/home/chotu/ros2_ws/src/ENPM_808X_FINAL/build/tutorial_interfaces' returned '0': CMAKE_PREFIX_PATH=${CMAKE_PREFIX_PATH}:/home/chotu/ros2_ws/src/ENPM_808X_FINAL/install/ros2_aruco:/opt/ros/humble /usr/bin/cmake --install /home/chotu/ros2_ws/src/ENPM_808X_FINAL/build/tutorial_interfaces
